#
# A fatal error has been detected by the Java Runtime Environment:
#
#  SIGSEGV (0xb) at pc=0x00007fb744b05b6b, pid=13987, tid=14062
#
# JRE version: Java(TM) SE Runtime Environment (11.0.2+9) (build 11.0.2+9-LTS)
# Java VM: Java HotSpot(TM) 64-Bit Server VM (11.0.2+9-LTS, mixed mode, tiered, compressed oops, g1 gc, linux-amd64)
# Problematic frame:
# C  [sqlite-3.25.2-c35e7cfb-88af-45d3-81dc-6bd296f39250-libsqlitejdbc.so+0x25b6b]
#
# Core dump will be written. Default location: Core dumps may be processed with "/usr/share/apport/apport %p %s %c %d %P" (or dumping to /home/raghav/IdeaProjects/ApplianceRecords/core.13987)
#
# If you would like to submit a bug report, please visit:
#   http://bugreport.java.com/bugreport/crash.jsp
# The crash happened outside the Java Virtual Machine in native code.
# See problematic frame for where to report the bug.
#

---------------  S U M M A R Y ------------

Command Line: -Dclassworlds.conf=/usr/share/maven/bin/m2.conf -Dmaven.home=/usr/share/maven -Dlibrary.jansi.path=/usr/share/maven/lib/jansi-native -Dmaven.multiModuleProjectDirectory=/home/raghav/IdeaProjects/ApplianceRecords org.codehaus.plexus.classworlds.launcher.Launcher jetty:run

Host: Intel(R) Core(TM) i5-8250U CPU @ 1.60GHz, 8 cores, 7G, Ubuntu 18.04.2 LTS
Time: Wed May  1 21:20:26 2019 IST elapsed time: 6 seconds (0d 0h 0m 6s)

---------------  T H R E A D  ---------------

Current thread (0x00007fb7b19a3000):  JavaThread "qtp1087989112-17" [_thread_in_native, id=14062, stack(0x00007fb746cef000,0x00007fb746df0000)]

Stack: [0x00007fb746cef000,0x00007fb746df0000],  sp=0x00007fb746dec640,  free space=1013k
Native frames: (J=compiled Java code, A=aot compiled Java code, j=interpreted, Vv=VM code, C=native code)
C  [sqlite-3.25.2-c35e7cfb-88af-45d3-81dc-6bd296f39250-libsqlitejdbc.so+0x25b6b]

Java frames: (J=compiled Java code, j=interpreted, Vv=VM code)
j  org.sqlite.core.NativeDB.column_text_utf8(JI)[B+0
j  org.sqlite.core.NativeDB.column_text(JI)Ljava/lang/String;+3
j  org.sqlite.jdbc3.JDBC3ResultSet.getString(I)Ljava/lang/String;+18
j  org.sqlite.jdbc3.JDBC3ResultSet.getString(Ljava/lang/String;)Ljava/lang/String;+6
j  com.appliancerecords.controller.DataLink.getDetails()V+87
j  com.appliancerecords.controller.Controller.addToPage()V+4
j  com.appliancerecords.controller.Controller.index()Lorg/springframework/web/servlet/ModelAndView;+1
v  ~StubRoutines::call_stub
J 5400  jdk.internal.reflect.NativeMethodAccessorImpl.invoke0(Ljava/lang/reflect/Method;Ljava/lang/Object;[Ljava/lang/Object;)Ljava/lang/Object; java.base@11.0.2 (0 bytes) @ 0x00007fb7a099a037 [0x00007fb7a0999fc0+0x0000000000000077]
J 3298 c1 jdk.internal.reflect.NativeMethodAccessorImpl.invoke(Ljava/lang/Object;[Ljava/lang/Object;)Ljava/lang/Object; java.base@11.0.2 (104 bytes) @ 0x00007fb79984cb24 [0x00007fb79984bf40+0x0000000000000be4]
J 5064 c1 jdk.internal.reflect.DelegatingMethodAccessorImpl.invoke(Ljava/lang/Object;[Ljava/lang/Object;)Ljava/lang/Object; java.base@11.0.2 (10 bytes) @ 0x00007fb7a0972584 [0x00007fb7a0972540+0x0000000000000044]
J 6015 c1 java.lang.reflect.Method.invoke(Ljava/lang/Object;[Ljava/lang/Object;)Ljava/lang/Object; java.base@11.0.2 (65 bytes) @ 0x00007fb7991f2b94 [0x00007fb7991f2a80+0x0000000000000114]
j  org.springframework.web.method.support.InvocableHandlerMethod.doInvoke([Ljava/lang/Object;)Ljava/lang/Object;+16
j  org.springframework.web.method.support.InvocableHandlerMethod.invokeForRequest(Lorg/springframework/web/context/request/NativeWebRequest;Lorg/springframework/web/method/support/ModelAndViewContainer;[Ljava/lang/Object;)Ljava/lang/Object;+56
j  org.springframework.web.servlet.mvc.method.annotation.ServletInvocableHandlerMethod.invokeAndHandle(Lorg/springframework/web/context/request/ServletWebRequest;Lorg/springframework/web/method/support/ModelAndViewContainer;[Ljava/lang/Object;)V+4
j  org.springframework.web.servlet.mvc.method.annotation.RequestMappingHandlerAdapter.invokeHandlerMethod(Ljavax/servlet/http/HttpServletRequest;Ljavax/servlet/http/HttpServletResponse;Lorg/springframework/web/method/HandlerMethod;)Lorg/springframework/web/servlet/ModelAndView;+244
j  org.springframework.web.servlet.mvc.method.annotation.RequestMappingHandlerAdapter.handleInternal(Ljavax/servlet/http/HttpServletRequest;Ljavax/servlet/http/HttpServletResponse;Lorg/springframework/web/method/HandlerMethod;)Lorg/springframework/web/servlet/ModelAndView;+81
j  org.springframework.web.servlet.mvc.method.AbstractHandlerMethodAdapter.handle(Ljavax/servlet/http/HttpServletRequest;Ljavax/servlet/http/HttpServletResponse;Ljava/lang/Object;)Lorg/springframework/web/servlet/ModelAndView;+7
j  org.springframework.web.servlet.DispatcherServlet.doDispatch(Ljavax/servlet/http/HttpServletRequest;Ljavax/servlet/http/HttpServletResponse;)V+257
j  org.springframework.web.servlet.DispatcherServlet.doService(Ljavax/servlet/http/HttpServletRequest;Ljavax/servlet/http/HttpServletResponse;)V+212
j  org.springframework.web.servlet.FrameworkServlet.processRequest(Ljavax/servlet/http/HttpServletRequest;Ljavax/servlet/http/HttpServletResponse;)V+71
j  org.springframework.web.servlet.FrameworkServlet.doGet(Ljavax/servlet/http/HttpServletRequest;Ljavax/servlet/http/HttpServletResponse;)V+3
j  javax.servlet.http.HttpServlet.service(Ljavax/servlet/http/HttpServletRequest;Ljavax/servlet/http/HttpServletResponse;)V+35
j  org.springframework.web.servlet.FrameworkServlet.service(Ljavax/servlet/http/HttpServletRequest;Ljavax/servlet/http/HttpServletResponse;)V+33
j  javax.servlet.http.HttpServlet.service(Ljavax/servlet/ServletRequest;Ljavax/servlet/ServletResponse;)V+39
j  org.eclipse.jetty.servlet.ServletHolder.handle(Lorg/eclipse/jetty/server/Request;Ljavax/servlet/ServletRequest;Ljavax/servlet/ServletResponse;)V+129
j  org.eclipse.jetty.servlet.ServletHandler$CachedChain.doFilter(Ljavax/servlet/ServletRequest;Ljavax/servlet/ServletResponse;)V+214
j  org.eclipse.jetty.websocket.server.WebSocketUpgradeFilter.doFilter(Ljavax/servlet/ServletRequest;Ljavax/servlet/ServletResponse;Ljavax/servlet/FilterChain;)V+117
j  org.eclipse.jetty.servlet.ServletHandler$CachedChain.doFilter(Ljavax/servlet/ServletRequest;Ljavax/servlet/ServletResponse;)V+126
j  org.eclipse.jetty.servlet.ServletHandler.doHandle(Ljava/lang/String;Lorg/eclipse/jetty/server/Request;Ljavax/servlet/http/HttpServletRequest;Ljavax/servlet/http/HttpServletResponse;)V+194
j  org.eclipse.jetty.server.handler.ScopedHandler.handle(Ljava/lang/String;Lorg/eclipse/jetty/server/Request;Ljavax/servlet/http/HttpServletRequest;Ljavax/servlet/http/HttpServletResponse;)V+32
j  org.eclipse.jetty.security.SecurityHandler.handle(Ljava/lang/String;Lorg/eclipse/jetty/server/Request;Ljavax/servlet/http/HttpServletRequest;Ljavax/servlet/http/HttpServletResponse;)V+553
j  org.eclipse.jetty.server.handler.HandlerWrapper.handle(Ljava/lang/String;Lorg/eclipse/jetty/server/Request;Ljavax/servlet/http/HttpServletRequest;Ljavax/servlet/http/HttpServletResponse;)V+18
j  org.eclipse.jetty.server.handler.ScopedHandler.nextHandle(Ljava/lang/String;Lorg/eclipse/jetty/server/Request;Ljavax/servlet/http/HttpServletRequest;Ljavax/servlet/http/HttpServletResponse;)V+46
j  org.eclipse.jetty.server.session.SessionHandler.doHandle(Ljava/lang/String;Lorg/eclipse/jetty/server/Request;Ljavax/servlet/http/HttpServletRequest;Ljavax/servlet/http/HttpServletResponse;)V+6
j  org.eclipse.jetty.server.handler.ScopedHandler.nextHandle(Ljava/lang/String;Lorg/eclipse/jetty/server/Request;Ljavax/servlet/http/HttpServletRequest;Ljavax/servlet/http/HttpServletResponse;)V+27
j  org.eclipse.jetty.server.handler.ContextHandler.doHandle(Ljava/lang/String;Lorg/eclipse/jetty/server/Request;Ljavax/servlet/http/HttpServletRequest;Ljavax/servlet/http/HttpServletResponse;)V+141
j  org.eclipse.jetty.server.handler.ScopedHandler.nextScope(Ljava/lang/String;Lorg/eclipse/jetty/server/Request;Ljavax/servlet/http/HttpServletRequest;Ljavax/servlet/http/HttpServletResponse;)V+38
j  org.eclipse.jetty.servlet.ServletHandler.doScope(Ljava/lang/String;Lorg/eclipse/jetty/server/Request;Ljavax/servlet/http/HttpServletRequest;Ljavax/servlet/http/HttpServletResponse;)V+188
j  org.eclipse.jetty.server.session.SessionHandler.doScope(Ljava/lang/String;Lorg/eclipse/jetty/server/Request;Ljavax/servlet/http/HttpServletRequest;Ljavax/servlet/http/HttpServletResponse;)V+206
j  org.eclipse.jetty.server.handler.ScopedHandler.nextScope(Ljava/lang/String;Lorg/eclipse/jetty/server/Request;Ljavax/servlet/http/HttpServletRequest;Ljavax/servlet/http/HttpServletResponse;)V+16
j  org.eclipse.jetty.server.handler.ContextHandler.doScope(Ljava/lang/String;Lorg/eclipse/jetty/server/Request;Ljavax/servlet/http/HttpServletRequest;Ljavax/servlet/http/HttpServletResponse;)V+426
j  org.eclipse.jetty.server.handler.ScopedHandler.handle(Ljava/lang/String;Lorg/eclipse/jetty/server/Request;Ljavax/servlet/http/HttpServletRequest;Ljavax/servlet/http/HttpServletResponse;)V+20
j  org.eclipse.jetty.server.handler.ContextHandlerCollection.handle(Ljava/lang/String;Lorg/eclipse/jetty/server/Request;Ljavax/servlet/http/HttpServletRequest;Ljavax/servlet/http/HttpServletResponse;)V+224
j  org.eclipse.jetty.server.handler.HandlerCollection.handle(Ljava/lang/String;Lorg/eclipse/jetty/server/Request;Ljavax/servlet/http/HttpServletRequest;Ljavax/servlet/http/HttpServletResponse;)V+42
j  org.eclipse.jetty.server.handler.HandlerWrapper.handle(Ljava/lang/String;Lorg/eclipse/jetty/server/Request;Ljavax/servlet/http/HttpServletRequest;Ljavax/servlet/http/HttpServletResponse;)V+18
j  org.eclipse.jetty.server.Server.handle(Lorg/eclipse/jetty/server/HttpChannel;)V+141
j  org.eclipse.jetty.server.HttpChannel.handle()Z+332
j  org.eclipse.jetty.server.HttpConnection.onFillable()V+137
j  org.eclipse.jetty.io.AbstractConnection$ReadCallback.succeeded()V+4
j  org.eclipse.jetty.io.FillInterest.fillable()Z+57
j  org.eclipse.jetty.io.ChannelEndPoint$2.run()V+7
j  org.eclipse.jetty.util.thread.QueuedThreadPool.runJob(Ljava/lang/Runnable;)V+1
j  org.eclipse.jetty.util.thread.QueuedThreadPool$2.run()V+104
j  java.lang.Thread.run()V+11 java.base@11.0.2
v  ~StubRoutines::call_stub

siginfo: si_signo: 11 (SIGSEGV), si_code: 128 (SI_KERNEL), si_addr: 0x0000000000000000

Register to memory mapping:

RAX=0x44207463656c6573 is an unknown value
RBX=0x00007fb738021b98 points into unknown readable memory: 73 65 6c 65 63 74 20 44
RCX=0x0 is NULL
RDX=0x00000000000000c2 is an unknown value
RSP=0x00007fb746dec640 is pointing into the stack for thread: 0x00007fb7b19a3000
RBP=0x0 is NULL
RSI=0x0 is NULL
RDI=0x00007fb738021b98 points into unknown readable memory: 73 65 6c 65 63 74 20 44
R8 =0x000000008c2b9968 is an oop: org.sqlite.core.NativeDB 
{0x000000008c2b9968} - klass: 'org/sqlite/core/NativeDB'
R9 =0x000000008c2b9968 is an oop: org.sqlite.core.NativeDB 
{0x000000008c2b9968} - klass: 'org/sqlite/core/NativeDB'
R10=0x00000000000002a4 is an unknown value
R11=0x00007fb7b91c778c: <offset 0x000000000146678c> in /usr/lib/jvm/java-11-oracle/lib/server/libjvm.so at 0x00007fb7b7d61000
R12=0x00007fb738021b98 points into unknown readable memory: 73 65 6c 65 63 74 20 44
R13=0x0 is NULL
R14=0x00007fb738005f88 points into unknown readable memory: 40 8c dd 44 b7 7f 00 00
R15=0x00007fb7b19a3000 is a thread


Registers:
RAX=0x44207463656c6573, RBX=0x00007fb738021b98, RCX=0x0000000000000000, RDX=0x00000000000000c2
RSP=0x00007fb746dec640, RBP=0x0000000000000000, RSI=0x0000000000000000, RDI=0x00007fb738021b98
R8 =0x000000008c2b9968, R9 =0x000000008c2b9968, R10=0x00000000000002a4, R11=0x00007fb7b91c778c
R12=0x00007fb738021b98, R13=0x0000000000000000, R14=0x00007fb738005f88, R15=0x00007fb7b19a3000
RIP=0x00007fb744b05b6b, EFLAGS=0x0000000000010202, CSGSFS=0x002b000000000033, ERR=0x0000000000000000
  TRAPNO=0x000000000000000d

Top of Stack: (sp=0x00007fb746dec640)
0x00007fb746dec640:   00007fb746dec670 00007fb738021b98
0x00007fb746dec650:   00007fb746dec730 00007fb744b396b6
0x00007fb746dec660:   00007fb746dec6d8 00007fb738021b98
0x00007fb746dec670:   00007fb7b19a3340 00007fb744aed2e2 

Instructions: (pc=0x00007fb744b05b6b)
0x00007fb744b05b4b:   0f 1f 44 00 00 48 89 5c 24 f0 48 89 6c 24 f8 48
0x00007fb744b05b5b:   83 ec 18 48 85 ff 48 89 fb 89 f5 74 6c 48 8b 07
0x00007fb744b05b6b:   48 8b 78 18 e8 8c 8a fe ff 48 8b 8b 88 00 00 00
0x00007fb744b05b7b:   48 85 c9 74 34 0f b7 83 bc 00 00 00 39 e8 7e 29 

Stack slot to memory mapping:
stack at sp + 0 slots: 0x00007fb746dec670 is pointing into the stack for thread: 0x00007fb7b19a3000
stack at sp + 1 slots: 0x00007fb738021b98 points into unknown readable memory: 73 65 6c 65 63 74 20 44
stack at sp + 2 slots: 0x00007fb746dec730 is pointing into the stack for thread: 0x00007fb7b19a3000
stack at sp + 3 slots: 0x00007fb744b396b6: <offset 0x00000000000596b6> in /tmp/sqlite-3.25.2-c35e7cfb-88af-45d3-81dc-6bd296f39250-libsqlitejdbc.so at 0x00007fb744ae0000
stack at sp + 4 slots: 0x00007fb746dec6d8 is pointing into the stack for thread: 0x00007fb7b19a3000
stack at sp + 5 slots: 0x00007fb738021b98 points into unknown readable memory: 73 65 6c 65 63 74 20 44
stack at sp + 6 slots: 0x00007fb7b19a3340 points into unknown readable memory: 00 60 16 b9 b7 7f 00 00
stack at sp + 7 slots: 0x00007fb744aed2e2: Java_org_sqlite_core_NativeDB_column_1text_1utf8+0x0000000000000052 in /tmp/sqlite-3.25.2-c35e7cfb-88af-45d3-81dc-6bd296f39250-libsqlitejdbc.so at 0x00007fb744ae0000


---------------  P R O C E S S  ---------------

Threads class SMR info:
_java_thread_list=0x00007fb760345d20, length=22, elements={
0x00007fb7b0012000, 0x00007fb7b015d800, 0x00007fb7b0161800, 0x00007fb7b0174000,
0x00007fb7b0176000, 0x00007fb7b0178000, 0x00007fb7b017a000, 0x00007fb7b0219000,
0x00007fb7b022d000, 0x00007fb7b199e000, 0x00007fb7b199f800, 0x00007fb7b19a1800,
0x00007fb7b19a3000, 0x00007fb7b19a5000, 0x00007fb7b19a6800, 0x00007fb7b19a8800,
0x00007fb7b19aa000, 0x00007fb720001000, 0x00007fb730006800, 0x00007fb738001000,
0x00007fb7b1e02000, 0x00007fb760345000
}

Java Threads: ( => current thread )
  0x00007fb7b0012000 JavaThread "main" [_thread_blocked, id=14009, stack(0x00007fb7b9f32000,0x00007fb7ba033000)]
  0x00007fb7b015d800 JavaThread "Reference Handler" daemon [_thread_blocked, id=14016, stack(0x00007fb7b41cd000,0x00007fb7b42ce000)]
  0x00007fb7b0161800 JavaThread "Finalizer" daemon [_thread_blocked, id=14017, stack(0x00007fb7b40cc000,0x00007fb7b41cd000)]
  0x00007fb7b0174000 JavaThread "Signal Dispatcher" daemon [_thread_blocked, id=14018, stack(0x00007fb798341000,0x00007fb798442000)]
  0x00007fb7b0176000 JavaThread "C2 CompilerThread0" daemon [_thread_in_native, id=14019, stack(0x00007fb798240000,0x00007fb798341000)]
  0x00007fb7b0178000 JavaThread "C1 CompilerThread0" daemon [_thread_in_native, id=14020, stack(0x00007fb79813f000,0x00007fb798240000)]
  0x00007fb7b017a000 JavaThread "Sweeper thread" daemon [_thread_blocked, id=14021, stack(0x00007fb79803e000,0x00007fb79813f000)]
  0x00007fb7b0219000 JavaThread "Service Thread" daemon [_thread_blocked, id=14022, stack(0x00007fb79028f000,0x00007fb790390000)]
  0x00007fb7b022d000 JavaThread "Common-Cleaner" daemon [_thread_blocked, id=14024, stack(0x00007fb79008c000,0x00007fb79018d000)]
  0x00007fb7b199e000 JavaThread "qtp1087989112-14" [_thread_in_native, id=14059, stack(0x00007fb746ff2000,0x00007fb7470f3000)]
  0x00007fb7b199f800 JavaThread "qtp1087989112-15" [_thread_in_vm, id=14060, stack(0x00007fb746ef1000,0x00007fb746ff2000)]
  0x00007fb7b19a1800 JavaThread "qtp1087989112-16" [_thread_blocked, id=14061, stack(0x00007fb746df0000,0x00007fb746ef1000)]
=>0x00007fb7b19a3000 JavaThread "qtp1087989112-17" [_thread_in_native, id=14062, stack(0x00007fb746cef000,0x00007fb746df0000)]
  0x00007fb7b19a5000 JavaThread "qtp1087989112-18" [_thread_blocked, id=14063, stack(0x00007fb7469ee000,0x00007fb746aef000)]
  0x00007fb7b19a6800 JavaThread "qtp1087989112-19-acceptor-0@25082c12-ServerConnector@5030997b{HTTP/1.1,[http/1.1]}{0.0.0.0:8080}" [_thread_in_native, id=14064, stack(0x00007fb7468ed000,0x00007fb7469ee000)]
  0x00007fb7b19a8800 JavaThread "qtp1087989112-20" [_thread_blocked, id=14065, stack(0x00007fb7467ec000,0x00007fb7468ed000)]
  0x00007fb7b19aa000 JavaThread "qtp1087989112-21" [_thread_in_native, id=14066, stack(0x00007fb7466eb000,0x00007fb7467ec000)]
  0x00007fb720001000 JavaThread "qtp1087989112-22" [_thread_blocked, id=14081, stack(0x00007fb7463ea000,0x00007fb7464eb000)]
  0x00007fb730006800 JavaThread "qtp1087989112-23" [_thread_in_native, id=14089, stack(0x00007fb7462e9000,0x00007fb7463ea000)]
  0x00007fb738001000 JavaThread "qtp1087989112-24" [_thread_in_native, id=14096, stack(0x00007fb7461e8000,0x00007fb7462e9000)]
  0x00007fb7b1e02000 JavaThread "Scheduler-67282591" [_thread_blocked, id=14130, stack(0x00007fb7459dd000,0x00007fb745ade000)]
  0x00007fb760345000 JavaThread "C2 CompilerThread1" daemon [_thread_in_native, id=14173, stack(0x00007fb788c06000,0x00007fb788d07000)]

Other Threads:
  0x00007fb7b0155000 VMThread "VM Thread" [stack: 0x00007fb7b42d0000,0x00007fb7b43d0000] [id=14015]
  0x00007fb7b0223800 WatcherThread [stack: 0x00007fb79018f000,0x00007fb79028f000] [id=14023]
  0x00007fb7b003a000 GCTaskThread "GC Thread#0" [stack: 0x00007fb7b6443000,0x00007fb7b6543000] [id=14010]
  0x00007fb77c001000 GCTaskThread "GC Thread#1" [stack: 0x00007fb788b06000,0x00007fb788c06000] [id=14027]
  0x00007fb77c021800 GCTaskThread "GC Thread#2" [stack: 0x00007fb7470f5000,0x00007fb7471f5000] [id=14058]
  0x00007fb77c0a3000 GCTaskThread "GC Thread#3" [stack: 0x00007fb7460e8000,0x00007fb7461e8000] [id=14097]
  0x00007fb77c0a4800 GCTaskThread "GC Thread#4" [stack: 0x00007fb745fe6000,0x00007fb7460e6000] [id=14098]
  0x00007fb77c0a6000 GCTaskThread "GC Thread#5" [stack: 0x00007fb745ee4000,0x00007fb745fe4000] [id=14099]
  0x00007fb77c0a7800 GCTaskThread "GC Thread#6" [stack: 0x00007fb745de2000,0x00007fb745ee2000] [id=14100]
  0x00007fb77c0a9800 GCTaskThread "GC Thread#7" [stack: 0x00007fb745ce0000,0x00007fb745de0000] [id=14101]
  0x00007fb7b006a800 ConcurrentGCThread "G1 Main Marker" [stack: 0x00007fb7b4fe4000,0x00007fb7b50e4000] [id=14011]
  0x00007fb7b006c000 ConcurrentGCThread "G1 Conc#0" [stack: 0x00007fb7b4ee2000,0x00007fb7b4fe2000] [id=14012]
  0x00007fb78c001000 ConcurrentGCThread "G1 Conc#1" [stack: 0x00007fb788204000,0x00007fb788304000] [id=14029]
  0x00007fb7b00f3000 ConcurrentGCThread "G1 Refine#0" [stack: 0x00007fb7b45d8000,0x00007fb7b46d8000] [id=14013]
  0x00007fb7b00f5000 ConcurrentGCThread "G1 Young RemSet Sampling" [stack: 0x00007fb7b44d6000,0x00007fb7b45d6000] [id=14014]

Threads with active compile tasks:
C2 CompilerThread06862       4       java.net.URLClassLoader$1::run (5 bytes)
C2 CompilerThread16877       4       jdk.internal.org.objectweb.asm.Frame::execute (2264 bytes)

VM state:not at safepoint (normal execution)

VM Mutex/Monitor currently owned by a thread: None

Heap address: 0x0000000087200000, size: 1934 MB, Compressed Oops mode: 32-bit
Narrow klass base: 0x0000000000000000, Narrow klass shift: 3
Compressed class space size: 1073741824 Address: 0x0000000100000000

Heap:
 garbage-first heap   total 156672K, used 106480K [0x0000000087200000, 0x0000000100000000)
  region size 1024K, 83 young (84992K), 8 survivors (8192K)
 Metaspace       used 52336K, capacity 53607K, committed 53840K, reserved 1097728K
  class space    used 5883K, capacity 6354K, committed 6400K, reserved 1048576K
Heap Regions: E=young(eden), S=young(survivor), O=old, HS=humongous(starts), HC=humongous(continues), CS=collection set, F=free, A=archive, TAMS=top-at-mark-start (previous, next)
|   0|0x0000000087200000, 0x0000000087300000, 0x0000000087300000|100%| O|  |TAMS 0x0000000087300000, 0x0000000087200000| Untracked 
|   1|0x0000000087300000, 0x0000000087400000, 0x0000000087400000|100%| O|  |TAMS 0x0000000087400000, 0x0000000087300000| Untracked 
|   2|0x0000000087400000, 0x0000000087500000, 0x0000000087500000|100%| O|  |TAMS 0x0000000087500000, 0x0000000087400000| Untracked 
|   3|0x0000000087500000, 0x0000000087600000, 0x0000000087600000|100%| O|  |TAMS 0x0000000087600000, 0x0000000087500000| Untracked 
|   4|0x0000000087600000, 0x0000000087700000, 0x0000000087700000|100%| O|  |TAMS 0x0000000087700000, 0x0000000087600000| Untracked 
|   5|0x0000000087700000, 0x0000000087800000, 0x0000000087800000|100%| O|  |TAMS 0x0000000087800000, 0x0000000087700000| Untracked 
|   6|0x0000000087800000, 0x0000000087900000, 0x0000000087900000|100%| O|  |TAMS 0x0000000087900000, 0x0000000087800000| Untracked 
|   7|0x0000000087900000, 0x0000000087a00000, 0x0000000087a00000|100%| O|  |TAMS 0x0000000087a00000, 0x0000000087900000| Untracked 
|   8|0x0000000087a00000, 0x0000000087b00000, 0x0000000087b00000|100%| O|  |TAMS 0x0000000087b00000, 0x0000000087a00000| Untracked 
|   9|0x0000000087b00000, 0x0000000087c00000, 0x0000000087c00000|100%| O|  |TAMS 0x0000000087c00000, 0x0000000087b00000| Untracked 
|  10|0x0000000087c00000, 0x0000000087d00000, 0x0000000087d00000|100%| O|  |TAMS 0x0000000087d00000, 0x0000000087c00000| Untracked 
|  11|0x0000000087d00000, 0x0000000087e00000, 0x0000000087e00000|100%| O|  |TAMS 0x0000000087e00000, 0x0000000087d00000| Untracked 
|  12|0x0000000087e00000, 0x0000000087f00000, 0x0000000087f00000|100%| O|  |TAMS 0x0000000087f00000, 0x0000000087e00000| Untracked 
|  13|0x0000000087f00000, 0x0000000088000000, 0x0000000088000000|100%| O|  |TAMS 0x0000000088000000, 0x0000000087f00000| Untracked 
|  14|0x0000000088000000, 0x0000000088100000, 0x0000000088100000|100%| O|  |TAMS 0x0000000088100000, 0x0000000088000000| Untracked 
|  15|0x0000000088100000, 0x0000000088200000, 0x0000000088200000|100%| O|  |TAMS 0x0000000088200000, 0x0000000088100000| Untracked 
|  16|0x0000000088200000, 0x0000000088300000, 0x0000000088300000|100%| O|  |TAMS 0x0000000088300000, 0x0000000088200000| Untracked 
|  17|0x0000000088300000, 0x0000000088400000, 0x0000000088400000|100%| O|  |TAMS 0x0000000088400000, 0x0000000088300000| Untracked 
|  18|0x0000000088400000, 0x0000000088500000, 0x0000000088500000|100%| O|  |TAMS 0x0000000088400000, 0x0000000088400000| Untracked 
|  19|0x0000000088500000, 0x0000000088600000, 0x0000000088600000|100%| O|  |TAMS 0x0000000088500000, 0x0000000088500000| Untracked 
|  20|0x0000000088600000, 0x0000000088700000, 0x0000000088700000|100%| O|  |TAMS 0x0000000088600000, 0x0000000088600000| Untracked 
|  21|0x0000000088700000, 0x0000000088800000, 0x0000000088800000|100%| O|  |TAMS 0x0000000088700000, 0x0000000088700000| Untracked 
|  22|0x0000000088800000, 0x0000000088900000, 0x0000000088900000|100%| O|  |TAMS 0x0000000088800000, 0x0000000088800000| Untracked 
|  23|0x0000000088900000, 0x0000000088969200, 0x0000000088a00000| 41%| O|  |TAMS 0x0000000088900000, 0x0000000088900000| Untracked 
|  24|0x0000000088a00000, 0x0000000088a00000, 0x0000000088b00000|  0%| F|  |TAMS 0x0000000088a00000, 0x0000000088a00000| Untracked 
|  25|0x0000000088b00000, 0x0000000088b00000, 0x0000000088c00000|  0%| F|  |TAMS 0x0000000088b00000, 0x0000000088b00000| Untracked 
|  26|0x0000000088c00000, 0x0000000088c00000, 0x0000000088d00000|  0%| F|  |TAMS 0x0000000088c00000, 0x0000000088c00000| Untracked 
|  27|0x0000000088d00000, 0x0000000088d00000, 0x0000000088e00000|  0%| F|  |TAMS 0x0000000088d00000, 0x0000000088d00000| Untracked 
|  28|0x0000000088e00000, 0x0000000088e00000, 0x0000000088f00000|  0%| F|  |TAMS 0x0000000088e00000, 0x0000000088e00000| Untracked 
|  29|0x0000000088f00000, 0x0000000088f00000, 0x0000000089000000|  0%| F|  |TAMS 0x0000000088f00000, 0x0000000088f00000| Untracked 
|  30|0x0000000089000000, 0x0000000089000000, 0x0000000089100000|  0%| F|  |TAMS 0x0000000089000000, 0x0000000089000000| Untracked 
|  31|0x0000000089100000, 0x0000000089100000, 0x0000000089200000|  0%| F|  |TAMS 0x0000000089100000, 0x0000000089100000| Untracked 
|  32|0x0000000089200000, 0x0000000089200000, 0x0000000089300000|  0%| F|  |TAMS 0x0000000089200000, 0x0000000089200000| Untracked 
|  33|0x0000000089300000, 0x0000000089300000, 0x0000000089400000|  0%| F|  |TAMS 0x0000000089300000, 0x0000000089300000| Untracked 
|  34|0x0000000089400000, 0x0000000089400000, 0x0000000089500000|  0%| F|  |TAMS 0x0000000089400000, 0x0000000089400000| Untracked 
|  35|0x0000000089500000, 0x0000000089500000, 0x0000000089600000|  0%| F|  |TAMS 0x0000000089500000, 0x0000000089500000| Untracked 
|  36|0x0000000089600000, 0x0000000089600000, 0x0000000089700000|  0%| F|  |TAMS 0x0000000089600000, 0x0000000089600000| Untracked 
|  37|0x0000000089700000, 0x0000000089700000, 0x0000000089800000|  0%| F|  |TAMS 0x0000000089700000, 0x0000000089700000| Untracked 
|  38|0x0000000089800000, 0x0000000089800000, 0x0000000089900000|  0%| F|  |TAMS 0x0000000089800000, 0x0000000089800000| Untracked 
|  39|0x0000000089900000, 0x0000000089900000, 0x0000000089a00000|  0%| F|  |TAMS 0x0000000089900000, 0x0000000089900000| Untracked 
|  40|0x0000000089a00000, 0x0000000089a00000, 0x0000000089b00000|  0%| F|  |TAMS 0x0000000089a00000, 0x0000000089a00000| Untracked 
|  41|0x0000000089b00000, 0x0000000089b00000, 0x0000000089c00000|  0%| F|  |TAMS 0x0000000089b00000, 0x0000000089b00000| Untracked 
|  42|0x0000000089c00000, 0x0000000089c00000, 0x0000000089d00000|  0%| F|  |TAMS 0x0000000089c00000, 0x0000000089c00000| Untracked 
|  43|0x0000000089d00000, 0x0000000089d00000, 0x0000000089e00000|  0%| F|  |TAMS 0x0000000089d00000, 0x0000000089d00000| Untracked 
|  44|0x0000000089e00000, 0x0000000089e00000, 0x0000000089f00000|  0%| F|  |TAMS 0x0000000089e00000, 0x0000000089e00000| Untracked 
|  45|0x0000000089f00000, 0x0000000089f00000, 0x000000008a000000|  0%| F|  |TAMS 0x0000000089f00000, 0x0000000089f00000| Untracked 
|  46|0x000000008a000000, 0x000000008a000000, 0x000000008a100000|  0%| F|  |TAMS 0x000000008a000000, 0x000000008a000000| Untracked 
|  47|0x000000008a100000, 0x000000008a100000, 0x000000008a200000|  0%| F|  |TAMS 0x000000008a100000, 0x000000008a100000| Untracked 
|  48|0x000000008a200000, 0x000000008a200000, 0x000000008a300000|  0%| F|  |TAMS 0x000000008a200000, 0x000000008a200000| Untracked 
|  49|0x000000008a300000, 0x000000008a300000, 0x000000008a400000|  0%| F|  |TAMS 0x000000008a300000, 0x000000008a300000| Untracked 
|  50|0x000000008a400000, 0x000000008a400000, 0x000000008a500000|  0%| F|  |TAMS 0x000000008a400000, 0x000000008a400000| Untracked 
|  51|0x000000008a500000, 0x000000008a500000, 0x000000008a600000|  0%| F|  |TAMS 0x000000008a500000, 0x000000008a500000| Untracked 
|  52|0x000000008a600000, 0x000000008a600000, 0x000000008a700000|  0%| F|  |TAMS 0x000000008a600000, 0x000000008a600000| Untracked 
|  53|0x000000008a700000, 0x000000008a700000, 0x000000008a800000|  0%| F|  |TAMS 0x000000008a700000, 0x000000008a700000| Untracked 
|  54|0x000000008a800000, 0x000000008a893030, 0x000000008a900000| 57%| S|CS|TAMS 0x000000008a800000, 0x000000008a800000| Complete 
|  55|0x000000008a900000, 0x000000008aa00000, 0x000000008aa00000|100%| S|CS|TAMS 0x000000008a900000, 0x000000008a900000| Complete 
|  56|0x000000008aa00000, 0x000000008ab00000, 0x000000008ab00000|100%| S|CS|TAMS 0x000000008aa00000, 0x000000008aa00000| Complete 
|  57|0x000000008ab00000, 0x000000008ac00000, 0x000000008ac00000|100%| S|CS|TAMS 0x000000008ab00000, 0x000000008ab00000| Complete 
|  58|0x000000008ac00000, 0x000000008ad00000, 0x000000008ad00000|100%| S|CS|TAMS 0x000000008ac00000, 0x000000008ac00000| Complete 
|  59|0x000000008ad00000, 0x000000008ae00000, 0x000000008ae00000|100%| S|CS|TAMS 0x000000008ad00000, 0x000000008ad00000| Complete 
|  60|0x000000008ae00000, 0x000000008af00000, 0x000000008af00000|100%| S|CS|TAMS 0x000000008ae00000, 0x000000008ae00000| Complete 
|  61|0x000000008af00000, 0x000000008b000000, 0x000000008b000000|100%| S|CS|TAMS 0x000000008af00000, 0x000000008af00000| Complete 
|  62|0x000000008b000000, 0x000000008b000000, 0x000000008b100000|  0%| F|  |TAMS 0x000000008b000000, 0x000000008b000000| Untracked 
|  63|0x000000008b100000, 0x000000008b100000, 0x000000008b200000|  0%| F|  |TAMS 0x000000008b100000, 0x000000008b100000| Untracked 
|  64|0x000000008b200000, 0x000000008b200000, 0x000000008b300000|  0%| F|  |TAMS 0x000000008b200000, 0x000000008b200000| Untracked 
|  65|0x000000008b300000, 0x000000008b300000, 0x000000008b400000|  0%| F|  |TAMS 0x000000008b300000, 0x000000008b300000| Untracked 
|  66|0x000000008b400000, 0x000000008b400000, 0x000000008b500000|  0%| F|  |TAMS 0x000000008b400000, 0x000000008b400000| Untracked 
|  67|0x000000008b500000, 0x000000008b500000, 0x000000008b600000|  0%| F|  |TAMS 0x000000008b500000, 0x000000008b500000| Untracked 
|  68|0x000000008b600000, 0x000000008b600000, 0x000000008b700000|  0%| F|  |TAMS 0x000000008b600000, 0x000000008b600000| Untracked 
|  69|0x000000008b700000, 0x000000008b700000, 0x000000008b800000|  0%| F|  |TAMS 0x000000008b700000, 0x000000008b700000| Untracked 
|  70|0x000000008b800000, 0x000000008b800000, 0x000000008b900000|  0%| F|  |TAMS 0x000000008b800000, 0x000000008b800000| Untracked 
|  71|0x000000008b900000, 0x000000008b900000, 0x000000008ba00000|  0%| F|  |TAMS 0x000000008b900000, 0x000000008b900000| Untracked 
|  72|0x000000008ba00000, 0x000000008ba00000, 0x000000008bb00000|  0%| F|  |TAMS 0x000000008ba00000, 0x000000008ba00000| Untracked 
|  73|0x000000008bb00000, 0x000000008bb00000, 0x000000008bc00000|  0%| F|  |TAMS 0x000000008bb00000, 0x000000008bb00000| Untracked 
|  74|0x000000008bc00000, 0x000000008bc00000, 0x000000008bd00000|  0%| F|  |TAMS 0x000000008bc00000, 0x000000008bc00000| Untracked 
|  75|0x000000008bd00000, 0x000000008bd00000, 0x000000008be00000|  0%| F|  |TAMS 0x000000008bd00000, 0x000000008bd00000| Untracked 
|  76|0x000000008be00000, 0x000000008be00000, 0x000000008bf00000|  0%| F|  |TAMS 0x000000008be00000, 0x000000008be00000| Untracked 
|  77|0x000000008bf00000, 0x000000008bf00000, 0x000000008c000000|  0%| F|  |TAMS 0x000000008bf00000, 0x000000008bf00000| Untracked 
|  78|0x000000008c000000, 0x000000008c07b8a8, 0x000000008c100000| 48%| E|  |TAMS 0x000000008c000000, 0x000000008c000000| Complete 
|  79|0x000000008c100000, 0x000000008c200000, 0x000000008c200000|100%| E|CS|TAMS 0x000000008c100000, 0x000000008c100000| Complete 
|  80|0x000000008c200000, 0x000000008c300000, 0x000000008c300000|100%| E|CS|TAMS 0x000000008c200000, 0x000000008c200000| Complete 
|  81|0x000000008c300000, 0x000000008c400000, 0x000000008c400000|100%| E|  |TAMS 0x000000008c300000, 0x000000008c300000| Complete 
|  82|0x000000008c400000, 0x000000008c500000, 0x000000008c500000|100%| E|CS|TAMS 0x000000008c400000, 0x000000008c400000| Complete 
|  83|0x000000008c500000, 0x000000008c600000, 0x000000008c600000|100%| E|CS|TAMS 0x000000008c500000, 0x000000008c500000| Complete 
|  84|0x000000008c600000, 0x000000008c700000, 0x000000008c700000|100%| E|CS|TAMS 0x000000008c600000, 0x000000008c600000| Complete 
|  85|0x000000008c700000, 0x000000008c800000, 0x000000008c800000|100%| E|CS|TAMS 0x000000008c700000, 0x000000008c700000| Complete 
|  86|0x000000008c800000, 0x000000008c900000, 0x000000008c900000|100%| E|CS|TAMS 0x000000008c800000, 0x000000008c800000| Complete 
|  87|0x000000008c900000, 0x000000008ca00000, 0x000000008ca00000|100%| E|CS|TAMS 0x000000008c900000, 0x000000008c900000| Complete 
|  88|0x000000008ca00000, 0x000000008cb00000, 0x000000008cb00000|100%| E|CS|TAMS 0x000000008ca00000, 0x000000008ca00000| Complete 
|  89|0x000000008cb00000, 0x000000008cc00000, 0x000000008cc00000|100%| E|CS|TAMS 0x000000008cb00000, 0x000000008cb00000| Complete 
|  90|0x000000008cc00000, 0x000000008cd00000, 0x000000008cd00000|100%| E|CS|TAMS 0x000000008cc00000, 0x000000008cc00000| Complete 
|  91|0x000000008cd00000, 0x000000008ce00000, 0x000000008ce00000|100%| E|CS|TAMS 0x000000008cd00000, 0x000000008cd00000| Complete 
|  92|0x000000008ce00000, 0x000000008cf00000, 0x000000008cf00000|100%| E|CS|TAMS 0x000000008ce00000, 0x000000008ce00000| Complete 
|  93|0x000000008cf00000, 0x000000008d000000, 0x000000008d000000|100%| E|CS|TAMS 0x000000008cf00000, 0x000000008cf00000| Complete 
|  94|0x000000008d000000, 0x000000008d100000, 0x000000008d100000|100%| E|CS|TAMS 0x000000008d000000, 0x000000008d000000| Complete 
|  95|0x000000008d100000, 0x000000008d200000, 0x000000008d200000|100%| E|CS|TAMS 0x000000008d100000, 0x000000008d100000| Complete 
|  96|0x000000008d200000, 0x000000008d300000, 0x000000008d300000|100%| E|CS|TAMS 0x000000008d200000, 0x000000008d200000| Complete 
|  97|0x000000008d300000, 0x000000008d400000, 0x000000008d400000|100%| E|CS|TAMS 0x000000008d300000, 0x000000008d300000| Complete 
|  98|0x000000008d400000, 0x000000008d500000, 0x000000008d500000|100%| E|CS|TAMS 0x000000008d400000, 0x000000008d400000| Complete 
|  99|0x000000008d500000, 0x000000008d600000, 0x000000008d600000|100%| E|CS|TAMS 0x000000008d500000, 0x000000008d500000| Complete 
| 100|0x000000008d600000, 0x000000008d700000, 0x000000008d700000|100%| E|CS|TAMS 0x000000008d600000, 0x000000008d600000| Complete 
| 101|0x000000008d700000, 0x000000008d800000, 0x000000008d800000|100%| E|CS|TAMS 0x000000008d700000, 0x000000008d700000| Complete 
| 102|0x000000008d800000, 0x000000008d900000, 0x000000008d900000|100%| E|CS|TAMS 0x000000008d800000, 0x000000008d800000| Complete 
| 103|0x000000008d900000, 0x000000008da00000, 0x000000008da00000|100%| E|CS|TAMS 0x000000008d900000, 0x000000008d900000| Complete 
| 104|0x000000008da00000, 0x000000008db00000, 0x000000008db00000|100%| E|CS|TAMS 0x000000008da00000, 0x000000008da00000| Complete 
| 105|0x000000008db00000, 0x000000008dc00000, 0x000000008dc00000|100%| E|CS|TAMS 0x000000008db00000, 0x000000008db00000| Complete 
| 106|0x000000008dc00000, 0x000000008dd00000, 0x000000008dd00000|100%| E|CS|TAMS 0x000000008dc00000, 0x000000008dc00000| Complete 
| 107|0x000000008dd00000, 0x000000008de00000, 0x000000008de00000|100%| E|CS|TAMS 0x000000008dd00000, 0x000000008dd00000| Complete 
| 108|0x000000008de00000, 0x000000008df00000, 0x000000008df00000|100%| E|CS|TAMS 0x000000008de00000, 0x000000008de00000| Complete 
| 109|0x000000008df00000, 0x000000008e000000, 0x000000008e000000|100%| E|CS|TAMS 0x000000008df00000, 0x000000008df00000| Complete 
| 110|0x000000008e000000, 0x000000008e100000, 0x000000008e100000|100%| E|CS|TAMS 0x000000008e000000, 0x000000008e000000| Complete 
| 111|0x000000008e100000, 0x000000008e200000, 0x000000008e200000|100%| E|CS|TAMS 0x000000008e100000, 0x000000008e100000| Complete 
| 112|0x000000008e200000, 0x000000008e300000, 0x000000008e300000|100%| E|CS|TAMS 0x000000008e200000, 0x000000008e200000| Complete 
| 113|0x000000008e300000, 0x000000008e400000, 0x000000008e400000|100%| E|CS|TAMS 0x000000008e300000, 0x000000008e300000| Complete 
| 114|0x000000008e400000, 0x000000008e500000, 0x000000008e500000|100%| E|CS|TAMS 0x000000008e400000, 0x000000008e400000| Complete 
| 115|0x000000008e500000, 0x000000008e600000, 0x000000008e600000|100%| E|CS|TAMS 0x000000008e500000, 0x000000008e500000| Complete 
| 116|0x000000008e600000, 0x000000008e700000, 0x000000008e700000|100%| E|CS|TAMS 0x000000008e600000, 0x000000008e600000| Complete 
| 117|0x000000008e700000, 0x000000008e800000, 0x000000008e800000|100%| E|CS|TAMS 0x000000008e700000, 0x000000008e700000| Complete 
| 118|0x000000008e800000, 0x000000008e900000, 0x000000008e900000|100%| E|CS|TAMS 0x000000008e800000, 0x000000008e800000| Complete 
| 119|0x000000008e900000, 0x000000008ea00000, 0x000000008ea00000|100%| E|CS|TAMS 0x000000008e900000, 0x000000008e900000| Complete 
| 120|0x000000008ea00000, 0x000000008eb00000, 0x000000008eb00000|100%| E|CS|TAMS 0x000000008ea00000, 0x000000008ea00000| Complete 
| 121|0x000000008eb00000, 0x000000008ec00000, 0x000000008ec00000|100%| E|CS|TAMS 0x000000008eb00000, 0x000000008eb00000| Complete 
| 122|0x000000008ec00000, 0x000000008ed00000, 0x000000008ed00000|100%| E|CS|TAMS 0x000000008ec00000, 0x000000008ec00000| Complete 
| 123|0x000000008ed00000, 0x000000008ee00000, 0x000000008ee00000|100%| E|CS|TAMS 0x000000008ed00000, 0x000000008ed00000| Complete 
| 124|0x000000008ee00000, 0x000000008ef00000, 0x000000008ef00000|100%| E|CS|TAMS 0x000000008ee00000, 0x000000008ee00000| Complete 
| 125|0x000000008ef00000, 0x000000008f000000, 0x000000008f000000|100%| E|CS|TAMS 0x000000008ef00000, 0x000000008ef00000| Complete 
| 126|0x000000008f000000, 0x000000008f100000, 0x000000008f100000|100%| E|CS|TAMS 0x000000008f000000, 0x000000008f000000| Complete 
| 127|0x000000008f100000, 0x000000008f200000, 0x000000008f200000|100%| E|CS|TAMS 0x000000008f100000, 0x000000008f100000| Complete 
| 128|0x000000008f200000, 0x000000008f300000, 0x000000008f300000|100%| E|CS|TAMS 0x000000008f200000, 0x000000008f200000| Complete 
| 129|0x000000008f300000, 0x000000008f400000, 0x000000008f400000|100%| E|CS|TAMS 0x000000008f300000, 0x000000008f300000| Complete 
| 130|0x000000008f400000, 0x000000008f500000, 0x000000008f500000|100%| E|CS|TAMS 0x000000008f400000, 0x000000008f400000| Complete 
| 131|0x000000008f500000, 0x000000008f600000, 0x000000008f600000|100%| E|CS|TAMS 0x000000008f500000, 0x000000008f500000| Complete 
| 132|0x000000008f600000, 0x000000008f700000, 0x000000008f700000|100%| E|CS|TAMS 0x000000008f600000, 0x000000008f600000| Complete 
| 133|0x000000008f700000, 0x000000008f800000, 0x000000008f800000|100%| E|CS|TAMS 0x000000008f700000, 0x000000008f700000| Complete 
| 134|0x000000008f800000, 0x000000008f900000, 0x000000008f900000|100%| E|CS|TAMS 0x000000008f800000, 0x000000008f800000| Complete 
| 135|0x000000008f900000, 0x000000008fa00000, 0x000000008fa00000|100%| E|CS|TAMS 0x000000008f900000, 0x000000008f900000| Complete 
| 136|0x000000008fa00000, 0x000000008fb00000, 0x000000008fb00000|100%| E|CS|TAMS 0x000000008fa00000, 0x000000008fa00000| Complete 
| 137|0x000000008fb00000, 0x000000008fc00000, 0x000000008fc00000|100%| E|CS|TAMS 0x000000008fb00000, 0x000000008fb00000| Complete 
| 138|0x000000008fc00000, 0x000000008fd00000, 0x000000008fd00000|100%| E|CS|TAMS 0x000000008fc00000, 0x000000008fc00000| Complete 
| 139|0x000000008fd00000, 0x000000008fe00000, 0x000000008fe00000|100%| E|CS|TAMS 0x000000008fd00000, 0x000000008fd00000| Complete 
| 140|0x000000008fe00000, 0x000000008ff00000, 0x000000008ff00000|100%| E|CS|TAMS 0x000000008fe00000, 0x000000008fe00000| Complete 
| 141|0x000000008ff00000, 0x0000000090000000, 0x0000000090000000|100%| E|CS|TAMS 0x000000008ff00000, 0x000000008ff00000| Complete 
| 142|0x0000000090000000, 0x0000000090100000, 0x0000000090100000|100%| E|CS|TAMS 0x0000000090000000, 0x0000000090000000| Complete 
| 143|0x0000000090100000, 0x0000000090200000, 0x0000000090200000|100%| E|CS|TAMS 0x0000000090100000, 0x0000000090100000| Complete 
| 144|0x0000000090200000, 0x0000000090300000, 0x0000000090300000|100%| E|CS|TAMS 0x0000000090200000, 0x0000000090200000| Complete 
| 145|0x0000000090300000, 0x0000000090400000, 0x0000000090400000|100%| E|CS|TAMS 0x0000000090300000, 0x0000000090300000| Complete 
| 146|0x0000000090400000, 0x0000000090500000, 0x0000000090500000|100%| E|CS|TAMS 0x0000000090400000, 0x0000000090400000| Complete 
| 147|0x0000000090500000, 0x0000000090600000, 0x0000000090600000|100%| E|CS|TAMS 0x0000000090500000, 0x0000000090500000| Complete 
| 148|0x0000000090600000, 0x0000000090700000, 0x0000000090700000|100%| E|CS|TAMS 0x0000000090600000, 0x0000000090600000| Complete 
| 149|0x0000000090700000, 0x0000000090800000, 0x0000000090800000|100%| E|CS|TAMS 0x0000000090700000, 0x0000000090700000| Complete 
| 150|0x0000000090800000, 0x0000000090900000, 0x0000000090900000|100%| E|CS|TAMS 0x0000000090800000, 0x0000000090800000| Complete 
| 151|0x0000000090900000, 0x0000000090a00000, 0x0000000090a00000|100%| E|CS|TAMS 0x0000000090900000, 0x0000000090900000| Complete 
| 152|0x0000000090a00000, 0x0000000090b00000, 0x0000000090b00000|100%| E|CS|TAMS 0x0000000090a00000, 0x0000000090a00000| Complete 

Card table byte_map: [0x00007fb7b54ab000,0x00007fb7b5872000] _byte_map_base: 0x00007fb7b5072000

Marking Bits (Prev, Next): (CMBitMap*) 0x00007fb7b0061e98, (CMBitMap*) 0x00007fb7b0061ed0
 Prev Bits: [0x00007fb7921c8000, 0x00007fb794000000)
 Next Bits: [0x00007fb790390000, 0x00007fb7921c8000)

Polling page: 0x00007fb7ba055000

Metaspace:

Usage:
  Non-class:     46.15 MB capacity,    45.38 MB ( 98%) used,   665.66 KB (  1%) free+waste,   122.75 KB ( <1%) overhead. 
      Class:      6.21 MB capacity,     5.75 MB ( 93%) used,   413.91 KB (  7%) free+waste,    54.69 KB ( <1%) overhead. 
       Both:     52.35 MB capacity,    51.13 MB ( 98%) used,     1.05 MB (  2%) free+waste,   177.44 KB ( <1%) overhead. 

Virtual space:
  Non-class space:       48.00 MB reserved,      46.33 MB ( 97%) committed 
      Class space:        1.00 GB reserved,       6.25 MB ( <1%) committed 
             Both:        1.05 GB reserved,      52.58 MB (  5%) committed 

Chunk freelists:
   Non-Class:  10.12 KB
       Class:  1.62 KB
        Both:  11.75 KB

CodeHeap 'non-profiled nmethods': size=120032Kb used=3295Kb max_used=3295Kb free=116736Kb
 bounds [0x00007fb7a070a000, 0x00007fb7a0a4a000, 0x00007fb7a7c42000]
CodeHeap 'profiled nmethods': size=120028Kb used=12941Kb max_used=12941Kb free=107087Kb
 bounds [0x00007fb7991d3000, 0x00007fb799e93000, 0x00007fb7a070a000]
CodeHeap 'non-nmethods': size=5700Kb used=1171Kb max_used=1242Kb free=4528Kb
 bounds [0x00007fb798c42000, 0x00007fb798eb2000, 0x00007fb7991d3000]
 total_blobs=9007 nmethods=6048 adapters=456
 compilation: enabled
              stopped_count=0, restarted_count=0
 full_count=0

Compilation events (10 events):
Event: 6.036 Thread 0x00007fb7b0178000 6903       3       java.util.Formatter$Flags::contains (22 bytes)
Event: 6.037 Thread 0x00007fb7b0178000 nmethod 6903 0x00007fb799e75490 code [0x00007fb799e75640, 0x00007fb799e75850]
Event: 6.041 Thread 0x00007fb760345000 nmethod 6882 0x00007fb7a0a40310 code [0x00007fb7a0a404c0, 0x00007fb7a0a40a18]
Event: 6.041 Thread 0x00007fb760345000 6877       4       jdk.internal.org.objectweb.asm.Frame::execute (2264 bytes)
Event: 6.050 Thread 0x00007fb7b0178000 6904 %     3       org.sqlite.SQLiteJDBCLoader::contentsEquals @ 37 (78 bytes)
Event: 6.051 Thread 0x00007fb7b0178000 nmethod 6904% 0x00007fb799e75910 code [0x00007fb799e75b60, 0x00007fb799e76618]
Event: 6.051 Thread 0x00007fb7b0178000 6905       3       org.sqlite.SQLiteJDBCLoader::contentsEquals (78 bytes)
Event: 6.051 Thread 0x00007fb7b0178000 nmethod 6905 0x00007fb799e76910 code [0x00007fb799e76b60, 0x00007fb799e77598]
Event: 6.082 Thread 0x00007fb7b0178000 6907       3       java.util.Arrays::copyOfRange (89 bytes)
Event: 6.083 Thread 0x00007fb7b0178000 nmethod 6907 0x00007fb799e77810 code [0x00007fb799e77b00, 0x00007fb799e78a18]

GC Heap History (10 events):
Event: 2.799 GC heap before
{Heap before GC invocations=4 (full 0):
 garbage-first heap   total 124928K, used 77909K [0x0000000087200000, 0x0000000100000000)
  region size 1024K, 73 young (74752K), 8 survivors (8192K)
 Metaspace       used 31791K, capacity 32546K, committed 32816K, reserved 1079296K
  class space    used 3445K, capacity 3661K, committed 3712K, reserved 1048576K
}
Event: 2.819 GC heap after
{Heap after GC invocations=5 (full 0):
 garbage-first heap   total 124928K, used 19236K [0x0000000087200000, 0x0000000100000000)
  region size 1024K, 10 young (10240K), 10 survivors (10240K)
 Metaspace       used 31791K, capacity 32546K, committed 32816K, reserved 1079296K
  class space    used 3445K, capacity 3661K, committed 3712K, reserved 1048576K
}
Event: 3.336 GC heap before
{Heap before GC invocations=5 (full 0):
 garbage-first heap   total 124928K, used 83748K [0x0000000087200000, 0x0000000100000000)
  region size 1024K, 73 young (74752K), 10 survivors (10240K)
 Metaspace       used 33719K, capacity 34446K, committed 34608K, reserved 1079296K
  class space    used 3613K, capacity 3844K, committed 3968K, reserved 1048576K
}
Event: 3.359 GC heap after
{Heap after GC invocations=6 (full 0):
 garbage-first heap   total 156672K, used 22528K [0x0000000087200000, 0x0000000100000000)
  region size 1024K, 4 young (4096K), 4 survivors (4096K)
 Metaspace       used 33719K, capacity 34446K, committed 34608K, reserved 1079296K
  class space    used 3613K, capacity 3844K, committed 3968K, reserved 1048576K
}
Event: 3.498 GC heap before
{Heap before GC invocations=6 (full 0):
 garbage-first heap   total 156672K, used 38912K [0x0000000087200000, 0x0000000100000000)
  region size 1024K, 21 young (21504K), 4 survivors (4096K)
 Metaspace       used 34967K, capacity 35789K, committed 35920K, reserved 1081344K
  class space    used 3768K, capacity 4037K, committed 4096K, reserved 1048576K
}
Event: 3.506 GC heap after
{Heap after GC invocations=7 (full 0):
 garbage-first heap   total 156672K, used 23873K [0x0000000087200000, 0x0000000100000000)
  region size 1024K, 6 young (6144K), 6 survivors (6144K)
 Metaspace       used 34967K, capacity 35789K, committed 35920K, reserved 1081344K
  class space    used 3768K, capacity 4037K, committed 4096K, reserved 1048576K
}
Event: 4.060 GC heap before
{Heap before GC invocations=8 (full 0):
 garbage-first heap   total 156672K, used 99649K [0x0000000087200000, 0x0000000100000000)
  region size 1024K, 81 young (82944K), 6 survivors (6144K)
 Metaspace       used 39507K, capacity 40515K, committed 40656K, reserved 1085440K
  class space    used 4292K, capacity 4640K, committed 4736K, reserved 1048576K
}
Event: 4.073 GC heap after
{Heap after GC invocations=9 (full 0):
 garbage-first heap   total 156672K, used 29230K [0x0000000087200000, 0x0000000100000000)
  region size 1024K, 10 young (10240K), 10 survivors (10240K)
 Metaspace       used 39507K, capacity 40515K, committed 40656K, reserved 1085440K
  class space    used 4292K, capacity 4640K, committed 4736K, reserved 1048576K
}
Event: 4.273 GC heap before
{Heap before GC invocations=9 (full 0):
 garbage-first heap   total 156672K, used 111150K [0x0000000087200000, 0x0000000100000000)
  region size 1024K, 91 young (93184K), 10 survivors (10240K)
 Metaspace       used 40152K, capacity 41166K, committed 41424K, reserved 1085440K
  class space    used 4381K, capacity 4708K, committed 4736K, reserved 1048576K
}
Event: 4.285 GC heap after
{Heap after GC invocations=10 (full 0):
 garbage-first heap   total 156672K, used 31728K [0x0000000087200000, 0x0000000100000000)
  region size 1024K, 8 young (8192K), 8 survivors (8192K)
 Metaspace       used 40152K, capacity 41166K, committed 41424K, reserved 1085440K
  class space    used 4381K, capacity 4708K, committed 4736K, reserved 1048576K
}

Deoptimization events (10 events):
Event: 5.872 Thread 0x00007fb7b19a8800 Uncommon trap: reason=predicate action=maybe_recompile pc=0x00007fb7a09041a8 method=java.util.Arrays.binarySearch0([Ljava/lang/Object;IILjava/lang/Object;)I @ 12 c2
Event: 5.874 Thread 0x00007fb7b19a8800 Uncommon trap: reason=profile_predicate action=maybe_recompile pc=0x00007fb7a0a206e4 method=java.lang.PublicMethods$MethodList.filter([Ljava/lang/reflect/Method;Ljava/lang/String;[Ljava/lang/Class;Z)Ljava/lang/PublicMethods$MethodList; @ 21 c2
Event: 5.890 Thread 0x00007fb7b19a8800 Uncommon trap: reason=profile_predicate action=maybe_recompile pc=0x00007fb7a0a206e4 method=java.lang.PublicMethods$MethodList.filter([Ljava/lang/reflect/Method;Ljava/lang/String;[Ljava/lang/Class;Z)Ljava/lang/PublicMethods$MethodList; @ 21 c2
Event: 5.912 Thread 0x00007fb7b19a3000 Uncommon trap: reason=unstable_if action=reinterpret pc=0x00007fb7a077f320 method=java.lang.CharacterDataLatin1.isWhitespace(I)Z @ 14 c2
Event: 5.912 Thread 0x00007fb7b199f800 Uncommon trap: reason=unstable_if action=reinterpret pc=0x00007fb7a077f320 method=java.lang.CharacterDataLatin1.isWhitespace(I)Z @ 14 c2
Event: 5.978 Thread 0x00007fb7b199f800 Uncommon trap: reason=unstable_if action=reinterpret pc=0x00007fb7a0a15b8c method=java.util.concurrent.locks.ReentrantReadWriteLock$Sync.tryAcquireShared(I)I @ 60 c2
Event: 5.990 Thread 0x00007fb7b19a3000 Uncommon trap: reason=profile_predicate action=maybe_recompile pc=0x00007fb7a0a206e4 method=java.lang.PublicMethods$MethodList.filter([Ljava/lang/reflect/Method;Ljava/lang/String;[Ljava/lang/Class;Z)Ljava/lang/PublicMethods$MethodList; @ 21 c2
Event: 6.028 Thread 0x00007fb7b19a3000 Uncommon trap: reason=unstable_if action=reinterpret pc=0x00007fb7a07f37c4 method=sun.util.locale.LocaleUtils.caseIgnoreMatch(Ljava/lang/String;Ljava/lang/String;)Z @ 60 c2
Event: 6.030 Thread 0x00007fb7b199f800 Uncommon trap: reason=bimorphic_or_optimized_type_check action=maybe_recompile pc=0x00007fb7a0839670 method=java.util.concurrent.ConcurrentHashMap.putVal(Ljava/lang/Object;Ljava/lang/Object;Z)Ljava/lang/Object; @ 159 c2
Event: 6.074 Thread 0x00007fb7b19a3000 Uncommon trap: reason=unstable_if action=reinterpret pc=0x00007fb7a08fae00 method=java.io.BufferedInputStream.read()I @ 23 c2

Classes redefined (0 events):
No events

Internal exceptions (10 events):
Event: 5.008 Thread 0x00007fb7b0012000 Exception <a 'java/lang/ClassNotFoundException'{0x000000008de9ee40}: org/springframework/beans/factory/AwareBeanInfo> (0x000000008de9ee40) thrown at [/scratch/opt/mach5/mesos/work_dir/slaves/2dd962d0-8988-479b-a804-57ab764ada59-S1222/frameworks/1735e8a2-a
Event: 5.008 Thread 0x00007fb7b0012000 Exception <a 'java/lang/ClassNotFoundException'{0x000000008deb3b70}: org/springframework/beans/factory/AwareCustomizer> (0x000000008deb3b70) thrown at [/scratch/opt/mach5/mesos/work_dir/slaves/2dd962d0-8988-479b-a804-57ab764ada59-S1222/frameworks/1735e8a2
Event: 5.008 Thread 0x00007fb7b0012000 Exception <a 'java/lang/ClassNotFoundException'{0x000000008deca7d8}: org/springframework/context/ApplicationContextAwareBeanInfo> (0x000000008deca7d8) thrown at [/scratch/opt/mach5/mesos/work_dir/slaves/2dd962d0-8988-479b-a804-57ab764ada59-S1222/framework
Event: 5.009 Thread 0x00007fb7b0012000 Exception <a 'java/lang/ClassNotFoundException'{0x000000008dee1000}: org/springframework/context/ApplicationContextAwareCustomizer> (0x000000008dee1000) thrown at [/scratch/opt/mach5/mesos/work_dir/slaves/2dd962d0-8988-479b-a804-57ab764ada59-S1222/framewo
Event: 5.009 Thread 0x00007fb7b0012000 Exception <a 'java/lang/ClassNotFoundException'{0x000000008def93c8}: org/springframework/web/context/ServletContextAwareBeanInfo> (0x000000008def93c8) thrown at [/scratch/opt/mach5/mesos/work_dir/slaves/2dd962d0-8988-479b-a804-57ab764ada59-S1222/framework
Event: 5.010 Thread 0x00007fb7b0012000 Exception <a 'java/lang/ClassNotFoundException'{0x000000008dd100c0}: org/springframework/web/context/ServletContextAwareCustomizer> (0x000000008dd100c0) thrown at [/scratch/opt/mach5/mesos/work_dir/slaves/2dd962d0-8988-479b-a804-57ab764ada59-S1222/framewo
Event: 5.023 Thread 0x00007fb7b0012000 Exception <a 'java/lang/NoSuchMethodError'{0x000000008dddd008}: java.lang.invoke.DirectMethodHandle$Holder.invokeStatic(Ljava/lang/Object;Ljava/lang/Object;Ljava/lang/Object;Ljava/lang/Object;)V> (0x000000008dddd008) thrown at [/scratch/opt/mach5/mesos/wo
Event: 5.113 Thread 0x00007fb7b0012000 Exception <a 'java/lang/NoSuchMethodError'{0x000000008d692a80}: java.lang.invoke.DirectMethodHandle$Holder.invokeStatic(Ljava/lang/Object;Ljava/lang/Object;Ljava/lang/Object;Ljava/lang/Object;Ljava/lang/Object;)V> (0x000000008d692a80) thrown at [/scratch/
Event: 5.192 Thread 0x00007fb7b0012000 Exception <a 'java/lang/NoSuchMethodError'{0x000000008d37dca8}: java.lang.invoke.DirectMethodHandle$Holder.invokeStaticInit(Ljava/lang/Object;Ljava/lang/Object;Ljava/lang/Object;Ljava/lang/Object;Ljava/lang/Object;)Ljava/lang/Object;> (0x000000008d37dca8)
Event: 5.369 Thread 0x00007fb7b0012000 Exception <a 'java/lang/NoSuchMethodError'{0x000000008cba0648}: java.lang.invoke.DirectMethodHandle$Holder.invokeInterface(Ljava/lang/Object;Ljava/lang/Object;)V> (0x000000008cba0648) thrown at [/scratch/opt/mach5/mesos/work_dir/slaves/2dd962d0-8988-479b-

Events (10 events):
Event: 6.079 loading class java/sql/ResultSetMetaData
Event: 6.079 loading class java/sql/ResultSetMetaData done
Event: 6.079 loading class java/sql/ResultSetMetaData
Event: 6.079 loading class java/sql/ResultSetMetaData done
Event: 6.081 loading class java/sql/Clob
Event: 6.081 loading class java/sql/Clob done
Event: 6.081 loading class java/sql/Clob
Event: 6.081 loading class java/sql/Clob done
Event: 6.082 Executing VM operation: RevokeBias
Event: 6.082 Executing VM operation: RevokeBias done


Dynamic libraries:
00400000-00401000 r-xp 00000000 103:01 7877913                           /usr/lib/jvm/java-11-oracle/bin/java
00600000-00601000 r--p 00000000 103:01 7877913                           /usr/lib/jvm/java-11-oracle/bin/java
00601000-00602000 rw-p 00001000 103:01 7877913                           /usr/lib/jvm/java-11-oracle/bin/java
006bf000-006e0000 rw-p 00000000 00:00 0                                  [heap]
87200000-90b00000 rw-p 00000000 00:00 0 
90b00000-100000000 ---p 00000000 00:00 0 
100000000-100640000 rw-p 00000000 00:00 0 
100640000-140000000 ---p 00000000 00:00 0 
7fb6f4000000-7fb6f4021000 rw-p 00000000 00:00 0 
7fb6f4021000-7fb6f8000000 ---p 00000000 00:00 0 
7fb6fc000000-7fb6fc021000 rw-p 00000000 00:00 0 
7fb6fc021000-7fb700000000 ---p 00000000 00:00 0 
7fb700000000-7fb700021000 rw-p 00000000 00:00 0 
7fb700021000-7fb704000000 ---p 00000000 00:00 0 
7fb704000000-7fb704021000 rw-p 00000000 00:00 0 
7fb704021000-7fb708000000 ---p 00000000 00:00 0 
7fb708000000-7fb708021000 rw-p 00000000 00:00 0 
7fb708021000-7fb70c000000 ---p 00000000 00:00 0 
7fb70c000000-7fb70c021000 rw-p 00000000 00:00 0 
7fb70c021000-7fb710000000 ---p 00000000 00:00 0 
7fb710000000-7fb710021000 rw-p 00000000 00:00 0 
7fb710021000-7fb714000000 ---p 00000000 00:00 0 
7fb714000000-7fb714021000 rw-p 00000000 00:00 0 
7fb714021000-7fb718000000 ---p 00000000 00:00 0 
7fb718000000-7fb718021000 rw-p 00000000 00:00 0 
7fb718021000-7fb71c000000 ---p 00000000 00:00 0 
7fb71c000000-7fb71c027000 rw-p 00000000 00:00 0 
7fb71c027000-7fb720000000 ---p 00000000 00:00 0 
7fb720000000-7fb720021000 rw-p 00000000 00:00 0 
7fb720021000-7fb724000000 ---p 00000000 00:00 0 
7fb724000000-7fb724021000 rw-p 00000000 00:00 0 
7fb724021000-7fb728000000 ---p 00000000 00:00 0 
7fb728000000-7fb728021000 rw-p 00000000 00:00 0 
7fb728021000-7fb72c000000 ---p 00000000 00:00 0 
7fb72c000000-7fb72c0db000 rw-p 00000000 00:00 0 
7fb72c0db000-7fb730000000 ---p 00000000 00:00 0 
7fb730000000-7fb7300bd000 rw-p 00000000 00:00 0 
7fb7300bd000-7fb734000000 ---p 00000000 00:00 0 
7fb734000000-7fb734021000 rw-p 00000000 00:00 0 
7fb734021000-7fb738000000 ---p 00000000 00:00 0 
7fb738000000-7fb738064000 rw-p 00000000 00:00 0 
7fb738064000-7fb73c000000 ---p 00000000 00:00 0 
7fb73c000000-7fb73c021000 rw-p 00000000 00:00 0 
7fb73c021000-7fb740000000 ---p 00000000 00:00 0 
7fb740000000-7fb740021000 rw-p 00000000 00:00 0 
7fb740021000-7fb744000000 ---p 00000000 00:00 0 
7fb744ae0000-7fb744bd4000 r-xp 00000000 103:01 13108075                  /tmp/sqlite-3.25.2-c35e7cfb-88af-45d3-81dc-6bd296f39250-libsqlitejdbc.so
7fb744bd4000-7fb744dd4000 ---p 000f4000 103:01 13108075                  /tmp/sqlite-3.25.2-c35e7cfb-88af-45d3-81dc-6bd296f39250-libsqlitejdbc.so
7fb744dd4000-7fb744dda000 rw-p 000f4000 103:01 13108075                  /tmp/sqlite-3.25.2-c35e7cfb-88af-45d3-81dc-6bd296f39250-libsqlitejdbc.so
7fb744dda000-7fb744e5a000 rw-p 00000000 00:00 0 
7fb744e5a000-7fb744fda000 ---p 00000000 00:00 0 
7fb744fda000-7fb744fdc000 r-xp 00000000 103:01 8128192                   /usr/lib/jvm/java-11-oracle/lib/libextnet.so
7fb744fdc000-7fb7451db000 ---p 00002000 103:01 8128192                   /usr/lib/jvm/java-11-oracle/lib/libextnet.so
7fb7451db000-7fb7451dc000 r--p 00001000 103:01 8128192                   /usr/lib/jvm/java-11-oracle/lib/libextnet.so
7fb7451dc000-7fb7451dd000 rw-p 00002000 103:01 8128192                   /usr/lib/jvm/java-11-oracle/lib/libextnet.so
7fb7451dd000-7fb7453dd000 rw-p 00000000 00:00 0 
7fb7453dd000-7fb7455dd000 rw-p 00000000 00:00 0 
7fb7455dd000-7fb7457dd000 rw-p 00000000 00:00 0 
7fb7457dd000-7fb7459dd000 rw-p 00000000 00:00 0 
7fb7459dd000-7fb7459e1000 ---p 00000000 00:00 0 
7fb7459e1000-7fb745cde000 rw-p 00000000 00:00 0 
7fb745cde000-7fb745cdf000 ---p 00000000 00:00 0 
7fb745cdf000-7fb745de0000 rw-p 00000000 00:00 0 
7fb745de0000-7fb745de1000 ---p 00000000 00:00 0 
7fb745de1000-7fb745ee2000 rw-p 00000000 00:00 0 
7fb745ee2000-7fb745ee3000 ---p 00000000 00:00 0 
7fb745ee3000-7fb745fe4000 rw-p 00000000 00:00 0 
7fb745fe4000-7fb745fe5000 ---p 00000000 00:00 0 
7fb745fe5000-7fb7460e6000 rw-p 00000000 00:00 0 
7fb7460e6000-7fb7460e7000 ---p 00000000 00:00 0 
7fb7460e7000-7fb7461e8000 rw-p 00000000 00:00 0 
7fb7461e8000-7fb7461ec000 ---p 00000000 00:00 0 
7fb7461ec000-7fb7462e9000 rw-p 00000000 00:00 0 
7fb7462e9000-7fb7462ed000 ---p 00000000 00:00 0 
7fb7462ed000-7fb7463ea000 rw-p 00000000 00:00 0 
7fb7463ea000-7fb7463ee000 ---p 00000000 00:00 0 
7fb7463ee000-7fb7466eb000 rw-p 00000000 00:00 0 
7fb7466eb000-7fb7466ef000 ---p 00000000 00:00 0 
7fb7466ef000-7fb7467ec000 rw-p 00000000 00:00 0 
7fb7467ec000-7fb7467f0000 ---p 00000000 00:00 0 
7fb7467f0000-7fb7468ed000 rw-p 00000000 00:00 0 
7fb7468ed000-7fb7468f1000 ---p 00000000 00:00 0 
7fb7468f1000-7fb7469ee000 rw-p 00000000 00:00 0 
7fb7469ee000-7fb7469f2000 ---p 00000000 00:00 0 
7fb7469f2000-7fb746cef000 rw-p 00000000 00:00 0 
7fb746cef000-7fb746cf3000 ---p 00000000 00:00 0 
7fb746cf3000-7fb746df0000 rw-p 00000000 00:00 0 
7fb746df0000-7fb746df4000 ---p 00000000 00:00 0 
7fb746df4000-7fb746ef1000 rw-p 00000000 00:00 0 
7fb746ef1000-7fb746ef5000 ---p 00000000 00:00 0 
7fb746ef5000-7fb746ff2000 rw-p 00000000 00:00 0 
7fb746ff2000-7fb746ff6000 ---p 00000000 00:00 0 
7fb746ff6000-7fb7470f3000 rw-p 00000000 00:00 0 
7fb7470f3000-7fb7470f4000 ---p 00000000 00:00 0 
7fb7470f4000-7fb7471f5000 rw-p 00000000 00:00 0 
7fb7471f5000-7fb7471fa000 r-xp 00000000 103:01 8129788                   /usr/lib/jvm/java-11-oracle/lib/libmanagement_ext.so
7fb7471fa000-7fb7473f9000 ---p 00005000 103:01 8129788                   /usr/lib/jvm/java-11-oracle/lib/libmanagement_ext.so
7fb7473f9000-7fb7473fa000 r--p 00004000 103:01 8129788                   /usr/lib/jvm/java-11-oracle/lib/libmanagement_ext.so
7fb7473fa000-7fb7473fb000 rw-p 00005000 103:01 8129788                   /usr/lib/jvm/java-11-oracle/lib/libmanagement_ext.so
7fb7473fb000-7fb7473ff000 r-xp 00000000 103:01 8128348                   /usr/lib/jvm/java-11-oracle/lib/libmanagement.so
7fb7473ff000-7fb7475fe000 ---p 00004000 103:01 8128348                   /usr/lib/jvm/java-11-oracle/lib/libmanagement.so
7fb7475fe000-7fb7475ff000 r--p 00003000 103:01 8128348                   /usr/lib/jvm/java-11-oracle/lib/libmanagement.so
7fb7475ff000-7fb747600000 rw-p 00004000 103:01 8128348                   /usr/lib/jvm/java-11-oracle/lib/libmanagement.so
7fb747600000-7fb7477e8000 rw-p 00000000 00:00 0 
7fb7477e8000-7fb747800000 ---p 00000000 00:00 0 
7fb747800000-7fb747a00000 rw-p 00000000 00:00 0 
7fb747a00000-7fb747c00000 rw-p 00000000 00:00 0 
7fb747c00000-7fb747e00000 rw-p 00000000 00:00 0 
7fb747e00000-7fb748000000 rw-p 00000000 00:00 0 
7fb748000000-7fb748dde000 rw-p 00000000 00:00 0 
7fb748dde000-7fb74c000000 ---p 00000000 00:00 0 
7fb74c000000-7fb74c021000 rw-p 00000000 00:00 0 
7fb74c021000-7fb750000000 ---p 00000000 00:00 0 
7fb750000000-7fb750021000 rw-p 00000000 00:00 0 
7fb750021000-7fb754000000 ---p 00000000 00:00 0 
7fb754000000-7fb755062000 rw-p 00000000 00:00 0 
7fb755062000-7fb758000000 ---p 00000000 00:00 0 
7fb758000000-7fb758021000 rw-p 00000000 00:00 0 
7fb758021000-7fb75c000000 ---p 00000000 00:00 0 
7fb75c000000-7fb75c021000 rw-p 00000000 00:00 0 
7fb75c021000-7fb760000000 ---p 00000000 00:00 0 
7fb760000000-7fb760c3c000 rw-p 00000000 00:00 0 
7fb760c3c000-7fb764000000 ---p 00000000 00:00 0 
7fb764000000-7fb764039000 rw-p 00000000 00:00 0 
7fb764039000-7fb768000000 ---p 00000000 00:00 0 
7fb768000000-7fb768021000 rw-p 00000000 00:00 0 
7fb768021000-7fb76c000000 ---p 00000000 00:00 0 
7fb76c000000-7fb76d5a2000 rw-p 00000000 00:00 0 
7fb76d5a2000-7fb770000000 ---p 00000000 00:00 0 
7fb770000000-7fb770021000 rw-p 00000000 00:00 0 
7fb770021000-7fb774000000 ---p 00000000 00:00 0 
7fb774000000-7fb774021000 rw-p 00000000 00:00 0 
7fb774021000-7fb778000000 ---p 00000000 00:00 0 
7fb778000000-7fb778021000 rw-p 00000000 00:00 0 
7fb778021000-7fb77c000000 ---p 00000000 00:00 0 
7fb77c000000-7fb77c0ae000 rw-p 00000000 00:00 0 
7fb77c0ae000-7fb780000000 ---p 00000000 00:00 0 
7fb780000000-7fb780021000 rw-p 00000000 00:00 0 
7fb780021000-7fb784000000 ---p 00000000 00:00 0 
7fb784000000-7fb784021000 rw-p 00000000 00:00 0 
7fb784021000-7fb788000000 ---p 00000000 00:00 0 
7fb788002000-7fb788202000 rw-p 00000000 00:00 0 
7fb788202000-7fb788203000 ---p 00000000 00:00 0 
7fb788203000-7fb7884f0000 rw-p 00000000 00:00 0 
7fb7884f0000-7fb788504000 ---p 00000000 00:00 0 
7fb788504000-7fb788704000 rw-p 00000000 00:00 0 
7fb788704000-7fb788904000 rw-p 00000000 00:00 0 
7fb788904000-7fb788b04000 rw-p 00000000 00:00 0 
7fb788b04000-7fb788b05000 ---p 00000000 00:00 0 
7fb788b05000-7fb788c06000 rw-p 00000000 00:00 0 
7fb788c06000-7fb788c0a000 ---p 00000000 00:00 0 
7fb788c0a000-7fb788f07000 rw-p 00000000 00:00 0 
7fb788f07000-7fb789107000 rw-p 00000000 00:00 0 
7fb789107000-7fb78910b000 ---p 00000000 00:00 0 
7fb78910b000-7fb789208000 rw-p 00000000 00:00 0 
7fb789208000-7fb78921e000 r-xp 00000000 103:01 8129790                   /usr/lib/jvm/java-11-oracle/lib/libnet.so
7fb78921e000-7fb78941e000 ---p 00016000 103:01 8129790                   /usr/lib/jvm/java-11-oracle/lib/libnet.so
7fb78941e000-7fb78941f000 r--p 00016000 103:01 8129790                   /usr/lib/jvm/java-11-oracle/lib/libnet.so
7fb78941f000-7fb789420000 rw-p 00017000 103:01 8129790                   /usr/lib/jvm/java-11-oracle/lib/libnet.so
7fb789420000-7fb789430000 r-xp 00000000 103:01 8129791                   /usr/lib/jvm/java-11-oracle/lib/libnio.so
7fb789430000-7fb78962f000 ---p 00010000 103:01 8129791                   /usr/lib/jvm/java-11-oracle/lib/libnio.so
7fb78962f000-7fb789630000 r--p 0000f000 103:01 8129791                   /usr/lib/jvm/java-11-oracle/lib/libnio.so
7fb789630000-7fb789631000 rw-p 00010000 103:01 8129791                   /usr/lib/jvm/java-11-oracle/lib/libnio.so
7fb789631000-7fb78a000000 r--p 00000000 103:01 7608950                   /usr/lib/locale/locale-archive
7fb78a000000-7fb78c000000 rw-p 00000000 00:00 0 
7fb78c000000-7fb78c021000 rw-p 00000000 00:00 0 
7fb78c021000-7fb790000000 ---p 00000000 00:00 0 
7fb79008c000-7fb790090000 ---p 00000000 00:00 0 
7fb790090000-7fb79018d000 rw-p 00000000 00:00 0 
7fb79018d000-7fb79018e000 ---p 00000000 00:00 0 
7fb79018e000-7fb79028f000 rw-p 00000000 00:00 0 
7fb79028f000-7fb790293000 ---p 00000000 00:00 0 
7fb790293000-7fb7905f4000 rw-p 00000000 00:00 0 
7fb7905f4000-7fb7921c8000 ---p 00000000 00:00 0 
7fb7921c8000-7fb79242c000 rw-p 00000000 00:00 0 
7fb79242c000-7fb794000000 ---p 00000000 00:00 0 
7fb794000000-7fb794031000 rw-p 00000000 00:00 0 
7fb794031000-7fb798000000 ---p 00000000 00:00 0 
7fb79803e000-7fb798042000 ---p 00000000 00:00 0 
7fb798042000-7fb79813f000 rw-p 00000000 00:00 0 
7fb79813f000-7fb798143000 ---p 00000000 00:00 0 
7fb798143000-7fb798240000 rw-p 00000000 00:00 0 
7fb798240000-7fb798244000 ---p 00000000 00:00 0 
7fb798244000-7fb798341000 rw-p 00000000 00:00 0 
7fb798341000-7fb798345000 ---p 00000000 00:00 0 
7fb798345000-7fb798c42000 rw-p 00000000 00:00 0 
7fb798c42000-7fb798eb2000 rwxp 00000000 00:00 0 
7fb798eb2000-7fb7991d3000 ---p 00000000 00:00 0 
7fb7991d3000-7fb799e93000 rwxp 00000000 00:00 0 
7fb799e93000-7fb7a070a000 ---p 00000000 00:00 0 
7fb7a070a000-7fb7a0a4a000 rwxp 00000000 00:00 0 
7fb7a0a4a000-7fb7a7c42000 ---p 00000000 00:00 0 
7fb7a7c42000-7fb7b0000000 r--s 00000000 103:01 8129801                   /usr/lib/jvm/java-11-oracle/lib/modules
7fb7b0000000-7fb7b1f9b000 rw-p 00000000 00:00 0 
7fb7b1f9b000-7fb7b4000000 ---p 00000000 00:00 0 
7fb7b409b000-7fb7b40cc000 rw-p 00000000 00:00 0 
7fb7b40cc000-7fb7b40d0000 ---p 00000000 00:00 0 
7fb7b40d0000-7fb7b41cd000 rw-p 00000000 00:00 0 
7fb7b41cd000-7fb7b41d1000 ---p 00000000 00:00 0 
7fb7b41d1000-7fb7b42ce000 rw-p 00000000 00:00 0 
7fb7b42ce000-7fb7b42cf000 ---p 00000000 00:00 0 
7fb7b42cf000-7fb7b44d4000 rw-p 00000000 00:00 0 
7fb7b44d4000-7fb7b44d5000 ---p 00000000 00:00 0 
7fb7b44d5000-7fb7b45d6000 rw-p 00000000 00:00 0 
7fb7b45d6000-7fb7b45d7000 ---p 00000000 00:00 0 
7fb7b45d7000-7fb7b4ee0000 rw-p 00000000 00:00 0 
7fb7b4ee0000-7fb7b4ee1000 ---p 00000000 00:00 0 
7fb7b4ee1000-7fb7b4fe2000 rw-p 00000000 00:00 0 
7fb7b4fe2000-7fb7b4fe3000 ---p 00000000 00:00 0 
7fb7b4fe3000-7fb7b5131000 rw-p 00000000 00:00 0 
7fb7b5131000-7fb7b54ab000 ---p 00000000 00:00 0 
7fb7b54ab000-7fb7b54f8000 rw-p 00000000 00:00 0 
7fb7b54f8000-7fb7b5872000 ---p 00000000 00:00 0 
7fb7b5872000-7fb7b58bf000 rw-p 00000000 00:00 0 
7fb7b58bf000-7fb7b5c39000 ---p 00000000 00:00 0 
7fb7b5c39000-7fb7b6441000 rw-p 00000000 00:00 0 
7fb7b6441000-7fb7b6442000 ---p 00000000 00:00 0 
7fb7b6442000-7fb7b654a000 rw-p 00000000 00:00 0 
7fb7b654a000-7fb7b662e000 ---p 00000000 00:00 0 
7fb7b662e000-7fb7b6648000 rw-p 00000000 00:00 0 
7fb7b6648000-7fb7b6719000 ---p 00000000 00:00 0 
7fb7b6719000-7fb7b6734000 r-xp 00000000 103:01 8128250                   /usr/lib/jvm/java-11-oracle/lib/libjimage.so
7fb7b6734000-7fb7b6933000 ---p 0001b000 103:01 8128250                   /usr/lib/jvm/java-11-oracle/lib/libjimage.so
7fb7b6933000-7fb7b6935000 r--p 0001a000 103:01 8128250                   /usr/lib/jvm/java-11-oracle/lib/libjimage.so
7fb7b6935000-7fb7b6936000 rw-p 0001c000 103:01 8128250                   /usr/lib/jvm/java-11-oracle/lib/libjimage.so
7fb7b6936000-7fb7b693d000 r-xp 00000000 103:01 8129800                   /usr/lib/jvm/java-11-oracle/lib/libzip.so
7fb7b693d000-7fb7b6b3c000 ---p 00007000 103:01 8129800                   /usr/lib/jvm/java-11-oracle/lib/libzip.so
7fb7b6b3c000-7fb7b6b3d000 r--p 00006000 103:01 8129800                   /usr/lib/jvm/java-11-oracle/lib/libzip.so
7fb7b6b3d000-7fb7b6b3e000 rw-p 00007000 103:01 8129800                   /usr/lib/jvm/java-11-oracle/lib/libzip.so
7fb7b6b3e000-7fb7b6b49000 r-xp 00000000 103:01 4723454                   /lib/x86_64-linux-gnu/libnss_files-2.27.so
7fb7b6b49000-7fb7b6d48000 ---p 0000b000 103:01 4723454                   /lib/x86_64-linux-gnu/libnss_files-2.27.so
7fb7b6d48000-7fb7b6d49000 r--p 0000a000 103:01 4723454                   /lib/x86_64-linux-gnu/libnss_files-2.27.so
7fb7b6d49000-7fb7b6d4a000 rw-p 0000b000 103:01 4723454                   /lib/x86_64-linux-gnu/libnss_files-2.27.so
7fb7b6d4a000-7fb7b6d50000 rw-p 00000000 00:00 0 
7fb7b6d50000-7fb7b6d67000 r-xp 00000000 103:01 4723448                   /lib/x86_64-linux-gnu/libnsl-2.27.so
7fb7b6d67000-7fb7b6f66000 ---p 00017000 103:01 4723448                   /lib/x86_64-linux-gnu/libnsl-2.27.so
7fb7b6f66000-7fb7b6f67000 r--p 00016000 103:01 4723448                   /lib/x86_64-linux-gnu/libnsl-2.27.so
7fb7b6f67000-7fb7b6f68000 rw-p 00017000 103:01 4723448                   /lib/x86_64-linux-gnu/libnsl-2.27.so
7fb7b6f68000-7fb7b6f6a000 rw-p 00000000 00:00 0 
7fb7b6f6a000-7fb7b6f75000 r-xp 00000000 103:01 4723465                   /lib/x86_64-linux-gnu/libnss_nis-2.27.so
7fb7b6f75000-7fb7b7174000 ---p 0000b000 103:01 4723465                   /lib/x86_64-linux-gnu/libnss_nis-2.27.so
7fb7b7174000-7fb7b7175000 r--p 0000a000 103:01 4723465                   /lib/x86_64-linux-gnu/libnss_nis-2.27.so
7fb7b7175000-7fb7b7176000 rw-p 0000b000 103:01 4723465                   /lib/x86_64-linux-gnu/libnss_nis-2.27.so
7fb7b7176000-7fb7b717e000 r-xp 00000000 103:01 4723450                   /lib/x86_64-linux-gnu/libnss_compat-2.27.so
7fb7b717e000-7fb7b737e000 ---p 00008000 103:01 4723450                   /lib/x86_64-linux-gnu/libnss_compat-2.27.so
7fb7b737e000-7fb7b737f000 r--p 00008000 103:01 4723450                   /lib/x86_64-linux-gnu/libnss_compat-2.27.so
7fb7b737f000-7fb7b7380000 rw-p 00009000 103:01 4723450                   /lib/x86_64-linux-gnu/libnss_compat-2.27.so
7fb7b7380000-7fb7b73a9000 r-xp 00000000 103:01 8128208                   /usr/lib/jvm/java-11-oracle/lib/libjava.so
7fb7b73a9000-7fb7b75a9000 ---p 00029000 103:01 8128208                   /usr/lib/jvm/java-11-oracle/lib/libjava.so
7fb7b75a9000-7fb7b75aa000 r--p 00029000 103:01 8128208                   /usr/lib/jvm/java-11-oracle/lib/libjava.so
7fb7b75aa000-7fb7b75ac000 rw-p 0002a000 103:01 8128208                   /usr/lib/jvm/java-11-oracle/lib/libjava.so
7fb7b75ac000-7fb7b75b9000 r-xp 00000000 103:01 8129799                   /usr/lib/jvm/java-11-oracle/lib/libverify.so
7fb7b75b9000-7fb7b77b8000 ---p 0000d000 103:01 8129799                   /usr/lib/jvm/java-11-oracle/lib/libverify.so
7fb7b77b8000-7fb7b77ba000 r--p 0000c000 103:01 8129799                   /usr/lib/jvm/java-11-oracle/lib/libverify.so
7fb7b77ba000-7fb7b77bb000 rw-p 0000e000 103:01 8129799                   /usr/lib/jvm/java-11-oracle/lib/libverify.so
7fb7b77bb000-7fb7b77c2000 r-xp 00000000 103:01 4723505                   /lib/x86_64-linux-gnu/librt-2.27.so
7fb7b77c2000-7fb7b79c1000 ---p 00007000 103:01 4723505                   /lib/x86_64-linux-gnu/librt-2.27.so
7fb7b79c1000-7fb7b79c2000 r--p 00006000 103:01 4723505                   /lib/x86_64-linux-gnu/librt-2.27.so
7fb7b79c2000-7fb7b79c3000 rw-p 00007000 103:01 4723505                   /lib/x86_64-linux-gnu/librt-2.27.so
7fb7b79c3000-7fb7b7b60000 r-xp 00000000 103:01 4723427                   /lib/x86_64-linux-gnu/libm-2.27.so
7fb7b7b60000-7fb7b7d5f000 ---p 0019d000 103:01 4723427                   /lib/x86_64-linux-gnu/libm-2.27.so
7fb7b7d5f000-7fb7b7d60000 r--p 0019c000 103:01 4723427                   /lib/x86_64-linux-gnu/libm-2.27.so
7fb7b7d60000-7fb7b7d61000 rw-p 0019d000 103:01 4723427                   /lib/x86_64-linux-gnu/libm-2.27.so
7fb7b7d61000-7fb7b8ea0000 r-xp 00000000 103:01 8261622                   /usr/lib/jvm/java-11-oracle/lib/server/libjvm.so
7fb7b8ea0000-7fb7b90a0000 ---p 0113f000 103:01 8261622                   /usr/lib/jvm/java-11-oracle/lib/server/libjvm.so
7fb7b90a0000-7fb7b915f000 r--p 0113f000 103:01 8261622                   /usr/lib/jvm/java-11-oracle/lib/server/libjvm.so
7fb7b915f000-7fb7b9198000 rw-p 011fe000 103:01 8261622                   /usr/lib/jvm/java-11-oracle/lib/server/libjvm.so
7fb7b9198000-7fb7b91ee000 rw-p 00000000 00:00 0 
7fb7b91ee000-7fb7b93d5000 r-xp 00000000 103:01 4723364                   /lib/x86_64-linux-gnu/libc-2.27.so
7fb7b93d5000-7fb7b95d5000 ---p 001e7000 103:01 4723364                   /lib/x86_64-linux-gnu/libc-2.27.so
7fb7b95d5000-7fb7b95d9000 r--p 001e7000 103:01 4723364                   /lib/x86_64-linux-gnu/libc-2.27.so
7fb7b95d9000-7fb7b95db000 rw-p 001eb000 103:01 4723364                   /lib/x86_64-linux-gnu/libc-2.27.so
7fb7b95db000-7fb7b95df000 rw-p 00000000 00:00 0 
7fb7b95df000-7fb7b95e2000 r-xp 00000000 103:01 4723387                   /lib/x86_64-linux-gnu/libdl-2.27.so
7fb7b95e2000-7fb7b97e1000 ---p 00003000 103:01 4723387                   /lib/x86_64-linux-gnu/libdl-2.27.so
7fb7b97e1000-7fb7b97e2000 r--p 00002000 103:01 4723387                   /lib/x86_64-linux-gnu/libdl-2.27.so
7fb7b97e2000-7fb7b97e3000 rw-p 00003000 103:01 4723387                   /lib/x86_64-linux-gnu/libdl-2.27.so
7fb7b97e3000-7fb7b97f3000 r-xp 00000000 103:01 8261613                   /usr/lib/jvm/java-11-oracle/lib/jli/libjli.so
7fb7b97f3000-7fb7b99f2000 ---p 00010000 103:01 8261613                   /usr/lib/jvm/java-11-oracle/lib/jli/libjli.so
7fb7b99f2000-7fb7b99f3000 r--p 0000f000 103:01 8261613                   /usr/lib/jvm/java-11-oracle/lib/jli/libjli.so
7fb7b99f3000-7fb7b99f4000 rw-p 00010000 103:01 8261613                   /usr/lib/jvm/java-11-oracle/lib/jli/libjli.so
7fb7b99f4000-7fb7b9a0e000 r-xp 00000000 103:01 4723497                   /lib/x86_64-linux-gnu/libpthread-2.27.so
7fb7b9a0e000-7fb7b9c0d000 ---p 0001a000 103:01 4723497                   /lib/x86_64-linux-gnu/libpthread-2.27.so
7fb7b9c0d000-7fb7b9c0e000 r--p 00019000 103:01 4723497                   /lib/x86_64-linux-gnu/libpthread-2.27.so
7fb7b9c0e000-7fb7b9c0f000 rw-p 0001a000 103:01 4723497                   /lib/x86_64-linux-gnu/libpthread-2.27.so
7fb7b9c0f000-7fb7b9c13000 rw-p 00000000 00:00 0 
7fb7b9c13000-7fb7b9c2f000 r-xp 00000000 103:01 4723536                   /lib/x86_64-linux-gnu/libz.so.1.2.11
7fb7b9c2f000-7fb7b9e2e000 ---p 0001c000 103:01 4723536                   /lib/x86_64-linux-gnu/libz.so.1.2.11
7fb7b9e2e000-7fb7b9e2f000 r--p 0001b000 103:01 4723536                   /lib/x86_64-linux-gnu/libz.so.1.2.11
7fb7b9e2f000-7fb7b9e30000 rw-p 0001c000 103:01 4723536                   /lib/x86_64-linux-gnu/libz.so.1.2.11
7fb7b9e30000-7fb7b9e57000 r-xp 00000000 103:01 4723336                   /lib/x86_64-linux-gnu/ld-2.27.so
7fb7b9e73000-7fb7b9f32000 rw-p 00000000 00:00 0 
7fb7b9f32000-7fb7b9f36000 ---p 00000000 00:00 0 
7fb7b9f36000-7fb7ba037000 rw-p 00000000 00:00 0 
7fb7ba041000-7fb7ba046000 rw-p 00000000 00:00 0 
7fb7ba046000-7fb7ba04d000 ---p 00000000 00:00 0 
7fb7ba04d000-7fb7ba055000 rw-s 00000000 103:01 13108062                  /tmp/hsperfdata_raghav/13987
7fb7ba055000-7fb7ba056000 ---p 00000000 00:00 0 
7fb7ba056000-7fb7ba057000 r--p 00000000 00:00 0 
7fb7ba057000-7fb7ba058000 r--p 00027000 103:01 4723336                   /lib/x86_64-linux-gnu/ld-2.27.so
7fb7ba058000-7fb7ba059000 rw-p 00028000 103:01 4723336                   /lib/x86_64-linux-gnu/ld-2.27.so
7fb7ba059000-7fb7ba05a000 rw-p 00000000 00:00 0 
7fff54a02000-7fff54a24000 rw-p 00000000 00:00 0                          [stack]
7fff54bd9000-7fff54bdc000 r--p 00000000 00:00 0                          [vvar]
7fff54bdc000-7fff54bde000 r-xp 00000000 00:00 0                          [vdso]
ffffffffff600000-ffffffffff601000 r-xp 00000000 00:00 0                  [vsyscall]


VM Arguments:
jvm_args: -Dclassworlds.conf=/usr/share/maven/bin/m2.conf -Dmaven.home=/usr/share/maven -Dlibrary.jansi.path=/usr/share/maven/lib/jansi-native -Dmaven.multiModuleProjectDirectory=/home/raghav/IdeaProjects/ApplianceRecords 
java_command: org.codehaus.plexus.classworlds.launcher.Launcher jetty:run
java_class_path (initial): /usr/share/maven/boot/plexus-classworlds-2.x.jar
Launcher Type: SUN_STANDARD

[Global flags]
     intx CICompilerCount                          = 4                                         {product} {ergonomic}
     uint ConcGCThreads                            = 2                                         {product} {ergonomic}
     uint G1ConcRefinementThreads                  = 8                                         {product} {ergonomic}
   size_t G1HeapRegionSize                         = 1048576                                   {product} {ergonomic}
    uintx GCDrainStackTargetSize                   = 64                                        {product} {ergonomic}
   size_t InitialHeapSize                          = 127926272                                 {product} {ergonomic}
   size_t MarkStackSize                            = 4194304                                   {product} {ergonomic}
   size_t MaxHeapSize                              = 2027945984                                {product} {ergonomic}
   size_t MaxNewSize                               = 1216348160                                {product} {ergonomic}
   size_t MinHeapDeltaBytes                        = 1048576                                   {product} {ergonomic}
    uintx NonNMethodCodeHeapSize                   = 5835340                                {pd product} {ergonomic}
    uintx NonProfiledCodeHeapSize                  = 122911450                              {pd product} {ergonomic}
    uintx ProfiledCodeHeapSize                     = 122911450                              {pd product} {ergonomic}
    uintx ReservedCodeCacheSize                    = 251658240                              {pd product} {ergonomic}
     bool SegmentedCodeCache                       = true                                      {product} {ergonomic}
     bool UseCompressedClassPointers               = true                                 {lp64_product} {ergonomic}
     bool UseCompressedOops                        = true                                 {lp64_product} {ergonomic}
     bool UseG1GC                                  = true                                      {product} {ergonomic}

Logging:
Log output configuration:
 #0: stdout all=warning uptime,level,tags
 #1: stderr all=off uptime,level,tags

Environment Variables:
JAVA_HOME=/usr/lib/jvm/java-11-oracle
PATH=/usr/local/sbin:/usr/local/bin:/usr/sbin:/usr/bin:/sbin:/bin:/usr/games:/usr/local/games:/snap/bin:/usr/lib/jvm/java-11-oracle/bin:/usr/lib/jvm/java-11-oracle/db/bin
USERNAME=raghav
SHELL=/bin/bash
DISPLAY=:0

Signal Handlers:
SIGSEGV: [libjvm.so+0xe2adf0], sa_mask[0]=11111111011111111101111111111110, sa_flags=SA_RESTART|SA_SIGINFO
SIGBUS: [libjvm.so+0xe2adf0], sa_mask[0]=11111111011111111101111111111110, sa_flags=SA_RESTART|SA_SIGINFO
SIGFPE: [libjvm.so+0xe2adf0], sa_mask[0]=11111111011111111101111111111110, sa_flags=SA_RESTART|SA_SIGINFO
SIGPIPE: [libjvm.so+0xbff5b0], sa_mask[0]=11111111011111111101111111111110, sa_flags=SA_RESTART|SA_SIGINFO
SIGXFSZ: [libjvm.so+0xbff5b0], sa_mask[0]=11111111011111111101111111111110, sa_flags=SA_RESTART|SA_SIGINFO
SIGILL: [libjvm.so+0xe2adf0], sa_mask[0]=11111111011111111101111111111110, sa_flags=SA_RESTART|SA_SIGINFO
SIGUSR2: [libjvm.so+0xbff450], sa_mask[0]=00100000000000000000000000000000, sa_flags=SA_RESTART|SA_SIGINFO
SIGHUP: [libjvm.so+0xbff7b0], sa_mask[0]=11111111011111111101111111111110, sa_flags=SA_RESTART|SA_SIGINFO
SIGINT: [libjvm.so+0xbff7b0], sa_mask[0]=11111111011111111101111111111110, sa_flags=SA_RESTART|SA_SIGINFO
SIGTERM: [libjvm.so+0xbff7b0], sa_mask[0]=11111111011111111101111111111110, sa_flags=SA_RESTART|SA_SIGINFO
SIGQUIT: [libjvm.so+0xbff7b0], sa_mask[0]=11111111011111111101111111111110, sa_flags=SA_RESTART|SA_SIGINFO


---------------  S Y S T E M  ---------------

OS:DISTRIB_ID=Ubuntu
DISTRIB_RELEASE=18.04
DISTRIB_CODENAME=bionic
DISTRIB_DESCRIPTION="Ubuntu 18.04.2 LTS"
uname:Linux 4.15.0-47-generic #50-Ubuntu SMP Wed Mar 13 10:44:52 UTC 2019 x86_64
libc:glibc 2.27 NPTL 2.27 
rlimit: STACK 8192k, CORE 0k, NPROC 30766, NOFILE 1048576, AS infinity, DATA infinity, FSIZE infinity
load average:0.92 0.87 1.14

/proc/meminfo:
MemTotal:        7921568 kB
MemFree:          789904 kB
MemAvailable:    3877804 kB
Buffers:          435212 kB
Cached:          3010320 kB
SwapCached:            0 kB
Active:          5168928 kB
Inactive:        1434236 kB
Active(anon):    3110016 kB
Inactive(anon):   398260 kB
Active(file):    2058912 kB
Inactive(file):  1035976 kB
Unevictable:         112 kB
Mlocked:             112 kB
SwapTotal:       2097148 kB
SwapFree:        2097148 kB
Dirty:             23744 kB
Writeback:             0 kB
AnonPages:       3158028 kB
Mapped:           581496 kB
Shmem:            354964 kB
Slab:             372036 kB
SReclaimable:     302172 kB
SUnreclaim:        69864 kB
KernelStack:       16080 kB
PageTables:        60224 kB
NFS_Unstable:          0 kB
Bounce:                0 kB
WritebackTmp:          0 kB
CommitLimit:     6057932 kB
Committed_AS:    9678576 kB
VmallocTotal:   34359738367 kB
VmallocUsed:           0 kB
VmallocChunk:          0 kB
HardwareCorrupted:     0 kB
AnonHugePages:      2048 kB
ShmemHugePages:        0 kB
ShmemPmdMapped:        0 kB
CmaTotal:              0 kB
CmaFree:               0 kB
HugePages_Total:       0
HugePages_Free:        0
HugePages_Rsvd:        0
HugePages_Surp:        0
Hugepagesize:       2048 kB
DirectMap4k:      333364 kB
DirectMap2M:     7806976 kB
DirectMap1G:           0 kB


/proc/sys/kernel/threads-max (system-wide limit on the number of threads):
61533


/proc/sys/vm/max_map_count (maximum number of memory map areas a process may have):
65530


/proc/sys/kernel/pid_max (system-wide limit on number of process identifiers):
32768



container (cgroup) information:
container_type: cgroupv1
cpu_cpuset_cpus: 0-7
cpu_memory_nodes: 0
active_processor_count: 8
cpu_quota: -1
cpu_period: 100000
cpu_shares: -1
memory_limit_in_bytes: -1
memory_and_swap_limit_in_bytes: -2
memory_soft_limit_in_bytes: -1
memory_usage_in_bytes: 6763167744
memory_max_usage_in_bytes: 2719744


CPU:total 8 (initial active 8) (4 cores per cpu, 2 threads per core) family 6 model 142 stepping 10, cmov, cx8, fxsr, mmx, sse, sse2, sse3, ssse3, sse4.1, sse4.2, popcnt, avx, avx2, aes, clmul, erms, 3dnowpref, lzcnt, ht, tsc, tscinvbit, bmi1, bmi2, adx, fma
CPU Model and flags from /proc/cpuinfo:
model name	: Intel(R) Core(TM) i5-8250U CPU @ 1.60GHz
flags		: fpu vme de pse tsc msr pae mce cx8 apic sep mtrr pge mca cmov pat pse36 clflush dts acpi mmx fxsr sse sse2 ss ht tm pbe syscall nx pdpe1gb rdtscp lm constant_tsc art arch_perfmon pebs bts rep_good nopl xtopology nonstop_tsc cpuid aperfmperf tsc_known_freq pni pclmulqdq dtes64 monitor ds_cpl vmx est tm2 ssse3 sdbg fma cx16 xtpr pdcm pcid sse4_1 sse4_2 x2apic movbe popcnt tsc_deadline_timer aes xsave avx f16c rdrand lahf_lm abm 3dnowprefetch cpuid_fault epb invpcid_single pti ssbd ibrs ibpb stibp tpr_shadow vnmi flexpriority ept vpid fsgsbase tsc_adjust bmi1 avx2 smep bmi2 erms invpcid mpx rdseed adx smap clflushopt intel_pt xsaveopt xsavec xgetbv1 xsaves dtherm ida arat pln pts hwp hwp_notify hwp_act_window hwp_epp flush_l1d

Memory: 4k page, physical 7921568k(789160k free), swap 2097148k(2097148k free)

vm_info: Java HotSpot(TM) 64-Bit Server VM (11.0.2+9-LTS) for linux-amd64 JRE (11.0.2+9-LTS), built on Jan 17 2019 21:22:50 by "mach5one" with gcc 7.3.0

END.
