#
# A fatal error has been detected by the Java Runtime Environment:
#
#  SIGSEGV (0xb) at pc=0x00007f71b1d13b6b, pid=17261, tid=17310
#
# JRE version: Java(TM) SE Runtime Environment (11.0.2+9) (build 11.0.2+9-LTS)
# Java VM: Java HotSpot(TM) 64-Bit Server VM (11.0.2+9-LTS, mixed mode, tiered, compressed oops, g1 gc, linux-amd64)
# Problematic frame:
# C  [sqlite-3.25.2-744c0864-76aa-4c1f-8c63-55746ab0c0b0-libsqlitejdbc.so+0x25b6b]
#
# Core dump will be written. Default location: Core dumps may be processed with "/usr/share/apport/apport %p %s %c %d %P" (or dumping to /home/raghav/IdeaProjects/ApplianceRecords/core.17261)
#
# If you would like to submit a bug report, please visit:
#   http://bugreport.java.com/bugreport/crash.jsp
# The crash happened outside the Java Virtual Machine in native code.
# See problematic frame for where to report the bug.
#

---------------  S U M M A R Y ------------

Command Line: -Dclassworlds.conf=/usr/share/maven/bin/m2.conf -Dmaven.home=/usr/share/maven -Dlibrary.jansi.path=/usr/share/maven/lib/jansi-native -Dmaven.multiModuleProjectDirectory=/home/raghav/IdeaProjects/ApplianceRecords org.codehaus.plexus.classworlds.launcher.Launcher jetty:run

Host: Intel(R) Core(TM) i5-8250U CPU @ 1.60GHz, 8 cores, 7G, Ubuntu 18.04.2 LTS
Time: Sat May  4 16:35:43 2019 IST elapsed time: 7 seconds (0d 0h 0m 7s)

---------------  T H R E A D  ---------------

Current thread (0x00007f72292f5800):  JavaThread "qtp431996456-18" [_thread_in_native, id=17310, stack(0x00007f71b3afb000,0x00007f71b3bfc000)]

Stack: [0x00007f71b3afb000,0x00007f71b3bfc000],  sp=0x00007f71b3bf8610,  free space=1013k
Native frames: (J=compiled Java code, A=aot compiled Java code, j=interpreted, Vv=VM code, C=native code)
C  [sqlite-3.25.2-744c0864-76aa-4c1f-8c63-55746ab0c0b0-libsqlitejdbc.so+0x25b6b]

Java frames: (J=compiled Java code, j=interpreted, Vv=VM code)
j  org.sqlite.core.NativeDB.column_text_utf8(JI)[B+0
j  org.sqlite.core.NativeDB.column_text(JI)Ljava/lang/String;+3
j  org.sqlite.jdbc3.JDBC3ResultSet.getString(I)Ljava/lang/String;+18
j  org.sqlite.jdbc3.JDBC3ResultSet.getString(Ljava/lang/String;)Ljava/lang/String;+6
j  com.appliancerecords.controller.DataLink.getDetails()V+87
j  com.appliancerecords.controller.Controller.getDetails()V+4
j  com.appliancerecords.controller.Controller.addToPage()V+1
j  com.appliancerecords.controller.Controller.index()Lorg/springframework/web/servlet/ModelAndView;+1
v  ~StubRoutines::call_stub
J 3232  jdk.internal.reflect.NativeMethodAccessorImpl.invoke0(Ljava/lang/reflect/Method;Ljava/lang/Object;[Ljava/lang/Object;)Ljava/lang/Object; java.base@11.0.2 (0 bytes) @ 0x00007f72180451b7 [0x00007f7218045140+0x0000000000000077]
J 3231 c1 jdk.internal.reflect.NativeMethodAccessorImpl.invoke(Ljava/lang/Object;[Ljava/lang/Object;)Ljava/lang/Object; java.base@11.0.2 (104 bytes) @ 0x00007f7210fcd56c [0x00007f7210fcd1c0+0x00000000000003ac]
J 5256 c1 jdk.internal.reflect.DelegatingMethodAccessorImpl.invoke(Ljava/lang/Object;[Ljava/lang/Object;)Ljava/lang/Object; java.base@11.0.2 (10 bytes) @ 0x00007f7218151b84 [0x00007f7218151b40+0x0000000000000044]
J 6320 c1 java.lang.reflect.Method.invoke(Ljava/lang/Object;[Ljava/lang/Object;)Ljava/lang/Object; java.base@11.0.2 (65 bytes) @ 0x00007f7210ca9c4c [0x00007f7210ca9920+0x000000000000032c]
j  org.springframework.web.method.support.InvocableHandlerMethod.doInvoke([Ljava/lang/Object;)Ljava/lang/Object;+16
j  org.springframework.web.method.support.InvocableHandlerMethod.invokeForRequest(Lorg/springframework/web/context/request/NativeWebRequest;Lorg/springframework/web/method/support/ModelAndViewContainer;[Ljava/lang/Object;)Ljava/lang/Object;+56
j  org.springframework.web.servlet.mvc.method.annotation.ServletInvocableHandlerMethod.invokeAndHandle(Lorg/springframework/web/context/request/ServletWebRequest;Lorg/springframework/web/method/support/ModelAndViewContainer;[Ljava/lang/Object;)V+4
j  org.springframework.web.servlet.mvc.method.annotation.RequestMappingHandlerAdapter.invokeHandlerMethod(Ljavax/servlet/http/HttpServletRequest;Ljavax/servlet/http/HttpServletResponse;Lorg/springframework/web/method/HandlerMethod;)Lorg/springframework/web/servlet/ModelAndView;+244
j  org.springframework.web.servlet.mvc.method.annotation.RequestMappingHandlerAdapter.handleInternal(Ljavax/servlet/http/HttpServletRequest;Ljavax/servlet/http/HttpServletResponse;Lorg/springframework/web/method/HandlerMethod;)Lorg/springframework/web/servlet/ModelAndView;+81
j  org.springframework.web.servlet.mvc.method.AbstractHandlerMethodAdapter.handle(Ljavax/servlet/http/HttpServletRequest;Ljavax/servlet/http/HttpServletResponse;Ljava/lang/Object;)Lorg/springframework/web/servlet/ModelAndView;+7
j  org.springframework.web.servlet.DispatcherServlet.doDispatch(Ljavax/servlet/http/HttpServletRequest;Ljavax/servlet/http/HttpServletResponse;)V+257
j  org.springframework.web.servlet.DispatcherServlet.doService(Ljavax/servlet/http/HttpServletRequest;Ljavax/servlet/http/HttpServletResponse;)V+212
j  org.springframework.web.servlet.FrameworkServlet.processRequest(Ljavax/servlet/http/HttpServletRequest;Ljavax/servlet/http/HttpServletResponse;)V+71
j  org.springframework.web.servlet.FrameworkServlet.doGet(Ljavax/servlet/http/HttpServletRequest;Ljavax/servlet/http/HttpServletResponse;)V+3
j  javax.servlet.http.HttpServlet.service(Ljavax/servlet/http/HttpServletRequest;Ljavax/servlet/http/HttpServletResponse;)V+35
j  org.springframework.web.servlet.FrameworkServlet.service(Ljavax/servlet/http/HttpServletRequest;Ljavax/servlet/http/HttpServletResponse;)V+33
j  javax.servlet.http.HttpServlet.service(Ljavax/servlet/ServletRequest;Ljavax/servlet/ServletResponse;)V+39
j  org.eclipse.jetty.servlet.ServletHolder.handle(Lorg/eclipse/jetty/server/Request;Ljavax/servlet/ServletRequest;Ljavax/servlet/ServletResponse;)V+129
j  org.eclipse.jetty.servlet.ServletHandler$CachedChain.doFilter(Ljavax/servlet/ServletRequest;Ljavax/servlet/ServletResponse;)V+214
j  org.eclipse.jetty.websocket.server.WebSocketUpgradeFilter.doFilter(Ljavax/servlet/ServletRequest;Ljavax/servlet/ServletResponse;Ljavax/servlet/FilterChain;)V+117
j  org.eclipse.jetty.servlet.ServletHandler$CachedChain.doFilter(Ljavax/servlet/ServletRequest;Ljavax/servlet/ServletResponse;)V+126
j  org.eclipse.jetty.servlet.ServletHandler.doHandle(Ljava/lang/String;Lorg/eclipse/jetty/server/Request;Ljavax/servlet/http/HttpServletRequest;Ljavax/servlet/http/HttpServletResponse;)V+194
j  org.eclipse.jetty.server.handler.ScopedHandler.handle(Ljava/lang/String;Lorg/eclipse/jetty/server/Request;Ljavax/servlet/http/HttpServletRequest;Ljavax/servlet/http/HttpServletResponse;)V+32
j  org.eclipse.jetty.security.SecurityHandler.handle(Ljava/lang/String;Lorg/eclipse/jetty/server/Request;Ljavax/servlet/http/HttpServletRequest;Ljavax/servlet/http/HttpServletResponse;)V+553
j  org.eclipse.jetty.server.handler.HandlerWrapper.handle(Ljava/lang/String;Lorg/eclipse/jetty/server/Request;Ljavax/servlet/http/HttpServletRequest;Ljavax/servlet/http/HttpServletResponse;)V+18
j  org.eclipse.jetty.server.handler.ScopedHandler.nextHandle(Ljava/lang/String;Lorg/eclipse/jetty/server/Request;Ljavax/servlet/http/HttpServletRequest;Ljavax/servlet/http/HttpServletResponse;)V+46
j  org.eclipse.jetty.server.session.SessionHandler.doHandle(Ljava/lang/String;Lorg/eclipse/jetty/server/Request;Ljavax/servlet/http/HttpServletRequest;Ljavax/servlet/http/HttpServletResponse;)V+6
j  org.eclipse.jetty.server.handler.ScopedHandler.nextHandle(Ljava/lang/String;Lorg/eclipse/jetty/server/Request;Ljavax/servlet/http/HttpServletRequest;Ljavax/servlet/http/HttpServletResponse;)V+27
j  org.eclipse.jetty.server.handler.ContextHandler.doHandle(Ljava/lang/String;Lorg/eclipse/jetty/server/Request;Ljavax/servlet/http/HttpServletRequest;Ljavax/servlet/http/HttpServletResponse;)V+141
j  org.eclipse.jetty.server.handler.ScopedHandler.nextScope(Ljava/lang/String;Lorg/eclipse/jetty/server/Request;Ljavax/servlet/http/HttpServletRequest;Ljavax/servlet/http/HttpServletResponse;)V+38
j  org.eclipse.jetty.servlet.ServletHandler.doScope(Ljava/lang/String;Lorg/eclipse/jetty/server/Request;Ljavax/servlet/http/HttpServletRequest;Ljavax/servlet/http/HttpServletResponse;)V+188
j  org.eclipse.jetty.server.session.SessionHandler.doScope(Ljava/lang/String;Lorg/eclipse/jetty/server/Request;Ljavax/servlet/http/HttpServletRequest;Ljavax/servlet/http/HttpServletResponse;)V+206
j  org.eclipse.jetty.server.handler.ScopedHandler.nextScope(Ljava/lang/String;Lorg/eclipse/jetty/server/Request;Ljavax/servlet/http/HttpServletRequest;Ljavax/servlet/http/HttpServletResponse;)V+16
j  org.eclipse.jetty.server.handler.ContextHandler.doScope(Ljava/lang/String;Lorg/eclipse/jetty/server/Request;Ljavax/servlet/http/HttpServletRequest;Ljavax/servlet/http/HttpServletResponse;)V+426
j  org.eclipse.jetty.server.handler.ScopedHandler.handle(Ljava/lang/String;Lorg/eclipse/jetty/server/Request;Ljavax/servlet/http/HttpServletRequest;Ljavax/servlet/http/HttpServletResponse;)V+20
j  org.eclipse.jetty.server.handler.ContextHandlerCollection.handle(Ljava/lang/String;Lorg/eclipse/jetty/server/Request;Ljavax/servlet/http/HttpServletRequest;Ljavax/servlet/http/HttpServletResponse;)V+224
j  org.eclipse.jetty.server.handler.HandlerCollection.handle(Ljava/lang/String;Lorg/eclipse/jetty/server/Request;Ljavax/servlet/http/HttpServletRequest;Ljavax/servlet/http/HttpServletResponse;)V+42
j  org.eclipse.jetty.server.handler.HandlerWrapper.handle(Ljava/lang/String;Lorg/eclipse/jetty/server/Request;Ljavax/servlet/http/HttpServletRequest;Ljavax/servlet/http/HttpServletResponse;)V+18
j  org.eclipse.jetty.server.Server.handle(Lorg/eclipse/jetty/server/HttpChannel;)V+141
j  org.eclipse.jetty.server.HttpChannel.handle()Z+332
j  org.eclipse.jetty.server.HttpConnection.onFillable()V+137
j  org.eclipse.jetty.io.AbstractConnection$ReadCallback.succeeded()V+4
j  org.eclipse.jetty.io.FillInterest.fillable()Z+57
j  org.eclipse.jetty.io.ChannelEndPoint$2.run()V+7
j  org.eclipse.jetty.util.thread.QueuedThreadPool.runJob(Ljava/lang/Runnable;)V+1
j  org.eclipse.jetty.util.thread.QueuedThreadPool$2.run()V+104
j  java.lang.Thread.run()V+11 java.base@11.0.2
v  ~StubRoutines::call_stub

siginfo: si_signo: 11 (SIGSEGV), si_code: 128 (SI_KERNEL), si_addr: 0x0000000000000000

Register to memory mapping:

RAX=0x44207463656c6573 is an unknown value
RBX=0x00007f71a006a088 points into unknown readable memory: 73 65 6c 65 63 74 20 44
RCX=0x0 is NULL
RDX=0x00000000000000c2 is an unknown value
RSP=0x00007f71b3bf8610 is pointing into the stack for thread: 0x00007f72292f5800
RBP=0x0 is NULL
RSI=0x0 is NULL
RDI=0x00007f71a006a088 points into unknown readable memory: 73 65 6c 65 63 74 20 44
R8 =0x000000008d7dfdc8 is an oop: org.sqlite.core.NativeDB 
{0x000000008d7dfdc8} - klass: 'org/sqlite/core/NativeDB'
R9 =0x000000008d7dfdc8 is an oop: org.sqlite.core.NativeDB 
{0x000000008d7dfdc8} - klass: 'org/sqlite/core/NativeDB'
R10=0x0000000000000350 is an unknown value
R11=0x00007f722e28378c: <offset 0x000000000146678c> in /usr/lib/jvm/java-11-oracle/lib/server/libjvm.so at 0x00007f722ce1d000
R12=0x00007f71a006a088 points into unknown readable memory: 73 65 6c 65 63 74 20 44
R13=0x0 is NULL
R14=0x00007f71a001f688 points into unknown readable memory: 40 6c fe b1 71 7f 00 00
R15=0x00007f72292f5800 is a thread


Registers:
RAX=0x44207463656c6573, RBX=0x00007f71a006a088, RCX=0x0000000000000000, RDX=0x00000000000000c2
RSP=0x00007f71b3bf8610, RBP=0x0000000000000000, RSI=0x0000000000000000, RDI=0x00007f71a006a088
R8 =0x000000008d7dfdc8, R9 =0x000000008d7dfdc8, R10=0x0000000000000350, R11=0x00007f722e28378c
R12=0x00007f71a006a088, R13=0x0000000000000000, R14=0x00007f71a001f688, R15=0x00007f72292f5800
RIP=0x00007f71b1d13b6b, EFLAGS=0x0000000000010206, CSGSFS=0x002b000000000033, ERR=0x0000000000000000
  TRAPNO=0x000000000000000d

Top of Stack: (sp=0x00007f71b3bf8610)
0x00007f71b3bf8610:   00007f71b3bf8640 00007f71a006a088
0x00007f71b3bf8620:   00007f71b3bf86f8 00007f71b1d476b6
0x00007f71b3bf8630:   00007f71b3bf8730 00007f71a006a088
0x00007f71b3bf8640:   00007f72292f5b40 00007f71b1cfb2e2 

Instructions: (pc=0x00007f71b1d13b6b)
0x00007f71b1d13b4b:   0f 1f 44 00 00 48 89 5c 24 f0 48 89 6c 24 f8 48
0x00007f71b1d13b5b:   83 ec 18 48 85 ff 48 89 fb 89 f5 74 6c 48 8b 07
0x00007f71b1d13b6b:   48 8b 78 18 e8 8c 8a fe ff 48 8b 8b 88 00 00 00
0x00007f71b1d13b7b:   48 85 c9 74 34 0f b7 83 bc 00 00 00 39 e8 7e 29 

Stack slot to memory mapping:
stack at sp + 0 slots: 0x00007f71b3bf8640 is pointing into the stack for thread: 0x00007f72292f5800
stack at sp + 1 slots: 0x00007f71a006a088 points into unknown readable memory: 73 65 6c 65 63 74 20 44
stack at sp + 2 slots: 0x00007f71b3bf86f8 is pointing into the stack for thread: 0x00007f72292f5800
stack at sp + 3 slots: 0x00007f71b1d476b6: <offset 0x00000000000596b6> in /tmp/sqlite-3.25.2-744c0864-76aa-4c1f-8c63-55746ab0c0b0-libsqlitejdbc.so at 0x00007f71b1cee000
stack at sp + 4 slots: 0x00007f71b3bf8730 is pointing into the stack for thread: 0x00007f72292f5800
stack at sp + 5 slots: 0x00007f71a006a088 points into unknown readable memory: 73 65 6c 65 63 74 20 44
stack at sp + 6 slots: 0x00007f72292f5b40 points into unknown readable memory: 00 20 22 2e 72 7f 00 00
stack at sp + 7 slots: 0x00007f71b1cfb2e2: Java_org_sqlite_core_NativeDB_column_1text_1utf8+0x0000000000000052 in /tmp/sqlite-3.25.2-744c0864-76aa-4c1f-8c63-55746ab0c0b0-libsqlitejdbc.so at 0x00007f71b1cee000


---------------  P R O C E S S  ---------------

Threads class SMR info:
_java_thread_list=0x00007f71bc04beb0, length=21, elements={
0x00007f7228012000, 0x00007f722815d800, 0x00007f7228161800, 0x00007f7228174000,
0x00007f7228176000, 0x00007f7228178000, 0x00007f722817a000, 0x00007f7228200800,
0x00007f7228215000, 0x00007f71d4249000, 0x00007f72292ee800, 0x00007f72292f0000,
0x00007f72292f2000, 0x00007f72292f3800, 0x00007f72292f5800, 0x00007f72292f7000,
0x00007f72292f9000, 0x00007f72292fb800, 0x00007f718c001000, 0x00007f719c015800,
0x00007f7228622800
}

Java Threads: ( => current thread )
  0x00007f7228012000 JavaThread "main" [_thread_blocked, id=17283, stack(0x00007f722efee000,0x00007f722f0ef000)]
  0x00007f722815d800 JavaThread "Reference Handler" daemon [_thread_blocked, id=17290, stack(0x00007f720421d000,0x00007f720431e000)]
  0x00007f7228161800 JavaThread "Finalizer" daemon [_thread_blocked, id=17291, stack(0x00007f720411c000,0x00007f720421d000)]
  0x00007f7228174000 JavaThread "Signal Dispatcher" daemon [_thread_blocked, id=17292, stack(0x00007f720401b000,0x00007f720411c000)]
  0x00007f7228176000 JavaThread "C2 CompilerThread0" daemon [_thread_in_native, id=17293, stack(0x00007f71f6d30000,0x00007f71f6e31000)]
  0x00007f7228178000 JavaThread "C1 CompilerThread0" daemon [_thread_in_native, id=17294, stack(0x00007f71f6c2f000,0x00007f71f6d30000)]
  0x00007f722817a000 JavaThread "Sweeper thread" daemon [_thread_blocked, id=17295, stack(0x00007f71f6b2e000,0x00007f71f6c2f000)]
  0x00007f7228200800 JavaThread "Service Thread" daemon [_thread_blocked, id=17296, stack(0x00007f71f6a2d000,0x00007f71f6b2e000)]
  0x00007f7228215000 JavaThread "Common-Cleaner" daemon [_thread_blocked, id=17298, stack(0x00007f71f682a000,0x00007f71f692b000)]
  0x00007f71d4249000 JavaThread "C2 CompilerThread1" daemon [_thread_in_native, id=17299, stack(0x00007f71f60cf000,0x00007f71f61d0000)]
  0x00007f72292ee800 JavaThread "qtp431996456-14" [_thread_blocked, id=17306, stack(0x00007f71b3eff000,0x00007f71b4000000)]
  0x00007f72292f0000 JavaThread "qtp431996456-15" [_thread_in_native, id=17307, stack(0x00007f71b3dfe000,0x00007f71b3eff000)]
  0x00007f72292f2000 JavaThread "qtp431996456-16" [_thread_blocked, id=17308, stack(0x00007f71b3cfd000,0x00007f71b3dfe000)]
  0x00007f72292f3800 JavaThread "qtp431996456-17" [_thread_blocked, id=17309, stack(0x00007f71b3bfc000,0x00007f71b3cfd000)]
=>0x00007f72292f5800 JavaThread "qtp431996456-18" [_thread_in_native, id=17310, stack(0x00007f71b3afb000,0x00007f71b3bfc000)]
  0x00007f72292f7000 JavaThread "qtp431996456-19" [_thread_in_native, id=17311, stack(0x00007f71b39fa000,0x00007f71b3afb000)]
  0x00007f72292f9000 JavaThread "qtp431996456-20-acceptor-0@4f40cf62-ServerConnector@ff8e36d{HTTP/1.1,[http/1.1]}{0.0.0.0:8080}" [_thread_in_native, id=17312, stack(0x00007f71b38f9000,0x00007f71b39fa000)]
  0x00007f72292fb800 JavaThread "qtp431996456-21" [_thread_in_native, id=17313, stack(0x00007f71b37f8000,0x00007f71b38f9000)]
  0x00007f718c001000 JavaThread "qtp431996456-22" [_thread_in_vm, id=17314, stack(0x00007f71b34f7000,0x00007f71b35f8000)]
  0x00007f719c015800 JavaThread "qtp431996456-23" [_thread_in_native, id=17321, stack(0x00007f71b2eec000,0x00007f71b2fed000)]
  0x00007f7228622800 JavaThread "Scheduler-1077938655" [_thread_blocked, id=17352, stack(0x00007f71b29eb000,0x00007f71b2aec000)]

Other Threads:
  0x00007f7228155000 VMThread "VM Thread" [stack: 0x00007f7204320000,0x00007f7204420000] [id=17289]
  0x00007f722820b800 WatcherThread [stack: 0x00007f71f692d000,0x00007f71f6a2d000] [id=17297]
  0x00007f722803a000 GCTaskThread "GC Thread#0" [stack: 0x00007f721011b000,0x00007f721021b000] [id=17284]
  0x00007f71ec001000 GCTaskThread "GC Thread#1" [stack: 0x00007f71f5c62000,0x00007f71f5d62000] [id=17301]
  0x00007f71ec020000 GCTaskThread "GC Thread#2" [stack: 0x00007f71f465e000,0x00007f71f475e000] [id=17305]
  0x00007f71ec022000 GCTaskThread "GC Thread#3" [stack: 0x00007f71b33f7000,0x00007f71b34f7000] [id=17315]
  0x00007f71ec023800 GCTaskThread "GC Thread#4" [stack: 0x00007f71b32f5000,0x00007f71b33f5000] [id=17316]
  0x00007f71ec025000 GCTaskThread "GC Thread#5" [stack: 0x00007f71b31f3000,0x00007f71b32f3000] [id=17317]
  0x00007f71ec026800 GCTaskThread "GC Thread#6" [stack: 0x00007f71b30f1000,0x00007f71b31f1000] [id=17318]
  0x00007f71ec028800 GCTaskThread "GC Thread#7" [stack: 0x00007f71b2fef000,0x00007f71b30ef000] [id=17319]
  0x00007f722806a800 ConcurrentGCThread "G1 Main Marker" [stack: 0x00007f7207034000,0x00007f7207134000] [id=17285]
  0x00007f722806c000 ConcurrentGCThread "G1 Conc#0" [stack: 0x00007f7206f32000,0x00007f7207032000] [id=17286]
  0x00007f7200001000 ConcurrentGCThread "G1 Conc#1" [stack: 0x00007f71f5360000,0x00007f71f5460000] [id=17302]
  0x00007f72280f3000 ConcurrentGCThread "G1 Refine#0" [stack: 0x00007f7204628000,0x00007f7204728000] [id=17287]
  0x00007f72280f5000 ConcurrentGCThread "G1 Young RemSet Sampling" [stack: 0x00007f7204526000,0x00007f7204626000] [id=17288]

Threads with active compile tasks:
C2 CompilerThread07082       4       java.net.URLClassLoader$1::run (5 bytes)
C2 CompilerThread17179   !   4       java.io.PrintStream::write (66 bytes)

VM state:not at safepoint (normal execution)

VM Mutex/Monitor currently owned by a thread: None

Heap address: 0x0000000087200000, size: 1934 MB, Compressed Oops mode: 32-bit
Narrow klass base: 0x0000000000000000, Narrow klass shift: 3
Compressed class space size: 1073741824 Address: 0x0000000100000000

Heap:
 garbage-first heap   total 189440K, used 122961K [0x0000000087200000, 0x0000000100000000)
  region size 1024K, 91 young (93184K), 6 survivors (6144K)
 Metaspace       used 52956K, capacity 54248K, committed 54448K, reserved 1097728K
  class space    used 5922K, capacity 6372K, committed 6400K, reserved 1048576K
Heap Regions: E=young(eden), S=young(survivor), O=old, HS=humongous(starts), HC=humongous(continues), CS=collection set, F=free, A=archive, TAMS=top-at-mark-start (previous, next)
|   0|0x0000000087200000, 0x0000000087300000, 0x0000000087300000|100%| O|  |TAMS 0x0000000087300000, 0x0000000087200000| Untracked 
|   1|0x0000000087300000, 0x0000000087400000, 0x0000000087400000|100%| O|  |TAMS 0x0000000087400000, 0x0000000087300000| Untracked 
|   2|0x0000000087400000, 0x0000000087500000, 0x0000000087500000|100%| O|  |TAMS 0x0000000087500000, 0x0000000087400000| Untracked 
|   3|0x0000000087500000, 0x0000000087600000, 0x0000000087600000|100%| O|  |TAMS 0x0000000087600000, 0x0000000087500000| Untracked 
|   4|0x0000000087600000, 0x0000000087700000, 0x0000000087700000|100%| O|  |TAMS 0x0000000087700000, 0x0000000087600000| Untracked 
|   5|0x0000000087700000, 0x0000000087800000, 0x0000000087800000|100%| O|  |TAMS 0x0000000087800000, 0x0000000087700000| Untracked 
|   6|0x0000000087800000, 0x0000000087900000, 0x0000000087900000|100%| O|  |TAMS 0x0000000087900000, 0x0000000087800000| Untracked 
|   7|0x0000000087900000, 0x0000000087a00000, 0x0000000087a00000|100%| O|  |TAMS 0x0000000087a00000, 0x0000000087900000| Untracked 
|   8|0x0000000087a00000, 0x0000000087b00000, 0x0000000087b00000|100%| O|  |TAMS 0x0000000087b00000, 0x0000000087a00000| Untracked 
|   9|0x0000000087b00000, 0x0000000087c00000, 0x0000000087c00000|100%| O|  |TAMS 0x0000000087c00000, 0x0000000087b00000| Untracked 
|  10|0x0000000087c00000, 0x0000000087d00000, 0x0000000087d00000|100%| O|  |TAMS 0x0000000087d00000, 0x0000000087c00000| Untracked 
|  11|0x0000000087d00000, 0x0000000087e00000, 0x0000000087e00000|100%| O|  |TAMS 0x0000000087e00000, 0x0000000087d00000| Untracked 
|  12|0x0000000087e00000, 0x0000000087f00000, 0x0000000087f00000|100%| O|  |TAMS 0x0000000087f00000, 0x0000000087e00000| Untracked 
|  13|0x0000000087f00000, 0x0000000088000000, 0x0000000088000000|100%| O|  |TAMS 0x0000000088000000, 0x0000000087f00000| Untracked 
|  14|0x0000000088000000, 0x0000000088100000, 0x0000000088100000|100%| O|  |TAMS 0x0000000088100000, 0x0000000088000000| Untracked 
|  15|0x0000000088100000, 0x0000000088200000, 0x0000000088200000|100%| O|  |TAMS 0x0000000088200000, 0x0000000088100000| Untracked 
|  16|0x0000000088200000, 0x0000000088300000, 0x0000000088300000|100%| O|  |TAMS 0x0000000088300000, 0x0000000088200000| Untracked 
|  17|0x0000000088300000, 0x0000000088400000, 0x0000000088400000|100%| O|  |TAMS 0x0000000088400000, 0x0000000088300000| Untracked 
|  18|0x0000000088400000, 0x0000000088500000, 0x0000000088500000|100%| O|  |TAMS 0x0000000088500000, 0x0000000088400000| Untracked 
|  19|0x0000000088500000, 0x0000000088600000, 0x0000000088600000|100%| O|  |TAMS 0x0000000088600000, 0x0000000088500000| Untracked 
|  20|0x0000000088600000, 0x0000000088700000, 0x0000000088700000|100%| O|  |TAMS 0x0000000088700000, 0x0000000088600000| Untracked 
|  21|0x0000000088700000, 0x0000000088800000, 0x0000000088800000|100%| O|  |TAMS 0x0000000088800000, 0x0000000088700000| Untracked 
|  22|0x0000000088800000, 0x0000000088900000, 0x0000000088900000|100%| O|  |TAMS 0x0000000088900000, 0x0000000088800000| Untracked 
|  23|0x0000000088900000, 0x0000000088a00000, 0x0000000088a00000|100%| O|  |TAMS 0x0000000088a00000, 0x0000000088900000| Untracked 
|  24|0x0000000088a00000, 0x0000000088b00000, 0x0000000088b00000|100%| O|  |TAMS 0x0000000088a00000, 0x0000000088a00000| Untracked 
|  25|0x0000000088b00000, 0x0000000088c00000, 0x0000000088c00000|100%| O|  |TAMS 0x0000000088b00000, 0x0000000088b00000| Untracked 
|  26|0x0000000088c00000, 0x0000000088d00000, 0x0000000088d00000|100%| O|  |TAMS 0x0000000088c00000, 0x0000000088c00000| Untracked 
|  27|0x0000000088d00000, 0x0000000088e00000, 0x0000000088e00000|100%| O|  |TAMS 0x0000000088d00000, 0x0000000088d00000| Untracked 
|  28|0x0000000088e00000, 0x0000000088f00000, 0x0000000088f00000|100%| O|  |TAMS 0x0000000088e00000, 0x0000000088e00000| Untracked 
|  29|0x0000000088f00000, 0x0000000089000000, 0x0000000089000000|100%| O|  |TAMS 0x0000000088f00000, 0x0000000088f00000| Untracked 
|  30|0x0000000089000000, 0x0000000089047000, 0x0000000089100000| 27%| O|  |TAMS 0x0000000089000000, 0x0000000089000000| Untracked 
|  31|0x0000000089100000, 0x0000000089100000, 0x0000000089200000|  0%| F|  |TAMS 0x0000000089100000, 0x0000000089100000| Untracked 
|  32|0x0000000089200000, 0x0000000089200000, 0x0000000089300000|  0%| F|  |TAMS 0x0000000089200000, 0x0000000089200000| Untracked 
|  33|0x0000000089300000, 0x0000000089300000, 0x0000000089400000|  0%| F|  |TAMS 0x0000000089300000, 0x0000000089300000| Untracked 
|  34|0x0000000089400000, 0x0000000089400000, 0x0000000089500000|  0%| F|  |TAMS 0x0000000089400000, 0x0000000089400000| Untracked 
|  35|0x0000000089500000, 0x0000000089500000, 0x0000000089600000|  0%| F|  |TAMS 0x0000000089500000, 0x0000000089500000| Untracked 
|  36|0x0000000089600000, 0x0000000089600000, 0x0000000089700000|  0%| F|  |TAMS 0x0000000089600000, 0x0000000089600000| Untracked 
|  37|0x0000000089700000, 0x0000000089700000, 0x0000000089800000|  0%| F|  |TAMS 0x0000000089700000, 0x0000000089700000| Untracked 
|  38|0x0000000089800000, 0x0000000089800000, 0x0000000089900000|  0%| F|  |TAMS 0x0000000089800000, 0x0000000089800000| Untracked 
|  39|0x0000000089900000, 0x0000000089900000, 0x0000000089a00000|  0%| F|  |TAMS 0x0000000089900000, 0x0000000089900000| Untracked 
|  40|0x0000000089a00000, 0x0000000089a00000, 0x0000000089b00000|  0%| F|  |TAMS 0x0000000089a00000, 0x0000000089a00000| Untracked 
|  41|0x0000000089b00000, 0x0000000089b00000, 0x0000000089c00000|  0%| F|  |TAMS 0x0000000089b00000, 0x0000000089b00000| Untracked 
|  42|0x0000000089c00000, 0x0000000089c00000, 0x0000000089d00000|  0%| F|  |TAMS 0x0000000089c00000, 0x0000000089c00000| Untracked 
|  43|0x0000000089d00000, 0x0000000089d00000, 0x0000000089e00000|  0%| F|  |TAMS 0x0000000089d00000, 0x0000000089d00000| Untracked 
|  44|0x0000000089e00000, 0x0000000089e00000, 0x0000000089f00000|  0%| F|  |TAMS 0x0000000089e00000, 0x0000000089e00000| Untracked 
|  45|0x0000000089f00000, 0x0000000089f00000, 0x000000008a000000|  0%| F|  |TAMS 0x0000000089f00000, 0x0000000089f00000| Untracked 
|  46|0x000000008a000000, 0x000000008a000000, 0x000000008a100000|  0%| F|  |TAMS 0x000000008a000000, 0x000000008a000000| Untracked 
|  47|0x000000008a100000, 0x000000008a100000, 0x000000008a200000|  0%| F|  |TAMS 0x000000008a100000, 0x000000008a100000| Untracked 
|  48|0x000000008a200000, 0x000000008a200000, 0x000000008a300000|  0%| F|  |TAMS 0x000000008a200000, 0x000000008a200000| Untracked 
|  49|0x000000008a300000, 0x000000008a300000, 0x000000008a400000|  0%| F|  |TAMS 0x000000008a300000, 0x000000008a300000| Untracked 
|  50|0x000000008a400000, 0x000000008a400000, 0x000000008a500000|  0%| F|  |TAMS 0x000000008a400000, 0x000000008a400000| Untracked 
|  51|0x000000008a500000, 0x000000008a500000, 0x000000008a600000|  0%| F|  |TAMS 0x000000008a500000, 0x000000008a500000| Untracked 
|  52|0x000000008a600000, 0x000000008a600000, 0x000000008a700000|  0%| F|  |TAMS 0x000000008a600000, 0x000000008a600000| Untracked 
|  53|0x000000008a700000, 0x000000008a700000, 0x000000008a800000|  0%| F|  |TAMS 0x000000008a700000, 0x000000008a700000| Untracked 
|  54|0x000000008a800000, 0x000000008a800000, 0x000000008a900000|  0%| F|  |TAMS 0x000000008a800000, 0x000000008a800000| Untracked 
|  55|0x000000008a900000, 0x000000008a900000, 0x000000008aa00000|  0%| F|  |TAMS 0x000000008a900000, 0x000000008a900000| Untracked 
|  56|0x000000008aa00000, 0x000000008aa00000, 0x000000008ab00000|  0%| F|  |TAMS 0x000000008aa00000, 0x000000008aa00000| Untracked 
|  57|0x000000008ab00000, 0x000000008ab00000, 0x000000008ac00000|  0%| F|  |TAMS 0x000000008ab00000, 0x000000008ab00000| Untracked 
|  58|0x000000008ac00000, 0x000000008ac00000, 0x000000008ad00000|  0%| F|  |TAMS 0x000000008ac00000, 0x000000008ac00000| Untracked 
|  59|0x000000008ad00000, 0x000000008ad00000, 0x000000008ae00000|  0%| F|  |TAMS 0x000000008ad00000, 0x000000008ad00000| Untracked 
|  60|0x000000008ae00000, 0x000000008ae00000, 0x000000008af00000|  0%| F|  |TAMS 0x000000008ae00000, 0x000000008ae00000| Untracked 
|  61|0x000000008af00000, 0x000000008af00000, 0x000000008b000000|  0%| F|  |TAMS 0x000000008af00000, 0x000000008af00000| Untracked 
|  62|0x000000008b000000, 0x000000008b000000, 0x000000008b100000|  0%| F|  |TAMS 0x000000008b000000, 0x000000008b000000| Untracked 
|  63|0x000000008b100000, 0x000000008b100000, 0x000000008b200000|  0%| F|  |TAMS 0x000000008b100000, 0x000000008b100000| Untracked 
|  64|0x000000008b200000, 0x000000008b200000, 0x000000008b300000|  0%| F|  |TAMS 0x000000008b200000, 0x000000008b200000| Untracked 
|  65|0x000000008b300000, 0x000000008b300000, 0x000000008b400000|  0%| F|  |TAMS 0x000000008b300000, 0x000000008b300000| Untracked 
|  66|0x000000008b400000, 0x000000008b400000, 0x000000008b500000|  0%| F|  |TAMS 0x000000008b400000, 0x000000008b400000| Untracked 
|  67|0x000000008b500000, 0x000000008b5cd668, 0x000000008b600000| 80%| S|CS|TAMS 0x000000008b500000, 0x000000008b500000| Complete 
|  68|0x000000008b600000, 0x000000008b700000, 0x000000008b700000|100%| S|CS|TAMS 0x000000008b600000, 0x000000008b600000| Complete 
|  69|0x000000008b700000, 0x000000008b800000, 0x000000008b800000|100%| S|CS|TAMS 0x000000008b700000, 0x000000008b700000| Complete 
|  70|0x000000008b800000, 0x000000008b800000, 0x000000008b900000|  0%| F|  |TAMS 0x000000008b800000, 0x000000008b800000| Untracked 
|  71|0x000000008b900000, 0x000000008b900000, 0x000000008ba00000|  0%| F|  |TAMS 0x000000008b900000, 0x000000008b900000| Untracked 
|  72|0x000000008ba00000, 0x000000008ba00000, 0x000000008bb00000|  0%| F|  |TAMS 0x000000008ba00000, 0x000000008ba00000| Untracked 
|  73|0x000000008bb00000, 0x000000008bc00000, 0x000000008bc00000|100%| S|CS|TAMS 0x000000008bb00000, 0x000000008bb00000| Complete 
|  74|0x000000008bc00000, 0x000000008bd00000, 0x000000008bd00000|100%| S|CS|TAMS 0x000000008bc00000, 0x000000008bc00000| Complete 
|  75|0x000000008bd00000, 0x000000008be00000, 0x000000008be00000|100%| S|CS|TAMS 0x000000008bd00000, 0x000000008bd00000| Complete 
|  76|0x000000008be00000, 0x000000008be00000, 0x000000008bf00000|  0%| F|  |TAMS 0x000000008be00000, 0x000000008be00000| Untracked 
|  77|0x000000008bf00000, 0x000000008bf00000, 0x000000008c000000|  0%| F|  |TAMS 0x000000008bf00000, 0x000000008bf00000| Untracked 
|  78|0x000000008c000000, 0x000000008c000000, 0x000000008c100000|  0%| F|  |TAMS 0x000000008c000000, 0x000000008c000000| Untracked 
|  79|0x000000008c100000, 0x000000008c100000, 0x000000008c200000|  0%| F|  |TAMS 0x000000008c100000, 0x000000008c100000| Untracked 
|  80|0x000000008c200000, 0x000000008c200000, 0x000000008c300000|  0%| F|  |TAMS 0x000000008c200000, 0x000000008c200000| Untracked 
|  81|0x000000008c300000, 0x000000008c300000, 0x000000008c400000|  0%| F|  |TAMS 0x000000008c300000, 0x000000008c300000| Untracked 
|  82|0x000000008c400000, 0x000000008c400000, 0x000000008c500000|  0%| F|  |TAMS 0x000000008c400000, 0x000000008c400000| Untracked 
|  83|0x000000008c500000, 0x000000008c500000, 0x000000008c600000|  0%| F|  |TAMS 0x000000008c500000, 0x000000008c500000| Untracked 
|  84|0x000000008c600000, 0x000000008c600000, 0x000000008c700000|  0%| F|  |TAMS 0x000000008c600000, 0x000000008c600000| Untracked 
|  85|0x000000008c700000, 0x000000008c700000, 0x000000008c800000|  0%| F|  |TAMS 0x000000008c700000, 0x000000008c700000| Untracked 
|  86|0x000000008c800000, 0x000000008c800000, 0x000000008c900000|  0%| F|  |TAMS 0x000000008c800000, 0x000000008c800000| Untracked 
|  87|0x000000008c900000, 0x000000008c900000, 0x000000008ca00000|  0%| F|  |TAMS 0x000000008c900000, 0x000000008c900000| Untracked 
|  88|0x000000008ca00000, 0x000000008ca00000, 0x000000008cb00000|  0%| F|  |TAMS 0x000000008ca00000, 0x000000008ca00000| Untracked 
|  89|0x000000008cb00000, 0x000000008cb00000, 0x000000008cc00000|  0%| F|  |TAMS 0x000000008cb00000, 0x000000008cb00000| Untracked 
|  90|0x000000008cc00000, 0x000000008cc00000, 0x000000008cd00000|  0%| F|  |TAMS 0x000000008cc00000, 0x000000008cc00000| Untracked 
|  91|0x000000008cd00000, 0x000000008cd00000, 0x000000008ce00000|  0%| F|  |TAMS 0x000000008cd00000, 0x000000008cd00000| Untracked 
|  92|0x000000008ce00000, 0x000000008ce00000, 0x000000008cf00000|  0%| F|  |TAMS 0x000000008ce00000, 0x000000008ce00000| Untracked 
|  93|0x000000008cf00000, 0x000000008cf00000, 0x000000008d000000|  0%| F|  |TAMS 0x000000008cf00000, 0x000000008cf00000| Untracked 
|  94|0x000000008d000000, 0x000000008d000000, 0x000000008d100000|  0%| F|  |TAMS 0x000000008d000000, 0x000000008d000000| Untracked 
|  95|0x000000008d100000, 0x000000008d100000, 0x000000008d200000|  0%| F|  |TAMS 0x000000008d100000, 0x000000008d100000| Untracked 
|  96|0x000000008d200000, 0x000000008d200000, 0x000000008d300000|  0%| F|  |TAMS 0x000000008d200000, 0x000000008d200000| Untracked 
|  97|0x000000008d300000, 0x000000008d300000, 0x000000008d400000|  0%| F|  |TAMS 0x000000008d300000, 0x000000008d300000| Untracked 
|  98|0x000000008d400000, 0x000000008d400000, 0x000000008d500000|  0%| F|  |TAMS 0x000000008d400000, 0x000000008d400000| Untracked 
|  99|0x000000008d500000, 0x000000008d500000, 0x000000008d600000|  0%| F|  |TAMS 0x000000008d500000, 0x000000008d500000| Untracked 
| 100|0x000000008d600000, 0x000000008d6f5198, 0x000000008d700000| 95%| E|  |TAMS 0x000000008d600000, 0x000000008d600000| Complete 
| 101|0x000000008d700000, 0x000000008d800000, 0x000000008d800000|100%| E|CS|TAMS 0x000000008d700000, 0x000000008d700000| Complete 
| 102|0x000000008d800000, 0x000000008d900000, 0x000000008d900000|100%| E|CS|TAMS 0x000000008d800000, 0x000000008d800000| Complete 
| 103|0x000000008d900000, 0x000000008da00000, 0x000000008da00000|100%| E|CS|TAMS 0x000000008d900000, 0x000000008d900000| Complete 
| 104|0x000000008da00000, 0x000000008db00000, 0x000000008db00000|100%| E|CS|TAMS 0x000000008da00000, 0x000000008da00000| Complete 
| 105|0x000000008db00000, 0x000000008dc00000, 0x000000008dc00000|100%| E|CS|TAMS 0x000000008db00000, 0x000000008db00000| Complete 
| 106|0x000000008dc00000, 0x000000008dd00000, 0x000000008dd00000|100%| E|CS|TAMS 0x000000008dc00000, 0x000000008dc00000| Complete 
| 107|0x000000008dd00000, 0x000000008de00000, 0x000000008de00000|100%| E|CS|TAMS 0x000000008dd00000, 0x000000008dd00000| Complete 
| 108|0x000000008de00000, 0x000000008df00000, 0x000000008df00000|100%| E|CS|TAMS 0x000000008de00000, 0x000000008de00000| Complete 
| 109|0x000000008df00000, 0x000000008e000000, 0x000000008e000000|100%| E|CS|TAMS 0x000000008df00000, 0x000000008df00000| Complete 
| 110|0x000000008e000000, 0x000000008e100000, 0x000000008e100000|100%| E|CS|TAMS 0x000000008e000000, 0x000000008e000000| Complete 
| 111|0x000000008e100000, 0x000000008e200000, 0x000000008e200000|100%| E|CS|TAMS 0x000000008e100000, 0x000000008e100000| Complete 
| 112|0x000000008e200000, 0x000000008e300000, 0x000000008e300000|100%| E|CS|TAMS 0x000000008e200000, 0x000000008e200000| Complete 
| 113|0x000000008e300000, 0x000000008e400000, 0x000000008e400000|100%| E|CS|TAMS 0x000000008e300000, 0x000000008e300000| Complete 
| 114|0x000000008e400000, 0x000000008e500000, 0x000000008e500000|100%| E|CS|TAMS 0x000000008e400000, 0x000000008e400000| Complete 
| 115|0x000000008e500000, 0x000000008e600000, 0x000000008e600000|100%| E|CS|TAMS 0x000000008e500000, 0x000000008e500000| Complete 
| 116|0x000000008e600000, 0x000000008e700000, 0x000000008e700000|100%| E|CS|TAMS 0x000000008e600000, 0x000000008e600000| Complete 
| 117|0x000000008e700000, 0x000000008e800000, 0x000000008e800000|100%| E|CS|TAMS 0x000000008e700000, 0x000000008e700000| Complete 
| 118|0x000000008e800000, 0x000000008e900000, 0x000000008e900000|100%| E|CS|TAMS 0x000000008e800000, 0x000000008e800000| Complete 
| 119|0x000000008e900000, 0x000000008ea00000, 0x000000008ea00000|100%| E|CS|TAMS 0x000000008e900000, 0x000000008e900000| Complete 
| 120|0x000000008ea00000, 0x000000008eb00000, 0x000000008eb00000|100%| E|CS|TAMS 0x000000008ea00000, 0x000000008ea00000| Complete 
| 121|0x000000008eb00000, 0x000000008ec00000, 0x000000008ec00000|100%| E|CS|TAMS 0x000000008eb00000, 0x000000008eb00000| Complete 
| 122|0x000000008ec00000, 0x000000008ed00000, 0x000000008ed00000|100%| E|CS|TAMS 0x000000008ec00000, 0x000000008ec00000| Complete 
| 123|0x000000008ed00000, 0x000000008ee00000, 0x000000008ee00000|100%| E|CS|TAMS 0x000000008ed00000, 0x000000008ed00000| Complete 
| 124|0x000000008ee00000, 0x000000008ef00000, 0x000000008ef00000|100%| E|CS|TAMS 0x000000008ee00000, 0x000000008ee00000| Complete 
| 125|0x000000008ef00000, 0x000000008f000000, 0x000000008f000000|100%| E|CS|TAMS 0x000000008ef00000, 0x000000008ef00000| Complete 
| 126|0x000000008f000000, 0x000000008f100000, 0x000000008f100000|100%| E|CS|TAMS 0x000000008f000000, 0x000000008f000000| Complete 
| 127|0x000000008f100000, 0x000000008f200000, 0x000000008f200000|100%| E|CS|TAMS 0x000000008f100000, 0x000000008f100000| Complete 
| 128|0x000000008f200000, 0x000000008f300000, 0x000000008f300000|100%| E|CS|TAMS 0x000000008f200000, 0x000000008f200000| Complete 
| 129|0x000000008f300000, 0x000000008f400000, 0x000000008f400000|100%| E|CS|TAMS 0x000000008f300000, 0x000000008f300000| Complete 
| 130|0x000000008f400000, 0x000000008f500000, 0x000000008f500000|100%| E|CS|TAMS 0x000000008f400000, 0x000000008f400000| Complete 
| 131|0x000000008f500000, 0x000000008f600000, 0x000000008f600000|100%| E|CS|TAMS 0x000000008f500000, 0x000000008f500000| Complete 
| 132|0x000000008f600000, 0x000000008f700000, 0x000000008f700000|100%| E|CS|TAMS 0x000000008f600000, 0x000000008f600000| Complete 
| 133|0x000000008f700000, 0x000000008f800000, 0x000000008f800000|100%| E|CS|TAMS 0x000000008f700000, 0x000000008f700000| Complete 
| 134|0x000000008f800000, 0x000000008f900000, 0x000000008f900000|100%| E|CS|TAMS 0x000000008f800000, 0x000000008f800000| Complete 
| 135|0x000000008f900000, 0x000000008fa00000, 0x000000008fa00000|100%| E|CS|TAMS 0x000000008f900000, 0x000000008f900000| Complete 
| 136|0x000000008fa00000, 0x000000008fb00000, 0x000000008fb00000|100%| E|CS|TAMS 0x000000008fa00000, 0x000000008fa00000| Complete 
| 137|0x000000008fb00000, 0x000000008fc00000, 0x000000008fc00000|100%| E|CS|TAMS 0x000000008fb00000, 0x000000008fb00000| Complete 
| 138|0x000000008fc00000, 0x000000008fd00000, 0x000000008fd00000|100%| E|CS|TAMS 0x000000008fc00000, 0x000000008fc00000| Complete 
| 139|0x000000008fd00000, 0x000000008fe00000, 0x000000008fe00000|100%| E|CS|TAMS 0x000000008fd00000, 0x000000008fd00000| Complete 
| 140|0x000000008fe00000, 0x000000008ff00000, 0x000000008ff00000|100%| E|CS|TAMS 0x000000008fe00000, 0x000000008fe00000| Complete 
| 141|0x000000008ff00000, 0x0000000090000000, 0x0000000090000000|100%| E|CS|TAMS 0x000000008ff00000, 0x000000008ff00000| Complete 
| 142|0x0000000090000000, 0x0000000090100000, 0x0000000090100000|100%| E|CS|TAMS 0x0000000090000000, 0x0000000090000000| Complete 
| 143|0x0000000090100000, 0x0000000090200000, 0x0000000090200000|100%| E|CS|TAMS 0x0000000090100000, 0x0000000090100000| Complete 
| 144|0x0000000090200000, 0x0000000090300000, 0x0000000090300000|100%| E|CS|TAMS 0x0000000090200000, 0x0000000090200000| Complete 
| 145|0x0000000090300000, 0x0000000090400000, 0x0000000090400000|100%| E|CS|TAMS 0x0000000090300000, 0x0000000090300000| Complete 
| 146|0x0000000090400000, 0x0000000090500000, 0x0000000090500000|100%| E|CS|TAMS 0x0000000090400000, 0x0000000090400000| Complete 
| 147|0x0000000090500000, 0x0000000090600000, 0x0000000090600000|100%| E|CS|TAMS 0x0000000090500000, 0x0000000090500000| Complete 
| 148|0x0000000090600000, 0x0000000090700000, 0x0000000090700000|100%| E|CS|TAMS 0x0000000090600000, 0x0000000090600000| Complete 
| 149|0x0000000090700000, 0x0000000090800000, 0x0000000090800000|100%| E|CS|TAMS 0x0000000090700000, 0x0000000090700000| Complete 
| 150|0x0000000090800000, 0x0000000090900000, 0x0000000090900000|100%| E|CS|TAMS 0x0000000090800000, 0x0000000090800000| Complete 
| 151|0x0000000090900000, 0x0000000090a00000, 0x0000000090a00000|100%| E|CS|TAMS 0x0000000090900000, 0x0000000090900000| Complete 
| 152|0x0000000090a00000, 0x0000000090b00000, 0x0000000090b00000|100%| E|CS|TAMS 0x0000000090a00000, 0x0000000090a00000| Complete 
| 153|0x0000000090b00000, 0x0000000090c00000, 0x0000000090c00000|100%| E|CS|TAMS 0x0000000090b00000, 0x0000000090b00000| Complete 
| 154|0x0000000090c00000, 0x0000000090d00000, 0x0000000090d00000|100%| E|CS|TAMS 0x0000000090c00000, 0x0000000090c00000| Complete 
| 155|0x0000000090d00000, 0x0000000090e00000, 0x0000000090e00000|100%| E|CS|TAMS 0x0000000090d00000, 0x0000000090d00000| Complete 
| 156|0x0000000090e00000, 0x0000000090f00000, 0x0000000090f00000|100%| E|CS|TAMS 0x0000000090e00000, 0x0000000090e00000| Complete 
| 157|0x0000000090f00000, 0x0000000091000000, 0x0000000091000000|100%| E|CS|TAMS 0x0000000090f00000, 0x0000000090f00000| Complete 
| 158|0x0000000091000000, 0x0000000091100000, 0x0000000091100000|100%| E|CS|TAMS 0x0000000091000000, 0x0000000091000000| Complete 
| 159|0x0000000091100000, 0x0000000091200000, 0x0000000091200000|100%| E|CS|TAMS 0x0000000091100000, 0x0000000091100000| Complete 
| 160|0x0000000091200000, 0x0000000091300000, 0x0000000091300000|100%| E|CS|TAMS 0x0000000091200000, 0x0000000091200000| Complete 
| 161|0x0000000091300000, 0x0000000091400000, 0x0000000091400000|100%| E|CS|TAMS 0x0000000091300000, 0x0000000091300000| Complete 
| 162|0x0000000091400000, 0x0000000091500000, 0x0000000091500000|100%| E|CS|TAMS 0x0000000091400000, 0x0000000091400000| Complete 
| 163|0x0000000091500000, 0x0000000091600000, 0x0000000091600000|100%| E|CS|TAMS 0x0000000091500000, 0x0000000091500000| Complete 
| 164|0x0000000091600000, 0x0000000091700000, 0x0000000091700000|100%| E|CS|TAMS 0x0000000091600000, 0x0000000091600000| Complete 
| 165|0x0000000091700000, 0x0000000091800000, 0x0000000091800000|100%| E|CS|TAMS 0x0000000091700000, 0x0000000091700000| Complete 
| 166|0x0000000091800000, 0x0000000091900000, 0x0000000091900000|100%| E|CS|TAMS 0x0000000091800000, 0x0000000091800000| Complete 
| 167|0x0000000091900000, 0x0000000091a00000, 0x0000000091a00000|100%| E|CS|TAMS 0x0000000091900000, 0x0000000091900000| Complete 
| 168|0x0000000091a00000, 0x0000000091b00000, 0x0000000091b00000|100%| E|CS|TAMS 0x0000000091a00000, 0x0000000091a00000| Complete 
| 169|0x0000000091b00000, 0x0000000091c00000, 0x0000000091c00000|100%| E|CS|TAMS 0x0000000091b00000, 0x0000000091b00000| Complete 
| 170|0x0000000091c00000, 0x0000000091d00000, 0x0000000091d00000|100%| E|CS|TAMS 0x0000000091c00000, 0x0000000091c00000| Complete 
| 171|0x0000000091d00000, 0x0000000091e00000, 0x0000000091e00000|100%| E|CS|TAMS 0x0000000091d00000, 0x0000000091d00000| Complete 
| 172|0x0000000091e00000, 0x0000000091f00000, 0x0000000091f00000|100%| E|CS|TAMS 0x0000000091e00000, 0x0000000091e00000| Complete 
| 173|0x0000000091f00000, 0x0000000092000000, 0x0000000092000000|100%| E|CS|TAMS 0x0000000091f00000, 0x0000000091f00000| Complete 
| 174|0x0000000092000000, 0x0000000092100000, 0x0000000092100000|100%| E|CS|TAMS 0x0000000092000000, 0x0000000092000000| Complete 
| 175|0x0000000092100000, 0x0000000092200000, 0x0000000092200000|100%| E|CS|TAMS 0x0000000092100000, 0x0000000092100000| Complete 
| 176|0x0000000092200000, 0x0000000092300000, 0x0000000092300000|100%| E|CS|TAMS 0x0000000092200000, 0x0000000092200000| Complete 
| 177|0x0000000092300000, 0x0000000092400000, 0x0000000092400000|100%| E|CS|TAMS 0x0000000092300000, 0x0000000092300000| Complete 
| 178|0x0000000092400000, 0x0000000092500000, 0x0000000092500000|100%| E|CS|TAMS 0x0000000092400000, 0x0000000092400000| Complete 
| 179|0x0000000092500000, 0x0000000092600000, 0x0000000092600000|100%| E|CS|TAMS 0x0000000092500000, 0x0000000092500000| Complete 
| 180|0x0000000092600000, 0x0000000092700000, 0x0000000092700000|100%| E|CS|TAMS 0x0000000092600000, 0x0000000092600000| Complete 
| 181|0x0000000092700000, 0x0000000092800000, 0x0000000092800000|100%| E|CS|TAMS 0x0000000092700000, 0x0000000092700000| Complete 
| 182|0x0000000092800000, 0x0000000092900000, 0x0000000092900000|100%| E|CS|TAMS 0x0000000092800000, 0x0000000092800000| Complete 
| 183|0x0000000092900000, 0x0000000092a00000, 0x0000000092a00000|100%| E|CS|TAMS 0x0000000092900000, 0x0000000092900000| Complete 
| 184|0x0000000092a00000, 0x0000000092b00000, 0x0000000092b00000|100%| E|CS|TAMS 0x0000000092a00000, 0x0000000092a00000| Complete 

Card table byte_map: [0x00007f720b16b000,0x00007f720b532000] _byte_map_base: 0x00007f720ad32000

Marking Bits (Prev, Next): (CMBitMap*) 0x00007f7228061e98, (CMBitMap*) 0x00007f7228061ed0
 Prev Bits: [0x00007f7208f6c000, 0x00007f720ada4000)
 Next Bits: [0x00007f7207134000, 0x00007f7208f6c000)

Polling page: 0x00007f722f111000

Metaspace:

Usage:
  Non-class:     46.76 MB capacity,    45.93 MB ( 98%) used,   719.07 KB (  2%) free+waste,   122.31 KB ( <1%) overhead. 
      Class:      6.22 MB capacity,     5.78 MB ( 93%) used,   395.91 KB (  6%) free+waste,    53.88 KB ( <1%) overhead. 
       Both:     52.98 MB capacity,    51.72 MB ( 98%) used,     1.09 MB (  2%) free+waste,   176.19 KB ( <1%) overhead. 

Virtual space:
  Non-class space:       48.00 MB reserved,      46.92 MB ( 98%) committed 
      Class space:        1.00 GB reserved,       6.25 MB ( <1%) committed 
             Both:        1.05 GB reserved,      53.17 MB (  5%) committed 

Chunk freelists:
   Non-Class:  9.25 KB
       Class:  0 bytes
        Both:  9.25 KB

CodeHeap 'non-profiled nmethods': size=120032Kb used=3888Kb max_used=3888Kb free=116143Kb
 bounds [0x00007f7217eb9000, 0x00007f7218289000, 0x00007f721f3f1000]
CodeHeap 'profiled nmethods': size=120028Kb used=15461Kb max_used=15461Kb free=104566Kb
 bounds [0x00007f7210982000, 0x00007f72118a2000, 0x00007f7217eb9000]
CodeHeap 'non-nmethods': size=5700Kb used=1180Kb max_used=1214Kb free=4519Kb
 bounds [0x00007f72103f1000, 0x00007f7210661000, 0x00007f7210982000]
 total_blobs=9394 nmethods=6780 adapters=460
 compilation: enabled
              stopped_count=0, restarted_count=0
 full_count=0

Compilation events (10 events):
Event: 7.751 Thread 0x00007f7228178000 nmethod 7136 0x00007f7211888d90 code [0x00007f7211888f60, 0x00007f7211889188]
Event: 7.755 Thread 0x00007f7228178000 7137 %     3       org.sqlite.SQLiteJDBCLoader::contentsEquals @ 37 (78 bytes)
Event: 7.756 Thread 0x00007f7228178000 nmethod 7137% 0x00007f7211889290 code [0x00007f72118894e0, 0x00007f7211889f98]
Event: 7.756 Thread 0x00007f7228178000 7138       3       org.sqlite.SQLiteJDBCLoader::contentsEquals (78 bytes)
Event: 7.756 Thread 0x00007f7228178000 nmethod 7138 0x00007f721188a290 code [0x00007f721188a4e0, 0x00007f721188af18]
Event: 7.757 Thread 0x00007f71d4249000 7139 %     4       org.sqlite.SQLiteJDBCLoader::contentsEquals @ 37 (78 bytes)
Event: 7.759 Thread 0x00007f71d4249000 nmethod 7139% 0x00007f7218282710 code [0x00007f72182828c0, 0x00007f7218282a78]
Event: 7.777 Thread 0x00007f7228178000 7140       3       java.util.concurrent.ConcurrentHashMap::isEmpty (15 bytes)
Event: 7.778 Thread 0x00007f7228178000 nmethod 7140 0x00007f721188b190 code [0x00007f721188b360, 0x00007f721188b548]
Event: 7.782 Thread 0x00007f7228178000 7142       3       java.lang.invoke.MethodType::dropParameterTypes (162 bytes)

GC Heap History (10 events):
Event: 3.703 GC heap before
{Heap before GC invocations=5 (full 0):
 garbage-first heap   total 124928K, used 83508K [0x0000000087200000, 0x0000000100000000)
  region size 1024K, 73 young (74752K), 10 survivors (10240K)
 Metaspace       used 34148K, capacity 34904K, committed 35120K, reserved 1081344K
  class space    used 3650K, capacity 3888K, committed 3968K, reserved 1048576K
}
Event: 3.723 GC heap after
{Heap after GC invocations=6 (full 0):
 garbage-first heap   total 154624K, used 25446K [0x0000000087200000, 0x0000000100000000)
  region size 1024K, 7 young (7168K), 7 survivors (7168K)
 Metaspace       used 34148K, capacity 34904K, committed 35120K, reserved 1081344K
  class space    used 3650K, capacity 3888K, committed 3968K, reserved 1048576K
}
Event: 3.905 GC heap before
{Heap before GC invocations=6 (full 0):
 garbage-first heap   total 154624K, used 55142K [0x0000000087200000, 0x0000000100000000)
  region size 1024K, 37 young (37888K), 7 survivors (7168K)
 Metaspace       used 34838K, capacity 35625K, committed 35888K, reserved 1081344K
  class space    used 3725K, capacity 3960K, committed 3968K, reserved 1048576K
}
Event: 3.917 GC heap after
{Heap after GC invocations=7 (full 0):
 garbage-first heap   total 154624K, used 27591K [0x0000000087200000, 0x0000000100000000)
  region size 1024K, 3 young (3072K), 3 survivors (3072K)
 Metaspace       used 34838K, capacity 35625K, committed 35888K, reserved 1081344K
  class space    used 3725K, capacity 3960K, committed 3968K, reserved 1048576K
}
Event: 4.532 GC heap before
{Heap before GC invocations=8 (full 0):
 garbage-first heap   total 154624K, used 95687K [0x0000000087200000, 0x0000000100000000)
  region size 1024K, 70 young (71680K), 3 survivors (3072K)
 Metaspace       used 39987K, capacity 40905K, committed 41008K, reserved 1085440K
  class space    used 4333K, capacity 4682K, committed 4736K, reserved 1048576K
}
Event: 4.559 GC heap after
{Heap after GC invocations=9 (full 0):
 garbage-first heap   total 154624K, used 31891K [0x0000000087200000, 0x0000000100000000)
  region size 1024K, 8 young (8192K), 8 survivors (8192K)
 Metaspace       used 39987K, capacity 40905K, committed 41008K, reserved 1085440K
  class space    used 4333K, capacity 4682K, committed 4736K, reserved 1048576K
}
Event: 4.640 GC heap before
{Heap before GC invocations=9 (full 0):
 garbage-first heap   total 154624K, used 101523K [0x0000000087200000, 0x0000000100000000)
  region size 1024K, 77 young (78848K), 8 survivors (8192K)
 Metaspace       used 40003K, capacity 40970K, committed 41264K, reserved 1085440K
  class space    used 4333K, capacity 4682K, committed 4736K, reserved 1048576K
}
Event: 4.648 GC heap after
{Heap after GC invocations=10 (full 0):
 garbage-first heap   total 154624K, used 34691K [0x0000000087200000, 0x0000000100000000)
  region size 1024K, 4 young (4096K), 4 survivors (4096K)
 Metaspace       used 40003K, capacity 40970K, committed 41264K, reserved 1085440K
  class space    used 4333K, capacity 4682K, committed 4736K, reserved 1048576K
}
Event: 4.731 GC heap before
{Heap before GC invocations=10 (full 0):
 garbage-first heap   total 154624K, used 109443K [0x0000000087200000, 0x0000000100000000)
  region size 1024K, 78 young (79872K), 4 survivors (4096K)
 Metaspace       used 40032K, capacity 40970K, committed 41264K, reserved 1085440K
  class space    used 4333K, capacity 4682K, committed 4736K, reserved 1048576K
}
Event: 4.739 GC heap after
{Heap after GC invocations=11 (full 0):
 garbage-first heap   total 189440K, used 36945K [0x0000000087200000, 0x0000000100000000)
  region size 1024K, 6 young (6144K), 6 survivors (6144K)
 Metaspace       used 40032K, capacity 40970K, committed 41264K, reserved 1085440K
  class space    used 4333K, capacity 4682K, committed 4736K, reserved 1048576K
}

Deoptimization events (10 events):
Event: 5.696 Thread 0x00007f7228012000 Uncommon trap: reason=speculate_class_check action=maybe_recompile pc=0x00007f721811570c method=java.lang.invoke.Invokers$Holder.linkToTargetMethod(Ljava/lang/Object;Ljava/lang/Object;)Ljava/lang/Object; @ 1 c2
Event: 6.090 Thread 0x00007f7228012000 Uncommon trap: reason=unstable_if action=reinterpret pc=0x00007f721825295c method=java.util.HashMap.putMapEntries(Ljava/util/Map;Z)V @ 53 c2
Event: 7.631 Thread 0x00007f72292f3800 Uncommon trap: reason=predicate action=maybe_recompile pc=0x00007f72180c3ea8 method=java.util.Arrays.binarySearch0([Ljava/lang/Object;IILjava/lang/Object;)I @ 12 c2
Event: 7.643 Thread 0x00007f72292f5800 Uncommon trap: reason=unstable_if action=reinterpret pc=0x00007f7217f24520 method=java.lang.CharacterDataLatin1.isWhitespace(I)Z @ 14 c2
Event: 7.732 Thread 0x00007f72292f5800 Uncommon trap: reason=unstable_if action=reinterpret pc=0x00007f7217fa5450 method=sun.util.locale.LocaleUtils.caseIgnoreMatch(Ljava/lang/String;Ljava/lang/String;)Z @ 60 c2
Event: 7.735 Thread 0x00007f72292f5800 Uncommon trap: reason=bimorphic_or_optimized_type_check action=maybe_recompile pc=0x00007f72181c8f3c method=java.util.concurrent.ConcurrentHashMap.putVal(Ljava/lang/Object;Ljava/lang/Object;Z)Ljava/lang/Object; @ 159 c2
Event: 7.776 Thread 0x00007f72292f5800 Uncommon trap: reason=unstable_if action=reinterpret pc=0x00007f72180bda80 method=java.io.BufferedInputStream.read()I @ 23 c2
Event: 7.776 Thread 0x00007f72292f5800 Uncommon trap: reason=unstable_if action=reinterpret pc=0x00007f72182829f0 method=org.sqlite.SQLiteJDBCLoader.contentsEquals(Ljava/io/InputStream;Ljava/io/InputStream;)Z @ 39 c2
Event: 7.783 Thread 0x00007f72292f5800 Uncommon trap: reason=bimorphic_or_optimized_type_check action=maybe_recompile pc=0x00007f721818c2a4 method=java.util.HashMap.removeNode(ILjava/lang/Object;Ljava/lang/Object;ZZ)Ljava/util/HashMap$Node; @ 68 c2
Event: 7.783 Thread 0x00007f718c001000 Uncommon trap: reason=bimorphic_or_optimized_type_check action=maybe_recompile pc=0x00007f721818c2a4 method=java.util.HashMap.removeNode(ILjava/lang/Object;Ljava/lang/Object;ZZ)Ljava/util/HashMap$Node; @ 68 c2

Classes redefined (0 events):
No events

Internal exceptions (10 events):
Event: 5.709 Thread 0x00007f7228012000 Exception <a 'java/lang/ClassNotFoundException'{0x000000008f3aa790}: org/springframework/beans/factory/AwareCustomizer> (0x000000008f3aa790) thrown at [/scratch/opt/mach5/mesos/work_dir/slaves/2dd962d0-8988-479b-a804-57ab764ada59-S1222/frameworks/1735e8a2
Event: 5.709 Thread 0x00007f7228012000 Exception <a 'java/lang/ClassNotFoundException'{0x000000008f3c1ff8}: org/springframework/context/ApplicationContextAwareBeanInfo> (0x000000008f3c1ff8) thrown at [/scratch/opt/mach5/mesos/work_dir/slaves/2dd962d0-8988-479b-a804-57ab764ada59-S1222/framework
Event: 5.709 Thread 0x00007f7228012000 Exception <a 'java/lang/ClassNotFoundException'{0x000000008f3d9420}: org/springframework/context/ApplicationContextAwareCustomizer> (0x000000008f3d9420) thrown at [/scratch/opt/mach5/mesos/work_dir/slaves/2dd962d0-8988-479b-a804-57ab764ada59-S1222/framewo
Event: 5.710 Thread 0x00007f7228012000 Exception <a 'java/lang/ClassNotFoundException'{0x000000008f3f23e8}: org/springframework/web/context/ServletContextAwareBeanInfo> (0x000000008f3f23e8) thrown at [/scratch/opt/mach5/mesos/work_dir/slaves/2dd962d0-8988-479b-a804-57ab764ada59-S1222/framework
Event: 5.710 Thread 0x00007f7228012000 Exception <a 'java/lang/ClassNotFoundException'{0x000000008f209d98}: org/springframework/web/context/ServletContextAwareCustomizer> (0x000000008f209d98) thrown at [/scratch/opt/mach5/mesos/work_dir/slaves/2dd962d0-8988-479b-a804-57ab764ada59-S1222/framewo
Event: 5.738 Thread 0x00007f7228012000 Exception <a 'java/lang/NoSuchMethodError'{0x000000008f2dcb78}: java.lang.invoke.DirectMethodHandle$Holder.invokeStatic(Ljava/lang/Object;Ljava/lang/Object;Ljava/lang/Object;Ljava/lang/Object;)V> (0x000000008f2dcb78) thrown at [/scratch/opt/mach5/mesos/wo
Event: 5.914 Thread 0x00007f7228012000 Exception <a 'java/lang/NoSuchMethodError'{0x000000008ebd2b60}: java.lang.invoke.DirectMethodHandle$Holder.invokeStatic(Ljava/lang/Object;Ljava/lang/Object;Ljava/lang/Object;Ljava/lang/Object;Ljava/lang/Object;)V> (0x000000008ebd2b60) thrown at [/scratch/
Event: 5.993 Thread 0x00007f7228012000 Exception <a 'java/lang/NoSuchMethodError'{0x000000008e8d8c78}: java.lang.invoke.DirectMethodHandle$Holder.invokeStaticInit(Ljava/lang/Object;Ljava/lang/Object;Ljava/lang/Object;Ljava/lang/Object;Ljava/lang/Object;)Ljava/lang/Object;> (0x000000008e8d8c78)
Event: 6.132 Thread 0x00007f7228012000 Exception <a 'java/lang/NoSuchMethodError'{0x000000008df2e000}: java.lang.invoke.DirectMethodHandle$Holder.invokeInterface(Ljava/lang/Object;Ljava/lang/Object;)V> (0x000000008df2e000) thrown at [/scratch/opt/mach5/mesos/work_dir/slaves/2dd962d0-8988-479b-
Event: 7.653 Thread 0x00007f72292f5800 Exception <a 'java/lang/NoSuchMethodError'{0x000000008da7d290}: java.lang.invoke.DirectMethodHandle$Holder.invokeStaticInit(Ljava/lang/Object;)I> (0x000000008da7d290) thrown at [/scratch/opt/mach5/mesos/work_dir/slaves/2dd962d0-8988-479b-a804-57ab764ada59

Events (10 events):
Event: 7.781 loading class java/sql/Clob
Event: 7.781 loading class java/sql/Clob done
Event: 7.783 Thread 0x00007f72292f5800 Uncommon trap: trap_request=0xffffffc6 fr.pc=0x00007f721818c2a4 relative=0x0000000000000ca4
Event: 7.783 Executing VM operation: RevokeBias
Event: 7.783 Executing VM operation: RevokeBias done
Event: 7.783 Thread 0x00007f72292f5800 DEOPT PACKING pc=0x00007f721818c2a4 sp=0x00007f71b3bf8630
Event: 7.783 Thread 0x00007f72292f5800 DEOPT UNPACKING pc=0x00007f72104196a5 sp=0x00007f71b3bf85c8 mode 2
Event: 7.783 Thread 0x00007f718c001000 Uncommon trap: trap_request=0xffffffc6 fr.pc=0x00007f721818c2a4 relative=0x0000000000000ca4
Event: 7.783 Thread 0x00007f718c001000 DEOPT PACKING pc=0x00007f721818c2a4 sp=0x00007f71b35f43c0
Event: 7.783 Thread 0x00007f718c001000 DEOPT UNPACKING pc=0x00007f72104196a5 sp=0x00007f71b35f4358 mode 2


Dynamic libraries:
00400000-00401000 r-xp 00000000 103:01 7877913                           /usr/lib/jvm/java-11-oracle/bin/java
00600000-00601000 r--p 00000000 103:01 7877913                           /usr/lib/jvm/java-11-oracle/bin/java
00601000-00602000 rw-p 00001000 103:01 7877913                           /usr/lib/jvm/java-11-oracle/bin/java
017fb000-0181c000 rw-p 00000000 00:00 0                                  [heap]
87200000-92b00000 rw-p 00000000 00:00 0 
92b00000-100000000 ---p 00000000 00:00 0 
100000000-100640000 rw-p 00000000 00:00 0 
100640000-140000000 ---p 00000000 00:00 0 
7f716c000000-7f716c021000 rw-p 00000000 00:00 0 
7f716c021000-7f7170000000 ---p 00000000 00:00 0 
7f7174000000-7f7174021000 rw-p 00000000 00:00 0 
7f7174021000-7f7178000000 ---p 00000000 00:00 0 
7f7178000000-7f7178021000 rw-p 00000000 00:00 0 
7f7178021000-7f717c000000 ---p 00000000 00:00 0 
7f717c000000-7f717c021000 rw-p 00000000 00:00 0 
7f717c021000-7f7180000000 ---p 00000000 00:00 0 
7f7180000000-7f7180021000 rw-p 00000000 00:00 0 
7f7180021000-7f7184000000 ---p 00000000 00:00 0 
7f7184000000-7f7184021000 rw-p 00000000 00:00 0 
7f7184021000-7f7188000000 ---p 00000000 00:00 0 
7f7188000000-7f7188021000 rw-p 00000000 00:00 0 
7f7188021000-7f718c000000 ---p 00000000 00:00 0 
7f718c000000-7f718c021000 rw-p 00000000 00:00 0 
7f718c021000-7f7190000000 ---p 00000000 00:00 0 
7f7190000000-7f7190074000 rw-p 00000000 00:00 0 
7f7190074000-7f7194000000 ---p 00000000 00:00 0 
7f7194000000-7f7194021000 rw-p 00000000 00:00 0 
7f7194021000-7f7198000000 ---p 00000000 00:00 0 
7f7198000000-7f7198021000 rw-p 00000000 00:00 0 
7f7198021000-7f719c000000 ---p 00000000 00:00 0 
7f719c000000-7f719c02b000 rw-p 00000000 00:00 0 
7f719c02b000-7f71a0000000 ---p 00000000 00:00 0 
7f71a0000000-7f71a00a3000 rw-p 00000000 00:00 0 
7f71a00a3000-7f71a4000000 ---p 00000000 00:00 0 
7f71a4000000-7f71a40c4000 rw-p 00000000 00:00 0 
7f71a40c4000-7f71a8000000 ---p 00000000 00:00 0 
7f71a8000000-7f71a8026000 rw-p 00000000 00:00 0 
7f71a8026000-7f71ac000000 ---p 00000000 00:00 0 
7f71ac000000-7f71ac021000 rw-p 00000000 00:00 0 
7f71ac021000-7f71b0000000 ---p 00000000 00:00 0 
7f71b1cee000-7f71b1de2000 r-xp 00000000 103:01 13108064                  /tmp/sqlite-3.25.2-744c0864-76aa-4c1f-8c63-55746ab0c0b0-libsqlitejdbc.so
7f71b1de2000-7f71b1fe2000 ---p 000f4000 103:01 13108064                  /tmp/sqlite-3.25.2-744c0864-76aa-4c1f-8c63-55746ab0c0b0-libsqlitejdbc.so
7f71b1fe2000-7f71b1fe8000 rw-p 000f4000 103:01 13108064                  /tmp/sqlite-3.25.2-744c0864-76aa-4c1f-8c63-55746ab0c0b0-libsqlitejdbc.so
7f71b1fe8000-7f71b20e8000 rw-p 00000000 00:00 0 
7f71b20e8000-7f71b21e8000 ---p 00000000 00:00 0 
7f71b21e8000-7f71b21ea000 r-xp 00000000 103:01 8128192                   /usr/lib/jvm/java-11-oracle/lib/libextnet.so
7f71b21ea000-7f71b23e9000 ---p 00002000 103:01 8128192                   /usr/lib/jvm/java-11-oracle/lib/libextnet.so
7f71b23e9000-7f71b23ea000 r--p 00001000 103:01 8128192                   /usr/lib/jvm/java-11-oracle/lib/libextnet.so
7f71b23ea000-7f71b23eb000 rw-p 00002000 103:01 8128192                   /usr/lib/jvm/java-11-oracle/lib/libextnet.so
7f71b23eb000-7f71b25eb000 rw-p 00000000 00:00 0 
7f71b25eb000-7f71b27eb000 rw-p 00000000 00:00 0 
7f71b27eb000-7f71b29eb000 rw-p 00000000 00:00 0 
7f71b29eb000-7f71b29ef000 ---p 00000000 00:00 0 
7f71b29ef000-7f71b2cec000 rw-p 00000000 00:00 0 
7f71b2cec000-7f71b2eec000 rw-p 00000000 00:00 0 
7f71b2eec000-7f71b2ef0000 ---p 00000000 00:00 0 
7f71b2ef0000-7f71b2fed000 rw-p 00000000 00:00 0 
7f71b2fed000-7f71b2fee000 ---p 00000000 00:00 0 
7f71b2fee000-7f71b30ef000 rw-p 00000000 00:00 0 
7f71b30ef000-7f71b30f0000 ---p 00000000 00:00 0 
7f71b30f0000-7f71b31f1000 rw-p 00000000 00:00 0 
7f71b31f1000-7f71b31f2000 ---p 00000000 00:00 0 
7f71b31f2000-7f71b32f3000 rw-p 00000000 00:00 0 
7f71b32f3000-7f71b32f4000 ---p 00000000 00:00 0 
7f71b32f4000-7f71b33f5000 rw-p 00000000 00:00 0 
7f71b33f5000-7f71b33f6000 ---p 00000000 00:00 0 
7f71b33f6000-7f71b34f7000 rw-p 00000000 00:00 0 
7f71b34f7000-7f71b34fb000 ---p 00000000 00:00 0 
7f71b34fb000-7f71b37f8000 rw-p 00000000 00:00 0 
7f71b37f8000-7f71b37fc000 ---p 00000000 00:00 0 
7f71b37fc000-7f71b38f9000 rw-p 00000000 00:00 0 
7f71b38f9000-7f71b38fd000 ---p 00000000 00:00 0 
7f71b38fd000-7f71b39fa000 rw-p 00000000 00:00 0 
7f71b39fa000-7f71b39fe000 ---p 00000000 00:00 0 
7f71b39fe000-7f71b3afb000 rw-p 00000000 00:00 0 
7f71b3afb000-7f71b3aff000 ---p 00000000 00:00 0 
7f71b3aff000-7f71b3bfc000 rw-p 00000000 00:00 0 
7f71b3bfc000-7f71b3c00000 ---p 00000000 00:00 0 
7f71b3c00000-7f71b3cfd000 rw-p 00000000 00:00 0 
7f71b3cfd000-7f71b3d01000 ---p 00000000 00:00 0 
7f71b3d01000-7f71b3dfe000 rw-p 00000000 00:00 0 
7f71b3dfe000-7f71b3e02000 ---p 00000000 00:00 0 
7f71b3e02000-7f71b3eff000 rw-p 00000000 00:00 0 
7f71b3eff000-7f71b3f03000 ---p 00000000 00:00 0 
7f71b3f03000-7f71b4000000 rw-p 00000000 00:00 0 
7f71b4000000-7f71b4021000 rw-p 00000000 00:00 0 
7f71b4021000-7f71b8000000 ---p 00000000 00:00 0 
7f71b8000000-7f71b8021000 rw-p 00000000 00:00 0 
7f71b8021000-7f71bc000000 ---p 00000000 00:00 0 
7f71bc000000-7f71bd4c0000 rw-p 00000000 00:00 0 
7f71bd4c0000-7f71c0000000 ---p 00000000 00:00 0 
7f71c0000000-7f71c0021000 rw-p 00000000 00:00 0 
7f71c0021000-7f71c4000000 ---p 00000000 00:00 0 
7f71c4000000-7f71c4021000 rw-p 00000000 00:00 0 
7f71c4021000-7f71c8000000 ---p 00000000 00:00 0 
7f71c8000000-7f71c90e3000 rw-p 00000000 00:00 0 
7f71c90e3000-7f71cc000000 ---p 00000000 00:00 0 
7f71cc000000-7f71cc021000 rw-p 00000000 00:00 0 
7f71cc021000-7f71d0000000 ---p 00000000 00:00 0 
7f71d0000000-7f71d0021000 rw-p 00000000 00:00 0 
7f71d0021000-7f71d4000000 ---p 00000000 00:00 0 
7f71d4000000-7f71d4922000 rw-p 00000000 00:00 0 
7f71d4922000-7f71d8000000 ---p 00000000 00:00 0 
7f71d8000000-7f71d8021000 rw-p 00000000 00:00 0 
7f71d8021000-7f71dc000000 ---p 00000000 00:00 0 
7f71dc000000-7f71dc021000 rw-p 00000000 00:00 0 
7f71dc021000-7f71e0000000 ---p 00000000 00:00 0 
7f71e0000000-7f71e15f0000 rw-p 00000000 00:00 0 
7f71e15f0000-7f71e4000000 ---p 00000000 00:00 0 
7f71e4000000-7f71e4021000 rw-p 00000000 00:00 0 
7f71e4021000-7f71e8000000 ---p 00000000 00:00 0 
7f71e8000000-7f71e8021000 rw-p 00000000 00:00 0 
7f71e8021000-7f71ec000000 ---p 00000000 00:00 0 
7f71ec000000-7f71ec047000 rw-p 00000000 00:00 0 
7f71ec047000-7f71f0000000 ---p 00000000 00:00 0 
7f71f0000000-7f71f0021000 rw-p 00000000 00:00 0 
7f71f0021000-7f71f4000000 ---p 00000000 00:00 0 
7f71f4051000-7f71f4251000 rw-p 00000000 00:00 0 
7f71f4251000-7f71f4256000 r-xp 00000000 103:01 8129788                   /usr/lib/jvm/java-11-oracle/lib/libmanagement_ext.so
7f71f4256000-7f71f4455000 ---p 00005000 103:01 8129788                   /usr/lib/jvm/java-11-oracle/lib/libmanagement_ext.so
7f71f4455000-7f71f4456000 r--p 00004000 103:01 8129788                   /usr/lib/jvm/java-11-oracle/lib/libmanagement_ext.so
7f71f4456000-7f71f4457000 rw-p 00005000 103:01 8129788                   /usr/lib/jvm/java-11-oracle/lib/libmanagement_ext.so
7f71f4457000-7f71f445b000 r-xp 00000000 103:01 8128348                   /usr/lib/jvm/java-11-oracle/lib/libmanagement.so
7f71f445b000-7f71f465a000 ---p 00004000 103:01 8128348                   /usr/lib/jvm/java-11-oracle/lib/libmanagement.so
7f71f465a000-7f71f465b000 r--p 00003000 103:01 8128348                   /usr/lib/jvm/java-11-oracle/lib/libmanagement.so
7f71f465b000-7f71f465c000 rw-p 00004000 103:01 8128348                   /usr/lib/jvm/java-11-oracle/lib/libmanagement.so
7f71f465c000-7f71f465d000 ---p 00000000 00:00 0 
7f71f465d000-7f71f495e000 rw-p 00000000 00:00 0 
7f71f495e000-7f71f4b5e000 rw-p 00000000 00:00 0 
7f71f4b5e000-7f71f4d5e000 rw-p 00000000 00:00 0 
7f71f4d5e000-7f71f4f5e000 rw-p 00000000 00:00 0 
7f71f4f5e000-7f71f515e000 rw-p 00000000 00:00 0 
7f71f515e000-7f71f535e000 rw-p 00000000 00:00 0 
7f71f535e000-7f71f535f000 ---p 00000000 00:00 0 
7f71f535f000-7f71f564c000 rw-p 00000000 00:00 0 
7f71f564c000-7f71f5660000 ---p 00000000 00:00 0 
7f71f5660000-7f71f5860000 rw-p 00000000 00:00 0 
7f71f5860000-7f71f5a60000 rw-p 00000000 00:00 0 
7f71f5a60000-7f71f5c60000 rw-p 00000000 00:00 0 
7f71f5c60000-7f71f5c61000 ---p 00000000 00:00 0 
7f71f5c61000-7f71f5d62000 rw-p 00000000 00:00 0 
7f71f5d62000-7f71f5d66000 ---p 00000000 00:00 0 
7f71f5d66000-7f71f5e63000 rw-p 00000000 00:00 0 
7f71f5ecf000-7f71f60cf000 rw-p 00000000 00:00 0 
7f71f60cf000-7f71f60d3000 ---p 00000000 00:00 0 
7f71f60d3000-7f71f63d0000 rw-p 00000000 00:00 0 
7f71f63d0000-7f71f6401000 rw-p 00000000 00:00 0 
7f71f6401000-7f71f6417000 r-xp 00000000 103:01 8129790                   /usr/lib/jvm/java-11-oracle/lib/libnet.so
7f71f6417000-7f71f6617000 ---p 00016000 103:01 8129790                   /usr/lib/jvm/java-11-oracle/lib/libnet.so
7f71f6617000-7f71f6618000 r--p 00016000 103:01 8129790                   /usr/lib/jvm/java-11-oracle/lib/libnet.so
7f71f6618000-7f71f6619000 rw-p 00017000 103:01 8129790                   /usr/lib/jvm/java-11-oracle/lib/libnet.so
7f71f6619000-7f71f6629000 r-xp 00000000 103:01 8129791                   /usr/lib/jvm/java-11-oracle/lib/libnio.so
7f71f6629000-7f71f6828000 ---p 00010000 103:01 8129791                   /usr/lib/jvm/java-11-oracle/lib/libnio.so
7f71f6828000-7f71f6829000 r--p 0000f000 103:01 8129791                   /usr/lib/jvm/java-11-oracle/lib/libnio.so
7f71f6829000-7f71f682a000 rw-p 00010000 103:01 8129791                   /usr/lib/jvm/java-11-oracle/lib/libnio.so
7f71f682a000-7f71f682e000 ---p 00000000 00:00 0 
7f71f682e000-7f71f692b000 rw-p 00000000 00:00 0 
7f71f692b000-7f71f692c000 ---p 00000000 00:00 0 
7f71f692c000-7f71f6a2d000 rw-p 00000000 00:00 0 
7f71f6a2d000-7f71f6a31000 ---p 00000000 00:00 0 
7f71f6a31000-7f71f6b2e000 rw-p 00000000 00:00 0 
7f71f6b2e000-7f71f6b32000 ---p 00000000 00:00 0 
7f71f6b32000-7f71f6c2f000 rw-p 00000000 00:00 0 
7f71f6c2f000-7f71f6c33000 ---p 00000000 00:00 0 
7f71f6c33000-7f71f6d30000 rw-p 00000000 00:00 0 
7f71f6d30000-7f71f6d34000 ---p 00000000 00:00 0 
7f71f6d34000-7f71f6e31000 rw-p 00000000 00:00 0 
7f71f6e31000-7f71f7800000 r--p 00000000 103:01 7608950                   /usr/lib/locale/locale-archive
7f71f7800000-7f71f8000000 rw-p 00000000 00:00 0 
7f71f8000000-7f71f8021000 rw-p 00000000 00:00 0 
7f71f8021000-7f71fc000000 ---p 00000000 00:00 0 
7f71fc000000-7f71fc021000 rw-p 00000000 00:00 0 
7f71fc021000-7f7200000000 ---p 00000000 00:00 0 
7f7200000000-7f7200021000 rw-p 00000000 00:00 0 
7f7200021000-7f7204000000 ---p 00000000 00:00 0 
7f720401b000-7f720401f000 ---p 00000000 00:00 0 
7f720401f000-7f720411c000 rw-p 00000000 00:00 0 
7f720411c000-7f7204120000 ---p 00000000 00:00 0 
7f7204120000-7f720421d000 rw-p 00000000 00:00 0 
7f720421d000-7f7204221000 ---p 00000000 00:00 0 
7f7204221000-7f720431e000 rw-p 00000000 00:00 0 
7f720431e000-7f720431f000 ---p 00000000 00:00 0 
7f720431f000-7f7204524000 rw-p 00000000 00:00 0 
7f7204524000-7f7204525000 ---p 00000000 00:00 0 
7f7204525000-7f7204626000 rw-p 00000000 00:00 0 
7f7204626000-7f7204627000 ---p 00000000 00:00 0 
7f7204627000-7f7206f30000 rw-p 00000000 00:00 0 
7f7206f30000-7f7206f31000 ---p 00000000 00:00 0 
7f7206f31000-7f7207032000 rw-p 00000000 00:00 0 
7f7207032000-7f7207033000 ---p 00000000 00:00 0 
7f7207033000-7f7207418000 rw-p 00000000 00:00 0 
7f7207418000-7f7208f6c000 ---p 00000000 00:00 0 
7f7208f6c000-7f7209250000 rw-p 00000000 00:00 0 
7f7209250000-7f720ada4000 ---p 00000000 00:00 0 
7f720ada4000-7f720ae01000 rw-p 00000000 00:00 0 
7f720ae01000-7f720b16b000 ---p 00000000 00:00 0 
7f720b16b000-7f720b1c8000 rw-p 00000000 00:00 0 
7f720b1c8000-7f720b532000 ---p 00000000 00:00 0 
7f720b532000-7f720b58f000 rw-p 00000000 00:00 0 
7f720b58f000-7f720b8f9000 ---p 00000000 00:00 0 
7f720b8f9000-7f720c000000 rw-p 00000000 00:00 0 
7f720c000000-7f720c02d000 rw-p 00000000 00:00 0 
7f720c02d000-7f7210000000 ---p 00000000 00:00 0 
7f7210018000-7f7210119000 rw-p 00000000 00:00 0 
7f7210119000-7f721011a000 ---p 00000000 00:00 0 
7f721011a000-7f7210223000 rw-p 00000000 00:00 0 
7f7210223000-7f7210306000 ---p 00000000 00:00 0 
7f7210306000-7f7210325000 rw-p 00000000 00:00 0 
7f7210325000-7f72103f1000 ---p 00000000 00:00 0 
7f72103f1000-7f7210661000 rwxp 00000000 00:00 0 
7f7210661000-7f7210982000 ---p 00000000 00:00 0 
7f7210982000-7f72118a2000 rwxp 00000000 00:00 0 
7f72118a2000-7f7217eb9000 ---p 00000000 00:00 0 
7f7217eb9000-7f7218289000 rwxp 00000000 00:00 0 
7f7218289000-7f721f3f1000 ---p 00000000 00:00 0 
7f721f3f1000-7f72277af000 r--s 00000000 103:01 8129801                   /usr/lib/jvm/java-11-oracle/lib/modules
7f72277af000-7f72277ca000 r-xp 00000000 103:01 8128250                   /usr/lib/jvm/java-11-oracle/lib/libjimage.so
7f72277ca000-7f72279c9000 ---p 0001b000 103:01 8128250                   /usr/lib/jvm/java-11-oracle/lib/libjimage.so
7f72279c9000-7f72279cb000 r--p 0001a000 103:01 8128250                   /usr/lib/jvm/java-11-oracle/lib/libjimage.so
7f72279cb000-7f72279cc000 rw-p 0001c000 103:01 8128250                   /usr/lib/jvm/java-11-oracle/lib/libjimage.so
7f72279cc000-7f72279d3000 r-xp 00000000 103:01 8129800                   /usr/lib/jvm/java-11-oracle/lib/libzip.so
7f72279d3000-7f7227bd2000 ---p 00007000 103:01 8129800                   /usr/lib/jvm/java-11-oracle/lib/libzip.so
7f7227bd2000-7f7227bd3000 r--p 00006000 103:01 8129800                   /usr/lib/jvm/java-11-oracle/lib/libzip.so
7f7227bd3000-7f7227bd4000 rw-p 00007000 103:01 8129800                   /usr/lib/jvm/java-11-oracle/lib/libzip.so
7f7227bd4000-7f7227bdf000 r-xp 00000000 103:01 4723454                   /lib/x86_64-linux-gnu/libnss_files-2.27.so
7f7227bdf000-7f7227dde000 ---p 0000b000 103:01 4723454                   /lib/x86_64-linux-gnu/libnss_files-2.27.so
7f7227dde000-7f7227ddf000 r--p 0000a000 103:01 4723454                   /lib/x86_64-linux-gnu/libnss_files-2.27.so
7f7227ddf000-7f7227de0000 rw-p 0000b000 103:01 4723454                   /lib/x86_64-linux-gnu/libnss_files-2.27.so
7f7227de0000-7f7227de6000 rw-p 00000000 00:00 0 
7f7227de6000-7f7227dfd000 r-xp 00000000 103:01 4723448                   /lib/x86_64-linux-gnu/libnsl-2.27.so
7f7227dfd000-7f7227ffc000 ---p 00017000 103:01 4723448                   /lib/x86_64-linux-gnu/libnsl-2.27.so
7f7227ffc000-7f7227ffd000 r--p 00016000 103:01 4723448                   /lib/x86_64-linux-gnu/libnsl-2.27.so
7f7227ffd000-7f7227ffe000 rw-p 00017000 103:01 4723448                   /lib/x86_64-linux-gnu/libnsl-2.27.so
7f7227ffe000-7f7228000000 rw-p 00000000 00:00 0 
7f7228000000-7f7229d8f000 rw-p 00000000 00:00 0 
7f7229d8f000-7f722c000000 ---p 00000000 00:00 0 
7f722c026000-7f722c031000 r-xp 00000000 103:01 4723465                   /lib/x86_64-linux-gnu/libnss_nis-2.27.so
7f722c031000-7f722c230000 ---p 0000b000 103:01 4723465                   /lib/x86_64-linux-gnu/libnss_nis-2.27.so
7f722c230000-7f722c231000 r--p 0000a000 103:01 4723465                   /lib/x86_64-linux-gnu/libnss_nis-2.27.so
7f722c231000-7f722c232000 rw-p 0000b000 103:01 4723465                   /lib/x86_64-linux-gnu/libnss_nis-2.27.so
7f722c232000-7f722c23a000 r-xp 00000000 103:01 4723450                   /lib/x86_64-linux-gnu/libnss_compat-2.27.so
7f722c23a000-7f722c43a000 ---p 00008000 103:01 4723450                   /lib/x86_64-linux-gnu/libnss_compat-2.27.so
7f722c43a000-7f722c43b000 r--p 00008000 103:01 4723450                   /lib/x86_64-linux-gnu/libnss_compat-2.27.so
7f722c43b000-7f722c43c000 rw-p 00009000 103:01 4723450                   /lib/x86_64-linux-gnu/libnss_compat-2.27.so
7f722c43c000-7f722c465000 r-xp 00000000 103:01 8128208                   /usr/lib/jvm/java-11-oracle/lib/libjava.so
7f722c465000-7f722c665000 ---p 00029000 103:01 8128208                   /usr/lib/jvm/java-11-oracle/lib/libjava.so
7f722c665000-7f722c666000 r--p 00029000 103:01 8128208                   /usr/lib/jvm/java-11-oracle/lib/libjava.so
7f722c666000-7f722c668000 rw-p 0002a000 103:01 8128208                   /usr/lib/jvm/java-11-oracle/lib/libjava.so
7f722c668000-7f722c675000 r-xp 00000000 103:01 8129799                   /usr/lib/jvm/java-11-oracle/lib/libverify.so
7f722c675000-7f722c874000 ---p 0000d000 103:01 8129799                   /usr/lib/jvm/java-11-oracle/lib/libverify.so
7f722c874000-7f722c876000 r--p 0000c000 103:01 8129799                   /usr/lib/jvm/java-11-oracle/lib/libverify.so
7f722c876000-7f722c877000 rw-p 0000e000 103:01 8129799                   /usr/lib/jvm/java-11-oracle/lib/libverify.so
7f722c877000-7f722c87e000 r-xp 00000000 103:01 4723505                   /lib/x86_64-linux-gnu/librt-2.27.so
7f722c87e000-7f722ca7d000 ---p 00007000 103:01 4723505                   /lib/x86_64-linux-gnu/librt-2.27.so
7f722ca7d000-7f722ca7e000 r--p 00006000 103:01 4723505                   /lib/x86_64-linux-gnu/librt-2.27.so
7f722ca7e000-7f722ca7f000 rw-p 00007000 103:01 4723505                   /lib/x86_64-linux-gnu/librt-2.27.so
7f722ca7f000-7f722cc1c000 r-xp 00000000 103:01 4723427                   /lib/x86_64-linux-gnu/libm-2.27.so
7f722cc1c000-7f722ce1b000 ---p 0019d000 103:01 4723427                   /lib/x86_64-linux-gnu/libm-2.27.so
7f722ce1b000-7f722ce1c000 r--p 0019c000 103:01 4723427                   /lib/x86_64-linux-gnu/libm-2.27.so
7f722ce1c000-7f722ce1d000 rw-p 0019d000 103:01 4723427                   /lib/x86_64-linux-gnu/libm-2.27.so
7f722ce1d000-7f722df5c000 r-xp 00000000 103:01 8261622                   /usr/lib/jvm/java-11-oracle/lib/server/libjvm.so
7f722df5c000-7f722e15c000 ---p 0113f000 103:01 8261622                   /usr/lib/jvm/java-11-oracle/lib/server/libjvm.so
7f722e15c000-7f722e21b000 r--p 0113f000 103:01 8261622                   /usr/lib/jvm/java-11-oracle/lib/server/libjvm.so
7f722e21b000-7f722e254000 rw-p 011fe000 103:01 8261622                   /usr/lib/jvm/java-11-oracle/lib/server/libjvm.so
7f722e254000-7f722e2aa000 rw-p 00000000 00:00 0 
7f722e2aa000-7f722e491000 r-xp 00000000 103:01 4723364                   /lib/x86_64-linux-gnu/libc-2.27.so
7f722e491000-7f722e691000 ---p 001e7000 103:01 4723364                   /lib/x86_64-linux-gnu/libc-2.27.so
7f722e691000-7f722e695000 r--p 001e7000 103:01 4723364                   /lib/x86_64-linux-gnu/libc-2.27.so
7f722e695000-7f722e697000 rw-p 001eb000 103:01 4723364                   /lib/x86_64-linux-gnu/libc-2.27.so
7f722e697000-7f722e69b000 rw-p 00000000 00:00 0 
7f722e69b000-7f722e69e000 r-xp 00000000 103:01 4723387                   /lib/x86_64-linux-gnu/libdl-2.27.so
7f722e69e000-7f722e89d000 ---p 00003000 103:01 4723387                   /lib/x86_64-linux-gnu/libdl-2.27.so
7f722e89d000-7f722e89e000 r--p 00002000 103:01 4723387                   /lib/x86_64-linux-gnu/libdl-2.27.so
7f722e89e000-7f722e89f000 rw-p 00003000 103:01 4723387                   /lib/x86_64-linux-gnu/libdl-2.27.so
7f722e89f000-7f722e8af000 r-xp 00000000 103:01 8261613                   /usr/lib/jvm/java-11-oracle/lib/jli/libjli.so
7f722e8af000-7f722eaae000 ---p 00010000 103:01 8261613                   /usr/lib/jvm/java-11-oracle/lib/jli/libjli.so
7f722eaae000-7f722eaaf000 r--p 0000f000 103:01 8261613                   /usr/lib/jvm/java-11-oracle/lib/jli/libjli.so
7f722eaaf000-7f722eab0000 rw-p 00010000 103:01 8261613                   /usr/lib/jvm/java-11-oracle/lib/jli/libjli.so
7f722eab0000-7f722eaca000 r-xp 00000000 103:01 4723497                   /lib/x86_64-linux-gnu/libpthread-2.27.so
7f722eaca000-7f722ecc9000 ---p 0001a000 103:01 4723497                   /lib/x86_64-linux-gnu/libpthread-2.27.so
7f722ecc9000-7f722ecca000 r--p 00019000 103:01 4723497                   /lib/x86_64-linux-gnu/libpthread-2.27.so
7f722ecca000-7f722eccb000 rw-p 0001a000 103:01 4723497                   /lib/x86_64-linux-gnu/libpthread-2.27.so
7f722eccb000-7f722eccf000 rw-p 00000000 00:00 0 
7f722eccf000-7f722eceb000 r-xp 00000000 103:01 4723536                   /lib/x86_64-linux-gnu/libz.so.1.2.11
7f722eceb000-7f722eeea000 ---p 0001c000 103:01 4723536                   /lib/x86_64-linux-gnu/libz.so.1.2.11
7f722eeea000-7f722eeeb000 r--p 0001b000 103:01 4723536                   /lib/x86_64-linux-gnu/libz.so.1.2.11
7f722eeeb000-7f722eeec000 rw-p 0001c000 103:01 4723536                   /lib/x86_64-linux-gnu/libz.so.1.2.11
7f722eeec000-7f722ef13000 r-xp 00000000 103:01 4723336                   /lib/x86_64-linux-gnu/ld-2.27.so
7f722ef2f000-7f722efee000 rw-p 00000000 00:00 0 
7f722efee000-7f722eff2000 ---p 00000000 00:00 0 
7f722eff2000-7f722f0f3000 rw-p 00000000 00:00 0 
7f722f0fd000-7f722f102000 rw-p 00000000 00:00 0 
7f722f102000-7f722f109000 ---p 00000000 00:00 0 
7f722f109000-7f722f111000 rw-s 00000000 103:01 13107328                  /tmp/hsperfdata_raghav/17261
7f722f111000-7f722f112000 ---p 00000000 00:00 0 
7f722f112000-7f722f113000 r--p 00000000 00:00 0 
7f722f113000-7f722f114000 r--p 00027000 103:01 4723336                   /lib/x86_64-linux-gnu/ld-2.27.so
7f722f114000-7f722f115000 rw-p 00028000 103:01 4723336                   /lib/x86_64-linux-gnu/ld-2.27.so
7f722f115000-7f722f116000 rw-p 00000000 00:00 0 
7ffc920f9000-7ffc9211b000 rw-p 00000000 00:00 0                          [stack]
7ffc92156000-7ffc92159000 r--p 00000000 00:00 0                          [vvar]
7ffc92159000-7ffc9215b000 r-xp 00000000 00:00 0                          [vdso]
ffffffffff600000-ffffffffff601000 r-xp 00000000 00:00 0                  [vsyscall]


VM Arguments:
jvm_args: -Dclassworlds.conf=/usr/share/maven/bin/m2.conf -Dmaven.home=/usr/share/maven -Dlibrary.jansi.path=/usr/share/maven/lib/jansi-native -Dmaven.multiModuleProjectDirectory=/home/raghav/IdeaProjects/ApplianceRecords 
java_command: org.codehaus.plexus.classworlds.launcher.Launcher jetty:run
java_class_path (initial): /usr/share/maven/boot/plexus-classworlds-2.x.jar
Launcher Type: SUN_STANDARD

[Global flags]
     intx CICompilerCount                          = 4                                         {product} {ergonomic}
     uint ConcGCThreads                            = 2                                         {product} {ergonomic}
     uint G1ConcRefinementThreads                  = 8                                         {product} {ergonomic}
   size_t G1HeapRegionSize                         = 1048576                                   {product} {ergonomic}
    uintx GCDrainStackTargetSize                   = 64                                        {product} {ergonomic}
   size_t InitialHeapSize                          = 127926272                                 {product} {ergonomic}
   size_t MarkStackSize                            = 4194304                                   {product} {ergonomic}
   size_t MaxHeapSize                              = 2027945984                                {product} {ergonomic}
   size_t MaxNewSize                               = 1216348160                                {product} {ergonomic}
   size_t MinHeapDeltaBytes                        = 1048576                                   {product} {ergonomic}
    uintx NonNMethodCodeHeapSize                   = 5835340                                {pd product} {ergonomic}
    uintx NonProfiledCodeHeapSize                  = 122911450                              {pd product} {ergonomic}
    uintx ProfiledCodeHeapSize                     = 122911450                              {pd product} {ergonomic}
    uintx ReservedCodeCacheSize                    = 251658240                              {pd product} {ergonomic}
     bool SegmentedCodeCache                       = true                                      {product} {ergonomic}
     bool UseCompressedClassPointers               = true                                 {lp64_product} {ergonomic}
     bool UseCompressedOops                        = true                                 {lp64_product} {ergonomic}
     bool UseG1GC                                  = true                                      {product} {ergonomic}

Logging:
Log output configuration:
 #0: stdout all=warning uptime,level,tags
 #1: stderr all=off uptime,level,tags

Environment Variables:
JAVA_HOME=/usr/lib/jvm/java-11-oracle
PATH=/usr/local/sbin:/usr/local/bin:/usr/sbin:/usr/bin:/sbin:/bin:/usr/games:/usr/local/games:/snap/bin:/usr/lib/jvm/java-11-oracle/bin:/usr/lib/jvm/java-11-oracle/db/bin
USERNAME=raghav
SHELL=/bin/bash
DISPLAY=:0

Signal Handlers:
SIGSEGV: [libjvm.so+0xe2adf0], sa_mask[0]=11111111011111111101111111111110, sa_flags=SA_RESTART|SA_SIGINFO
SIGBUS: [libjvm.so+0xe2adf0], sa_mask[0]=11111111011111111101111111111110, sa_flags=SA_RESTART|SA_SIGINFO
SIGFPE: [libjvm.so+0xe2adf0], sa_mask[0]=11111111011111111101111111111110, sa_flags=SA_RESTART|SA_SIGINFO
SIGPIPE: [libjvm.so+0xbff5b0], sa_mask[0]=11111111011111111101111111111110, sa_flags=SA_RESTART|SA_SIGINFO
SIGXFSZ: [libjvm.so+0xbff5b0], sa_mask[0]=11111111011111111101111111111110, sa_flags=SA_RESTART|SA_SIGINFO
SIGILL: [libjvm.so+0xe2adf0], sa_mask[0]=11111111011111111101111111111110, sa_flags=SA_RESTART|SA_SIGINFO
SIGUSR2: [libjvm.so+0xbff450], sa_mask[0]=00100000000000000000000000000000, sa_flags=SA_RESTART|SA_SIGINFO
SIGHUP: [libjvm.so+0xbff7b0], sa_mask[0]=11111111011111111101111111111110, sa_flags=SA_RESTART|SA_SIGINFO
SIGINT: [libjvm.so+0xbff7b0], sa_mask[0]=11111111011111111101111111111110, sa_flags=SA_RESTART|SA_SIGINFO
SIGTERM: [libjvm.so+0xbff7b0], sa_mask[0]=11111111011111111101111111111110, sa_flags=SA_RESTART|SA_SIGINFO
SIGQUIT: [libjvm.so+0xbff7b0], sa_mask[0]=11111111011111111101111111111110, sa_flags=SA_RESTART|SA_SIGINFO


---------------  S Y S T E M  ---------------

OS:DISTRIB_ID=Ubuntu
DISTRIB_RELEASE=18.04
DISTRIB_CODENAME=bionic
DISTRIB_DESCRIPTION="Ubuntu 18.04.2 LTS"
uname:Linux 4.15.0-47-generic #50-Ubuntu SMP Wed Mar 13 10:44:52 UTC 2019 x86_64
libc:glibc 2.27 NPTL 2.27 
rlimit: STACK 8192k, CORE 0k, NPROC 30766, NOFILE 1048576, AS infinity, DATA infinity, FSIZE infinity
load average:2.45 1.98 1.84

/proc/meminfo:
MemTotal:        7921576 kB
MemFree:          425640 kB
MemAvailable:    3670032 kB
Buffers:          491144 kB
Cached:          3178104 kB
SwapCached:            0 kB
Active:          5549028 kB
Inactive:        1378344 kB
Active(anon):    3171996 kB
Inactive(anon):   523416 kB
Active(file):    2377032 kB
Inactive(file):   854928 kB
Unevictable:          64 kB
Mlocked:              64 kB
SwapTotal:       2097148 kB
SwapFree:        2097148 kB
Dirty:              7428 kB
Writeback:             0 kB
AnonPages:       3258224 kB
Mapped:           558592 kB
Shmem:            438160 kB
Slab:             396252 kB
SReclaimable:     321484 kB
SUnreclaim:        74768 kB
KernelStack:       18144 kB
PageTables:        68296 kB
NFS_Unstable:          0 kB
Bounce:                0 kB
WritebackTmp:          0 kB
CommitLimit:     6057936 kB
Committed_AS:   11262804 kB
VmallocTotal:   34359738367 kB
VmallocUsed:           0 kB
VmallocChunk:          0 kB
HardwareCorrupted:     0 kB
AnonHugePages:      2048 kB
ShmemHugePages:        0 kB
ShmemPmdMapped:        0 kB
CmaTotal:              0 kB
CmaFree:               0 kB
HugePages_Total:       0
HugePages_Free:        0
HugePages_Rsvd:        0
HugePages_Surp:        0
Hugepagesize:       2048 kB
DirectMap4k:      327220 kB
DirectMap2M:     7813120 kB
DirectMap1G:           0 kB


/proc/sys/kernel/threads-max (system-wide limit on the number of threads):
61533


/proc/sys/vm/max_map_count (maximum number of memory map areas a process may have):
65530


/proc/sys/kernel/pid_max (system-wide limit on number of process identifiers):
32768



container (cgroup) information:
container_type: cgroupv1
cpu_cpuset_cpus: 0-7
cpu_memory_nodes: 0
active_processor_count: 8
cpu_quota: -1
cpu_period: 100000
cpu_shares: -1
memory_limit_in_bytes: -1
memory_and_swap_limit_in_bytes: -2
memory_soft_limit_in_bytes: -1
memory_usage_in_bytes: 7094697984
memory_max_usage_in_bytes: 13402112


CPU:total 8 (initial active 8) (4 cores per cpu, 2 threads per core) family 6 model 142 stepping 10, cmov, cx8, fxsr, mmx, sse, sse2, sse3, ssse3, sse4.1, sse4.2, popcnt, avx, avx2, aes, clmul, erms, 3dnowpref, lzcnt, ht, tsc, tscinvbit, bmi1, bmi2, adx, fma
CPU Model and flags from /proc/cpuinfo:
model name	: Intel(R) Core(TM) i5-8250U CPU @ 1.60GHz
flags		: fpu vme de pse tsc msr pae mce cx8 apic sep mtrr pge mca cmov pat pse36 clflush dts acpi mmx fxsr sse sse2 ss ht tm pbe syscall nx pdpe1gb rdtscp lm constant_tsc art arch_perfmon pebs bts rep_good nopl xtopology nonstop_tsc cpuid aperfmperf tsc_known_freq pni pclmulqdq dtes64 monitor ds_cpl vmx est tm2 ssse3 sdbg fma cx16 xtpr pdcm pcid sse4_1 sse4_2 x2apic movbe popcnt tsc_deadline_timer aes xsave avx f16c rdrand lahf_lm abm 3dnowprefetch cpuid_fault epb invpcid_single pti ssbd ibrs ibpb stibp tpr_shadow vnmi flexpriority ept vpid fsgsbase tsc_adjust bmi1 avx2 smep bmi2 erms invpcid mpx rdseed adx smap clflushopt intel_pt xsaveopt xsavec xgetbv1 xsaves dtherm ida arat pln pts hwp hwp_notify hwp_act_window hwp_epp flush_l1d

Memory: 4k page, physical 7921576k(425640k free), swap 2097148k(2097148k free)

vm_info: Java HotSpot(TM) 64-Bit Server VM (11.0.2+9-LTS) for linux-amd64 JRE (11.0.2+9-LTS), built on Jan 17 2019 21:22:50 by "mach5one" with gcc 7.3.0

END.
