#
# A fatal error has been detected by the Java Runtime Environment:
#
#  SIGSEGV (0xb) at pc=0x00007fa1ab116f40, pid=28407, tid=28523
#
# JRE version: Java(TM) SE Runtime Environment (11.0.2+9) (build 11.0.2+9-LTS)
# Java VM: Java HotSpot(TM) 64-Bit Server VM (11.0.2+9-LTS, mixed mode, tiered, compressed oops, g1 gc, linux-amd64)
# Problematic frame:
# C  [sqlite-3.25.2-d248c53a-4a64-4e03-adf9-b6bad86ac84f-libsqlitejdbc.so+0x13f40]
#
# Core dump will be written. Default location: Core dumps may be processed with "/usr/share/apport/apport %p %s %c %d %P" (or dumping to /home/raghav/IdeaProjects/ApplianceRecords/core.28407)
#
# If you would like to submit a bug report, please visit:
#   http://bugreport.java.com/bugreport/crash.jsp
# The crash happened outside the Java Virtual Machine in native code.
# See problematic frame for where to report the bug.
#

---------------  S U M M A R Y ------------

Command Line: -Dclassworlds.conf=/usr/share/maven/bin/m2.conf -Dmaven.home=/usr/share/maven -Dlibrary.jansi.path=/usr/share/maven/lib/jansi-native -Dmaven.multiModuleProjectDirectory=/home/raghav/IdeaProjects/ApplianceRecords org.codehaus.plexus.classworlds.launcher.Launcher jetty:run

Host: Intel(R) Core(TM) i5-8250U CPU @ 1.60GHz, 8 cores, 7G, Ubuntu 18.04.2 LTS
Time: Tue Apr 30 17:15:53 2019 IST elapsed time: 5 seconds (0d 0h 0m 5s)

---------------  T H R E A D  ---------------

Current thread (0x00007fa25d539000):  JavaThread "qtp104070545-17" [_thread_in_native, id=28523, stack(0x00007fa2192f2000,0x00007fa2193f3000)]

Stack: [0x00007fa2192f2000,0x00007fa2193f3000],  sp=0x00007fa2193ef5c0,  free space=1013k
Native frames: (J=compiled Java code, A=aot compiled Java code, j=interpreted, Vv=VM code, C=native code)
C  [sqlite-3.25.2-d248c53a-4a64-4e03-adf9-b6bad86ac84f-libsqlitejdbc.so+0x13f40]

Java frames: (J=compiled Java code, j=interpreted, Vv=VM code)
j  org.sqlite.core.NativeDB.column_name_utf8(JI)[B+0
j  org.sqlite.core.NativeDB.column_name(JI)Ljava/lang/String;+3
j  org.sqlite.core.DB.column_names(J)[Ljava/lang/String;+26
j  org.sqlite.jdbc3.JDBC3Statement.getResultSet()Ljava/sql/ResultSet;+64
j  org.sqlite.jdbc3.JDBC3Statement.executeQuery(Ljava/lang/String;)Ljava/sql/ResultSet;+46
j  com.appliancerecords.controller.DataLink.getDetails()V+10
j  com.appliancerecords.controller.Controller.addToPage()V+4
j  com.appliancerecords.controller.Controller.index()Lorg/springframework/web/servlet/ModelAndView;+1
v  ~StubRoutines::call_stub
J 4699  jdk.internal.reflect.NativeMethodAccessorImpl.invoke0(Ljava/lang/reflect/Method;Ljava/lang/Object;[Ljava/lang/Object;)Ljava/lang/Object; java.base@11.0.2 (0 bytes) @ 0x00007fa24c960437 [0x00007fa24c9603c0+0x0000000000000077]
J 3305 c1 jdk.internal.reflect.NativeMethodAccessorImpl.invoke(Ljava/lang/Object;[Ljava/lang/Object;)Ljava/lang/Object; java.base@11.0.2 (104 bytes) @ 0x00007fa245868ba4 [0x00007fa245867fc0+0x0000000000000be4]
J 2741 c1 jdk.internal.reflect.DelegatingMethodAccessorImpl.invoke(Ljava/lang/Object;[Ljava/lang/Object;)Ljava/lang/Object; java.base@11.0.2 (10 bytes) @ 0x00007fa2457ac55c [0x00007fa2457ac460+0x00000000000000fc]
J 4678 c1 java.lang.reflect.Method.invoke(Ljava/lang/Object;[Ljava/lang/Object;)Ljava/lang/Object; java.base@11.0.2 (65 bytes) @ 0x00007fa245ba5514 [0x00007fa245ba5400+0x0000000000000114]
j  org.springframework.web.method.support.InvocableHandlerMethod.doInvoke([Ljava/lang/Object;)Ljava/lang/Object;+16
j  org.springframework.web.method.support.InvocableHandlerMethod.invokeForRequest(Lorg/springframework/web/context/request/NativeWebRequest;Lorg/springframework/web/method/support/ModelAndViewContainer;[Ljava/lang/Object;)Ljava/lang/Object;+56
j  org.springframework.web.servlet.mvc.method.annotation.ServletInvocableHandlerMethod.invokeAndHandle(Lorg/springframework/web/context/request/ServletWebRequest;Lorg/springframework/web/method/support/ModelAndViewContainer;[Ljava/lang/Object;)V+4
j  org.springframework.web.servlet.mvc.method.annotation.RequestMappingHandlerAdapter.invokeHandlerMethod(Ljavax/servlet/http/HttpServletRequest;Ljavax/servlet/http/HttpServletResponse;Lorg/springframework/web/method/HandlerMethod;)Lorg/springframework/web/servlet/ModelAndView;+244
j  org.springframework.web.servlet.mvc.method.annotation.RequestMappingHandlerAdapter.handleInternal(Ljavax/servlet/http/HttpServletRequest;Ljavax/servlet/http/HttpServletResponse;Lorg/springframework/web/method/HandlerMethod;)Lorg/springframework/web/servlet/ModelAndView;+81
j  org.springframework.web.servlet.mvc.method.AbstractHandlerMethodAdapter.handle(Ljavax/servlet/http/HttpServletRequest;Ljavax/servlet/http/HttpServletResponse;Ljava/lang/Object;)Lorg/springframework/web/servlet/ModelAndView;+7
j  org.springframework.web.servlet.DispatcherServlet.doDispatch(Ljavax/servlet/http/HttpServletRequest;Ljavax/servlet/http/HttpServletResponse;)V+257
j  org.springframework.web.servlet.DispatcherServlet.doService(Ljavax/servlet/http/HttpServletRequest;Ljavax/servlet/http/HttpServletResponse;)V+212
j  org.springframework.web.servlet.FrameworkServlet.processRequest(Ljavax/servlet/http/HttpServletRequest;Ljavax/servlet/http/HttpServletResponse;)V+71
j  org.springframework.web.servlet.FrameworkServlet.doGet(Ljavax/servlet/http/HttpServletRequest;Ljavax/servlet/http/HttpServletResponse;)V+3
j  javax.servlet.http.HttpServlet.service(Ljavax/servlet/http/HttpServletRequest;Ljavax/servlet/http/HttpServletResponse;)V+35
j  org.springframework.web.servlet.FrameworkServlet.service(Ljavax/servlet/http/HttpServletRequest;Ljavax/servlet/http/HttpServletResponse;)V+33
j  javax.servlet.http.HttpServlet.service(Ljavax/servlet/ServletRequest;Ljavax/servlet/ServletResponse;)V+39
j  org.eclipse.jetty.servlet.ServletHolder.handle(Lorg/eclipse/jetty/server/Request;Ljavax/servlet/ServletRequest;Ljavax/servlet/ServletResponse;)V+129
j  org.eclipse.jetty.servlet.ServletHandler$CachedChain.doFilter(Ljavax/servlet/ServletRequest;Ljavax/servlet/ServletResponse;)V+214
j  org.eclipse.jetty.websocket.server.WebSocketUpgradeFilter.doFilter(Ljavax/servlet/ServletRequest;Ljavax/servlet/ServletResponse;Ljavax/servlet/FilterChain;)V+117
j  org.eclipse.jetty.servlet.ServletHandler$CachedChain.doFilter(Ljavax/servlet/ServletRequest;Ljavax/servlet/ServletResponse;)V+126
j  org.eclipse.jetty.servlet.ServletHandler.doHandle(Ljava/lang/String;Lorg/eclipse/jetty/server/Request;Ljavax/servlet/http/HttpServletRequest;Ljavax/servlet/http/HttpServletResponse;)V+194
j  org.eclipse.jetty.server.handler.ScopedHandler.handle(Ljava/lang/String;Lorg/eclipse/jetty/server/Request;Ljavax/servlet/http/HttpServletRequest;Ljavax/servlet/http/HttpServletResponse;)V+32
j  org.eclipse.jetty.security.SecurityHandler.handle(Ljava/lang/String;Lorg/eclipse/jetty/server/Request;Ljavax/servlet/http/HttpServletRequest;Ljavax/servlet/http/HttpServletResponse;)V+553
j  org.eclipse.jetty.server.handler.HandlerWrapper.handle(Ljava/lang/String;Lorg/eclipse/jetty/server/Request;Ljavax/servlet/http/HttpServletRequest;Ljavax/servlet/http/HttpServletResponse;)V+18
j  org.eclipse.jetty.server.handler.ScopedHandler.nextHandle(Ljava/lang/String;Lorg/eclipse/jetty/server/Request;Ljavax/servlet/http/HttpServletRequest;Ljavax/servlet/http/HttpServletResponse;)V+46
j  org.eclipse.jetty.server.session.SessionHandler.doHandle(Ljava/lang/String;Lorg/eclipse/jetty/server/Request;Ljavax/servlet/http/HttpServletRequest;Ljavax/servlet/http/HttpServletResponse;)V+6
j  org.eclipse.jetty.server.handler.ScopedHandler.nextHandle(Ljava/lang/String;Lorg/eclipse/jetty/server/Request;Ljavax/servlet/http/HttpServletRequest;Ljavax/servlet/http/HttpServletResponse;)V+27
j  org.eclipse.jetty.server.handler.ContextHandler.doHandle(Ljava/lang/String;Lorg/eclipse/jetty/server/Request;Ljavax/servlet/http/HttpServletRequest;Ljavax/servlet/http/HttpServletResponse;)V+141
j  org.eclipse.jetty.server.handler.ScopedHandler.nextScope(Ljava/lang/String;Lorg/eclipse/jetty/server/Request;Ljavax/servlet/http/HttpServletRequest;Ljavax/servlet/http/HttpServletResponse;)V+38
j  org.eclipse.jetty.servlet.ServletHandler.doScope(Ljava/lang/String;Lorg/eclipse/jetty/server/Request;Ljavax/servlet/http/HttpServletRequest;Ljavax/servlet/http/HttpServletResponse;)V+188
j  org.eclipse.jetty.server.session.SessionHandler.doScope(Ljava/lang/String;Lorg/eclipse/jetty/server/Request;Ljavax/servlet/http/HttpServletRequest;Ljavax/servlet/http/HttpServletResponse;)V+206
j  org.eclipse.jetty.server.handler.ScopedHandler.nextScope(Ljava/lang/String;Lorg/eclipse/jetty/server/Request;Ljavax/servlet/http/HttpServletRequest;Ljavax/servlet/http/HttpServletResponse;)V+16
j  org.eclipse.jetty.server.handler.ContextHandler.doScope(Ljava/lang/String;Lorg/eclipse/jetty/server/Request;Ljavax/servlet/http/HttpServletRequest;Ljavax/servlet/http/HttpServletResponse;)V+426
j  org.eclipse.jetty.server.handler.ScopedHandler.handle(Ljava/lang/String;Lorg/eclipse/jetty/server/Request;Ljavax/servlet/http/HttpServletRequest;Ljavax/servlet/http/HttpServletResponse;)V+20
j  org.eclipse.jetty.server.handler.ContextHandlerCollection.handle(Ljava/lang/String;Lorg/eclipse/jetty/server/Request;Ljavax/servlet/http/HttpServletRequest;Ljavax/servlet/http/HttpServletResponse;)V+224
j  org.eclipse.jetty.server.handler.HandlerCollection.handle(Ljava/lang/String;Lorg/eclipse/jetty/server/Request;Ljavax/servlet/http/HttpServletRequest;Ljavax/servlet/http/HttpServletResponse;)V+42
j  org.eclipse.jetty.server.handler.HandlerWrapper.handle(Ljava/lang/String;Lorg/eclipse/jetty/server/Request;Ljavax/servlet/http/HttpServletRequest;Ljavax/servlet/http/HttpServletResponse;)V+18
j  org.eclipse.jetty.server.Server.handle(Lorg/eclipse/jetty/server/HttpChannel;)V+141
j  org.eclipse.jetty.server.HttpChannel.handle()Z+332
j  org.eclipse.jetty.server.HttpConnection.onFillable()V+137
j  org.eclipse.jetty.io.AbstractConnection$ReadCallback.succeeded()V+4
j  org.eclipse.jetty.io.FillInterest.fillable()Z+57
j  org.eclipse.jetty.io.ChannelEndPoint$2.run()V+7
j  org.eclipse.jetty.util.thread.QueuedThreadPool.runJob(Ljava/lang/Runnable;)V+1
j  org.eclipse.jetty.util.thread.QueuedThreadPool$2.run()V+104
j  java.lang.Thread.run()V+11 java.base@11.0.2
v  ~StubRoutines::call_stub

siginfo: si_signo: 11 (SIGSEGV), si_code: 128 (SI_KERNEL), si_addr: 0x0000000000000000

Register to memory mapping:

RAX=0x0000000000000001 is an unknown value
RBX=0x0 is NULL
RCX=0x0 is NULL
RDX=0x00007fa1ab159600: <offset 0x0000000000056600> in /tmp/sqlite-3.25.2-d248c53a-4a64-4e03-adf9-b6bad86ac84f-libsqlitejdbc.so at 0x00007fa1ab103000
RSP=0x00007fa2193ef5c0 is pointing into the stack for thread: 0x00007fa25d539000
RBP=0x00007fa1e032a328 points into unknown readable memory: 73 65 6c 65 63 74 20 44
RSI=0x0 is NULL
RDI=0x00007fa1e032a328 points into unknown readable memory: 73 65 6c 65 63 74 20 44
R8 =0x000000008d7bdae0 is an oop: org.sqlite.core.NativeDB 
{0x000000008d7bdae0} - klass: 'org/sqlite/core/NativeDB'
R9 =0x00007fa25d539000 is a thread
R10=0x00007fa244c52453 is at code_begin+1299 in an Interpreter codelet
method entry point (kind = native_synchronized)  [0x00007fa244c51f40, 0x00007fa244c52b20]  3040 bytes
R11=0x0000000000000120 is an unknown value
R12=0x0 is NULL
R13=0x0000000000000001 is an unknown value
R14=0x44207463656c6573 is an unknown value
R15=0x00007fa1ab159600: <offset 0x0000000000056600> in /tmp/sqlite-3.25.2-d248c53a-4a64-4e03-adf9-b6bad86ac84f-libsqlitejdbc.so at 0x00007fa1ab103000


Registers:
RAX=0x0000000000000001, RBX=0x0000000000000000, RCX=0x0000000000000000, RDX=0x00007fa1ab159600
RSP=0x00007fa2193ef5c0, RBP=0x00007fa1e032a328, RSI=0x0000000000000000, RDI=0x00007fa1e032a328
R8 =0x000000008d7bdae0, R9 =0x00007fa25d539000, R10=0x00007fa244c52453, R11=0x0000000000000120
R12=0x0000000000000000, R13=0x0000000000000001, R14=0x44207463656c6573, R15=0x00007fa1ab159600
RIP=0x00007fa1ab116f40, EFLAGS=0x0000000000010246, CSGSFS=0x002b000000000033, ERR=0x0000000000000000
  TRAPNO=0x000000000000000d

Top of Stack: (sp=0x00007fa2193ef5c0)
0x00007fa2193ef5c0:   00007fa2193ef640 0000000000000000
0x00007fa2193ef5d0:   00007fa25d539340 0000000000000000
0x00007fa2193ef5e0:   00007fa1ab42fb80 00007fa2193ef6d0
0x00007fa2193ef5f0:   00007fa25d539000 00007fa1ab1103b2 

Instructions: (pc=0x00007fa1ab116f40)
0x00007fa1ab116f20:   74 24 f0 48 83 ec 38 49 89 d7 41 89 cc 4c 8b 37
0x00007fa1ab116f30:   e8 8b ff ff ff 39 d8 41 89 c5 7e 46 85 db 78 42
0x00007fa1ab116f40:   49 8b 7e 18 45 0f af e5 e8 b3 a6 ff ff 41 8d 3c
0x00007fa1ab116f50:   1c 48 63 ff 48 8d 04 fd 00 00 00 00 48 c1 e7 06 

Stack slot to memory mapping:
stack at sp + 0 slots: 0x00007fa2193ef640 is pointing into the stack for thread: 0x00007fa25d539000
stack at sp + 1 slots: 0x0 is NULL
stack at sp + 2 slots: 0x00007fa25d539340 points into unknown readable memory: 00 c0 f3 62 a2 7f 00 00
stack at sp + 3 slots: 0x0 is NULL
stack at sp + 4 slots: {method} {0x00007fa1ab42fb80} 'column_name_utf8' '(JI)[B' in 'org/sqlite/core/NativeDB'
stack at sp + 5 slots: 0x00007fa2193ef6d0 is pointing into the stack for thread: 0x00007fa25d539000
stack at sp + 6 slots: 0x00007fa25d539000 is a thread
stack at sp + 7 slots: 0x00007fa1ab1103b2: Java_org_sqlite_core_NativeDB_column_1name_1utf8+0x0000000000000042 in /tmp/sqlite-3.25.2-d248c53a-4a64-4e03-adf9-b6bad86ac84f-libsqlitejdbc.so at 0x00007fa1ab103000


---------------  P R O C E S S  ---------------

Threads class SMR info:
_java_thread_list=0x00007fa25d8381d0, length=22, elements={
0x00007fa25c012000, 0x00007fa25c15d800, 0x00007fa25c161800, 0x00007fa25c174000,
0x00007fa25c176000, 0x00007fa25c178000, 0x00007fa25c17a000, 0x00007fa25c201000,
0x00007fa25c215000, 0x00007fa210232000, 0x00007fa21028a000, 0x00007fa25d533800,
0x00007fa25d535000, 0x00007fa25d537000, 0x00007fa25d539000, 0x00007fa25d53b000,
0x00007fa25d53d000, 0x00007fa25d53e800, 0x00007fa25d540800, 0x00007fa1d0001000,
0x00007fa1d4002000, 0x00007fa25d837800
}

Java Threads: ( => current thread )
  0x00007fa25c012000 JavaThread "main" [_thread_blocked, id=28429, stack(0x00007fa263d08000,0x00007fa263e09000)]
  0x00007fa25c15d800 JavaThread "Reference Handler" daemon [_thread_blocked, id=28436, stack(0x00007fa238717000,0x00007fa238818000)]
  0x00007fa25c161800 JavaThread "Finalizer" daemon [_thread_blocked, id=28437, stack(0x00007fa238616000,0x00007fa238717000)]
  0x00007fa25c174000 JavaThread "Signal Dispatcher" daemon [_thread_blocked, id=28438, stack(0x00007fa238515000,0x00007fa238616000)]
  0x00007fa25c176000 JavaThread "C2 CompilerThread0" daemon [_thread_in_native, id=28439, stack(0x00007fa238414000,0x00007fa238515000)]
  0x00007fa25c178000 JavaThread "C1 CompilerThread0" daemon [_thread_blocked, id=28440, stack(0x00007fa238313000,0x00007fa238414000)]
  0x00007fa25c17a000 JavaThread "Sweeper thread" daemon [_thread_blocked, id=28441, stack(0x00007fa238212000,0x00007fa238313000)]
  0x00007fa25c201000 JavaThread "Service Thread" daemon [_thread_blocked, id=28442, stack(0x00007fa238111000,0x00007fa238212000)]
  0x00007fa25c215000 JavaThread "Common-Cleaner" daemon [_thread_blocked, id=28444, stack(0x00007fa21b530000,0x00007fa21b631000)]
  0x00007fa210232000 JavaThread "C2 CompilerThread1" daemon [_thread_in_vm, id=28445, stack(0x00007fa21ae06000,0x00007fa21af07000)]
  0x00007fa21028a000 JavaThread "C2 CompilerThread2" daemon [_thread_in_native, id=28446, stack(0x00007fa21ab05000,0x00007fa21ac06000)]
  0x00007fa25d533800 JavaThread "qtp104070545-14" [_thread_blocked, id=28520, stack(0x00007fa2195f5000,0x00007fa2196f6000)]
  0x00007fa25d535000 JavaThread "qtp104070545-15" [_thread_in_native, id=28521, stack(0x00007fa2194f4000,0x00007fa2195f5000)]
  0x00007fa25d537000 JavaThread "qtp104070545-16" [_thread_blocked, id=28522, stack(0x00007fa2193f3000,0x00007fa2194f4000)]
=>0x00007fa25d539000 JavaThread "qtp104070545-17" [_thread_in_native, id=28523, stack(0x00007fa2192f2000,0x00007fa2193f3000)]
  0x00007fa25d53b000 JavaThread "qtp104070545-18" [_thread_blocked, id=28524, stack(0x00007fa2191f1000,0x00007fa2192f2000)]
  0x00007fa25d53d000 JavaThread "qtp104070545-19" [_thread_blocked, id=28525, stack(0x00007fa2190f0000,0x00007fa2191f1000)]
  0x00007fa25d53e800 JavaThread "qtp104070545-20" [_thread_in_native, id=28526, stack(0x00007fa218fef000,0x00007fa2190f0000)]
  0x00007fa25d540800 JavaThread "qtp104070545-21" [_thread_in_native, id=28527, stack(0x00007fa218eee000,0x00007fa218fef000)]
  0x00007fa1d0001000 JavaThread "qtp104070545-22" [_thread_in_native, id=28528, stack(0x00007fa218bed000,0x00007fa218cee000)]
  0x00007fa1d4002000 JavaThread "qtp104070545-23-acceptor-0@7605c02b-ServerConnector@43b8f96a{HTTP/1.1,[http/1.1]}{0.0.0.0:8080}" [_thread_in_native, id=28535, stack(0x00007fa2184e0000,0x00007fa2185e1000)]
  0x00007fa25d837800 JavaThread "Scheduler-1591492137" [_thread_blocked, id=28563, stack(0x00007fa2181df000,0x00007fa2182e0000)]

Other Threads:
  0x00007fa25c155000 VMThread "VM Thread" [stack: 0x00007fa23881a000,0x00007fa23891a000] [id=28435]
  0x00007fa25c20b800 WatcherThread [stack: 0x00007fa238011000,0x00007fa238111000] [id=28443]
  0x00007fa25c03a000 GCTaskThread "GC Thread#0" [stack: 0x00007fa260219000,0x00007fa260319000] [id=28430]
  0x00007fa228001000 GCTaskThread "GC Thread#1" [stack: 0x00007fa21aa05000,0x00007fa21ab05000] [id=28447]
  0x00007fa228008000 GCTaskThread "GC Thread#2" [stack: 0x00007fa218aed000,0x00007fa218bed000] [id=28529]
  0x00007fa228009800 GCTaskThread "GC Thread#3" [stack: 0x00007fa2189eb000,0x00007fa218aeb000] [id=28530]
  0x00007fa22800b800 GCTaskThread "GC Thread#4" [stack: 0x00007fa2188e9000,0x00007fa2189e9000] [id=28531]
  0x00007fa22800d000 GCTaskThread "GC Thread#5" [stack: 0x00007fa2187e7000,0x00007fa2188e7000] [id=28532]
  0x00007fa22800f000 GCTaskThread "GC Thread#6" [stack: 0x00007fa2186e5000,0x00007fa2187e5000] [id=28533]
  0x00007fa228010800 GCTaskThread "GC Thread#7" [stack: 0x00007fa2185e3000,0x00007fa2186e3000] [id=28534]
  0x00007fa25c06a800 ConcurrentGCThread "G1 Main Marker" [stack: 0x00007fa244175000,0x00007fa244275000] [id=28431]
  0x00007fa25c06c000 ConcurrentGCThread "G1 Conc#0" [stack: 0x00007fa244073000,0x00007fa244173000] [id=28432]
  0x00007fa234001000 ConcurrentGCThread "G1 Conc#1" [stack: 0x00007fa21a103000,0x00007fa21a203000] [id=28477]
  0x00007fa25c0f3000 ConcurrentGCThread "G1 Refine#0" [stack: 0x00007fa2392fa000,0x00007fa2393fa000] [id=28433]
  0x00007fa25c0f5000 ConcurrentGCThread "G1 Young RemSet Sampling" [stack: 0x00007fa2391f8000,0x00007fa2392f8000] [id=28434]

Threads with active compile tasks:
C2 CompilerThread05613       4       java.net.URLClassLoader$1::run (5 bytes)
C2 CompilerThread15634       4       jdk.internal.module.SystemModuleFinders$SystemModuleReader::find (54 bytes)
C2 CompilerThread25487       4       org.codehaus.plexus.classworlds.realm.ClassRealm::loadClass (7 bytes)

VM state:not at safepoint (normal execution)

VM Mutex/Monitor currently owned by a thread: None

Heap address: 0x0000000087200000, size: 1934 MB, Compressed Oops mode: 32-bit
Narrow klass base: 0x0000000000000000, Narrow klass shift: 3
Compressed class space size: 1073741824 Address: 0x0000000100000000

Heap:
 garbage-first heap   total 150528K, used 71979K [0x0000000087200000, 0x0000000100000000)
  region size 1024K, 54 young (55296K), 7 survivors (7168K)
 Metaspace       used 43502K, capacity 44665K, committed 44828K, reserved 1089536K
  class space    used 4849K, capacity 5250K, committed 5324K, reserved 1048576K
Heap Regions: E=young(eden), S=young(survivor), O=old, HS=humongous(starts), HC=humongous(continues), CS=collection set, F=free, A=archive, TAMS=top-at-mark-start (previous, next)
|   0|0x0000000087200000, 0x0000000087300000, 0x0000000087300000|100%| O|  |TAMS 0x0000000087300000, 0x0000000087200000| Untracked 
|   1|0x0000000087300000, 0x0000000087400000, 0x0000000087400000|100%| O|  |TAMS 0x0000000087400000, 0x0000000087300000| Untracked 
|   2|0x0000000087400000, 0x0000000087500000, 0x0000000087500000|100%| O|  |TAMS 0x0000000087500000, 0x0000000087400000| Untracked 
|   3|0x0000000087500000, 0x0000000087600000, 0x0000000087600000|100%| O|  |TAMS 0x0000000087600000, 0x0000000087500000| Untracked 
|   4|0x0000000087600000, 0x0000000087700000, 0x0000000087700000|100%| O|  |TAMS 0x0000000087700000, 0x0000000087600000| Untracked 
|   5|0x0000000087700000, 0x0000000087800000, 0x0000000087800000|100%| O|  |TAMS 0x0000000087800000, 0x0000000087700000| Untracked 
|   6|0x0000000087800000, 0x0000000087900000, 0x0000000087900000|100%| O|  |TAMS 0x0000000087900000, 0x0000000087800000| Untracked 
|   7|0x0000000087900000, 0x0000000087a00000, 0x0000000087a00000|100%| O|  |TAMS 0x0000000087a00000, 0x0000000087900000| Untracked 
|   8|0x0000000087a00000, 0x0000000087b00000, 0x0000000087b00000|100%| O|  |TAMS 0x0000000087b00000, 0x0000000087a00000| Untracked 
|   9|0x0000000087b00000, 0x0000000087c00000, 0x0000000087c00000|100%| O|  |TAMS 0x0000000087c00000, 0x0000000087b00000| Untracked 
|  10|0x0000000087c00000, 0x0000000087d00000, 0x0000000087d00000|100%| O|  |TAMS 0x0000000087d00000, 0x0000000087c00000| Untracked 
|  11|0x0000000087d00000, 0x0000000087e00000, 0x0000000087e00000|100%| O|  |TAMS 0x0000000087e00000, 0x0000000087d00000| Untracked 
|  12|0x0000000087e00000, 0x0000000087f00000, 0x0000000087f00000|100%| O|  |TAMS 0x0000000087f00000, 0x0000000087e00000| Untracked 
|  13|0x0000000087f00000, 0x0000000088000000, 0x0000000088000000|100%| O|  |TAMS 0x0000000088000000, 0x0000000087f00000| Untracked 
|  14|0x0000000088000000, 0x0000000088100000, 0x0000000088100000|100%| O|  |TAMS 0x0000000088100000, 0x0000000088000000| Untracked 
|  15|0x0000000088100000, 0x0000000088200000, 0x0000000088200000|100%| O|  |TAMS 0x0000000088200000, 0x0000000088100000| Untracked 
|  16|0x0000000088200000, 0x0000000088300000, 0x0000000088300000|100%| O|  |TAMS 0x0000000088300000, 0x0000000088200000| Untracked 
|  17|0x0000000088300000, 0x000000008835ec00, 0x0000000088400000| 37%| O|  |TAMS 0x000000008835ec00, 0x0000000088300000| Untracked 
|  18|0x0000000088400000, 0x0000000088400000, 0x0000000088500000|  0%| F|  |TAMS 0x0000000088400000, 0x0000000088400000| Untracked 
|  19|0x0000000088500000, 0x0000000088500000, 0x0000000088600000|  0%| F|  |TAMS 0x0000000088500000, 0x0000000088500000| Untracked 
|  20|0x0000000088600000, 0x0000000088600000, 0x0000000088700000|  0%| F|  |TAMS 0x0000000088600000, 0x0000000088600000| Untracked 
|  21|0x0000000088700000, 0x0000000088700000, 0x0000000088800000|  0%| F|  |TAMS 0x0000000088700000, 0x0000000088700000| Untracked 
|  22|0x0000000088800000, 0x0000000088800000, 0x0000000088900000|  0%| F|  |TAMS 0x0000000088800000, 0x0000000088800000| Untracked 
|  23|0x0000000088900000, 0x0000000088900000, 0x0000000088a00000|  0%| F|  |TAMS 0x0000000088900000, 0x0000000088900000| Untracked 
|  24|0x0000000088a00000, 0x0000000088a00000, 0x0000000088b00000|  0%| F|  |TAMS 0x0000000088a00000, 0x0000000088a00000| Untracked 
|  25|0x0000000088b00000, 0x0000000088b00000, 0x0000000088c00000|  0%| F|  |TAMS 0x0000000088b00000, 0x0000000088b00000| Untracked 
|  26|0x0000000088c00000, 0x0000000088c00000, 0x0000000088d00000|  0%| F|  |TAMS 0x0000000088c00000, 0x0000000088c00000| Untracked 
|  27|0x0000000088d00000, 0x0000000088d00000, 0x0000000088e00000|  0%| F|  |TAMS 0x0000000088d00000, 0x0000000088d00000| Untracked 
|  28|0x0000000088e00000, 0x0000000088e00000, 0x0000000088f00000|  0%| F|  |TAMS 0x0000000088e00000, 0x0000000088e00000| Untracked 
|  29|0x0000000088f00000, 0x0000000088f00000, 0x0000000089000000|  0%| F|  |TAMS 0x0000000088f00000, 0x0000000088f00000| Untracked 
|  30|0x0000000089000000, 0x0000000089000000, 0x0000000089100000|  0%| F|  |TAMS 0x0000000089000000, 0x0000000089000000| Untracked 
|  31|0x0000000089100000, 0x0000000089100000, 0x0000000089200000|  0%| F|  |TAMS 0x0000000089100000, 0x0000000089100000| Untracked 
|  32|0x0000000089200000, 0x0000000089200000, 0x0000000089300000|  0%| F|  |TAMS 0x0000000089200000, 0x0000000089200000| Untracked 
|  33|0x0000000089300000, 0x0000000089300000, 0x0000000089400000|  0%| F|  |TAMS 0x0000000089300000, 0x0000000089300000| Untracked 
|  34|0x0000000089400000, 0x0000000089400000, 0x0000000089500000|  0%| F|  |TAMS 0x0000000089400000, 0x0000000089400000| Untracked 
|  35|0x0000000089500000, 0x0000000089500000, 0x0000000089600000|  0%| F|  |TAMS 0x0000000089500000, 0x0000000089500000| Untracked 
|  36|0x0000000089600000, 0x0000000089600000, 0x0000000089700000|  0%| F|  |TAMS 0x0000000089600000, 0x0000000089600000| Untracked 
|  37|0x0000000089700000, 0x0000000089700000, 0x0000000089800000|  0%| F|  |TAMS 0x0000000089700000, 0x0000000089700000| Untracked 
|  38|0x0000000089800000, 0x0000000089800000, 0x0000000089900000|  0%| F|  |TAMS 0x0000000089800000, 0x0000000089800000| Untracked 
|  39|0x0000000089900000, 0x0000000089900000, 0x0000000089a00000|  0%| F|  |TAMS 0x0000000089900000, 0x0000000089900000| Untracked 
|  40|0x0000000089a00000, 0x0000000089a00000, 0x0000000089b00000|  0%| F|  |TAMS 0x0000000089a00000, 0x0000000089a00000| Untracked 
|  41|0x0000000089b00000, 0x0000000089b00000, 0x0000000089c00000|  0%| F|  |TAMS 0x0000000089b00000, 0x0000000089b00000| Untracked 
|  42|0x0000000089c00000, 0x0000000089c00000, 0x0000000089d00000|  0%| F|  |TAMS 0x0000000089c00000, 0x0000000089c00000| Untracked 
|  43|0x0000000089d00000, 0x0000000089d00000, 0x0000000089e00000|  0%| F|  |TAMS 0x0000000089d00000, 0x0000000089d00000| Untracked 
|  44|0x0000000089e00000, 0x0000000089e00000, 0x0000000089f00000|  0%| F|  |TAMS 0x0000000089e00000, 0x0000000089e00000| Untracked 
|  45|0x0000000089f00000, 0x0000000089f00000, 0x000000008a000000|  0%| F|  |TAMS 0x0000000089f00000, 0x0000000089f00000| Untracked 
|  46|0x000000008a000000, 0x000000008a000000, 0x000000008a100000|  0%| F|  |TAMS 0x000000008a000000, 0x000000008a000000| Untracked 
|  47|0x000000008a100000, 0x000000008a100000, 0x000000008a200000|  0%| F|  |TAMS 0x000000008a100000, 0x000000008a100000| Untracked 
|  48|0x000000008a200000, 0x000000008a200000, 0x000000008a300000|  0%| F|  |TAMS 0x000000008a200000, 0x000000008a200000| Untracked 
|  49|0x000000008a300000, 0x000000008a300000, 0x000000008a400000|  0%| F|  |TAMS 0x000000008a300000, 0x000000008a300000| Untracked 
|  50|0x000000008a400000, 0x000000008a400000, 0x000000008a500000|  0%| F|  |TAMS 0x000000008a400000, 0x000000008a400000| Untracked 
|  51|0x000000008a500000, 0x000000008a500000, 0x000000008a600000|  0%| F|  |TAMS 0x000000008a500000, 0x000000008a500000| Untracked 
|  52|0x000000008a600000, 0x000000008a6ec158, 0x000000008a700000| 92%| S|CS|TAMS 0x000000008a600000, 0x000000008a600000| Complete 
|  53|0x000000008a700000, 0x000000008a800000, 0x000000008a800000|100%| S|CS|TAMS 0x000000008a700000, 0x000000008a700000| Complete 
|  54|0x000000008a800000, 0x000000008a900000, 0x000000008a900000|100%| S|CS|TAMS 0x000000008a800000, 0x000000008a800000| Complete 
|  55|0x000000008a900000, 0x000000008aa00000, 0x000000008aa00000|100%| S|CS|TAMS 0x000000008a900000, 0x000000008a900000| Complete 
|  56|0x000000008aa00000, 0x000000008ab00000, 0x000000008ab00000|100%| S|CS|TAMS 0x000000008aa00000, 0x000000008aa00000| Complete 
|  57|0x000000008ab00000, 0x000000008ac00000, 0x000000008ac00000|100%| S|CS|TAMS 0x000000008ab00000, 0x000000008ab00000| Complete 
|  58|0x000000008ac00000, 0x000000008ad00000, 0x000000008ad00000|100%| S|CS|TAMS 0x000000008ac00000, 0x000000008ac00000| Complete 
|  59|0x000000008ad00000, 0x000000008ad00000, 0x000000008ae00000|  0%| F|  |TAMS 0x000000008ad00000, 0x000000008ad00000| Untracked 
|  60|0x000000008ae00000, 0x000000008ae00000, 0x000000008af00000|  0%| F|  |TAMS 0x000000008ae00000, 0x000000008ae00000| Untracked 
|  61|0x000000008af00000, 0x000000008af00000, 0x000000008b000000|  0%| F|  |TAMS 0x000000008af00000, 0x000000008af00000| Untracked 
|  62|0x000000008b000000, 0x000000008b000000, 0x000000008b100000|  0%| F|  |TAMS 0x000000008b000000, 0x000000008b000000| Untracked 
|  63|0x000000008b100000, 0x000000008b100000, 0x000000008b200000|  0%| F|  |TAMS 0x000000008b100000, 0x000000008b100000| Untracked 
|  64|0x000000008b200000, 0x000000008b200000, 0x000000008b300000|  0%| F|  |TAMS 0x000000008b200000, 0x000000008b200000| Untracked 
|  65|0x000000008b300000, 0x000000008b300000, 0x000000008b400000|  0%| F|  |TAMS 0x000000008b300000, 0x000000008b300000| Untracked 
|  66|0x000000008b400000, 0x000000008b400000, 0x000000008b500000|  0%| F|  |TAMS 0x000000008b400000, 0x000000008b400000| Untracked 
|  67|0x000000008b500000, 0x000000008b500000, 0x000000008b600000|  0%| F|  |TAMS 0x000000008b500000, 0x000000008b500000| Untracked 
|  68|0x000000008b600000, 0x000000008b600000, 0x000000008b700000|  0%| F|  |TAMS 0x000000008b600000, 0x000000008b600000| Untracked 
|  69|0x000000008b700000, 0x000000008b700000, 0x000000008b800000|  0%| F|  |TAMS 0x000000008b700000, 0x000000008b700000| Untracked 
|  70|0x000000008b800000, 0x000000008b800000, 0x000000008b900000|  0%| F|  |TAMS 0x000000008b800000, 0x000000008b800000| Untracked 
|  71|0x000000008b900000, 0x000000008b900000, 0x000000008ba00000|  0%| F|  |TAMS 0x000000008b900000, 0x000000008b900000| Untracked 
|  72|0x000000008ba00000, 0x000000008ba00000, 0x000000008bb00000|  0%| F|  |TAMS 0x000000008ba00000, 0x000000008ba00000| Untracked 
|  73|0x000000008bb00000, 0x000000008bb00000, 0x000000008bc00000|  0%| F|  |TAMS 0x000000008bb00000, 0x000000008bb00000| Untracked 
|  74|0x000000008bc00000, 0x000000008bc00000, 0x000000008bd00000|  0%| F|  |TAMS 0x000000008bc00000, 0x000000008bc00000| Untracked 
|  75|0x000000008bd00000, 0x000000008bd00000, 0x000000008be00000|  0%| F|  |TAMS 0x000000008bd00000, 0x000000008bd00000| Untracked 
|  76|0x000000008be00000, 0x000000008be00000, 0x000000008bf00000|  0%| F|  |TAMS 0x000000008be00000, 0x000000008be00000| Untracked 
|  77|0x000000008bf00000, 0x000000008bf00000, 0x000000008c000000|  0%| F|  |TAMS 0x000000008bf00000, 0x000000008bf00000| Untracked 
|  78|0x000000008c000000, 0x000000008c000000, 0x000000008c100000|  0%| F|  |TAMS 0x000000008c000000, 0x000000008c000000| Untracked 
|  79|0x000000008c100000, 0x000000008c100000, 0x000000008c200000|  0%| F|  |TAMS 0x000000008c100000, 0x000000008c100000| Untracked 
|  80|0x000000008c200000, 0x000000008c200000, 0x000000008c300000|  0%| F|  |TAMS 0x000000008c200000, 0x000000008c200000| Untracked 
|  81|0x000000008c300000, 0x000000008c300000, 0x000000008c400000|  0%| F|  |TAMS 0x000000008c300000, 0x000000008c300000| Untracked 
|  82|0x000000008c400000, 0x000000008c400000, 0x000000008c500000|  0%| F|  |TAMS 0x000000008c400000, 0x000000008c400000| Untracked 
|  83|0x000000008c500000, 0x000000008c500000, 0x000000008c600000|  0%| F|  |TAMS 0x000000008c500000, 0x000000008c500000| Untracked 
|  84|0x000000008c600000, 0x000000008c600000, 0x000000008c700000|  0%| F|  |TAMS 0x000000008c600000, 0x000000008c600000| Untracked 
|  85|0x000000008c700000, 0x000000008c700000, 0x000000008c800000|  0%| F|  |TAMS 0x000000008c700000, 0x000000008c700000| Untracked 
|  86|0x000000008c800000, 0x000000008c800000, 0x000000008c900000|  0%| F|  |TAMS 0x000000008c800000, 0x000000008c800000| Untracked 
|  87|0x000000008c900000, 0x000000008c900000, 0x000000008ca00000|  0%| F|  |TAMS 0x000000008c900000, 0x000000008c900000| Untracked 
|  88|0x000000008ca00000, 0x000000008ca00000, 0x000000008cb00000|  0%| F|  |TAMS 0x000000008ca00000, 0x000000008ca00000| Untracked 
|  89|0x000000008cb00000, 0x000000008cb00000, 0x000000008cc00000|  0%| F|  |TAMS 0x000000008cb00000, 0x000000008cb00000| Untracked 
|  90|0x000000008cc00000, 0x000000008cc00000, 0x000000008cd00000|  0%| F|  |TAMS 0x000000008cc00000, 0x000000008cc00000| Untracked 
|  91|0x000000008cd00000, 0x000000008cd00000, 0x000000008ce00000|  0%| F|  |TAMS 0x000000008cd00000, 0x000000008cd00000| Untracked 
|  92|0x000000008ce00000, 0x000000008ce00000, 0x000000008cf00000|  0%| F|  |TAMS 0x000000008ce00000, 0x000000008ce00000| Untracked 
|  93|0x000000008cf00000, 0x000000008cf00000, 0x000000008d000000|  0%| F|  |TAMS 0x000000008cf00000, 0x000000008cf00000| Untracked 
|  94|0x000000008d000000, 0x000000008d000000, 0x000000008d100000|  0%| F|  |TAMS 0x000000008d000000, 0x000000008d000000| Untracked 
|  95|0x000000008d100000, 0x000000008d100000, 0x000000008d200000|  0%| F|  |TAMS 0x000000008d100000, 0x000000008d100000| Untracked 
|  96|0x000000008d200000, 0x000000008d200000, 0x000000008d300000|  0%| F|  |TAMS 0x000000008d200000, 0x000000008d200000| Untracked 
|  97|0x000000008d300000, 0x000000008d300000, 0x000000008d400000|  0%| F|  |TAMS 0x000000008d300000, 0x000000008d300000| Untracked 
|  98|0x000000008d400000, 0x000000008d400000, 0x000000008d500000|  0%| F|  |TAMS 0x000000008d400000, 0x000000008d400000| Untracked 
|  99|0x000000008d500000, 0x000000008d500000, 0x000000008d600000|  0%| F|  |TAMS 0x000000008d500000, 0x000000008d500000| Untracked 
| 100|0x000000008d600000, 0x000000008d6483e8, 0x000000008d700000| 28%| E|  |TAMS 0x000000008d600000, 0x000000008d600000| Complete 
| 101|0x000000008d700000, 0x000000008d800000, 0x000000008d800000|100%| E|CS|TAMS 0x000000008d700000, 0x000000008d700000| Complete 
| 102|0x000000008d800000, 0x000000008d900000, 0x000000008d900000|100%| E|CS|TAMS 0x000000008d800000, 0x000000008d800000| Complete 
| 103|0x000000008d900000, 0x000000008da00000, 0x000000008da00000|100%| E|CS|TAMS 0x000000008d900000, 0x000000008d900000| Complete 
| 104|0x000000008da00000, 0x000000008db00000, 0x000000008db00000|100%| E|CS|TAMS 0x000000008da00000, 0x000000008da00000| Complete 
| 105|0x000000008db00000, 0x000000008dc00000, 0x000000008dc00000|100%| E|CS|TAMS 0x000000008db00000, 0x000000008db00000| Complete 
| 106|0x000000008dc00000, 0x000000008dd00000, 0x000000008dd00000|100%| E|CS|TAMS 0x000000008dc00000, 0x000000008dc00000| Complete 
| 107|0x000000008dd00000, 0x000000008de00000, 0x000000008de00000|100%| E|CS|TAMS 0x000000008dd00000, 0x000000008dd00000| Complete 
| 108|0x000000008de00000, 0x000000008df00000, 0x000000008df00000|100%| E|CS|TAMS 0x000000008de00000, 0x000000008de00000| Complete 
| 109|0x000000008df00000, 0x000000008e000000, 0x000000008e000000|100%| E|CS|TAMS 0x000000008df00000, 0x000000008df00000| Complete 
| 110|0x000000008e000000, 0x000000008e100000, 0x000000008e100000|100%| E|CS|TAMS 0x000000008e000000, 0x000000008e000000| Complete 
| 111|0x000000008e100000, 0x000000008e200000, 0x000000008e200000|100%| E|CS|TAMS 0x000000008e100000, 0x000000008e100000| Complete 
| 112|0x000000008e200000, 0x000000008e300000, 0x000000008e300000|100%| E|CS|TAMS 0x000000008e200000, 0x000000008e200000| Complete 
| 113|0x000000008e300000, 0x000000008e400000, 0x000000008e400000|100%| E|CS|TAMS 0x000000008e300000, 0x000000008e300000| Complete 
| 114|0x000000008e400000, 0x000000008e500000, 0x000000008e500000|100%| E|CS|TAMS 0x000000008e400000, 0x000000008e400000| Complete 
| 115|0x000000008e500000, 0x000000008e600000, 0x000000008e600000|100%| E|CS|TAMS 0x000000008e500000, 0x000000008e500000| Complete 
| 116|0x000000008e600000, 0x000000008e700000, 0x000000008e700000|100%| E|CS|TAMS 0x000000008e600000, 0x000000008e600000| Complete 
| 117|0x000000008e700000, 0x000000008e800000, 0x000000008e800000|100%| E|CS|TAMS 0x000000008e700000, 0x000000008e700000| Complete 
| 118|0x000000008e800000, 0x000000008e900000, 0x000000008e900000|100%| E|CS|TAMS 0x000000008e800000, 0x000000008e800000| Complete 
| 119|0x000000008e900000, 0x000000008ea00000, 0x000000008ea00000|100%| E|CS|TAMS 0x000000008e900000, 0x000000008e900000| Complete 
| 120|0x000000008ea00000, 0x000000008eb00000, 0x000000008eb00000|100%| E|CS|TAMS 0x000000008ea00000, 0x000000008ea00000| Complete 
| 121|0x000000008eb00000, 0x000000008ec00000, 0x000000008ec00000|100%| E|CS|TAMS 0x000000008eb00000, 0x000000008eb00000| Complete 
| 122|0x000000008ec00000, 0x000000008ed00000, 0x000000008ed00000|100%| E|CS|TAMS 0x000000008ec00000, 0x000000008ec00000| Complete 
| 123|0x000000008ed00000, 0x000000008ee00000, 0x000000008ee00000|100%| E|CS|TAMS 0x000000008ed00000, 0x000000008ed00000| Complete 
| 124|0x000000008ee00000, 0x000000008ef00000, 0x000000008ef00000|100%| E|CS|TAMS 0x000000008ee00000, 0x000000008ee00000| Complete 
| 125|0x000000008ef00000, 0x000000008f000000, 0x000000008f000000|100%| E|CS|TAMS 0x000000008ef00000, 0x000000008ef00000| Complete 
| 126|0x000000008f000000, 0x000000008f100000, 0x000000008f100000|100%| E|CS|TAMS 0x000000008f000000, 0x000000008f000000| Complete 
| 127|0x000000008f100000, 0x000000008f200000, 0x000000008f200000|100%| E|CS|TAMS 0x000000008f100000, 0x000000008f100000| Complete 
| 128|0x000000008f200000, 0x000000008f300000, 0x000000008f300000|100%| E|CS|TAMS 0x000000008f200000, 0x000000008f200000| Complete 
| 129|0x000000008f300000, 0x000000008f400000, 0x000000008f400000|100%| E|CS|TAMS 0x000000008f300000, 0x000000008f300000| Complete 
| 130|0x000000008f400000, 0x000000008f500000, 0x000000008f500000|100%| E|CS|TAMS 0x000000008f400000, 0x000000008f400000| Complete 
| 131|0x000000008f500000, 0x000000008f600000, 0x000000008f600000|100%| E|CS|TAMS 0x000000008f500000, 0x000000008f500000| Complete 
| 132|0x000000008f600000, 0x000000008f700000, 0x000000008f700000|100%| E|CS|TAMS 0x000000008f600000, 0x000000008f600000| Complete 
| 133|0x000000008f700000, 0x000000008f800000, 0x000000008f800000|100%| E|CS|TAMS 0x000000008f700000, 0x000000008f700000| Complete 
| 134|0x000000008f800000, 0x000000008f900000, 0x000000008f900000|100%| E|CS|TAMS 0x000000008f800000, 0x000000008f800000| Complete 
| 135|0x000000008f900000, 0x000000008fa00000, 0x000000008fa00000|100%| E|CS|TAMS 0x000000008f900000, 0x000000008f900000| Complete 
| 136|0x000000008fa00000, 0x000000008fb00000, 0x000000008fb00000|100%| E|CS|TAMS 0x000000008fa00000, 0x000000008fa00000| Complete 
| 137|0x000000008fb00000, 0x000000008fc00000, 0x000000008fc00000|100%| E|CS|TAMS 0x000000008fb00000, 0x000000008fb00000| Complete 
| 138|0x000000008fc00000, 0x000000008fd00000, 0x000000008fd00000|100%| E|CS|TAMS 0x000000008fc00000, 0x000000008fc00000| Complete 
| 139|0x000000008fd00000, 0x000000008fe00000, 0x000000008fe00000|100%| E|CS|TAMS 0x000000008fd00000, 0x000000008fd00000| Complete 
| 140|0x000000008fe00000, 0x000000008ff00000, 0x000000008ff00000|100%| E|CS|TAMS 0x000000008fe00000, 0x000000008fe00000| Complete 
| 141|0x000000008ff00000, 0x0000000090000000, 0x0000000090000000|100%| E|CS|TAMS 0x000000008ff00000, 0x000000008ff00000| Complete 
| 142|0x0000000090000000, 0x0000000090100000, 0x0000000090100000|100%| E|CS|TAMS 0x0000000090000000, 0x0000000090000000| Complete 
| 143|0x0000000090100000, 0x0000000090200000, 0x0000000090200000|100%| E|CS|TAMS 0x0000000090100000, 0x0000000090100000| Complete 
| 144|0x0000000090200000, 0x0000000090300000, 0x0000000090300000|100%| E|CS|TAMS 0x0000000090200000, 0x0000000090200000| Complete 
| 145|0x0000000090300000, 0x0000000090400000, 0x0000000090400000|100%| E|CS|TAMS 0x0000000090300000, 0x0000000090300000| Complete 
| 146|0x0000000090400000, 0x0000000090500000, 0x0000000090500000|100%| E|CS|TAMS 0x0000000090400000, 0x0000000090400000| Complete 

Card table byte_map: [0x00007fa23fc39000,0x00007fa240000000] _byte_map_base: 0x00007fa23f800000

Marking Bits (Prev, Next): (CMBitMap*) 0x00007fa25c061e98, (CMBitMap*) 0x00007fa25c061ed0
 Prev Bits: [0x00007fa23da3a000, 0x00007fa23f872000)
 Next Bits: [0x00007fa23bc02000, 0x00007fa23da3a000)

Polling page: 0x00007fa263e2b000

Metaspace:

Usage:
  Non-class:     38.49 MB capacity,    37.75 MB ( 98%) used,   668.20 KB (  2%) free+waste,    93.25 KB ( <1%) overhead. 
      Class:      5.13 MB capacity,     4.74 MB ( 92%) used,   359.05 KB (  7%) free+waste,    41.81 KB ( <1%) overhead. 
       Both:     43.62 MB capacity,    42.48 MB ( 97%) used,     1.00 MB (  2%) free+waste,   135.06 KB ( <1%) overhead. 

Virtual space:
  Non-class space:       40.00 MB reserved,      38.58 MB ( 96%) committed 
      Class space:        1.00 GB reserved,       5.20 MB ( <1%) committed 
             Both:        1.04 GB reserved,      43.78 MB (  4%) committed 

Chunk freelists:
   Non-Class:  4.62 KB
       Class:  3.75 KB
        Both:  8.38 KB

CodeHeap 'non-profiled nmethods': size=120032Kb used=3107Kb max_used=3107Kb free=116924Kb
 bounds [0x00007fa24c70a000, 0x00007fa24ca2a000, 0x00007fa253c42000]
CodeHeap 'profiled nmethods': size=120028Kb used=12623Kb max_used=12876Kb free=107404Kb
 bounds [0x00007fa2451d3000, 0x00007fa245e73000, 0x00007fa24c70a000]
CodeHeap 'non-nmethods': size=5700Kb used=1155Kb max_used=1204Kb free=4544Kb
 bounds [0x00007fa244c42000, 0x00007fa244eb2000, 0x00007fa2451d3000]
 total_blobs=7345 nmethods=5471 adapters=431
 compilation: enabled
              stopped_count=0, restarted_count=0
 full_count=0

Compilation events (10 events):
Event: 5.641 Thread 0x00007fa210232000 5634       4       jdk.internal.module.SystemModuleFinders$SystemModuleReader::find (54 bytes)
Event: 5.647 Thread 0x00007fa25c178000 5653 %     3       org.sqlite.SQLiteJDBCLoader::contentsEquals @ 37 (78 bytes)
Event: 5.648 Thread 0x00007fa25c178000 nmethod 5653% 0x00007fa2451f0410 code [0x00007fa2451f0660, 0x00007fa2451f1118]
Event: 5.648 Thread 0x00007fa25c178000 5654       3       org.sqlite.SQLiteJDBCLoader::contentsEquals (78 bytes)
Event: 5.649 Thread 0x00007fa25c178000 nmethod 5654 0x00007fa2451ef510 code [0x00007fa2451ef760, 0x00007fa2451f0198]
Event: 5.700 Thread 0x00007fa25c178000 5658       1       java.lang.invoke.MethodHandleNatives::isPullModeBSM (2 bytes)
Event: 5.700 Thread 0x00007fa25c178000 nmethod 5658 0x00007fa24c74ae10 code [0x00007fa24c74afc0, 0x00007fa24c74b0b0]
Event: 5.700 Thread 0x00007fa25c178000 5659       3       java.util.Arrays::equals (43 bytes)
Event: 5.701 Thread 0x00007fa25c178000 nmethod 5659 0x00007fa2451eef90 code [0x00007fa2451ef160, 0x00007fa2451ef448]
Event: 5.701 Thread 0x00007fa25c178000 5657   !   3       java.lang.invoke.CallSite::makeSite (91 bytes)

GC Heap History (10 events):
Event: 2.265 GC heap before
{Heap before GC invocations=3 (full 0):
 garbage-first heap   total 124928K, used 67509K [0x0000000087200000, 0x0000000100000000)
  region size 1024K, 66 young (67584K), 6 survivors (6144K)
 Metaspace       used 21992K, capacity 22349K, committed 22960K, reserved 1069056K
  class space    used 2349K, capacity 2473K, committed 2560K, reserved 1048576K
}
Event: 2.281 GC heap after
{Heap after GC invocations=4 (full 0):
 garbage-first heap   total 124928K, used 10735K [0x0000000087200000, 0x0000000100000000)
  region size 1024K, 8 young (8192K), 8 survivors (8192K)
 Metaspace       used 21992K, capacity 22349K, committed 22960K, reserved 1069056K
  class space    used 2349K, capacity 2473K, committed 2560K, reserved 1048576K
}
Event: 2.914 GC heap before
{Heap before GC invocations=4 (full 0):
 garbage-first heap   total 124928K, used 77295K [0x0000000087200000, 0x0000000100000000)
  region size 1024K, 73 young (74752K), 8 survivors (8192K)
 Metaspace       used 23915K, capacity 24438K, committed 24880K, reserved 1071104K
  class space    used 2498K, capacity 2635K, committed 2688K, reserved 1048576K
}
Event: 2.928 GC heap after
{Heap after GC invocations=5 (full 0):
 garbage-first heap   total 124928K, used 13382K [0x0000000087200000, 0x0000000100000000)
  region size 1024K, 8 young (8192K), 8 survivors (8192K)
 Metaspace       used 23915K, capacity 24438K, committed 24880K, reserved 1071104K
  class space    used 2498K, capacity 2635K, committed 2688K, reserved 1048576K
}
Event: 3.723 GC heap before
{Heap before GC invocations=5 (full 0):
 garbage-first heap   total 124928K, used 78918K [0x0000000087200000, 0x0000000100000000)
  region size 1024K, 73 young (74752K), 8 survivors (8192K)
 Metaspace       used 30444K, capacity 31186K, committed 31408K, reserved 1077248K
  class space    used 3245K, capacity 3489K, committed 3584K, reserved 1048576K
}
Event: 3.745 GC heap after
{Heap after GC invocations=6 (full 0):
 garbage-first heap   total 150528K, used 19038K [0x0000000087200000, 0x0000000100000000)
  region size 1024K, 9 young (9216K), 9 survivors (9216K)
 Metaspace       used 30444K, capacity 31186K, committed 31408K, reserved 1077248K
  class space    used 3245K, capacity 3489K, committed 3584K, reserved 1048576K
}
Event: 3.920 GC heap before
{Heap before GC invocations=6 (full 0):
 garbage-first heap   total 150528K, used 98910K [0x0000000087200000, 0x0000000100000000)
  region size 1024K, 88 young (90112K), 9 survivors (9216K)
 Metaspace       used 30548K, capacity 31315K, committed 31664K, reserved 1077248K
  class space    used 3245K, capacity 3489K, committed 3584K, reserved 1048576K
}
Event: 3.945 GC heap after
{Heap after GC invocations=7 (full 0):
 garbage-first heap   total 150528K, used 22478K [0x0000000087200000, 0x0000000100000000)
  region size 1024K, 9 young (9216K), 9 survivors (9216K)
 Metaspace       used 30548K, capacity 31315K, committed 31664K, reserved 1077248K
  class space    used 3245K, capacity 3489K, committed 3584K, reserved 1048576K
}
Event: 4.677 GC heap before
{Heap before GC invocations=7 (full 0):
 garbage-first heap   total 150528K, used 101326K [0x0000000087200000, 0x0000000100000000)
  region size 1024K, 88 young (90112K), 9 survivors (9216K)
 Metaspace       used 35006K, capacity 35843K, committed 35920K, reserved 1081344K
  class space    used 3815K, capacity 4080K, committed 4096K, reserved 1048576K
}
Event: 4.704 GC heap after
{Heap after GC invocations=8 (full 0):
 garbage-first heap   total 150528K, used 24875K [0x0000000087200000, 0x0000000100000000)
  region size 1024K, 7 young (7168K), 7 survivors (7168K)
 Metaspace       used 35006K, capacity 35843K, committed 35920K, reserved 1081344K
  class space    used 3815K, capacity 4080K, committed 4096K, reserved 1048576K
}

Deoptimization events (10 events):
Event: 5.450 Thread 0x00007fa25d540800 Uncommon trap: reason=unstable_if action=reinterpret pc=0x00007fa24c8ae35c method=java.lang.ThreadLocal$ThreadLocalMap.getEntry(Ljava/lang/ThreadLocal;)Ljava/lang/ThreadLocal$ThreadLocalMap$Entry; @ 29 c2
Event: 5.450 Thread 0x00007fa25d53e800 Uncommon trap: reason=unstable_if action=reinterpret pc=0x00007fa24c9015b0 method=java.lang.ThreadLocal$ThreadLocalMap.getEntry(Ljava/lang/ThreadLocal;)Ljava/lang/ThreadLocal$ThreadLocalMap$Entry; @ 29 c2
Event: 5.518 Thread 0x00007fa25d533800 Uncommon trap: reason=profile_predicate action=maybe_recompile pc=0x00007fa24ca0e464 method=java.lang.PublicMethods$MethodList.filter([Ljava/lang/reflect/Method;Ljava/lang/String;[Ljava/lang/Class;Z)Ljava/lang/PublicMethods$MethodList; @ 21 c2
Event: 5.525 Thread 0x00007fa25d533800 Uncommon trap: reason=profile_predicate action=maybe_recompile pc=0x00007fa24ca0e464 method=java.lang.PublicMethods$MethodList.filter([Ljava/lang/reflect/Method;Ljava/lang/String;[Ljava/lang/Class;Z)Ljava/lang/PublicMethods$MethodList; @ 21 c2
Event: 5.530 Thread 0x00007fa25d539000 Uncommon trap: reason=unstable_if action=reinterpret pc=0x00007fa24c9cefa0 method=java.lang.CharacterDataLatin1.isWhitespace(I)Z @ 14 c2
Event: 5.571 Thread 0x00007fa25d539000 Uncommon trap: reason=profile_predicate action=maybe_recompile pc=0x00007fa24ca0e464 method=java.lang.PublicMethods$MethodList.filter([Ljava/lang/reflect/Method;Ljava/lang/String;[Ljava/lang/Class;Z)Ljava/lang/PublicMethods$MethodList; @ 21 c2
Event: 5.606 Thread 0x00007fa25d539000 Uncommon trap: reason=profile_predicate action=maybe_recompile pc=0x00007fa24ca0e464 method=java.lang.PublicMethods$MethodList.filter([Ljava/lang/reflect/Method;Ljava/lang/String;[Ljava/lang/Class;Z)Ljava/lang/PublicMethods$MethodList; @ 21 c2
Event: 5.613 Thread 0x00007fa25d539000 Uncommon trap: reason=unstable_if action=reinterpret pc=0x00007fa24c7f80d0 method=sun.util.locale.LocaleUtils.caseIgnoreMatch(Ljava/lang/String;Ljava/lang/String;)Z @ 60 c2
Event: 5.622 Thread 0x00007fa25d53b000 Uncommon trap: reason=unstable_if action=reinterpret pc=0x00007fa24c77e820 method=java.lang.CharacterDataLatin1.isWhitespace(I)Z @ 14 c2
Event: 5.689 Thread 0x00007fa25d539000 Uncommon trap: reason=unstable_if action=reinterpret pc=0x00007fa24c97da84 method=java.io.BufferedInputStream.read()I @ 23 c2

Classes redefined (0 events):
No events

Internal exceptions (10 events):
Event: 5.064 Thread 0x00007fa25c012000 Exception <a 'java/lang/ClassNotFoundException'{0x000000008f3bd2c0}: org/springframework/context/ApplicationContextAwareBeanInfo> (0x000000008f3bd2c0) thrown at [/scratch/opt/mach5/mesos/work_dir/slaves/2dd962d0-8988-479b-a804-57ab764ada59-S1222/framework
Event: 5.065 Thread 0x00007fa25c012000 Exception <a 'java/lang/ClassNotFoundException'{0x000000008f3d3ae8}: org/springframework/context/ApplicationContextAwareCustomizer> (0x000000008f3d3ae8) thrown at [/scratch/opt/mach5/mesos/work_dir/slaves/2dd962d0-8988-479b-a804-57ab764ada59-S1222/framewo
Event: 5.067 Thread 0x00007fa25c012000 Exception <a 'java/lang/ClassNotFoundException'{0x000000008f3ebeb0}: org/springframework/web/context/ServletContextAwareBeanInfo> (0x000000008f3ebeb0) thrown at [/scratch/opt/mach5/mesos/work_dir/slaves/2dd962d0-8988-479b-a804-57ab764ada59-S1222/framework
Event: 5.067 Thread 0x00007fa25c012000 Exception <a 'java/lang/ClassNotFoundException'{0x000000008f202c10}: org/springframework/web/context/ServletContextAwareCustomizer> (0x000000008f202c10) thrown at [/scratch/opt/mach5/mesos/work_dir/slaves/2dd962d0-8988-479b-a804-57ab764ada59-S1222/framewo
Event: 5.088 Thread 0x00007fa25c012000 Exception <a 'java/lang/NoSuchMethodError'{0x000000008f2d0088}: java.lang.invoke.DirectMethodHandle$Holder.invokeStatic(Ljava/lang/Object;Ljava/lang/Object;Ljava/lang/Object;Ljava/lang/Object;)V> (0x000000008f2d0088) thrown at [/scratch/opt/mach5/mesos/wo
Event: 5.090 Thread 0x00007fa25c012000 Exception <a 'java/lang/NoSuchMethodError'{0x000000008f2dc438}: java.lang.invoke.DirectMethodHandle$Holder.invokeSpecial(Ljava/lang/Object;Ljava/lang/Object;Ljava/lang/Object;Ljava/lang/Object;Ljava/lang/Object;)I> (0x000000008f2dc438) thrown at [/scratch
Event: 5.201 Thread 0x00007fa25c012000 Exception <a 'java/lang/NoSuchMethodError'{0x000000008ecb0a90}: java.lang.invoke.DirectMethodHandle$Holder.invokeVirtual(Ljava/lang/Object;Ljava/lang/Object;)I> (0x000000008ecb0a90) thrown at [/scratch/opt/mach5/mesos/work_dir/slaves/2dd962d0-8988-479b-a8
Event: 5.228 Thread 0x00007fa25c012000 Exception <a 'java/lang/NoSuchMethodError'{0x000000008ebb4818}: java.lang.invoke.DirectMethodHandle$Holder.invokeStatic(Ljava/lang/Object;Ljava/lang/Object;Ljava/lang/Object;Ljava/lang/Object;Ljava/lang/Object;)V> (0x000000008ebb4818) thrown at [/scratch/
Event: 5.285 Thread 0x00007fa25c012000 Exception <a 'java/lang/NoSuchMethodError'{0x000000008e8b1f10}: java.lang.invoke.DirectMethodHandle$Holder.invokeStaticInit(Ljava/lang/Object;Ljava/lang/Object;Ljava/lang/Object;Ljava/lang/Object;Ljava/lang/Object;)Ljava/lang/Object;> (0x000000008e8b1f10)
Event: 5.449 Thread 0x00007fa25c012000 Exception <a 'java/lang/NoSuchMethodError'{0x000000008e0fb560}: java.lang.invoke.DirectMethodHandle$Holder.invokeInterface(Ljava/lang/Object;Ljava/lang/Object;)V> (0x000000008e0fb560) thrown at [/scratch/opt/mach5/mesos/work_dir/slaves/2dd962d0-8988-479b-

Events (10 events):
Event: 5.695 loading class java/sql/ResultSetMetaData
Event: 5.695 loading class java/sql/ResultSetMetaData done
Event: 5.695 loading class java/sql/ResultSetMetaData
Event: 5.695 loading class java/sql/ResultSetMetaData done
Event: 5.699 loading class java/sql/Clob
Event: 5.699 loading class java/sql/Clob done
Event: 5.699 loading class java/sql/Clob
Event: 5.699 loading class java/sql/Clob done
Event: 5.701 Executing VM operation: RevokeBias
Event: 5.701 Executing VM operation: RevokeBias done


Dynamic libraries:
00400000-00401000 r-xp 00000000 103:01 7877913                           /usr/lib/jvm/java-11-oracle/bin/java
00600000-00601000 r--p 00000000 103:01 7877913                           /usr/lib/jvm/java-11-oracle/bin/java
00601000-00602000 rw-p 00001000 103:01 7877913                           /usr/lib/jvm/java-11-oracle/bin/java
01dbf000-01de0000 rw-p 00000000 00:00 0                                  [heap]
87200000-90500000 rw-p 00000000 00:00 0 
90500000-100000000 ---p 00000000 00:00 0 
100000000-100533000 rw-p 00000000 00:00 0 
100533000-140000000 ---p 00000000 00:00 0 
7fa1a4000000-7fa1a4021000 rw-p 00000000 00:00 0 
7fa1a4021000-7fa1a8000000 ---p 00000000 00:00 0 
7fa1ab103000-7fa1ab1f7000 r-xp 00000000 103:01 13108092                  /tmp/sqlite-3.25.2-d248c53a-4a64-4e03-adf9-b6bad86ac84f-libsqlitejdbc.so
7fa1ab1f7000-7fa1ab3f7000 ---p 000f4000 103:01 13108092                  /tmp/sqlite-3.25.2-d248c53a-4a64-4e03-adf9-b6bad86ac84f-libsqlitejdbc.so
7fa1ab3f7000-7fa1ab3fd000 rw-p 000f4000 103:01 13108092                  /tmp/sqlite-3.25.2-d248c53a-4a64-4e03-adf9-b6bad86ac84f-libsqlitejdbc.so
7fa1ab3fd000-7fa1ab4bd000 rw-p 00000000 00:00 0 
7fa1ab4bd000-7fa1ab5fd000 ---p 00000000 00:00 0 
7fa1ab5fd000-7fa1ab5ff000 r-xp 00000000 103:01 8128192                   /usr/lib/jvm/java-11-oracle/lib/libextnet.so
7fa1ab5ff000-7fa1ab7fe000 ---p 00002000 103:01 8128192                   /usr/lib/jvm/java-11-oracle/lib/libextnet.so
7fa1ab7fe000-7fa1ab7ff000 r--p 00001000 103:01 8128192                   /usr/lib/jvm/java-11-oracle/lib/libextnet.so
7fa1ab7ff000-7fa1ab800000 rw-p 00002000 103:01 8128192                   /usr/lib/jvm/java-11-oracle/lib/libextnet.so
7fa1ab800000-7fa1aba00000 rw-p 00000000 00:00 0 
7fa1aba00000-7fa1abc00000 rw-p 00000000 00:00 0 
7fa1abc00000-7fa1abe00000 rw-p 00000000 00:00 0 
7fa1abe00000-7fa1abfe8000 rw-p 00000000 00:00 0 
7fa1abfe8000-7fa1ac000000 ---p 00000000 00:00 0 
7fa1ac000000-7fa1ac021000 rw-p 00000000 00:00 0 
7fa1ac021000-7fa1b0000000 ---p 00000000 00:00 0 
7fa1b0000000-7fa1b0021000 rw-p 00000000 00:00 0 
7fa1b0021000-7fa1b4000000 ---p 00000000 00:00 0 
7fa1b4000000-7fa1b4021000 rw-p 00000000 00:00 0 
7fa1b4021000-7fa1b8000000 ---p 00000000 00:00 0 
7fa1b8000000-7fa1b8021000 rw-p 00000000 00:00 0 
7fa1b8021000-7fa1bc000000 ---p 00000000 00:00 0 
7fa1bc000000-7fa1bc021000 rw-p 00000000 00:00 0 
7fa1bc021000-7fa1c0000000 ---p 00000000 00:00 0 
7fa1c0000000-7fa1c0021000 rw-p 00000000 00:00 0 
7fa1c0021000-7fa1c4000000 ---p 00000000 00:00 0 
7fa1c4000000-7fa1c4021000 rw-p 00000000 00:00 0 
7fa1c4021000-7fa1c8000000 ---p 00000000 00:00 0 
7fa1c8000000-7fa1c8021000 rw-p 00000000 00:00 0 
7fa1c8021000-7fa1cc000000 ---p 00000000 00:00 0 
7fa1cc000000-7fa1cc021000 rw-p 00000000 00:00 0 
7fa1cc021000-7fa1d0000000 ---p 00000000 00:00 0 
7fa1d0000000-7fa1d0021000 rw-p 00000000 00:00 0 
7fa1d0021000-7fa1d4000000 ---p 00000000 00:00 0 
7fa1d4000000-7fa1d4031000 rw-p 00000000 00:00 0 
7fa1d4031000-7fa1d8000000 ---p 00000000 00:00 0 
7fa1d8000000-7fa1d8021000 rw-p 00000000 00:00 0 
7fa1d8021000-7fa1dc000000 ---p 00000000 00:00 0 
7fa1dc000000-7fa1dc0c8000 rw-p 00000000 00:00 0 
7fa1dc0c8000-7fa1e0000000 ---p 00000000 00:00 0 
7fa1e0000000-7fa1e035f000 rw-p 00000000 00:00 0 
7fa1e035f000-7fa1e4000000 ---p 00000000 00:00 0 
7fa1e4000000-7fa1e403a000 rw-p 00000000 00:00 0 
7fa1e403a000-7fa1e8000000 ---p 00000000 00:00 0 
7fa1e8000000-7fa1e8021000 rw-p 00000000 00:00 0 
7fa1e8021000-7fa1ec000000 ---p 00000000 00:00 0 
7fa1ec000000-7fa1ec021000 rw-p 00000000 00:00 0 
7fa1ec021000-7fa1f0000000 ---p 00000000 00:00 0 
7fa1f0000000-7fa1f0021000 rw-p 00000000 00:00 0 
7fa1f0021000-7fa1f4000000 ---p 00000000 00:00 0 
7fa1f4000000-7fa1f538f000 rw-p 00000000 00:00 0 
7fa1f538f000-7fa1f8000000 ---p 00000000 00:00 0 
7fa1f8000000-7fa1f925b000 rw-p 00000000 00:00 0 
7fa1f925b000-7fa1fc000000 ---p 00000000 00:00 0 
7fa1fc000000-7fa1fc021000 rw-p 00000000 00:00 0 
7fa1fc021000-7fa200000000 ---p 00000000 00:00 0 
7fa200000000-7fa200021000 rw-p 00000000 00:00 0 
7fa200021000-7fa204000000 ---p 00000000 00:00 0 
7fa204000000-7fa204089000 rw-p 00000000 00:00 0 
7fa204089000-7fa208000000 ---p 00000000 00:00 0 
7fa208000000-7fa208021000 rw-p 00000000 00:00 0 
7fa208021000-7fa20c000000 ---p 00000000 00:00 0 
7fa20c000000-7fa20d1c1000 rw-p 00000000 00:00 0 
7fa20d1c1000-7fa210000000 ---p 00000000 00:00 0 
7fa210000000-7fa210c77000 rw-p 00000000 00:00 0 
7fa210c77000-7fa214000000 ---p 00000000 00:00 0 
7fa214000000-7fa214021000 rw-p 00000000 00:00 0 
7fa214021000-7fa218000000 ---p 00000000 00:00 0 
7fa2181df000-7fa2181e3000 ---p 00000000 00:00 0 
7fa2181e3000-7fa2184e0000 rw-p 00000000 00:00 0 
7fa2184e0000-7fa2184e4000 ---p 00000000 00:00 0 
7fa2184e4000-7fa2185e1000 rw-p 00000000 00:00 0 
7fa2185e1000-7fa2185e2000 ---p 00000000 00:00 0 
7fa2185e2000-7fa2186e3000 rw-p 00000000 00:00 0 
7fa2186e3000-7fa2186e4000 ---p 00000000 00:00 0 
7fa2186e4000-7fa2187e5000 rw-p 00000000 00:00 0 
7fa2187e5000-7fa2187e6000 ---p 00000000 00:00 0 
7fa2187e6000-7fa2188e7000 rw-p 00000000 00:00 0 
7fa2188e7000-7fa2188e8000 ---p 00000000 00:00 0 
7fa2188e8000-7fa2189e9000 rw-p 00000000 00:00 0 
7fa2189e9000-7fa2189ea000 ---p 00000000 00:00 0 
7fa2189ea000-7fa218aeb000 rw-p 00000000 00:00 0 
7fa218aeb000-7fa218aec000 ---p 00000000 00:00 0 
7fa218aec000-7fa218bed000 rw-p 00000000 00:00 0 
7fa218bed000-7fa218bf1000 ---p 00000000 00:00 0 
7fa218bf1000-7fa218eee000 rw-p 00000000 00:00 0 
7fa218eee000-7fa218ef2000 ---p 00000000 00:00 0 
7fa218ef2000-7fa218fef000 rw-p 00000000 00:00 0 
7fa218fef000-7fa218ff3000 ---p 00000000 00:00 0 
7fa218ff3000-7fa2190f0000 rw-p 00000000 00:00 0 
7fa2190f0000-7fa2190f4000 ---p 00000000 00:00 0 
7fa2190f4000-7fa2191f1000 rw-p 00000000 00:00 0 
7fa2191f1000-7fa2191f5000 ---p 00000000 00:00 0 
7fa2191f5000-7fa2192f2000 rw-p 00000000 00:00 0 
7fa2192f2000-7fa2192f6000 ---p 00000000 00:00 0 
7fa2192f6000-7fa2193f3000 rw-p 00000000 00:00 0 
7fa2193f3000-7fa2193f7000 ---p 00000000 00:00 0 
7fa2193f7000-7fa2194f4000 rw-p 00000000 00:00 0 
7fa2194f4000-7fa2194f8000 ---p 00000000 00:00 0 
7fa2194f8000-7fa2195f5000 rw-p 00000000 00:00 0 
7fa2195f5000-7fa2195f9000 ---p 00000000 00:00 0 
7fa2195f9000-7fa2198f6000 rw-p 00000000 00:00 0 
7fa2198f6000-7fa2198fb000 r-xp 00000000 103:01 8129788                   /usr/lib/jvm/java-11-oracle/lib/libmanagement_ext.so
7fa2198fb000-7fa219afa000 ---p 00005000 103:01 8129788                   /usr/lib/jvm/java-11-oracle/lib/libmanagement_ext.so
7fa219afa000-7fa219afb000 r--p 00004000 103:01 8129788                   /usr/lib/jvm/java-11-oracle/lib/libmanagement_ext.so
7fa219afb000-7fa219afc000 rw-p 00005000 103:01 8129788                   /usr/lib/jvm/java-11-oracle/lib/libmanagement_ext.so
7fa219afc000-7fa219b00000 r-xp 00000000 103:01 8128348                   /usr/lib/jvm/java-11-oracle/lib/libmanagement.so
7fa219b00000-7fa219cff000 ---p 00004000 103:01 8128348                   /usr/lib/jvm/java-11-oracle/lib/libmanagement.so
7fa219cff000-7fa219d00000 r--p 00003000 103:01 8128348                   /usr/lib/jvm/java-11-oracle/lib/libmanagement.so
7fa219d00000-7fa219d01000 rw-p 00004000 103:01 8128348                   /usr/lib/jvm/java-11-oracle/lib/libmanagement.so
7fa219d01000-7fa219f01000 rw-p 00000000 00:00 0 
7fa219f01000-7fa21a101000 rw-p 00000000 00:00 0 
7fa21a101000-7fa21a102000 ---p 00000000 00:00 0 
7fa21a102000-7fa21a3ef000 rw-p 00000000 00:00 0 
7fa21a3ef000-7fa21a403000 ---p 00000000 00:00 0 
7fa21a403000-7fa21a603000 rw-p 00000000 00:00 0 
7fa21a603000-7fa21a803000 rw-p 00000000 00:00 0 
7fa21a803000-7fa21aa03000 rw-p 00000000 00:00 0 
7fa21aa03000-7fa21aa04000 ---p 00000000 00:00 0 
7fa21aa04000-7fa21ab05000 rw-p 00000000 00:00 0 
7fa21ab05000-7fa21ab09000 ---p 00000000 00:00 0 
7fa21ab09000-7fa21ae06000 rw-p 00000000 00:00 0 
7fa21ae06000-7fa21ae0a000 ---p 00000000 00:00 0 
7fa21ae0a000-7fa21b107000 rw-p 00000000 00:00 0 
7fa21b107000-7fa21b11d000 r-xp 00000000 103:01 8129790                   /usr/lib/jvm/java-11-oracle/lib/libnet.so
7fa21b11d000-7fa21b31d000 ---p 00016000 103:01 8129790                   /usr/lib/jvm/java-11-oracle/lib/libnet.so
7fa21b31d000-7fa21b31e000 r--p 00016000 103:01 8129790                   /usr/lib/jvm/java-11-oracle/lib/libnet.so
7fa21b31e000-7fa21b31f000 rw-p 00017000 103:01 8129790                   /usr/lib/jvm/java-11-oracle/lib/libnet.so
7fa21b31f000-7fa21b32f000 r-xp 00000000 103:01 8129791                   /usr/lib/jvm/java-11-oracle/lib/libnio.so
7fa21b32f000-7fa21b52e000 ---p 00010000 103:01 8129791                   /usr/lib/jvm/java-11-oracle/lib/libnio.so
7fa21b52e000-7fa21b52f000 r--p 0000f000 103:01 8129791                   /usr/lib/jvm/java-11-oracle/lib/libnio.so
7fa21b52f000-7fa21b530000 rw-p 00010000 103:01 8129791                   /usr/lib/jvm/java-11-oracle/lib/libnio.so
7fa21b530000-7fa21b534000 ---p 00000000 00:00 0 
7fa21b534000-7fa21b631000 rw-p 00000000 00:00 0 
7fa21b631000-7fa21c000000 r--p 00000000 103:01 7608950                   /usr/lib/locale/locale-archive
7fa21c000000-7fa21c021000 rw-p 00000000 00:00 0 
7fa21c021000-7fa220000000 ---p 00000000 00:00 0 
7fa220000000-7fa220021000 rw-p 00000000 00:00 0 
7fa220021000-7fa224000000 ---p 00000000 00:00 0 
7fa224000000-7fa224021000 rw-p 00000000 00:00 0 
7fa224021000-7fa228000000 ---p 00000000 00:00 0 
7fa228000000-7fa228148000 rw-p 00000000 00:00 0 
7fa228148000-7fa22c000000 ---p 00000000 00:00 0 
7fa22c000000-7fa22c021000 rw-p 00000000 00:00 0 
7fa22c021000-7fa230000000 ---p 00000000 00:00 0 
7fa230000000-7fa230021000 rw-p 00000000 00:00 0 
7fa230021000-7fa234000000 ---p 00000000 00:00 0 
7fa234000000-7fa234021000 rw-p 00000000 00:00 0 
7fa234021000-7fa238000000 ---p 00000000 00:00 0 
7fa23800f000-7fa238010000 ---p 00000000 00:00 0 
7fa238010000-7fa238111000 rw-p 00000000 00:00 0 
7fa238111000-7fa238115000 ---p 00000000 00:00 0 
7fa238115000-7fa238212000 rw-p 00000000 00:00 0 
7fa238212000-7fa238216000 ---p 00000000 00:00 0 
7fa238216000-7fa238313000 rw-p 00000000 00:00 0 
7fa238313000-7fa238317000 ---p 00000000 00:00 0 
7fa238317000-7fa238414000 rw-p 00000000 00:00 0 
7fa238414000-7fa238418000 ---p 00000000 00:00 0 
7fa238418000-7fa238515000 rw-p 00000000 00:00 0 
7fa238515000-7fa238519000 ---p 00000000 00:00 0 
7fa238519000-7fa238616000 rw-p 00000000 00:00 0 
7fa238616000-7fa23861a000 ---p 00000000 00:00 0 
7fa23861a000-7fa238717000 rw-p 00000000 00:00 0 
7fa238717000-7fa23871b000 ---p 00000000 00:00 0 
7fa23871b000-7fa238818000 rw-p 00000000 00:00 0 
7fa238818000-7fa238819000 ---p 00000000 00:00 0 
7fa238819000-7fa2391f6000 rw-p 00000000 00:00 0 
7fa2391f6000-7fa2391f7000 ---p 00000000 00:00 0 
7fa2391f7000-7fa2392f8000 rw-p 00000000 00:00 0 
7fa2392f8000-7fa2392f9000 ---p 00000000 00:00 0 
7fa2392f9000-7fa23be4e000 rw-p 00000000 00:00 0 
7fa23be4e000-7fa23da3a000 ---p 00000000 00:00 0 
7fa23da3a000-7fa23dc86000 rw-p 00000000 00:00 0 
7fa23dc86000-7fa23f872000 ---p 00000000 00:00 0 
7fa23f872000-7fa23f8bc000 rw-p 00000000 00:00 0 
7fa23f8bc000-7fa23fc39000 ---p 00000000 00:00 0 
7fa23fc39000-7fa23fc83000 rw-p 00000000 00:00 0 
7fa23fc83000-7fa240000000 ---p 00000000 00:00 0 
7fa240000000-7fa240029000 rw-p 00000000 00:00 0 
7fa240029000-7fa244000000 ---p 00000000 00:00 0 
7fa244018000-7fa244071000 rw-p 00000000 00:00 0 
7fa244071000-7fa244072000 ---p 00000000 00:00 0 
7fa244072000-7fa244173000 rw-p 00000000 00:00 0 
7fa244173000-7fa244174000 ---p 00000000 00:00 0 
7fa244174000-7fa2442bf000 rw-p 00000000 00:00 0 
7fa2442bf000-7fa24463c000 ---p 00000000 00:00 0 
7fa24463c000-7fa244c42000 rw-p 00000000 00:00 0 
7fa244c42000-7fa244eb2000 rwxp 00000000 00:00 0 
7fa244eb2000-7fa2451d3000 ---p 00000000 00:00 0 
7fa2451d3000-7fa245e73000 rwxp 00000000 00:00 0 
7fa245e73000-7fa24c70a000 ---p 00000000 00:00 0 
7fa24c70a000-7fa24ca2a000 rwxp 00000000 00:00 0 
7fa24ca2a000-7fa253c42000 ---p 00000000 00:00 0 
7fa253c42000-7fa25c000000 r--s 00000000 103:01 8129801                   /usr/lib/jvm/java-11-oracle/lib/modules
7fa25c000000-7fa25dafd000 rw-p 00000000 00:00 0 
7fa25dafd000-7fa260000000 ---p 00000000 00:00 0 
7fa260015000-7fa260217000 rw-p 00000000 00:00 0 
7fa260217000-7fa260218000 ---p 00000000 00:00 0 
7fa260218000-7fa260320000 rw-p 00000000 00:00 0 
7fa260320000-7fa260404000 ---p 00000000 00:00 0 
7fa260404000-7fa26041e000 rw-p 00000000 00:00 0 
7fa26041e000-7fa2604ef000 ---p 00000000 00:00 0 
7fa2604ef000-7fa26050a000 r-xp 00000000 103:01 8128250                   /usr/lib/jvm/java-11-oracle/lib/libjimage.so
7fa26050a000-7fa260709000 ---p 0001b000 103:01 8128250                   /usr/lib/jvm/java-11-oracle/lib/libjimage.so
7fa260709000-7fa26070b000 r--p 0001a000 103:01 8128250                   /usr/lib/jvm/java-11-oracle/lib/libjimage.so
7fa26070b000-7fa26070c000 rw-p 0001c000 103:01 8128250                   /usr/lib/jvm/java-11-oracle/lib/libjimage.so
7fa26070c000-7fa260713000 r-xp 00000000 103:01 8129800                   /usr/lib/jvm/java-11-oracle/lib/libzip.so
7fa260713000-7fa260912000 ---p 00007000 103:01 8129800                   /usr/lib/jvm/java-11-oracle/lib/libzip.so
7fa260912000-7fa260913000 r--p 00006000 103:01 8129800                   /usr/lib/jvm/java-11-oracle/lib/libzip.so
7fa260913000-7fa260914000 rw-p 00007000 103:01 8129800                   /usr/lib/jvm/java-11-oracle/lib/libzip.so
7fa260914000-7fa26091f000 r-xp 00000000 103:01 4723454                   /lib/x86_64-linux-gnu/libnss_files-2.27.so
7fa26091f000-7fa260b1e000 ---p 0000b000 103:01 4723454                   /lib/x86_64-linux-gnu/libnss_files-2.27.so
7fa260b1e000-7fa260b1f000 r--p 0000a000 103:01 4723454                   /lib/x86_64-linux-gnu/libnss_files-2.27.so
7fa260b1f000-7fa260b20000 rw-p 0000b000 103:01 4723454                   /lib/x86_64-linux-gnu/libnss_files-2.27.so
7fa260b20000-7fa260b26000 rw-p 00000000 00:00 0 
7fa260b26000-7fa260b3d000 r-xp 00000000 103:01 4723448                   /lib/x86_64-linux-gnu/libnsl-2.27.so
7fa260b3d000-7fa260d3c000 ---p 00017000 103:01 4723448                   /lib/x86_64-linux-gnu/libnsl-2.27.so
7fa260d3c000-7fa260d3d000 r--p 00016000 103:01 4723448                   /lib/x86_64-linux-gnu/libnsl-2.27.so
7fa260d3d000-7fa260d3e000 rw-p 00017000 103:01 4723448                   /lib/x86_64-linux-gnu/libnsl-2.27.so
7fa260d3e000-7fa260d40000 rw-p 00000000 00:00 0 
7fa260d40000-7fa260d4b000 r-xp 00000000 103:01 4723465                   /lib/x86_64-linux-gnu/libnss_nis-2.27.so
7fa260d4b000-7fa260f4a000 ---p 0000b000 103:01 4723465                   /lib/x86_64-linux-gnu/libnss_nis-2.27.so
7fa260f4a000-7fa260f4b000 r--p 0000a000 103:01 4723465                   /lib/x86_64-linux-gnu/libnss_nis-2.27.so
7fa260f4b000-7fa260f4c000 rw-p 0000b000 103:01 4723465                   /lib/x86_64-linux-gnu/libnss_nis-2.27.so
7fa260f4c000-7fa260f54000 r-xp 00000000 103:01 4723450                   /lib/x86_64-linux-gnu/libnss_compat-2.27.so
7fa260f54000-7fa261154000 ---p 00008000 103:01 4723450                   /lib/x86_64-linux-gnu/libnss_compat-2.27.so
7fa261154000-7fa261155000 r--p 00008000 103:01 4723450                   /lib/x86_64-linux-gnu/libnss_compat-2.27.so
7fa261155000-7fa261156000 rw-p 00009000 103:01 4723450                   /lib/x86_64-linux-gnu/libnss_compat-2.27.so
7fa261156000-7fa26117f000 r-xp 00000000 103:01 8128208                   /usr/lib/jvm/java-11-oracle/lib/libjava.so
7fa26117f000-7fa26137f000 ---p 00029000 103:01 8128208                   /usr/lib/jvm/java-11-oracle/lib/libjava.so
7fa26137f000-7fa261380000 r--p 00029000 103:01 8128208                   /usr/lib/jvm/java-11-oracle/lib/libjava.so
7fa261380000-7fa261382000 rw-p 0002a000 103:01 8128208                   /usr/lib/jvm/java-11-oracle/lib/libjava.so
7fa261382000-7fa26138f000 r-xp 00000000 103:01 8129799                   /usr/lib/jvm/java-11-oracle/lib/libverify.so
7fa26138f000-7fa26158e000 ---p 0000d000 103:01 8129799                   /usr/lib/jvm/java-11-oracle/lib/libverify.so
7fa26158e000-7fa261590000 r--p 0000c000 103:01 8129799                   /usr/lib/jvm/java-11-oracle/lib/libverify.so
7fa261590000-7fa261591000 rw-p 0000e000 103:01 8129799                   /usr/lib/jvm/java-11-oracle/lib/libverify.so
7fa261591000-7fa261598000 r-xp 00000000 103:01 4723505                   /lib/x86_64-linux-gnu/librt-2.27.so
7fa261598000-7fa261797000 ---p 00007000 103:01 4723505                   /lib/x86_64-linux-gnu/librt-2.27.so
7fa261797000-7fa261798000 r--p 00006000 103:01 4723505                   /lib/x86_64-linux-gnu/librt-2.27.so
7fa261798000-7fa261799000 rw-p 00007000 103:01 4723505                   /lib/x86_64-linux-gnu/librt-2.27.so
7fa261799000-7fa261936000 r-xp 00000000 103:01 4723427                   /lib/x86_64-linux-gnu/libm-2.27.so
7fa261936000-7fa261b35000 ---p 0019d000 103:01 4723427                   /lib/x86_64-linux-gnu/libm-2.27.so
7fa261b35000-7fa261b36000 r--p 0019c000 103:01 4723427                   /lib/x86_64-linux-gnu/libm-2.27.so
7fa261b36000-7fa261b37000 rw-p 0019d000 103:01 4723427                   /lib/x86_64-linux-gnu/libm-2.27.so
7fa261b37000-7fa262c76000 r-xp 00000000 103:01 8261622                   /usr/lib/jvm/java-11-oracle/lib/server/libjvm.so
7fa262c76000-7fa262e76000 ---p 0113f000 103:01 8261622                   /usr/lib/jvm/java-11-oracle/lib/server/libjvm.so
7fa262e76000-7fa262f35000 r--p 0113f000 103:01 8261622                   /usr/lib/jvm/java-11-oracle/lib/server/libjvm.so
7fa262f35000-7fa262f6e000 rw-p 011fe000 103:01 8261622                   /usr/lib/jvm/java-11-oracle/lib/server/libjvm.so
7fa262f6e000-7fa262fc4000 rw-p 00000000 00:00 0 
7fa262fc4000-7fa2631ab000 r-xp 00000000 103:01 4723364                   /lib/x86_64-linux-gnu/libc-2.27.so
7fa2631ab000-7fa2633ab000 ---p 001e7000 103:01 4723364                   /lib/x86_64-linux-gnu/libc-2.27.so
7fa2633ab000-7fa2633af000 r--p 001e7000 103:01 4723364                   /lib/x86_64-linux-gnu/libc-2.27.so
7fa2633af000-7fa2633b1000 rw-p 001eb000 103:01 4723364                   /lib/x86_64-linux-gnu/libc-2.27.so
7fa2633b1000-7fa2633b5000 rw-p 00000000 00:00 0 
7fa2633b5000-7fa2633b8000 r-xp 00000000 103:01 4723387                   /lib/x86_64-linux-gnu/libdl-2.27.so
7fa2633b8000-7fa2635b7000 ---p 00003000 103:01 4723387                   /lib/x86_64-linux-gnu/libdl-2.27.so
7fa2635b7000-7fa2635b8000 r--p 00002000 103:01 4723387                   /lib/x86_64-linux-gnu/libdl-2.27.so
7fa2635b8000-7fa2635b9000 rw-p 00003000 103:01 4723387                   /lib/x86_64-linux-gnu/libdl-2.27.so
7fa2635b9000-7fa2635c9000 r-xp 00000000 103:01 8261613                   /usr/lib/jvm/java-11-oracle/lib/jli/libjli.so
7fa2635c9000-7fa2637c8000 ---p 00010000 103:01 8261613                   /usr/lib/jvm/java-11-oracle/lib/jli/libjli.so
7fa2637c8000-7fa2637c9000 r--p 0000f000 103:01 8261613                   /usr/lib/jvm/java-11-oracle/lib/jli/libjli.so
7fa2637c9000-7fa2637ca000 rw-p 00010000 103:01 8261613                   /usr/lib/jvm/java-11-oracle/lib/jli/libjli.so
7fa2637ca000-7fa2637e4000 r-xp 00000000 103:01 4723497                   /lib/x86_64-linux-gnu/libpthread-2.27.so
7fa2637e4000-7fa2639e3000 ---p 0001a000 103:01 4723497                   /lib/x86_64-linux-gnu/libpthread-2.27.so
7fa2639e3000-7fa2639e4000 r--p 00019000 103:01 4723497                   /lib/x86_64-linux-gnu/libpthread-2.27.so
7fa2639e4000-7fa2639e5000 rw-p 0001a000 103:01 4723497                   /lib/x86_64-linux-gnu/libpthread-2.27.so
7fa2639e5000-7fa2639e9000 rw-p 00000000 00:00 0 
7fa2639e9000-7fa263a05000 r-xp 00000000 103:01 4723536                   /lib/x86_64-linux-gnu/libz.so.1.2.11
7fa263a05000-7fa263c04000 ---p 0001c000 103:01 4723536                   /lib/x86_64-linux-gnu/libz.so.1.2.11
7fa263c04000-7fa263c05000 r--p 0001b000 103:01 4723536                   /lib/x86_64-linux-gnu/libz.so.1.2.11
7fa263c05000-7fa263c06000 rw-p 0001c000 103:01 4723536                   /lib/x86_64-linux-gnu/libz.so.1.2.11
7fa263c06000-7fa263c2d000 r-xp 00000000 103:01 4723336                   /lib/x86_64-linux-gnu/ld-2.27.so
7fa263c49000-7fa263d08000 rw-p 00000000 00:00 0 
7fa263d08000-7fa263d0c000 ---p 00000000 00:00 0 
7fa263d0c000-7fa263e0d000 rw-p 00000000 00:00 0 
7fa263e17000-7fa263e1c000 rw-p 00000000 00:00 0 
7fa263e1c000-7fa263e23000 ---p 00000000 00:00 0 
7fa263e23000-7fa263e2b000 rw-s 00000000 103:01 13107340                  /tmp/hsperfdata_raghav/28407
7fa263e2b000-7fa263e2c000 ---p 00000000 00:00 0 
7fa263e2c000-7fa263e2d000 r--p 00000000 00:00 0 
7fa263e2d000-7fa263e2e000 r--p 00027000 103:01 4723336                   /lib/x86_64-linux-gnu/ld-2.27.so
7fa263e2e000-7fa263e2f000 rw-p 00028000 103:01 4723336                   /lib/x86_64-linux-gnu/ld-2.27.so
7fa263e2f000-7fa263e30000 rw-p 00000000 00:00 0 
7ffe37d9e000-7ffe37dc0000 rw-p 00000000 00:00 0                          [stack]
7ffe37dd7000-7ffe37dda000 r--p 00000000 00:00 0                          [vvar]
7ffe37dda000-7ffe37ddc000 r-xp 00000000 00:00 0                          [vdso]
ffffffffff600000-ffffffffff601000 r-xp 00000000 00:00 0                  [vsyscall]


VM Arguments:
jvm_args: -Dclassworlds.conf=/usr/share/maven/bin/m2.conf -Dmaven.home=/usr/share/maven -Dlibrary.jansi.path=/usr/share/maven/lib/jansi-native -Dmaven.multiModuleProjectDirectory=/home/raghav/IdeaProjects/ApplianceRecords 
java_command: org.codehaus.plexus.classworlds.launcher.Launcher jetty:run
java_class_path (initial): /usr/share/maven/boot/plexus-classworlds-2.x.jar
Launcher Type: SUN_STANDARD

[Global flags]
     intx CICompilerCount                          = 4                                         {product} {ergonomic}
     uint ConcGCThreads                            = 2                                         {product} {ergonomic}
     uint G1ConcRefinementThreads                  = 8                                         {product} {ergonomic}
   size_t G1HeapRegionSize                         = 1048576                                   {product} {ergonomic}
    uintx GCDrainStackTargetSize                   = 64                                        {product} {ergonomic}
   size_t InitialHeapSize                          = 127926272                                 {product} {ergonomic}
   size_t MarkStackSize                            = 4194304                                   {product} {ergonomic}
   size_t MaxHeapSize                              = 2027945984                                {product} {ergonomic}
   size_t MaxNewSize                               = 1216348160                                {product} {ergonomic}
   size_t MinHeapDeltaBytes                        = 1048576                                   {product} {ergonomic}
    uintx NonNMethodCodeHeapSize                   = 5835340                                {pd product} {ergonomic}
    uintx NonProfiledCodeHeapSize                  = 122911450                              {pd product} {ergonomic}
    uintx ProfiledCodeHeapSize                     = 122911450                              {pd product} {ergonomic}
    uintx ReservedCodeCacheSize                    = 251658240                              {pd product} {ergonomic}
     bool SegmentedCodeCache                       = true                                      {product} {ergonomic}
     bool UseCompressedClassPointers               = true                                 {lp64_product} {ergonomic}
     bool UseCompressedOops                        = true                                 {lp64_product} {ergonomic}
     bool UseG1GC                                  = true                                      {product} {ergonomic}

Logging:
Log output configuration:
 #0: stdout all=warning uptime,level,tags
 #1: stderr all=off uptime,level,tags

Environment Variables:
JAVA_HOME=/usr/lib/jvm/java-11-oracle
PATH=/usr/local/sbin:/usr/local/bin:/usr/sbin:/usr/bin:/sbin:/bin:/usr/games:/usr/local/games:/snap/bin:/usr/lib/jvm/java-11-oracle/bin:/usr/lib/jvm/java-11-oracle/db/bin
USERNAME=raghav
SHELL=/bin/bash
DISPLAY=:0

Signal Handlers:
SIGSEGV: [libjvm.so+0xe2adf0], sa_mask[0]=11111111011111111101111111111110, sa_flags=SA_RESTART|SA_SIGINFO
SIGBUS: [libjvm.so+0xe2adf0], sa_mask[0]=11111111011111111101111111111110, sa_flags=SA_RESTART|SA_SIGINFO
SIGFPE: [libjvm.so+0xe2adf0], sa_mask[0]=11111111011111111101111111111110, sa_flags=SA_RESTART|SA_SIGINFO
SIGPIPE: [libjvm.so+0xbff5b0], sa_mask[0]=11111111011111111101111111111110, sa_flags=SA_RESTART|SA_SIGINFO
SIGXFSZ: [libjvm.so+0xbff5b0], sa_mask[0]=11111111011111111101111111111110, sa_flags=SA_RESTART|SA_SIGINFO
SIGILL: [libjvm.so+0xe2adf0], sa_mask[0]=11111111011111111101111111111110, sa_flags=SA_RESTART|SA_SIGINFO
SIGUSR2: [libjvm.so+0xbff450], sa_mask[0]=00100000000000000000000000000000, sa_flags=SA_RESTART|SA_SIGINFO
SIGHUP: [libjvm.so+0xbff7b0], sa_mask[0]=11111111011111111101111111111110, sa_flags=SA_RESTART|SA_SIGINFO
SIGINT: [libjvm.so+0xbff7b0], sa_mask[0]=11111111011111111101111111111110, sa_flags=SA_RESTART|SA_SIGINFO
SIGTERM: [libjvm.so+0xbff7b0], sa_mask[0]=11111111011111111101111111111110, sa_flags=SA_RESTART|SA_SIGINFO
SIGQUIT: [libjvm.so+0xbff7b0], sa_mask[0]=11111111011111111101111111111110, sa_flags=SA_RESTART|SA_SIGINFO


---------------  S Y S T E M  ---------------

OS:DISTRIB_ID=Ubuntu
DISTRIB_RELEASE=18.04
DISTRIB_CODENAME=bionic
DISTRIB_DESCRIPTION="Ubuntu 18.04.2 LTS"
uname:Linux 4.15.0-47-generic #50-Ubuntu SMP Wed Mar 13 10:44:52 UTC 2019 x86_64
libc:glibc 2.27 NPTL 2.27 
rlimit: STACK 8192k, CORE 0k, NPROC 30766, NOFILE 1048576, AS infinity, DATA infinity, FSIZE infinity
load average:3.53 3.09 2.41

/proc/meminfo:
MemTotal:        7921568 kB
MemFree:          242948 kB
MemAvailable:    3610796 kB
Buffers:          405148 kB
Cached:          3471108 kB
SwapCached:            0 kB
Active:          5233940 kB
Inactive:        1913004 kB
Active(anon):    3265736 kB
Inactive(anon):   502076 kB
Active(file):    1968204 kB
Inactive(file):  1410928 kB
Unevictable:          80 kB
Mlocked:              80 kB
SwapTotal:       2097148 kB
SwapFree:        2097148 kB
Dirty:             12284 kB
Writeback:             0 kB
AnonPages:       3270960 kB
Mapped:           619752 kB
Shmem:            503532 kB
Slab:             368672 kB
SReclaimable:     297876 kB
SUnreclaim:        70796 kB
KernelStack:       16768 kB
PageTables:        62832 kB
NFS_Unstable:          0 kB
Bounce:                0 kB
WritebackTmp:          0 kB
CommitLimit:     6057932 kB
Committed_AS:   10470896 kB
VmallocTotal:   34359738367 kB
VmallocUsed:           0 kB
VmallocChunk:          0 kB
HardwareCorrupted:     0 kB
AnonHugePages:      2048 kB
ShmemHugePages:        0 kB
ShmemPmdMapped:        0 kB
CmaTotal:              0 kB
CmaFree:               0 kB
HugePages_Total:       0
HugePages_Free:        0
HugePages_Rsvd:        0
HugePages_Surp:        0
Hugepagesize:       2048 kB
DirectMap4k:      319028 kB
DirectMap2M:     6772736 kB
DirectMap1G:     1048576 kB


/proc/sys/kernel/threads-max (system-wide limit on the number of threads):
61533


/proc/sys/vm/max_map_count (maximum number of memory map areas a process may have):
65530


/proc/sys/kernel/pid_max (system-wide limit on number of process identifiers):
32768



container (cgroup) information:
container_type: cgroupv1
cpu_cpuset_cpus: 0-7
cpu_memory_nodes: 0
active_processor_count: 8
cpu_quota: -1
cpu_period: 100000
cpu_shares: -1
memory_limit_in_bytes: -1
memory_and_swap_limit_in_bytes: -2
memory_soft_limit_in_bytes: -1
memory_usage_in_bytes: 7319138304
memory_max_usage_in_bytes: 0


CPU:total 8 (initial active 8) (4 cores per cpu, 2 threads per core) family 6 model 142 stepping 10, cmov, cx8, fxsr, mmx, sse, sse2, sse3, ssse3, sse4.1, sse4.2, popcnt, avx, avx2, aes, clmul, erms, 3dnowpref, lzcnt, ht, tsc, tscinvbit, bmi1, bmi2, adx, fma
CPU Model and flags from /proc/cpuinfo:
model name	: Intel(R) Core(TM) i5-8250U CPU @ 1.60GHz
flags		: fpu vme de pse tsc msr pae mce cx8 apic sep mtrr pge mca cmov pat pse36 clflush dts acpi mmx fxsr sse sse2 ss ht tm pbe syscall nx pdpe1gb rdtscp lm constant_tsc art arch_perfmon pebs bts rep_good nopl xtopology nonstop_tsc cpuid aperfmperf tsc_known_freq pni pclmulqdq dtes64 monitor ds_cpl vmx est tm2 ssse3 sdbg fma cx16 xtpr pdcm pcid sse4_1 sse4_2 x2apic movbe popcnt tsc_deadline_timer aes xsave avx f16c rdrand lahf_lm abm 3dnowprefetch cpuid_fault epb invpcid_single pti ssbd ibrs ibpb stibp tpr_shadow vnmi flexpriority ept vpid fsgsbase tsc_adjust bmi1 avx2 smep bmi2 erms invpcid mpx rdseed adx smap clflushopt intel_pt xsaveopt xsavec xgetbv1 xsaves dtherm ida arat pln pts hwp hwp_notify hwp_act_window hwp_epp flush_l1d

Memory: 4k page, physical 7921568k(242948k free), swap 2097148k(2097148k free)

vm_info: Java HotSpot(TM) 64-Bit Server VM (11.0.2+9-LTS) for linux-amd64 JRE (11.0.2+9-LTS), built on Jan 17 2019 21:22:50 by "mach5one" with gcc 7.3.0

END.
