#
# A fatal error has been detected by the Java Runtime Environment:
#
#  SIGSEGV (0xb) at pc=0x00007f95947eefa0, pid=9499, tid=9676
#
# JRE version: Java(TM) SE Runtime Environment (11.0.2+9) (build 11.0.2+9-LTS)
# Java VM: Java HotSpot(TM) 64-Bit Server VM (11.0.2+9-LTS, mixed mode, tiered, compressed oops, g1 gc, linux-amd64)
# Problematic frame:
# C  [libpthread.so.0+0x9fa0]  pthread_mutex_lock+0x0
#
# Core dump will be written. Default location: Core dumps may be processed with "/usr/share/apport/apport %p %s %c %d %P" (or dumping to /home/raghav/IdeaProjects/ApplianceRecords/core.9499)
#
# If you would like to submit a bug report, please visit:
#   http://bugreport.java.com/bugreport/crash.jsp
# The crash happened outside the Java Virtual Machine in native code.
# See problematic frame for where to report the bug.
#

---------------  S U M M A R Y ------------

Command Line: -Dclassworlds.conf=/usr/share/maven/bin/m2.conf -Dmaven.home=/usr/share/maven -Dlibrary.jansi.path=/usr/share/maven/lib/jansi-native -Dmaven.multiModuleProjectDirectory=/home/raghav/IdeaProjects/ApplianceRecords org.codehaus.plexus.classworlds.launcher.Launcher jetty:run

Host: Intel(R) Core(TM) i5-8250U CPU @ 1.60GHz, 8 cores, 7G, Ubuntu 18.04.2 LTS
Time: Fri May  3 14:57:01 2019 IST elapsed time: 6 seconds (0d 0h 0m 6s)

---------------  T H R E A D  ---------------

Current thread (0x00007f94fc001000):  JavaThread "qtp1608047974-22" [_thread_in_native, id=9676, stack(0x00007f95311e2000,0x00007f95312e3000)]

Stack: [0x00007f95311e2000,0x00007f95312e3000],  sp=0x00007f95312df378,  free space=1012k
Native frames: (J=compiled Java code, A=aot compiled Java code, j=interpreted, Vv=VM code, C=native code)
C  [libpthread.so.0+0x9fa0]  pthread_mutex_lock+0x0

Java frames: (J=compiled Java code, j=interpreted, Vv=VM code)
j  org.sqlite.core.NativeDB.column_text_utf8(JI)[B+0
j  org.sqlite.core.NativeDB.column_text(JI)Ljava/lang/String;+3
j  org.sqlite.jdbc3.JDBC3ResultSet.getString(I)Ljava/lang/String;+18
j  org.sqlite.jdbc3.JDBC3ResultSet.getString(Ljava/lang/String;)Ljava/lang/String;+6
j  com.appliancerecords.controller.DataLink.getDetails()V+139
j  com.appliancerecords.controller.Controller.getDetails()V+4
j  com.appliancerecords.controller.Controller.addToPage()V+1
j  com.appliancerecords.controller.Controller.index()Lorg/springframework/web/servlet/ModelAndView;+1
v  ~StubRoutines::call_stub
J 3287  jdk.internal.reflect.NativeMethodAccessorImpl.invoke0(Ljava/lang/reflect/Method;Ljava/lang/Object;[Ljava/lang/Object;)Ljava/lang/Object; java.base@11.0.2 (0 bytes) @ 0x00007f957c8aa5b7 [0x00007f957c8aa540+0x0000000000000077]
J 3286 c1 jdk.internal.reflect.NativeMethodAccessorImpl.invoke(Ljava/lang/Object;[Ljava/lang/Object;)Ljava/lang/Object; java.base@11.0.2 (104 bytes) @ 0x00007f95758629a4 [0x00007f9575861dc0+0x0000000000000be4]
j  jdk.internal.reflect.DelegatingMethodAccessorImpl.invoke(Ljava/lang/Object;[Ljava/lang/Object;)Ljava/lang/Object;+6 java.base@11.0.2
j  java.lang.reflect.Method.invoke(Ljava/lang/Object;[Ljava/lang/Object;)Ljava/lang/Object;+59 java.base@11.0.2
j  org.springframework.web.method.support.InvocableHandlerMethod.doInvoke([Ljava/lang/Object;)Ljava/lang/Object;+16
j  org.springframework.web.method.support.InvocableHandlerMethod.invokeForRequest(Lorg/springframework/web/context/request/NativeWebRequest;Lorg/springframework/web/method/support/ModelAndViewContainer;[Ljava/lang/Object;)Ljava/lang/Object;+56
j  org.springframework.web.servlet.mvc.method.annotation.ServletInvocableHandlerMethod.invokeAndHandle(Lorg/springframework/web/context/request/ServletWebRequest;Lorg/springframework/web/method/support/ModelAndViewContainer;[Ljava/lang/Object;)V+4
j  org.springframework.web.servlet.mvc.method.annotation.RequestMappingHandlerAdapter.invokeHandlerMethod(Ljavax/servlet/http/HttpServletRequest;Ljavax/servlet/http/HttpServletResponse;Lorg/springframework/web/method/HandlerMethod;)Lorg/springframework/web/servlet/ModelAndView;+244
j  org.springframework.web.servlet.mvc.method.annotation.RequestMappingHandlerAdapter.handleInternal(Ljavax/servlet/http/HttpServletRequest;Ljavax/servlet/http/HttpServletResponse;Lorg/springframework/web/method/HandlerMethod;)Lorg/springframework/web/servlet/ModelAndView;+81
j  org.springframework.web.servlet.mvc.method.AbstractHandlerMethodAdapter.handle(Ljavax/servlet/http/HttpServletRequest;Ljavax/servlet/http/HttpServletResponse;Ljava/lang/Object;)Lorg/springframework/web/servlet/ModelAndView;+7
j  org.springframework.web.servlet.DispatcherServlet.doDispatch(Ljavax/servlet/http/HttpServletRequest;Ljavax/servlet/http/HttpServletResponse;)V+257
j  org.springframework.web.servlet.DispatcherServlet.doService(Ljavax/servlet/http/HttpServletRequest;Ljavax/servlet/http/HttpServletResponse;)V+212
j  org.springframework.web.servlet.FrameworkServlet.processRequest(Ljavax/servlet/http/HttpServletRequest;Ljavax/servlet/http/HttpServletResponse;)V+71
j  org.springframework.web.servlet.FrameworkServlet.doGet(Ljavax/servlet/http/HttpServletRequest;Ljavax/servlet/http/HttpServletResponse;)V+3
j  javax.servlet.http.HttpServlet.service(Ljavax/servlet/http/HttpServletRequest;Ljavax/servlet/http/HttpServletResponse;)V+35
j  org.springframework.web.servlet.FrameworkServlet.service(Ljavax/servlet/http/HttpServletRequest;Ljavax/servlet/http/HttpServletResponse;)V+33
j  javax.servlet.http.HttpServlet.service(Ljavax/servlet/ServletRequest;Ljavax/servlet/ServletResponse;)V+39
j  org.eclipse.jetty.servlet.ServletHolder.handle(Lorg/eclipse/jetty/server/Request;Ljavax/servlet/ServletRequest;Ljavax/servlet/ServletResponse;)V+129
j  org.eclipse.jetty.servlet.ServletHandler$CachedChain.doFilter(Ljavax/servlet/ServletRequest;Ljavax/servlet/ServletResponse;)V+214
j  org.eclipse.jetty.websocket.server.WebSocketUpgradeFilter.doFilter(Ljavax/servlet/ServletRequest;Ljavax/servlet/ServletResponse;Ljavax/servlet/FilterChain;)V+117
j  org.eclipse.jetty.servlet.ServletHandler$CachedChain.doFilter(Ljavax/servlet/ServletRequest;Ljavax/servlet/ServletResponse;)V+126
j  org.eclipse.jetty.servlet.ServletHandler.doHandle(Ljava/lang/String;Lorg/eclipse/jetty/server/Request;Ljavax/servlet/http/HttpServletRequest;Ljavax/servlet/http/HttpServletResponse;)V+194
j  org.eclipse.jetty.server.handler.ScopedHandler.handle(Ljava/lang/String;Lorg/eclipse/jetty/server/Request;Ljavax/servlet/http/HttpServletRequest;Ljavax/servlet/http/HttpServletResponse;)V+32
j  org.eclipse.jetty.security.SecurityHandler.handle(Ljava/lang/String;Lorg/eclipse/jetty/server/Request;Ljavax/servlet/http/HttpServletRequest;Ljavax/servlet/http/HttpServletResponse;)V+553
j  org.eclipse.jetty.server.handler.HandlerWrapper.handle(Ljava/lang/String;Lorg/eclipse/jetty/server/Request;Ljavax/servlet/http/HttpServletRequest;Ljavax/servlet/http/HttpServletResponse;)V+18
j  org.eclipse.jetty.server.handler.ScopedHandler.nextHandle(Ljava/lang/String;Lorg/eclipse/jetty/server/Request;Ljavax/servlet/http/HttpServletRequest;Ljavax/servlet/http/HttpServletResponse;)V+46
j  org.eclipse.jetty.server.session.SessionHandler.doHandle(Ljava/lang/String;Lorg/eclipse/jetty/server/Request;Ljavax/servlet/http/HttpServletRequest;Ljavax/servlet/http/HttpServletResponse;)V+6
j  org.eclipse.jetty.server.handler.ScopedHandler.nextHandle(Ljava/lang/String;Lorg/eclipse/jetty/server/Request;Ljavax/servlet/http/HttpServletRequest;Ljavax/servlet/http/HttpServletResponse;)V+27
j  org.eclipse.jetty.server.handler.ContextHandler.doHandle(Ljava/lang/String;Lorg/eclipse/jetty/server/Request;Ljavax/servlet/http/HttpServletRequest;Ljavax/servlet/http/HttpServletResponse;)V+141
j  org.eclipse.jetty.server.handler.ScopedHandler.nextScope(Ljava/lang/String;Lorg/eclipse/jetty/server/Request;Ljavax/servlet/http/HttpServletRequest;Ljavax/servlet/http/HttpServletResponse;)V+38
j  org.eclipse.jetty.servlet.ServletHandler.doScope(Ljava/lang/String;Lorg/eclipse/jetty/server/Request;Ljavax/servlet/http/HttpServletRequest;Ljavax/servlet/http/HttpServletResponse;)V+188
j  org.eclipse.jetty.server.session.SessionHandler.doScope(Ljava/lang/String;Lorg/eclipse/jetty/server/Request;Ljavax/servlet/http/HttpServletRequest;Ljavax/servlet/http/HttpServletResponse;)V+206
j  org.eclipse.jetty.server.handler.ScopedHandler.nextScope(Ljava/lang/String;Lorg/eclipse/jetty/server/Request;Ljavax/servlet/http/HttpServletRequest;Ljavax/servlet/http/HttpServletResponse;)V+16
j  org.eclipse.jetty.server.handler.ContextHandler.doScope(Ljava/lang/String;Lorg/eclipse/jetty/server/Request;Ljavax/servlet/http/HttpServletRequest;Ljavax/servlet/http/HttpServletResponse;)V+426
j  org.eclipse.jetty.server.handler.ScopedHandler.handle(Ljava/lang/String;Lorg/eclipse/jetty/server/Request;Ljavax/servlet/http/HttpServletRequest;Ljavax/servlet/http/HttpServletResponse;)V+20
j  org.eclipse.jetty.server.handler.ContextHandlerCollection.handle(Ljava/lang/String;Lorg/eclipse/jetty/server/Request;Ljavax/servlet/http/HttpServletRequest;Ljavax/servlet/http/HttpServletResponse;)V+224
j  org.eclipse.jetty.server.handler.HandlerCollection.handle(Ljava/lang/String;Lorg/eclipse/jetty/server/Request;Ljavax/servlet/http/HttpServletRequest;Ljavax/servlet/http/HttpServletResponse;)V+42
j  org.eclipse.jetty.server.handler.HandlerWrapper.handle(Ljava/lang/String;Lorg/eclipse/jetty/server/Request;Ljavax/servlet/http/HttpServletRequest;Ljavax/servlet/http/HttpServletResponse;)V+18
j  org.eclipse.jetty.server.Server.handle(Lorg/eclipse/jetty/server/HttpChannel;)V+141
j  org.eclipse.jetty.server.HttpChannel.handle()Z+332
j  org.eclipse.jetty.server.HttpConnection.onFillable()V+137
j  org.eclipse.jetty.io.AbstractConnection$ReadCallback.succeeded()V+4
j  org.eclipse.jetty.io.FillInterest.fillable()Z+57
j  org.eclipse.jetty.io.ChannelEndPoint$2.run()V+7
j  org.eclipse.jetty.util.thread.strategy.EatWhatYouKill.runTask(Ljava/lang/Runnable;)V+1
j  org.eclipse.jetty.util.thread.strategy.EatWhatYouKill.doProduce(Z)Z+507
j  org.eclipse.jetty.util.thread.strategy.EatWhatYouKill.tryProduce(Z)V+134
j  org.eclipse.jetty.util.thread.strategy.EatWhatYouKill.produce()V+2
j  org.eclipse.jetty.io.ManagedSelector$$Lambda$364.run()V+4
j  org.eclipse.jetty.util.thread.QueuedThreadPool.runJob(Ljava/lang/Runnable;)V+1
j  org.eclipse.jetty.util.thread.QueuedThreadPool$2.run()V+104
j  java.lang.Thread.run()V+11 java.base@11.0.2
v  ~StubRoutines::call_stub

siginfo: si_signo: 11 (SIGSEGV), si_code: 128 (SI_KERNEL), si_addr: 0x0000000000000000

Register to memory mapping:

RAX=0x00007f9514097ea8 points into unknown readable memory: f8 79 09 14 95 7f 00 00
RBX=0x00007f9514096738 points into unknown readable memory: a8 7e 09 14 95 7f 00 00
RCX=0x0 is NULL
RDX=0x00000000000000c2 is an unknown value
RSP=0x00007f95312df378 is pointing into the stack for thread: 0x00007f94fc001000
RBP=0x0 is NULL
RSI=0x0 is NULL
RDI=0x6c707041206d6f72 is an unknown value
R8 =0x000000008d988928 is an oop: org.sqlite.core.NativeDB 
{0x000000008d988928} - klass: 'org/sqlite/core/NativeDB'
R9 =0x000000008d988928 is an oop: org.sqlite.core.NativeDB 
{0x000000008d988928} - klass: 'org/sqlite/core/NativeDB'
R10=0x0000000000000368 is an unknown value
R11=0x00007f94d7931060: <offset 0x000000000002e060> in /tmp/sqlite-3.25.2-12471e62-0dbf-4caa-8b53-73dcba9eedf7-libsqlitejdbc.so at 0x00007f94d7903000
R12=0x00007f9514096738 points into unknown readable memory: a8 7e 09 14 95 7f 00 00
R13=0x0 is NULL
R14=0x00007f9514023b98 points into unknown readable memory: 40 bc bf d7 94 7f 00 00
R15=0x00007f94fc001000 is a thread


Registers:
RAX=0x00007f9514097ea8, RBX=0x00007f9514096738, RCX=0x0000000000000000, RDX=0x00000000000000c2
RSP=0x00007f95312df378, RBP=0x0000000000000000, RSI=0x0000000000000000, RDI=0x6c707041206d6f72
R8 =0x000000008d988928, R9 =0x000000008d988928, R10=0x0000000000000368, R11=0x00007f94d7931060
R12=0x00007f9514096738, R13=0x0000000000000000, R14=0x00007f9514023b98, R15=0x00007f94fc001000
RIP=0x00007f95947eefa0, EFLAGS=0x0000000000010206, CSGSFS=0x002b000000000033, ERR=0x0000000000000000
  TRAPNO=0x000000000000000d

Top of Stack: (sp=0x00007f95312df378)
0x00007f95312df378:   00007f94d7928b74 00007f94fc001000
0x00007f95312df388:   00007f9514096738 00007f95312df468
0x00007f95312df398:   00007f94d795c6b6 00007f95312df4a0
0x00007f95312df3a8:   00007f9514096738 00007f94fc001340 

Instructions: (pc=0x00007f95947eefa0)
0x00007f95947eef80:   00 00 0f 05 64 48 c7 04 25 f0 02 00 00 00 00 00
0x00007f95947eef90:   00 b8 83 00 00 00 e9 a8 fb ff ff 0f 1f 44 00 00
0x00007f95947eefa0:   8b 47 10 89 c2 81 e2 7f 01 00 00 90 83 e0 7c 0f
0x00007f95947eefb0:   85 9b 00 00 00 48 83 ec 08 85 d2 49 89 f8 8b 77 

Stack slot to memory mapping:
stack at sp + 0 slots: 0x00007f94d7928b74: <offset 0x0000000000025b74> in /tmp/sqlite-3.25.2-12471e62-0dbf-4caa-8b53-73dcba9eedf7-libsqlitejdbc.so at 0x00007f94d7903000
stack at sp + 1 slots: 0x00007f94fc001000 is a thread
stack at sp + 2 slots: 0x00007f9514096738 points into unknown readable memory: a8 7e 09 14 95 7f 00 00
stack at sp + 3 slots: 0x00007f95312df468 is pointing into the stack for thread: 0x00007f94fc001000
stack at sp + 4 slots: 0x00007f94d795c6b6: <offset 0x00000000000596b6> in /tmp/sqlite-3.25.2-12471e62-0dbf-4caa-8b53-73dcba9eedf7-libsqlitejdbc.so at 0x00007f94d7903000
stack at sp + 5 slots: 0x00007f95312df4a0 is pointing into the stack for thread: 0x00007f94fc001000
stack at sp + 6 slots: 0x00007f9514096738 points into unknown readable memory: a8 7e 09 14 95 7f 00 00
stack at sp + 7 slots: 0x00007f94fc001340 points into unknown readable memory: 00 70 f5 93 95 7f 00 00


---------------  P R O C E S S  ---------------

Threads class SMR info:
_java_thread_list=0x00007f958de94a30, length=22, elements={
0x00007f958c012000, 0x00007f958c15d800, 0x00007f958c161800, 0x00007f958c174000,
0x00007f958c176000, 0x00007f958c178000, 0x00007f958c17a000, 0x00007f958c219000,
0x00007f958c229000, 0x00007f953c25f000, 0x00007f953c2a9000, 0x00007f958d98b000,
0x00007f958d98c800, 0x00007f958d98e800, 0x00007f958d990000, 0x00007f958d992000,
0x00007f958d994000, 0x00007f958d996000, 0x00007f958d998000, 0x00007f94fc001000,
0x00007f9510002800, 0x00007f958de93800
}

Java Threads: ( => current thread )
  0x00007f958c012000 JavaThread "main" [_thread_blocked, id=9521, stack(0x00007f9594d23000,0x00007f9594e24000)]
  0x00007f958c15d800 JavaThread "Reference Handler" daemon [_thread_blocked, id=9528, stack(0x00007f95656ff000,0x00007f9565800000)]
  0x00007f958c161800 JavaThread "Finalizer" daemon [_thread_blocked, id=9529, stack(0x00007f95655fe000,0x00007f95656ff000)]
  0x00007f958c174000 JavaThread "Signal Dispatcher" daemon [_thread_blocked, id=9530, stack(0x00007f9564b2e000,0x00007f9564c2f000)]
  0x00007f958c176000 JavaThread "C2 CompilerThread0" daemon [_thread_blocked, id=9531, stack(0x00007f9564a2d000,0x00007f9564b2e000)]
  0x00007f958c178000 JavaThread "C1 CompilerThread0" daemon [_thread_blocked, id=9532, stack(0x00007f956492c000,0x00007f9564a2d000)]
  0x00007f958c17a000 JavaThread "Sweeper thread" daemon [_thread_blocked, id=9533, stack(0x00007f956482b000,0x00007f956492c000)]
  0x00007f958c219000 JavaThread "Service Thread" daemon [_thread_blocked, id=9534, stack(0x00007f956472a000,0x00007f956482b000)]
  0x00007f958c229000 JavaThread "Common-Cleaner" daemon [_thread_blocked, id=9536, stack(0x00007f9564527000,0x00007f9564628000)]
  0x00007f953c25f000 JavaThread "C2 CompilerThread1" daemon [_thread_blocked, id=9537, stack(0x00007f9533eff000,0x00007f9534000000)]
  0x00007f953c2a9000 JavaThread "C2 CompilerThread2" daemon [_thread_in_native, id=9538, stack(0x00007f95339fe000,0x00007f9533aff000)]
  0x00007f958d98b000 JavaThread "qtp1608047974-14" [_thread_in_native, id=9654, stack(0x00007f9531bea000,0x00007f9531ceb000)]
  0x00007f958d98c800 JavaThread "qtp1608047974-15" [_thread_blocked, id=9655, stack(0x00007f9531ae9000,0x00007f9531bea000)]
  0x00007f958d98e800 JavaThread "qtp1608047974-16" [_thread_blocked, id=9656, stack(0x00007f95319e8000,0x00007f9531ae9000)]
  0x00007f958d990000 JavaThread "qtp1608047974-17" [_thread_in_native, id=9657, stack(0x00007f95318e7000,0x00007f95319e8000)]
  0x00007f958d992000 JavaThread "qtp1608047974-18-acceptor-0@22d3c4c1-ServerConnector@8167f57{HTTP/1.1,[http/1.1]}{0.0.0.0:8080}" [_thread_in_native, id=9658, stack(0x00007f95317e6000,0x00007f95318e7000)]
  0x00007f958d994000 JavaThread "qtp1608047974-19" [_thread_blocked, id=9659, stack(0x00007f95316e5000,0x00007f95317e6000)]
  0x00007f958d996000 JavaThread "qtp1608047974-20" [_thread_in_native, id=9660, stack(0x00007f95315e4000,0x00007f95316e5000)]
  0x00007f958d998000 JavaThread "qtp1608047974-21" [_thread_in_native, id=9661, stack(0x00007f95314e3000,0x00007f95315e4000)]
=>0x00007f94fc001000 JavaThread "qtp1608047974-22" [_thread_in_native, id=9676, stack(0x00007f95311e2000,0x00007f95312e3000)]
  0x00007f9510002800 JavaThread "qtp1608047974-23" [_thread_blocked, id=9677, stack(0x00007f95310e1000,0x00007f95311e2000)]
  0x00007f958de93800 JavaThread "Scheduler-2085398652" [_thread_blocked, id=9726, stack(0x00007f95308d6000,0x00007f95309d7000)]

Other Threads:
  0x00007f958c155000 VMThread "VM Thread" [stack: 0x00007f956c00b000,0x00007f956c10b000] [id=9527]
  0x00007f958c220000 WatcherThread [stack: 0x00007f956462a000,0x00007f956472a000] [id=9535]
  0x00007f958c03a000 GCTaskThread "GC Thread#0" [stack: 0x00007f9591234000,0x00007f9591334000] [id=9522]
  0x00007f9558001000 GCTaskThread "GC Thread#1" [stack: 0x00007f95338fe000,0x00007f95339fe000] [id=9539]
  0x00007f9558055800 GCTaskThread "GC Thread#2" [stack: 0x00007f95322fa000,0x00007f95323fa000] [id=9640]
  0x00007f955817f000 GCTaskThread "GC Thread#3" [stack: 0x00007f9530fe1000,0x00007f95310e1000] [id=9678]
  0x00007f9558180800 GCTaskThread "GC Thread#4" [stack: 0x00007f9530edf000,0x00007f9530fdf000] [id=9679]
  0x00007f9558182000 GCTaskThread "GC Thread#5" [stack: 0x00007f9530ddd000,0x00007f9530edd000] [id=9680]
  0x00007f9558183800 GCTaskThread "GC Thread#6" [stack: 0x00007f9530cdb000,0x00007f9530ddb000] [id=9681]
  0x00007f9558185800 GCTaskThread "GC Thread#7" [stack: 0x00007f9530bd9000,0x00007f9530cd9000] [id=9682]
  0x00007f958c06a800 ConcurrentGCThread "G1 Main Marker" [stack: 0x00007f959019c000,0x00007f959029c000] [id=9523]
  0x00007f958c06c000 ConcurrentGCThread "G1 Conc#0" [stack: 0x00007f959009a000,0x00007f959019a000] [id=9524]
  0x00007f9568001000 ConcurrentGCThread "G1 Conc#1" [stack: 0x00007f9532ffc000,0x00007f95330fc000] [id=9571]
  0x00007f958c0f3000 ConcurrentGCThread "G1 Refine#0" [stack: 0x00007f956c290000,0x00007f956c390000] [id=9525]
  0x00007f958c0f5000 ConcurrentGCThread "G1 Young RemSet Sampling" [stack: 0x00007f956c18e000,0x00007f956c28e000] [id=9526]

Threads with active compile tasks:
C2 CompilerThread27044       4       java.util.TreeMap::put (247 bytes)

VM state:not at safepoint (normal execution)

VM Mutex/Monitor currently owned by a thread: None

Heap address: 0x0000000087200000, size: 1934 MB, Compressed Oops mode: 32-bit
Narrow klass base: 0x0000000000000000, Narrow klass shift: 3
Compressed class space size: 1073741824 Address: 0x0000000100000000

Heap:
 garbage-first heap   total 187392K, used 114307K [0x0000000087200000, 0x0000000100000000)
  region size 1024K, 86 young (88064K), 6 survivors (6144K)
 Metaspace       used 52802K, capacity 54079K, committed 54192K, reserved 1097728K
  class space    used 5903K, capacity 6361K, committed 6400K, reserved 1048576K
Heap Regions: E=young(eden), S=young(survivor), O=old, HS=humongous(starts), HC=humongous(continues), CS=collection set, F=free, A=archive, TAMS=top-at-mark-start (previous, next)
|   0|0x0000000087200000, 0x0000000087300000, 0x0000000087300000|100%| O|  |TAMS 0x0000000087300000, 0x0000000087200000| Untracked 
|   1|0x0000000087300000, 0x0000000087400000, 0x0000000087400000|100%| O|  |TAMS 0x0000000087400000, 0x0000000087300000| Untracked 
|   2|0x0000000087400000, 0x0000000087500000, 0x0000000087500000|100%| O|  |TAMS 0x0000000087500000, 0x0000000087400000| Untracked 
|   3|0x0000000087500000, 0x0000000087600000, 0x0000000087600000|100%| O|  |TAMS 0x0000000087600000, 0x0000000087500000| Untracked 
|   4|0x0000000087600000, 0x0000000087700000, 0x0000000087700000|100%| O|  |TAMS 0x0000000087700000, 0x0000000087600000| Untracked 
|   5|0x0000000087700000, 0x0000000087800000, 0x0000000087800000|100%| O|  |TAMS 0x0000000087800000, 0x0000000087700000| Untracked 
|   6|0x0000000087800000, 0x0000000087900000, 0x0000000087900000|100%| O|  |TAMS 0x0000000087900000, 0x0000000087800000| Untracked 
|   7|0x0000000087900000, 0x0000000087a00000, 0x0000000087a00000|100%| O|  |TAMS 0x0000000087a00000, 0x0000000087900000| Untracked 
|   8|0x0000000087a00000, 0x0000000087b00000, 0x0000000087b00000|100%| O|  |TAMS 0x0000000087b00000, 0x0000000087a00000| Untracked 
|   9|0x0000000087b00000, 0x0000000087c00000, 0x0000000087c00000|100%| O|  |TAMS 0x0000000087c00000, 0x0000000087b00000| Untracked 
|  10|0x0000000087c00000, 0x0000000087d00000, 0x0000000087d00000|100%| O|  |TAMS 0x0000000087d00000, 0x0000000087c00000| Untracked 
|  11|0x0000000087d00000, 0x0000000087e00000, 0x0000000087e00000|100%| O|  |TAMS 0x0000000087e00000, 0x0000000087d00000| Untracked 
|  12|0x0000000087e00000, 0x0000000087f00000, 0x0000000087f00000|100%| O|  |TAMS 0x0000000087f00000, 0x0000000087e00000| Untracked 
|  13|0x0000000087f00000, 0x0000000088000000, 0x0000000088000000|100%| O|  |TAMS 0x0000000088000000, 0x0000000087f00000| Untracked 
|  14|0x0000000088000000, 0x0000000088100000, 0x0000000088100000|100%| O|  |TAMS 0x0000000088100000, 0x0000000088000000| Untracked 
|  15|0x0000000088100000, 0x0000000088200000, 0x0000000088200000|100%| O|  |TAMS 0x0000000088200000, 0x0000000088100000| Untracked 
|  16|0x0000000088200000, 0x0000000088300000, 0x0000000088300000|100%| O|  |TAMS 0x0000000088263600, 0x0000000088200000| Untracked 
|  17|0x0000000088300000, 0x0000000088400000, 0x0000000088400000|100%| O|  |TAMS 0x0000000088300000, 0x0000000088300000| Untracked 
|  18|0x0000000088400000, 0x0000000088500000, 0x0000000088500000|100%| O|  |TAMS 0x0000000088400000, 0x0000000088400000| Untracked 
|  19|0x0000000088500000, 0x0000000088600000, 0x0000000088600000|100%| O|  |TAMS 0x0000000088500000, 0x0000000088500000| Untracked 
|  20|0x0000000088600000, 0x0000000088700000, 0x0000000088700000|100%| O|  |TAMS 0x0000000088600000, 0x0000000088600000| Untracked 
|  21|0x0000000088700000, 0x0000000088800000, 0x0000000088800000|100%| O|  |TAMS 0x0000000088700000, 0x0000000088700000| Untracked 
|  22|0x0000000088800000, 0x0000000088900000, 0x0000000088900000|100%| O|  |TAMS 0x0000000088800000, 0x0000000088800000| Untracked 
|  23|0x0000000088900000, 0x0000000088a00000, 0x0000000088a00000|100%| O|  |TAMS 0x0000000088900000, 0x0000000088900000| Untracked 
|  24|0x0000000088a00000, 0x0000000088b00000, 0x0000000088b00000|100%| O|  |TAMS 0x0000000088a00000, 0x0000000088a00000| Untracked 
|  25|0x0000000088b00000, 0x0000000088c00000, 0x0000000088c00000|100%| O|  |TAMS 0x0000000088b00000, 0x0000000088b00000| Untracked 
|  26|0x0000000088c00000, 0x0000000088cf6600, 0x0000000088d00000| 96%| O|  |TAMS 0x0000000088c00000, 0x0000000088c00000| Untracked 
|  27|0x0000000088d00000, 0x0000000088d00000, 0x0000000088e00000|  0%| F|  |TAMS 0x0000000088d00000, 0x0000000088d00000| Untracked 
|  28|0x0000000088e00000, 0x0000000088e00000, 0x0000000088f00000|  0%| F|  |TAMS 0x0000000088e00000, 0x0000000088e00000| Untracked 
|  29|0x0000000088f00000, 0x0000000088f00000, 0x0000000089000000|  0%| F|  |TAMS 0x0000000088f00000, 0x0000000088f00000| Untracked 
|  30|0x0000000089000000, 0x0000000089000000, 0x0000000089100000|  0%| F|  |TAMS 0x0000000089000000, 0x0000000089000000| Untracked 
|  31|0x0000000089100000, 0x0000000089100000, 0x0000000089200000|  0%| F|  |TAMS 0x0000000089100000, 0x0000000089100000| Untracked 
|  32|0x0000000089200000, 0x0000000089200000, 0x0000000089300000|  0%| F|  |TAMS 0x0000000089200000, 0x0000000089200000| Untracked 
|  33|0x0000000089300000, 0x0000000089300000, 0x0000000089400000|  0%| F|  |TAMS 0x0000000089300000, 0x0000000089300000| Untracked 
|  34|0x0000000089400000, 0x0000000089400000, 0x0000000089500000|  0%| F|  |TAMS 0x0000000089400000, 0x0000000089400000| Untracked 
|  35|0x0000000089500000, 0x0000000089500000, 0x0000000089600000|  0%| F|  |TAMS 0x0000000089500000, 0x0000000089500000| Untracked 
|  36|0x0000000089600000, 0x0000000089600000, 0x0000000089700000|  0%| F|  |TAMS 0x0000000089600000, 0x0000000089600000| Untracked 
|  37|0x0000000089700000, 0x0000000089700000, 0x0000000089800000|  0%| F|  |TAMS 0x0000000089700000, 0x0000000089700000| Untracked 
|  38|0x0000000089800000, 0x0000000089800000, 0x0000000089900000|  0%| F|  |TAMS 0x0000000089800000, 0x0000000089800000| Untracked 
|  39|0x0000000089900000, 0x0000000089900000, 0x0000000089a00000|  0%| F|  |TAMS 0x0000000089900000, 0x0000000089900000| Untracked 
|  40|0x0000000089a00000, 0x0000000089a00000, 0x0000000089b00000|  0%| F|  |TAMS 0x0000000089a00000, 0x0000000089a00000| Untracked 
|  41|0x0000000089b00000, 0x0000000089b00000, 0x0000000089c00000|  0%| F|  |TAMS 0x0000000089b00000, 0x0000000089b00000| Untracked 
|  42|0x0000000089c00000, 0x0000000089c00000, 0x0000000089d00000|  0%| F|  |TAMS 0x0000000089c00000, 0x0000000089c00000| Untracked 
|  43|0x0000000089d00000, 0x0000000089d00000, 0x0000000089e00000|  0%| F|  |TAMS 0x0000000089d00000, 0x0000000089d00000| Untracked 
|  44|0x0000000089e00000, 0x0000000089e00000, 0x0000000089f00000|  0%| F|  |TAMS 0x0000000089e00000, 0x0000000089e00000| Untracked 
|  45|0x0000000089f00000, 0x0000000089f00000, 0x000000008a000000|  0%| F|  |TAMS 0x0000000089f00000, 0x0000000089f00000| Untracked 
|  46|0x000000008a000000, 0x000000008a000000, 0x000000008a100000|  0%| F|  |TAMS 0x000000008a000000, 0x000000008a000000| Untracked 
|  47|0x000000008a100000, 0x000000008a100000, 0x000000008a200000|  0%| F|  |TAMS 0x000000008a100000, 0x000000008a100000| Untracked 
|  48|0x000000008a200000, 0x000000008a200000, 0x000000008a300000|  0%| F|  |TAMS 0x000000008a200000, 0x000000008a200000| Untracked 
|  49|0x000000008a300000, 0x000000008a300000, 0x000000008a400000|  0%| F|  |TAMS 0x000000008a300000, 0x000000008a300000| Untracked 
|  50|0x000000008a400000, 0x000000008a400000, 0x000000008a500000|  0%| F|  |TAMS 0x000000008a400000, 0x000000008a400000| Untracked 
|  51|0x000000008a500000, 0x000000008a500000, 0x000000008a600000|  0%| F|  |TAMS 0x000000008a500000, 0x000000008a500000| Untracked 
|  52|0x000000008a600000, 0x000000008a600000, 0x000000008a700000|  0%| F|  |TAMS 0x000000008a600000, 0x000000008a600000| Untracked 
|  53|0x000000008a700000, 0x000000008a700000, 0x000000008a800000|  0%| F|  |TAMS 0x000000008a700000, 0x000000008a700000| Untracked 
|  54|0x000000008a800000, 0x000000008a800000, 0x000000008a900000|  0%| F|  |TAMS 0x000000008a800000, 0x000000008a800000| Untracked 
|  55|0x000000008a900000, 0x000000008a900000, 0x000000008aa00000|  0%| F|  |TAMS 0x000000008a900000, 0x000000008a900000| Untracked 
|  56|0x000000008aa00000, 0x000000008aa00000, 0x000000008ab00000|  0%| F|  |TAMS 0x000000008aa00000, 0x000000008aa00000| Untracked 
|  57|0x000000008ab00000, 0x000000008ab00000, 0x000000008ac00000|  0%| F|  |TAMS 0x000000008ab00000, 0x000000008ab00000| Untracked 
|  58|0x000000008ac00000, 0x000000008ac00000, 0x000000008ad00000|  0%| F|  |TAMS 0x000000008ac00000, 0x000000008ac00000| Untracked 
|  59|0x000000008ad00000, 0x000000008ad00000, 0x000000008ae00000|  0%| F|  |TAMS 0x000000008ad00000, 0x000000008ad00000| Untracked 
|  60|0x000000008ae00000, 0x000000008ae00000, 0x000000008af00000|  0%| F|  |TAMS 0x000000008ae00000, 0x000000008ae00000| Untracked 
|  61|0x000000008af00000, 0x000000008af00000, 0x000000008b000000|  0%| F|  |TAMS 0x000000008af00000, 0x000000008af00000| Untracked 
|  62|0x000000008b000000, 0x000000008b000000, 0x000000008b100000|  0%| F|  |TAMS 0x000000008b000000, 0x000000008b000000| Untracked 
|  63|0x000000008b100000, 0x000000008b100000, 0x000000008b200000|  0%| F|  |TAMS 0x000000008b100000, 0x000000008b100000| Untracked 
|  64|0x000000008b200000, 0x000000008b200000, 0x000000008b300000|  0%| F|  |TAMS 0x000000008b200000, 0x000000008b200000| Untracked 
|  65|0x000000008b300000, 0x000000008b300000, 0x000000008b400000|  0%| F|  |TAMS 0x000000008b300000, 0x000000008b300000| Untracked 
|  66|0x000000008b400000, 0x000000008b4aa610, 0x000000008b500000| 66%| S|CS|TAMS 0x000000008b400000, 0x000000008b400000| Complete 
|  67|0x000000008b500000, 0x000000008b600000, 0x000000008b600000|100%| S|CS|TAMS 0x000000008b500000, 0x000000008b500000| Complete 
|  68|0x000000008b600000, 0x000000008b700000, 0x000000008b700000|100%| S|CS|TAMS 0x000000008b600000, 0x000000008b600000| Complete 
|  69|0x000000008b700000, 0x000000008b800000, 0x000000008b800000|100%| S|CS|TAMS 0x000000008b700000, 0x000000008b700000| Complete 
|  70|0x000000008b800000, 0x000000008b900000, 0x000000008b900000|100%| S|CS|TAMS 0x000000008b800000, 0x000000008b800000| Complete 
|  71|0x000000008b900000, 0x000000008ba00000, 0x000000008ba00000|100%| S|CS|TAMS 0x000000008b900000, 0x000000008b900000| Complete 
|  72|0x000000008ba00000, 0x000000008ba00000, 0x000000008bb00000|  0%| F|  |TAMS 0x000000008ba00000, 0x000000008ba00000| Untracked 
|  73|0x000000008bb00000, 0x000000008bb00000, 0x000000008bc00000|  0%| F|  |TAMS 0x000000008bb00000, 0x000000008bb00000| Untracked 
|  74|0x000000008bc00000, 0x000000008bc00000, 0x000000008bd00000|  0%| F|  |TAMS 0x000000008bc00000, 0x000000008bc00000| Untracked 
|  75|0x000000008bd00000, 0x000000008bd00000, 0x000000008be00000|  0%| F|  |TAMS 0x000000008bd00000, 0x000000008bd00000| Untracked 
|  76|0x000000008be00000, 0x000000008be00000, 0x000000008bf00000|  0%| F|  |TAMS 0x000000008be00000, 0x000000008be00000| Untracked 
|  77|0x000000008bf00000, 0x000000008bf00000, 0x000000008c000000|  0%| F|  |TAMS 0x000000008bf00000, 0x000000008bf00000| Untracked 
|  78|0x000000008c000000, 0x000000008c000000, 0x000000008c100000|  0%| F|  |TAMS 0x000000008c000000, 0x000000008c000000| Untracked 
|  79|0x000000008c100000, 0x000000008c100000, 0x000000008c200000|  0%| F|  |TAMS 0x000000008c100000, 0x000000008c100000| Untracked 
|  80|0x000000008c200000, 0x000000008c200000, 0x000000008c300000|  0%| F|  |TAMS 0x000000008c200000, 0x000000008c200000| Untracked 
|  81|0x000000008c300000, 0x000000008c300000, 0x000000008c400000|  0%| F|  |TAMS 0x000000008c300000, 0x000000008c300000| Untracked 
|  82|0x000000008c400000, 0x000000008c400000, 0x000000008c500000|  0%| F|  |TAMS 0x000000008c400000, 0x000000008c400000| Untracked 
|  83|0x000000008c500000, 0x000000008c500000, 0x000000008c600000|  0%| F|  |TAMS 0x000000008c500000, 0x000000008c500000| Untracked 
|  84|0x000000008c600000, 0x000000008c600000, 0x000000008c700000|  0%| F|  |TAMS 0x000000008c600000, 0x000000008c600000| Untracked 
|  85|0x000000008c700000, 0x000000008c700000, 0x000000008c800000|  0%| F|  |TAMS 0x000000008c700000, 0x000000008c700000| Untracked 
|  86|0x000000008c800000, 0x000000008c800000, 0x000000008c900000|  0%| F|  |TAMS 0x000000008c800000, 0x000000008c800000| Untracked 
|  87|0x000000008c900000, 0x000000008c900000, 0x000000008ca00000|  0%| F|  |TAMS 0x000000008c900000, 0x000000008c900000| Untracked 
|  88|0x000000008ca00000, 0x000000008ca00000, 0x000000008cb00000|  0%| F|  |TAMS 0x000000008ca00000, 0x000000008ca00000| Untracked 
|  89|0x000000008cb00000, 0x000000008cb00000, 0x000000008cc00000|  0%| F|  |TAMS 0x000000008cb00000, 0x000000008cb00000| Untracked 
|  90|0x000000008cc00000, 0x000000008cc00000, 0x000000008cd00000|  0%| F|  |TAMS 0x000000008cc00000, 0x000000008cc00000| Untracked 
|  91|0x000000008cd00000, 0x000000008cd00000, 0x000000008ce00000|  0%| F|  |TAMS 0x000000008cd00000, 0x000000008cd00000| Untracked 
|  92|0x000000008ce00000, 0x000000008ce00000, 0x000000008cf00000|  0%| F|  |TAMS 0x000000008ce00000, 0x000000008ce00000| Untracked 
|  93|0x000000008cf00000, 0x000000008cf00000, 0x000000008d000000|  0%| F|  |TAMS 0x000000008cf00000, 0x000000008cf00000| Untracked 
|  94|0x000000008d000000, 0x000000008d000000, 0x000000008d100000|  0%| F|  |TAMS 0x000000008d000000, 0x000000008d000000| Untracked 
|  95|0x000000008d100000, 0x000000008d100000, 0x000000008d200000|  0%| F|  |TAMS 0x000000008d100000, 0x000000008d100000| Untracked 
|  96|0x000000008d200000, 0x000000008d200000, 0x000000008d300000|  0%| F|  |TAMS 0x000000008d200000, 0x000000008d200000| Untracked 
|  97|0x000000008d300000, 0x000000008d300000, 0x000000008d400000|  0%| F|  |TAMS 0x000000008d300000, 0x000000008d300000| Untracked 
|  98|0x000000008d400000, 0x000000008d400000, 0x000000008d500000|  0%| F|  |TAMS 0x000000008d400000, 0x000000008d400000| Untracked 
|  99|0x000000008d500000, 0x000000008d500000, 0x000000008d600000|  0%| F|  |TAMS 0x000000008d500000, 0x000000008d500000| Untracked 
| 100|0x000000008d600000, 0x000000008d600000, 0x000000008d700000|  0%| F|  |TAMS 0x000000008d600000, 0x000000008d600000| Untracked 
| 101|0x000000008d700000, 0x000000008d700000, 0x000000008d800000|  0%| F|  |TAMS 0x000000008d700000, 0x000000008d700000| Untracked 
| 102|0x000000008d800000, 0x000000008d800000, 0x000000008d900000|  0%| F|  |TAMS 0x000000008d800000, 0x000000008d800000| Untracked 
| 103|0x000000008d900000, 0x000000008da00000, 0x000000008da00000|100%| E|  |TAMS 0x000000008d900000, 0x000000008d900000| Complete 
| 104|0x000000008da00000, 0x000000008db00000, 0x000000008db00000|100%| E|CS|TAMS 0x000000008da00000, 0x000000008da00000| Complete 
| 105|0x000000008db00000, 0x000000008dc00000, 0x000000008dc00000|100%| E|CS|TAMS 0x000000008db00000, 0x000000008db00000| Complete 
| 106|0x000000008dc00000, 0x000000008dd00000, 0x000000008dd00000|100%| E|CS|TAMS 0x000000008dc00000, 0x000000008dc00000| Complete 
| 107|0x000000008dd00000, 0x000000008de00000, 0x000000008de00000|100%| E|CS|TAMS 0x000000008dd00000, 0x000000008dd00000| Complete 
| 108|0x000000008de00000, 0x000000008df00000, 0x000000008df00000|100%| E|CS|TAMS 0x000000008de00000, 0x000000008de00000| Complete 
| 109|0x000000008df00000, 0x000000008e000000, 0x000000008e000000|100%| E|CS|TAMS 0x000000008df00000, 0x000000008df00000| Complete 
| 110|0x000000008e000000, 0x000000008e100000, 0x000000008e100000|100%| E|CS|TAMS 0x000000008e000000, 0x000000008e000000| Complete 
| 111|0x000000008e100000, 0x000000008e200000, 0x000000008e200000|100%| E|CS|TAMS 0x000000008e100000, 0x000000008e100000| Complete 
| 112|0x000000008e200000, 0x000000008e300000, 0x000000008e300000|100%| E|CS|TAMS 0x000000008e200000, 0x000000008e200000| Complete 
| 113|0x000000008e300000, 0x000000008e400000, 0x000000008e400000|100%| E|CS|TAMS 0x000000008e300000, 0x000000008e300000| Complete 
| 114|0x000000008e400000, 0x000000008e500000, 0x000000008e500000|100%| E|CS|TAMS 0x000000008e400000, 0x000000008e400000| Complete 
| 115|0x000000008e500000, 0x000000008e600000, 0x000000008e600000|100%| E|CS|TAMS 0x000000008e500000, 0x000000008e500000| Complete 
| 116|0x000000008e600000, 0x000000008e700000, 0x000000008e700000|100%| E|CS|TAMS 0x000000008e600000, 0x000000008e600000| Complete 
| 117|0x000000008e700000, 0x000000008e800000, 0x000000008e800000|100%| E|CS|TAMS 0x000000008e700000, 0x000000008e700000| Complete 
| 118|0x000000008e800000, 0x000000008e900000, 0x000000008e900000|100%| E|CS|TAMS 0x000000008e800000, 0x000000008e800000| Complete 
| 119|0x000000008e900000, 0x000000008ea00000, 0x000000008ea00000|100%| E|CS|TAMS 0x000000008e900000, 0x000000008e900000| Complete 
| 120|0x000000008ea00000, 0x000000008eb00000, 0x000000008eb00000|100%| E|CS|TAMS 0x000000008ea00000, 0x000000008ea00000| Complete 
| 121|0x000000008eb00000, 0x000000008ec00000, 0x000000008ec00000|100%| E|CS|TAMS 0x000000008eb00000, 0x000000008eb00000| Complete 
| 122|0x000000008ec00000, 0x000000008ed00000, 0x000000008ed00000|100%| E|CS|TAMS 0x000000008ec00000, 0x000000008ec00000| Complete 
| 123|0x000000008ed00000, 0x000000008ee00000, 0x000000008ee00000|100%| E|CS|TAMS 0x000000008ed00000, 0x000000008ed00000| Complete 
| 124|0x000000008ee00000, 0x000000008ef00000, 0x000000008ef00000|100%| E|CS|TAMS 0x000000008ee00000, 0x000000008ee00000| Complete 
| 125|0x000000008ef00000, 0x000000008f000000, 0x000000008f000000|100%| E|CS|TAMS 0x000000008ef00000, 0x000000008ef00000| Complete 
| 126|0x000000008f000000, 0x000000008f100000, 0x000000008f100000|100%| E|CS|TAMS 0x000000008f000000, 0x000000008f000000| Complete 
| 127|0x000000008f100000, 0x000000008f200000, 0x000000008f200000|100%| E|CS|TAMS 0x000000008f100000, 0x000000008f100000| Complete 
| 128|0x000000008f200000, 0x000000008f300000, 0x000000008f300000|100%| E|CS|TAMS 0x000000008f200000, 0x000000008f200000| Complete 
| 129|0x000000008f300000, 0x000000008f400000, 0x000000008f400000|100%| E|CS|TAMS 0x000000008f300000, 0x000000008f300000| Complete 
| 130|0x000000008f400000, 0x000000008f500000, 0x000000008f500000|100%| E|CS|TAMS 0x000000008f400000, 0x000000008f400000| Complete 
| 131|0x000000008f500000, 0x000000008f600000, 0x000000008f600000|100%| E|CS|TAMS 0x000000008f500000, 0x000000008f500000| Complete 
| 132|0x000000008f600000, 0x000000008f700000, 0x000000008f700000|100%| E|CS|TAMS 0x000000008f600000, 0x000000008f600000| Complete 
| 133|0x000000008f700000, 0x000000008f800000, 0x000000008f800000|100%| E|CS|TAMS 0x000000008f700000, 0x000000008f700000| Complete 
| 134|0x000000008f800000, 0x000000008f900000, 0x000000008f900000|100%| E|CS|TAMS 0x000000008f800000, 0x000000008f800000| Complete 
| 135|0x000000008f900000, 0x000000008fa00000, 0x000000008fa00000|100%| E|CS|TAMS 0x000000008f900000, 0x000000008f900000| Complete 
| 136|0x000000008fa00000, 0x000000008fb00000, 0x000000008fb00000|100%| E|CS|TAMS 0x000000008fa00000, 0x000000008fa00000| Complete 
| 137|0x000000008fb00000, 0x000000008fc00000, 0x000000008fc00000|100%| E|CS|TAMS 0x000000008fb00000, 0x000000008fb00000| Complete 
| 138|0x000000008fc00000, 0x000000008fd00000, 0x000000008fd00000|100%| E|CS|TAMS 0x000000008fc00000, 0x000000008fc00000| Complete 
| 139|0x000000008fd00000, 0x000000008fe00000, 0x000000008fe00000|100%| E|CS|TAMS 0x000000008fd00000, 0x000000008fd00000| Complete 
| 140|0x000000008fe00000, 0x000000008ff00000, 0x000000008ff00000|100%| E|CS|TAMS 0x000000008fe00000, 0x000000008fe00000| Complete 
| 141|0x000000008ff00000, 0x0000000090000000, 0x0000000090000000|100%| E|CS|TAMS 0x000000008ff00000, 0x000000008ff00000| Complete 
| 142|0x0000000090000000, 0x0000000090100000, 0x0000000090100000|100%| E|CS|TAMS 0x0000000090000000, 0x0000000090000000| Complete 
| 143|0x0000000090100000, 0x0000000090200000, 0x0000000090200000|100%| E|CS|TAMS 0x0000000090100000, 0x0000000090100000| Complete 
| 144|0x0000000090200000, 0x0000000090300000, 0x0000000090300000|100%| E|CS|TAMS 0x0000000090200000, 0x0000000090200000| Complete 
| 145|0x0000000090300000, 0x0000000090400000, 0x0000000090400000|100%| E|CS|TAMS 0x0000000090300000, 0x0000000090300000| Complete 
| 146|0x0000000090400000, 0x0000000090500000, 0x0000000090500000|100%| E|CS|TAMS 0x0000000090400000, 0x0000000090400000| Complete 
| 147|0x0000000090500000, 0x0000000090600000, 0x0000000090600000|100%| E|CS|TAMS 0x0000000090500000, 0x0000000090500000| Complete 
| 148|0x0000000090600000, 0x0000000090700000, 0x0000000090700000|100%| E|CS|TAMS 0x0000000090600000, 0x0000000090600000| Complete 
| 149|0x0000000090700000, 0x0000000090800000, 0x0000000090800000|100%| E|CS|TAMS 0x0000000090700000, 0x0000000090700000| Complete 
| 150|0x0000000090800000, 0x0000000090900000, 0x0000000090900000|100%| E|CS|TAMS 0x0000000090800000, 0x0000000090800000| Complete 
| 151|0x0000000090900000, 0x0000000090a00000, 0x0000000090a00000|100%| E|CS|TAMS 0x0000000090900000, 0x0000000090900000| Complete 
| 152|0x0000000090a00000, 0x0000000090b00000, 0x0000000090b00000|100%| E|CS|TAMS 0x0000000090a00000, 0x0000000090a00000| Complete 
| 153|0x0000000090b00000, 0x0000000090c00000, 0x0000000090c00000|100%| E|CS|TAMS 0x0000000090b00000, 0x0000000090b00000| Complete 
| 154|0x0000000090c00000, 0x0000000090d00000, 0x0000000090d00000|100%| E|CS|TAMS 0x0000000090c00000, 0x0000000090c00000| Complete 
| 155|0x0000000090d00000, 0x0000000090e00000, 0x0000000090e00000|100%| E|CS|TAMS 0x0000000090d00000, 0x0000000090d00000| Complete 
| 156|0x0000000090e00000, 0x0000000090f00000, 0x0000000090f00000|100%| E|CS|TAMS 0x0000000090e00000, 0x0000000090e00000| Complete 
| 157|0x0000000090f00000, 0x0000000091000000, 0x0000000091000000|100%| E|CS|TAMS 0x0000000090f00000, 0x0000000090f00000| Complete 
| 158|0x0000000091000000, 0x0000000091100000, 0x0000000091100000|100%| E|CS|TAMS 0x0000000091000000, 0x0000000091000000| Complete 
| 159|0x0000000091100000, 0x0000000091200000, 0x0000000091200000|100%| E|CS|TAMS 0x0000000091100000, 0x0000000091100000| Complete 
| 160|0x0000000091200000, 0x0000000091300000, 0x0000000091300000|100%| E|CS|TAMS 0x0000000091200000, 0x0000000091200000| Complete 
| 161|0x0000000091300000, 0x0000000091400000, 0x0000000091400000|100%| E|CS|TAMS 0x0000000091300000, 0x0000000091300000| Complete 
| 162|0x0000000091400000, 0x0000000091500000, 0x0000000091500000|100%| E|CS|TAMS 0x0000000091400000, 0x0000000091400000| Complete 
| 163|0x0000000091500000, 0x0000000091600000, 0x0000000091600000|100%| E|CS|TAMS 0x0000000091500000, 0x0000000091500000| Complete 
| 164|0x0000000091600000, 0x0000000091700000, 0x0000000091700000|100%| E|CS|TAMS 0x0000000091600000, 0x0000000091600000| Complete 
| 165|0x0000000091700000, 0x0000000091800000, 0x0000000091800000|100%| E|CS|TAMS 0x0000000091700000, 0x0000000091700000| Complete 
| 166|0x0000000091800000, 0x0000000091900000, 0x0000000091900000|100%| E|CS|TAMS 0x0000000091800000, 0x0000000091800000| Complete 
| 167|0x0000000091900000, 0x0000000091a00000, 0x0000000091a00000|100%| E|CS|TAMS 0x0000000091900000, 0x0000000091900000| Complete 
| 168|0x0000000091a00000, 0x0000000091b00000, 0x0000000091b00000|100%| E|CS|TAMS 0x0000000091a00000, 0x0000000091a00000| Complete 
| 169|0x0000000091b00000, 0x0000000091c00000, 0x0000000091c00000|100%| E|CS|TAMS 0x0000000091b00000, 0x0000000091b00000| Complete 
| 170|0x0000000091c00000, 0x0000000091d00000, 0x0000000091d00000|100%| E|CS|TAMS 0x0000000091c00000, 0x0000000091c00000| Complete 
| 171|0x0000000091d00000, 0x0000000091e00000, 0x0000000091e00000|100%| E|CS|TAMS 0x0000000091d00000, 0x0000000091d00000| Complete 
| 172|0x0000000091e00000, 0x0000000091f00000, 0x0000000091f00000|100%| E|CS|TAMS 0x0000000091e00000, 0x0000000091e00000| Complete 
| 173|0x0000000091f00000, 0x0000000092000000, 0x0000000092000000|100%| E|CS|TAMS 0x0000000091f00000, 0x0000000091f00000| Complete 
| 174|0x0000000092000000, 0x0000000092100000, 0x0000000092100000|100%| E|CS|TAMS 0x0000000092000000, 0x0000000092000000| Complete 
| 175|0x0000000092100000, 0x0000000092200000, 0x0000000092200000|100%| E|CS|TAMS 0x0000000092100000, 0x0000000092100000| Complete 
| 176|0x0000000092200000, 0x0000000092300000, 0x0000000092300000|100%| E|CS|TAMS 0x0000000092200000, 0x0000000092200000| Complete 
| 177|0x0000000092300000, 0x0000000092400000, 0x0000000092400000|100%| E|CS|TAMS 0x0000000092300000, 0x0000000092300000| Complete 
| 178|0x0000000092400000, 0x0000000092500000, 0x0000000092500000|100%| E|CS|TAMS 0x0000000092400000, 0x0000000092400000| Complete 
| 179|0x0000000092500000, 0x0000000092600000, 0x0000000092600000|100%| E|CS|TAMS 0x0000000092500000, 0x0000000092500000| Complete 
| 180|0x0000000092600000, 0x0000000092700000, 0x0000000092700000|100%| E|CS|TAMS 0x0000000092600000, 0x0000000092600000| Complete 
| 181|0x0000000092700000, 0x0000000092800000, 0x0000000092800000|100%| E|CS|TAMS 0x0000000092700000, 0x0000000092700000| Complete 
| 182|0x0000000092800000, 0x0000000092900000, 0x0000000092900000|100%| E|CS|TAMS 0x0000000092800000, 0x0000000092800000| Complete 

Card table byte_map: [0x00007f959029c000,0x00007f9590663000] _byte_map_base: 0x00007f958fe63000

Marking Bits (Prev, Next): (CMBitMap*) 0x00007f958c061e98, (CMBitMap*) 0x00007f958c061ed0
 Prev Bits: [0x00007f956e1c8000, 0x00007f9570000000)
 Next Bits: [0x00007f956c390000, 0x00007f956e1c8000)

Polling page: 0x00007f9594e46000

Metaspace:

Usage:
  Non-class:     46.60 MB capacity,    45.80 MB ( 98%) used,   698.92 KB (  1%) free+waste,   120.19 KB ( <1%) overhead. 
      Class:      6.21 MB capacity,     5.76 MB ( 93%) used,   404.54 KB (  6%) free+waste,    53.12 KB ( <1%) overhead. 
       Both:     52.81 MB capacity,    51.56 MB ( 98%) used,     1.08 MB (  2%) free+waste,   173.31 KB ( <1%) overhead. 

Virtual space:
  Non-class space:       48.00 MB reserved,      46.67 MB ( 97%) committed 
      Class space:        1.00 GB reserved,       6.25 MB ( <1%) committed 
             Both:        1.05 GB reserved,      52.92 MB (  5%) committed 

Chunk freelists:
   Non-Class:  2.75 KB
       Class:  896 bytes
        Both:  3.62 KB

CodeHeap 'non-profiled nmethods': size=120032Kb used=3406Kb max_used=3406Kb free=116626Kb
 bounds [0x00007f957c70a000, 0x00007f957ca6a000, 0x00007f9583c42000]
CodeHeap 'profiled nmethods': size=120028Kb used=13073Kb max_used=13073Kb free=106954Kb
 bounds [0x00007f95751d3000, 0x00007f9575eb3000, 0x00007f957c70a000]
CodeHeap 'non-nmethods': size=5700Kb used=1171Kb max_used=1229Kb free=4528Kb
 bounds [0x00007f9574c42000, 0x00007f9574eb2000, 0x00007f95751d3000]
 total_blobs=9187 nmethods=6132 adapters=456
 compilation: enabled
              stopped_count=0, restarted_count=0
 full_count=0

Compilation events (10 events):
Event: 6.479 Thread 0x00007f958c178000 nmethod 7051 0x00007f95752d8e10 code [0x00007f95752d8fe0, 0x00007f95752d9208]
Event: 6.483 Thread 0x00007f958c178000 7052 %     3       org.sqlite.SQLiteJDBCLoader::contentsEquals @ 37 (78 bytes)
Event: 6.484 Thread 0x00007f958c178000 nmethod 7052% 0x00007f957555b390 code [0x00007f957555b5e0, 0x00007f957555c098]
Event: 6.484 Thread 0x00007f958c178000 7053       3       org.sqlite.SQLiteJDBCLoader::contentsEquals (78 bytes)
Event: 6.484 Thread 0x00007f958c178000 nmethod 7053 0x00007f957555a490 code [0x00007f957555a6e0, 0x00007f957555b118]
Event: 6.485 Thread 0x00007f958c176000 7054 %     4       org.sqlite.SQLiteJDBCLoader::contentsEquals @ 37 (78 bytes)
Event: 6.488 Thread 0x00007f958c176000 nmethod 7054% 0x00007f957ca58510 code [0x00007f957ca586c0, 0x00007f957ca58878]
Event: 6.506 Thread 0x00007f958c178000 7055       3       java.io.UnixFileSystem::isAbsolute (13 bytes)
Event: 6.506 Thread 0x00007f958c178000 nmethod 7055 0x00007f9575391f90 code [0x00007f9575392140, 0x00007f9575392310]
Event: 6.514 Thread 0x00007f958c178000 7056       3       java.lang.invoke.MethodType::dropParameterTypes (162 bytes)

GC Heap History (10 events):
Event: 3.781 GC heap before
{Heap before GC invocations=5 (full 0):
 garbage-first heap   total 124928K, used 82944K [0x0000000087200000, 0x0000000100000000)
  region size 1024K, 73 young (74752K), 10 survivors (10240K)
 Metaspace       used 34039K, capacity 34834K, committed 35120K, reserved 1081344K
  class space    used 3649K, capacity 3888K, committed 3968K, reserved 1048576K
}
Event: 3.801 GC heap after
{Heap after GC invocations=6 (full 0):
 garbage-first heap   total 151552K, used 20877K [0x0000000087200000, 0x0000000100000000)
  region size 1024K, 4 young (4096K), 4 survivors (4096K)
 Metaspace       used 34039K, capacity 34834K, committed 35120K, reserved 1081344K
  class space    used 3649K, capacity 3888K, committed 3968K, reserved 1048576K
}
Event: 4.036 GC heap before
{Heap before GC invocations=6 (full 0):
 garbage-first heap   total 151552K, used 53645K [0x0000000087200000, 0x0000000100000000)
  region size 1024K, 37 young (37888K), 4 survivors (4096K)
 Metaspace       used 34778K, capacity 35619K, committed 35888K, reserved 1081344K
  class space    used 3723K, capacity 3960K, committed 3968K, reserved 1048576K
}
Event: 4.044 GC heap after
{Heap after GC invocations=7 (full 0):
 garbage-first heap   total 151552K, used 22535K [0x0000000087200000, 0x0000000100000000)
  region size 1024K, 6 young (6144K), 6 survivors (6144K)
 Metaspace       used 34778K, capacity 35619K, committed 35888K, reserved 1081344K
  class space    used 3723K, capacity 3960K, committed 3968K, reserved 1048576K
}
Event: 4.752 GC heap before
{Heap before GC invocations=8 (full 0):
 garbage-first heap   total 151552K, used 94215K [0x0000000087200000, 0x0000000100000000)
  region size 1024K, 76 young (77824K), 6 survivors (6144K)
 Metaspace       used 39971K, capacity 41012K, committed 41264K, reserved 1085440K
  class space    used 4326K, capacity 4677K, committed 4736K, reserved 1048576K
}
Event: 4.780 GC heap after
{Heap after GC invocations=9 (full 0):
 garbage-first heap   total 151552K, used 28441K [0x0000000087200000, 0x0000000100000000)
  region size 1024K, 8 young (8192K), 8 survivors (8192K)
 Metaspace       used 39971K, capacity 41012K, committed 41264K, reserved 1085440K
  class space    used 4326K, capacity 4677K, committed 4736K, reserved 1048576K
}
Event: 4.875 GC heap before
{Heap before GC invocations=9 (full 0):
 garbage-first heap   total 151552K, used 101145K [0x0000000087200000, 0x0000000100000000)
  region size 1024K, 81 young (82944K), 8 survivors (8192K)
 Metaspace       used 39975K, capacity 41012K, committed 41264K, reserved 1085440K
  class space    used 4326K, capacity 4677K, committed 4736K, reserved 1048576K
}
Event: 4.894 GC heap after
{Heap after GC invocations=10 (full 0):
 garbage-first heap   total 151552K, used 31295K [0x0000000087200000, 0x0000000100000000)
  region size 1024K, 4 young (4096K), 4 survivors (4096K)
 Metaspace       used 39975K, capacity 41012K, committed 41264K, reserved 1085440K
  class space    used 4326K, capacity 4677K, committed 4736K, reserved 1048576K
}
Event: 4.994 GC heap before
{Heap before GC invocations=10 (full 0):
 garbage-first heap   total 151552K, used 105023K [0x0000000087200000, 0x0000000100000000)
  region size 1024K, 77 young (78848K), 4 survivors (4096K)
 Metaspace       used 40009K, capacity 41012K, committed 41264K, reserved 1085440K
  class space    used 4326K, capacity 4677K, committed 4736K, reserved 1048576K
}
Event: 5.006 GC heap after
{Heap after GC invocations=11 (full 0):
 garbage-first heap   total 187392K, used 33411K [0x0000000087200000, 0x0000000100000000)
  region size 1024K, 6 young (6144K), 6 survivors (6144K)
 Metaspace       used 40009K, capacity 41012K, committed 41264K, reserved 1085440K
  class space    used 4326K, capacity 4677K, committed 4736K, reserved 1048576K
}

Deoptimization events (10 events):
Event: 6.371 Thread 0x00007f9510002800 Uncommon trap: reason=predicate action=maybe_recompile pc=0x00007f957c909c28 method=java.util.Arrays.binarySearch0([Ljava/lang/Object;IILjava/lang/Object;)I @ 12 c2
Event: 6.372 Thread 0x00007f9510002800 Uncommon trap: reason=profile_predicate action=maybe_recompile pc=0x00007f957ca45060 method=java.lang.PublicMethods$MethodList.filter([Ljava/lang/reflect/Method;Ljava/lang/String;[Ljava/lang/Class;Z)Ljava/lang/PublicMethods$MethodList; @ 21 c2
Event: 6.379 Thread 0x00007f958d98e800 Uncommon trap: reason=profile_predicate action=maybe_recompile pc=0x00007f957ca45060 method=java.lang.PublicMethods$MethodList.filter([Ljava/lang/reflect/Method;Ljava/lang/String;[Ljava/lang/Class;Z)Ljava/lang/PublicMethods$MethodList; @ 21 c2
Event: 6.386 Thread 0x00007f958d98c800 Uncommon trap: reason=unstable_if action=reinterpret pc=0x00007f957c777520 method=java.lang.CharacterDataLatin1.isWhitespace(I)Z @ 14 c2
Event: 6.425 Thread 0x00007f958d98c800 Uncommon trap: reason=profile_predicate action=maybe_recompile pc=0x00007f957ca45060 method=java.lang.PublicMethods$MethodList.filter([Ljava/lang/reflect/Method;Ljava/lang/String;[Ljava/lang/Class;Z)Ljava/lang/PublicMethods$MethodList; @ 21 c2
Event: 6.428 Thread 0x00007f958d98c800 Uncommon trap: reason=bimorphic_or_optimized_type_check action=maybe_recompile pc=0x00007f957ca46360 method=jdk.internal.reflect.DelegatingMethodAccessorImpl.invoke(Ljava/lang/Object;[Ljava/lang/Object;)Ljava/lang/Object; @ 6 c2
Event: 6.458 Thread 0x00007f958d98c800 Uncommon trap: reason=unstable_if action=reinterpret pc=0x00007f957c7f2cc4 method=sun.util.locale.LocaleUtils.caseIgnoreMatch(Ljava/lang/String;Ljava/lang/String;)Z @ 60 c2
Event: 6.468 Thread 0x00007f94fc001000 Uncommon trap: reason=bimorphic_or_optimized_type_check action=maybe_recompile pc=0x00007f957ca46360 method=jdk.internal.reflect.DelegatingMethodAccessorImpl.invoke(Ljava/lang/Object;[Ljava/lang/Object;)Ljava/lang/Object; @ 6 c2
Event: 6.506 Thread 0x00007f958d98c800 Uncommon trap: reason=unstable_if action=reinterpret pc=0x00007f957c8ffe80 method=java.io.BufferedInputStream.read()I @ 23 c2
Event: 6.506 Thread 0x00007f958d98c800 Uncommon trap: reason=unstable_if action=reinterpret pc=0x00007f957ca587f0 method=org.sqlite.SQLiteJDBCLoader.contentsEquals(Ljava/io/InputStream;Ljava/io/InputStream;)Z @ 39 c2

Classes redefined (0 events):
No events

Internal exceptions (10 events):
Event: 5.899 Thread 0x00007f958c012000 Exception <a 'java/lang/ClassNotFoundException'{0x000000008f6240b8}: org/springframework/beans/factory/AwareCustomizer> (0x000000008f6240b8) thrown at [/scratch/opt/mach5/mesos/work_dir/slaves/2dd962d0-8988-479b-a804-57ab764ada59-S1222/frameworks/1735e8a2
Event: 5.900 Thread 0x00007f958c012000 Exception <a 'java/lang/ClassNotFoundException'{0x000000008f63b920}: org/springframework/context/ApplicationContextAwareBeanInfo> (0x000000008f63b920) thrown at [/scratch/opt/mach5/mesos/work_dir/slaves/2dd962d0-8988-479b-a804-57ab764ada59-S1222/framework
Event: 5.901 Thread 0x00007f958c012000 Exception <a 'java/lang/ClassNotFoundException'{0x000000008f652d48}: org/springframework/context/ApplicationContextAwareCustomizer> (0x000000008f652d48) thrown at [/scratch/opt/mach5/mesos/work_dir/slaves/2dd962d0-8988-479b-a804-57ab764ada59-S1222/framewo
Event: 5.902 Thread 0x00007f958c012000 Exception <a 'java/lang/ClassNotFoundException'{0x000000008f66bd10}: org/springframework/web/context/ServletContextAwareBeanInfo> (0x000000008f66bd10) thrown at [/scratch/opt/mach5/mesos/work_dir/slaves/2dd962d0-8988-479b-a804-57ab764ada59-S1222/framework
Event: 5.902 Thread 0x00007f958c012000 Exception <a 'java/lang/ClassNotFoundException'{0x000000008f6833d0}: org/springframework/web/context/ServletContextAwareCustomizer> (0x000000008f6833d0) thrown at [/scratch/opt/mach5/mesos/work_dir/slaves/2dd962d0-8988-479b-a804-57ab764ada59-S1222/framewo
Event: 5.924 Thread 0x00007f958c012000 Exception <a 'java/lang/NoSuchMethodError'{0x000000008f555a98}: java.lang.invoke.DirectMethodHandle$Holder.invokeStatic(Ljava/lang/Object;Ljava/lang/Object;Ljava/lang/Object;Ljava/lang/Object;)V> (0x000000008f555a98) thrown at [/scratch/opt/mach5/mesos/wo
Event: 6.065 Thread 0x00007f958c012000 Exception <a 'java/lang/NoSuchMethodError'{0x000000008ee75008}: java.lang.invoke.DirectMethodHandle$Holder.invokeStatic(Ljava/lang/Object;Ljava/lang/Object;Ljava/lang/Object;Ljava/lang/Object;Ljava/lang/Object;)V> (0x000000008ee75008) thrown at [/scratch/
Event: 6.134 Thread 0x00007f958c012000 Exception <a 'java/lang/NoSuchMethodError'{0x000000008eb8b350}: java.lang.invoke.DirectMethodHandle$Holder.invokeStaticInit(Ljava/lang/Object;Ljava/lang/Object;Ljava/lang/Object;Ljava/lang/Object;Ljava/lang/Object;)Ljava/lang/Object;> (0x000000008eb8b350)
Event: 6.320 Thread 0x00007f958c012000 Exception <a 'java/lang/NoSuchMethodError'{0x000000008e205640}: java.lang.invoke.DirectMethodHandle$Holder.invokeInterface(Ljava/lang/Object;Ljava/lang/Object;)V> (0x000000008e205640) thrown at [/scratch/opt/mach5/mesos/work_dir/slaves/2dd962d0-8988-479b-
Event: 6.399 Thread 0x00007f958d98c800 Exception <a 'java/lang/NoSuchMethodError'{0x000000008ddac450}: java.lang.invoke.DirectMethodHandle$Holder.invokeStaticInit(Ljava/lang/Object;)I> (0x000000008ddac450) thrown at [/scratch/opt/mach5/mesos/work_dir/slaves/2dd962d0-8988-479b-a804-57ab764ada59

Events (10 events):
Event: 6.510 loading class java/sql/ResultSetMetaData
Event: 6.510 loading class java/sql/ResultSetMetaData done
Event: 6.510 loading class java/sql/ResultSetMetaData
Event: 6.510 loading class java/sql/ResultSetMetaData done
Event: 6.512 loading class java/sql/Clob
Event: 6.512 loading class java/sql/Clob done
Event: 6.512 loading class java/sql/Clob
Event: 6.512 loading class java/sql/Clob done
Event: 6.514 Executing VM operation: RevokeBias
Event: 6.515 Executing VM operation: RevokeBias done


Dynamic libraries:
00400000-00401000 r-xp 00000000 103:01 7877913                           /usr/lib/jvm/java-11-oracle/bin/java
00600000-00601000 r--p 00000000 103:01 7877913                           /usr/lib/jvm/java-11-oracle/bin/java
00601000-00602000 rw-p 00001000 103:01 7877913                           /usr/lib/jvm/java-11-oracle/bin/java
01e9b000-01ebc000 rw-p 00000000 00:00 0                                  [heap]
87200000-92900000 rw-p 00000000 00:00 0 
92900000-100000000 ---p 00000000 00:00 0 
100000000-100640000 rw-p 00000000 00:00 0 
100640000-140000000 ---p 00000000 00:00 0 
7f94d7903000-7f94d79f7000 r-xp 00000000 103:01 13108075                  /tmp/sqlite-3.25.2-12471e62-0dbf-4caa-8b53-73dcba9eedf7-libsqlitejdbc.so
7f94d79f7000-7f94d7bf7000 ---p 000f4000 103:01 13108075                  /tmp/sqlite-3.25.2-12471e62-0dbf-4caa-8b53-73dcba9eedf7-libsqlitejdbc.so
7f94d7bf7000-7f94d7bfd000 rw-p 000f4000 103:01 13108075                  /tmp/sqlite-3.25.2-12471e62-0dbf-4caa-8b53-73dcba9eedf7-libsqlitejdbc.so
7f94d7bfd000-7f94d7cbd000 rw-p 00000000 00:00 0 
7f94d7cbd000-7f94d7dfd000 ---p 00000000 00:00 0 
7f94d7dfd000-7f94d7dff000 r-xp 00000000 103:01 8128192                   /usr/lib/jvm/java-11-oracle/lib/libextnet.so
7f94d7dff000-7f94d7ffe000 ---p 00002000 103:01 8128192                   /usr/lib/jvm/java-11-oracle/lib/libextnet.so
7f94d7ffe000-7f94d7fff000 r--p 00001000 103:01 8128192                   /usr/lib/jvm/java-11-oracle/lib/libextnet.so
7f94d7fff000-7f94d8000000 rw-p 00002000 103:01 8128192                   /usr/lib/jvm/java-11-oracle/lib/libextnet.so
7f94d8000000-7f94d8021000 rw-p 00000000 00:00 0 
7f94d8021000-7f94dc000000 ---p 00000000 00:00 0 
7f94dc000000-7f94dc021000 rw-p 00000000 00:00 0 
7f94dc021000-7f94e0000000 ---p 00000000 00:00 0 
7f94e0000000-7f94e0021000 rw-p 00000000 00:00 0 
7f94e0021000-7f94e4000000 ---p 00000000 00:00 0 
7f94e4000000-7f94e4021000 rw-p 00000000 00:00 0 
7f94e4021000-7f94e8000000 ---p 00000000 00:00 0 
7f94e8000000-7f94e8021000 rw-p 00000000 00:00 0 
7f94e8021000-7f94ec000000 ---p 00000000 00:00 0 
7f94ec000000-7f94ec021000 rw-p 00000000 00:00 0 
7f94ec021000-7f94f0000000 ---p 00000000 00:00 0 
7f94f0000000-7f94f0044000 rw-p 00000000 00:00 0 
7f94f0044000-7f94f4000000 ---p 00000000 00:00 0 
7f94f4000000-7f94f4029000 rw-p 00000000 00:00 0 
7f94f4029000-7f94f8000000 ---p 00000000 00:00 0 
7f94f8000000-7f94f8021000 rw-p 00000000 00:00 0 
7f94f8021000-7f94fc000000 ---p 00000000 00:00 0 
7f94fc000000-7f94fc021000 rw-p 00000000 00:00 0 
7f94fc021000-7f9500000000 ---p 00000000 00:00 0 
7f9500000000-7f9500021000 rw-p 00000000 00:00 0 
7f9500021000-7f9504000000 ---p 00000000 00:00 0 
7f9504000000-7f9504021000 rw-p 00000000 00:00 0 
7f9504021000-7f9508000000 ---p 00000000 00:00 0 
7f9508000000-7f9508024000 rw-p 00000000 00:00 0 
7f9508024000-7f950c000000 ---p 00000000 00:00 0 
7f950c000000-7f950c0b0000 rw-p 00000000 00:00 0 
7f950c0b0000-7f9510000000 ---p 00000000 00:00 0 
7f9510000000-7f9510021000 rw-p 00000000 00:00 0 
7f9510021000-7f9514000000 ---p 00000000 00:00 0 
7f9514000000-7f95140c2000 rw-p 00000000 00:00 0 
7f95140c2000-7f9518000000 ---p 00000000 00:00 0 
7f9518000000-7f9518021000 rw-p 00000000 00:00 0 
7f9518021000-7f951c000000 ---p 00000000 00:00 0 
7f951c000000-7f951c021000 rw-p 00000000 00:00 0 
7f951c021000-7f9520000000 ---p 00000000 00:00 0 
7f9520000000-7f9521484000 rw-p 00000000 00:00 0 
7f9521484000-7f9524000000 ---p 00000000 00:00 0 
7f9524000000-7f952404c000 rw-p 00000000 00:00 0 
7f952404c000-7f9528000000 ---p 00000000 00:00 0 
7f9528000000-7f9528f54000 rw-p 00000000 00:00 0 
7f9528f54000-7f952c000000 ---p 00000000 00:00 0 
7f952c000000-7f952c021000 rw-p 00000000 00:00 0 
7f952c021000-7f9530000000 ---p 00000000 00:00 0 
7f95300d6000-7f95302d6000 rw-p 00000000 00:00 0 
7f95302d6000-7f95304d6000 rw-p 00000000 00:00 0 
7f95304d6000-7f95306d6000 rw-p 00000000 00:00 0 
7f95306d6000-7f95308d6000 rw-p 00000000 00:00 0 
7f95308d6000-7f95308da000 ---p 00000000 00:00 0 
7f95308da000-7f9530bd7000 rw-p 00000000 00:00 0 
7f9530bd7000-7f9530bd8000 ---p 00000000 00:00 0 
7f9530bd8000-7f9530cd9000 rw-p 00000000 00:00 0 
7f9530cd9000-7f9530cda000 ---p 00000000 00:00 0 
7f9530cda000-7f9530ddb000 rw-p 00000000 00:00 0 
7f9530ddb000-7f9530ddc000 ---p 00000000 00:00 0 
7f9530ddc000-7f9530edd000 rw-p 00000000 00:00 0 
7f9530edd000-7f9530ede000 ---p 00000000 00:00 0 
7f9530ede000-7f9530fdf000 rw-p 00000000 00:00 0 
7f9530fdf000-7f9530fe0000 ---p 00000000 00:00 0 
7f9530fe0000-7f95310e1000 rw-p 00000000 00:00 0 
7f95310e1000-7f95310e5000 ---p 00000000 00:00 0 
7f95310e5000-7f95311e2000 rw-p 00000000 00:00 0 
7f95311e2000-7f95311e6000 ---p 00000000 00:00 0 
7f95311e6000-7f95314e3000 rw-p 00000000 00:00 0 
7f95314e3000-7f95314e7000 ---p 00000000 00:00 0 
7f95314e7000-7f95315e4000 rw-p 00000000 00:00 0 
7f95315e4000-7f95315e8000 ---p 00000000 00:00 0 
7f95315e8000-7f95316e5000 rw-p 00000000 00:00 0 
7f95316e5000-7f95316e9000 ---p 00000000 00:00 0 
7f95316e9000-7f95317e6000 rw-p 00000000 00:00 0 
7f95317e6000-7f95317ea000 ---p 00000000 00:00 0 
7f95317ea000-7f95318e7000 rw-p 00000000 00:00 0 
7f95318e7000-7f95318eb000 ---p 00000000 00:00 0 
7f95318eb000-7f95319e8000 rw-p 00000000 00:00 0 
7f95319e8000-7f95319ec000 ---p 00000000 00:00 0 
7f95319ec000-7f9531ae9000 rw-p 00000000 00:00 0 
7f9531ae9000-7f9531aed000 ---p 00000000 00:00 0 
7f9531aed000-7f9531bea000 rw-p 00000000 00:00 0 
7f9531bea000-7f9531bee000 ---p 00000000 00:00 0 
7f9531bee000-7f9531ceb000 rw-p 00000000 00:00 0 
7f9531ceb000-7f9531cf0000 r-xp 00000000 103:01 8129788                   /usr/lib/jvm/java-11-oracle/lib/libmanagement_ext.so
7f9531cf0000-7f9531eef000 ---p 00005000 103:01 8129788                   /usr/lib/jvm/java-11-oracle/lib/libmanagement_ext.so
7f9531eef000-7f9531ef0000 r--p 00004000 103:01 8129788                   /usr/lib/jvm/java-11-oracle/lib/libmanagement_ext.so
7f9531ef0000-7f9531ef1000 rw-p 00005000 103:01 8129788                   /usr/lib/jvm/java-11-oracle/lib/libmanagement_ext.so
7f9531ef1000-7f9531ef5000 r-xp 00000000 103:01 8128348                   /usr/lib/jvm/java-11-oracle/lib/libmanagement.so
7f9531ef5000-7f95320f4000 ---p 00004000 103:01 8128348                   /usr/lib/jvm/java-11-oracle/lib/libmanagement.so
7f95320f4000-7f95320f5000 r--p 00003000 103:01 8128348                   /usr/lib/jvm/java-11-oracle/lib/libmanagement.so
7f95320f5000-7f95320f6000 rw-p 00004000 103:01 8128348                   /usr/lib/jvm/java-11-oracle/lib/libmanagement.so
7f95320f8000-7f95322f8000 rw-p 00000000 00:00 0 
7f95322f8000-7f95322f9000 ---p 00000000 00:00 0 
7f95322f9000-7f95325fa000 rw-p 00000000 00:00 0 
7f95325fa000-7f95327fa000 rw-p 00000000 00:00 0 
7f95327fa000-7f95329fa000 rw-p 00000000 00:00 0 
7f95329fa000-7f9532bfa000 rw-p 00000000 00:00 0 
7f9532bfa000-7f9532dfa000 rw-p 00000000 00:00 0 
7f9532dfa000-7f9532ffa000 rw-p 00000000 00:00 0 
7f9532ffa000-7f9532ffb000 ---p 00000000 00:00 0 
7f9532ffb000-7f95332e8000 rw-p 00000000 00:00 0 
7f95332e8000-7f95332fc000 ---p 00000000 00:00 0 
7f95332fc000-7f95334fc000 rw-p 00000000 00:00 0 
7f95334fc000-7f95336fc000 rw-p 00000000 00:00 0 
7f95336fc000-7f95338fc000 rw-p 00000000 00:00 0 
7f95338fc000-7f95338fd000 ---p 00000000 00:00 0 
7f95338fd000-7f95339fe000 rw-p 00000000 00:00 0 
7f95339fe000-7f9533a02000 ---p 00000000 00:00 0 
7f9533a02000-7f9533cff000 rw-p 00000000 00:00 0 
7f9533cff000-7f9533eff000 rw-p 00000000 00:00 0 
7f9533eff000-7f9533f03000 ---p 00000000 00:00 0 
7f9533f03000-7f9534000000 rw-p 00000000 00:00 0 
7f9534000000-7f9534021000 rw-p 00000000 00:00 0 
7f9534021000-7f9538000000 ---p 00000000 00:00 0 
7f9538000000-7f9538021000 rw-p 00000000 00:00 0 
7f9538021000-7f953c000000 ---p 00000000 00:00 0 
7f953c000000-7f953ca85000 rw-p 00000000 00:00 0 
7f953ca85000-7f9540000000 ---p 00000000 00:00 0 
7f9540000000-7f9540081000 rw-p 00000000 00:00 0 
7f9540081000-7f9544000000 ---p 00000000 00:00 0 
7f9544000000-7f9544021000 rw-p 00000000 00:00 0 
7f9544021000-7f9548000000 ---p 00000000 00:00 0 
7f9548000000-7f954965e000 rw-p 00000000 00:00 0 
7f954965e000-7f954c000000 ---p 00000000 00:00 0 
7f954c000000-7f954c021000 rw-p 00000000 00:00 0 
7f954c021000-7f9550000000 ---p 00000000 00:00 0 
7f9550000000-7f9550021000 rw-p 00000000 00:00 0 
7f9550021000-7f9554000000 ---p 00000000 00:00 0 
7f9554000000-7f9554021000 rw-p 00000000 00:00 0 
7f9554021000-7f9558000000 ---p 00000000 00:00 0 
7f9558000000-7f95581a5000 rw-p 00000000 00:00 0 
7f95581a5000-7f955c000000 ---p 00000000 00:00 0 
7f955c000000-7f955c021000 rw-p 00000000 00:00 0 
7f955c021000-7f9560000000 ---p 00000000 00:00 0 
7f9560000000-7f9560021000 rw-p 00000000 00:00 0 
7f9560021000-7f9564000000 ---p 00000000 00:00 0 
7f95640fe000-7f9564114000 r-xp 00000000 103:01 8129790                   /usr/lib/jvm/java-11-oracle/lib/libnet.so
7f9564114000-7f9564314000 ---p 00016000 103:01 8129790                   /usr/lib/jvm/java-11-oracle/lib/libnet.so
7f9564314000-7f9564315000 r--p 00016000 103:01 8129790                   /usr/lib/jvm/java-11-oracle/lib/libnet.so
7f9564315000-7f9564316000 rw-p 00017000 103:01 8129790                   /usr/lib/jvm/java-11-oracle/lib/libnet.so
7f9564316000-7f9564326000 r-xp 00000000 103:01 8129791                   /usr/lib/jvm/java-11-oracle/lib/libnio.so
7f9564326000-7f9564525000 ---p 00010000 103:01 8129791                   /usr/lib/jvm/java-11-oracle/lib/libnio.so
7f9564525000-7f9564526000 r--p 0000f000 103:01 8129791                   /usr/lib/jvm/java-11-oracle/lib/libnio.so
7f9564526000-7f9564527000 rw-p 00010000 103:01 8129791                   /usr/lib/jvm/java-11-oracle/lib/libnio.so
7f9564527000-7f956452b000 ---p 00000000 00:00 0 
7f956452b000-7f9564628000 rw-p 00000000 00:00 0 
7f9564628000-7f9564629000 ---p 00000000 00:00 0 
7f9564629000-7f956472a000 rw-p 00000000 00:00 0 
7f956472a000-7f956472e000 ---p 00000000 00:00 0 
7f956472e000-7f956482b000 rw-p 00000000 00:00 0 
7f956482b000-7f956482f000 ---p 00000000 00:00 0 
7f956482f000-7f956492c000 rw-p 00000000 00:00 0 
7f956492c000-7f9564930000 ---p 00000000 00:00 0 
7f9564930000-7f9564a2d000 rw-p 00000000 00:00 0 
7f9564a2d000-7f9564a31000 ---p 00000000 00:00 0 
7f9564a31000-7f9564b2e000 rw-p 00000000 00:00 0 
7f9564b2e000-7f9564b32000 ---p 00000000 00:00 0 
7f9564b32000-7f9564c2f000 rw-p 00000000 00:00 0 
7f9564c2f000-7f95655fe000 r--p 00000000 103:01 7608950                   /usr/lib/locale/locale-archive
7f95655fe000-7f9565602000 ---p 00000000 00:00 0 
7f9565602000-7f95656ff000 rw-p 00000000 00:00 0 
7f95656ff000-7f9565703000 ---p 00000000 00:00 0 
7f9565703000-7f9568000000 rw-p 00000000 00:00 0 
7f9568000000-7f9568021000 rw-p 00000000 00:00 0 
7f9568021000-7f956c000000 ---p 00000000 00:00 0 
7f956c009000-7f956c00a000 ---p 00000000 00:00 0 
7f956c00a000-7f956c18c000 rw-p 00000000 00:00 0 
7f956c18c000-7f956c18d000 ---p 00000000 00:00 0 
7f956c18d000-7f956c28e000 rw-p 00000000 00:00 0 
7f956c28e000-7f956c28f000 ---p 00000000 00:00 0 
7f956c28f000-7f956c66c000 rw-p 00000000 00:00 0 
7f956c66c000-7f956e1c8000 ---p 00000000 00:00 0 
7f956e1c8000-7f956e4a4000 rw-p 00000000 00:00 0 
7f956e4a4000-7f9570000000 ---p 00000000 00:00 0 
7f9570000000-7f9570021000 rw-p 00000000 00:00 0 
7f9570021000-7f9574000000 ---p 00000000 00:00 0 
7f9574042000-7f95748d7000 rw-p 00000000 00:00 0 
7f95748d7000-7f9574c42000 ---p 00000000 00:00 0 
7f9574c42000-7f9574eb2000 rwxp 00000000 00:00 0 
7f9574eb2000-7f95751d3000 ---p 00000000 00:00 0 
7f95751d3000-7f9575eb3000 rwxp 00000000 00:00 0 
7f9575eb3000-7f957c70a000 ---p 00000000 00:00 0 
7f957c70a000-7f957ca6a000 rwxp 00000000 00:00 0 
7f957ca6a000-7f9583c42000 ---p 00000000 00:00 0 
7f9583c42000-7f958c000000 r--s 00000000 103:01 8129801                   /usr/lib/jvm/java-11-oracle/lib/modules
7f958c000000-7f958e0d6000 rw-p 00000000 00:00 0 
7f958e0d6000-7f9590000000 ---p 00000000 00:00 0 
7f9590015000-7f9590098000 rw-p 00000000 00:00 0 
7f9590098000-7f9590099000 ---p 00000000 00:00 0 
7f9590099000-7f959019a000 rw-p 00000000 00:00 0 
7f959019a000-7f959019b000 ---p 00000000 00:00 0 
7f959019b000-7f95902f8000 rw-p 00000000 00:00 0 
7f95902f8000-7f9590663000 ---p 00000000 00:00 0 
7f9590663000-7f95906bf000 rw-p 00000000 00:00 0 
7f95906bf000-7f9590a2a000 ---p 00000000 00:00 0 
7f9590a2a000-7f9591232000 rw-p 00000000 00:00 0 
7f9591232000-7f9591233000 ---p 00000000 00:00 0 
7f9591233000-7f959133b000 rw-p 00000000 00:00 0 
7f959133b000-7f959141f000 ---p 00000000 00:00 0 
7f959141f000-7f9591439000 rw-p 00000000 00:00 0 
7f9591439000-7f959150a000 ---p 00000000 00:00 0 
7f959150a000-7f9591525000 r-xp 00000000 103:01 8128250                   /usr/lib/jvm/java-11-oracle/lib/libjimage.so
7f9591525000-7f9591724000 ---p 0001b000 103:01 8128250                   /usr/lib/jvm/java-11-oracle/lib/libjimage.so
7f9591724000-7f9591726000 r--p 0001a000 103:01 8128250                   /usr/lib/jvm/java-11-oracle/lib/libjimage.so
7f9591726000-7f9591727000 rw-p 0001c000 103:01 8128250                   /usr/lib/jvm/java-11-oracle/lib/libjimage.so
7f9591727000-7f959172e000 r-xp 00000000 103:01 8129800                   /usr/lib/jvm/java-11-oracle/lib/libzip.so
7f959172e000-7f959192d000 ---p 00007000 103:01 8129800                   /usr/lib/jvm/java-11-oracle/lib/libzip.so
7f959192d000-7f959192e000 r--p 00006000 103:01 8129800                   /usr/lib/jvm/java-11-oracle/lib/libzip.so
7f959192e000-7f959192f000 rw-p 00007000 103:01 8129800                   /usr/lib/jvm/java-11-oracle/lib/libzip.so
7f959192f000-7f959193a000 r-xp 00000000 103:01 4723454                   /lib/x86_64-linux-gnu/libnss_files-2.27.so
7f959193a000-7f9591b39000 ---p 0000b000 103:01 4723454                   /lib/x86_64-linux-gnu/libnss_files-2.27.so
7f9591b39000-7f9591b3a000 r--p 0000a000 103:01 4723454                   /lib/x86_64-linux-gnu/libnss_files-2.27.so
7f9591b3a000-7f9591b3b000 rw-p 0000b000 103:01 4723454                   /lib/x86_64-linux-gnu/libnss_files-2.27.so
7f9591b3b000-7f9591b41000 rw-p 00000000 00:00 0 
7f9591b41000-7f9591b58000 r-xp 00000000 103:01 4723448                   /lib/x86_64-linux-gnu/libnsl-2.27.so
7f9591b58000-7f9591d57000 ---p 00017000 103:01 4723448                   /lib/x86_64-linux-gnu/libnsl-2.27.so
7f9591d57000-7f9591d58000 r--p 00016000 103:01 4723448                   /lib/x86_64-linux-gnu/libnsl-2.27.so
7f9591d58000-7f9591d59000 rw-p 00017000 103:01 4723448                   /lib/x86_64-linux-gnu/libnsl-2.27.so
7f9591d59000-7f9591d5b000 rw-p 00000000 00:00 0 
7f9591d5b000-7f9591d66000 r-xp 00000000 103:01 4723465                   /lib/x86_64-linux-gnu/libnss_nis-2.27.so
7f9591d66000-7f9591f65000 ---p 0000b000 103:01 4723465                   /lib/x86_64-linux-gnu/libnss_nis-2.27.so
7f9591f65000-7f9591f66000 r--p 0000a000 103:01 4723465                   /lib/x86_64-linux-gnu/libnss_nis-2.27.so
7f9591f66000-7f9591f67000 rw-p 0000b000 103:01 4723465                   /lib/x86_64-linux-gnu/libnss_nis-2.27.so
7f9591f67000-7f9591f6f000 r-xp 00000000 103:01 4723450                   /lib/x86_64-linux-gnu/libnss_compat-2.27.so
7f9591f6f000-7f959216f000 ---p 00008000 103:01 4723450                   /lib/x86_64-linux-gnu/libnss_compat-2.27.so
7f959216f000-7f9592170000 r--p 00008000 103:01 4723450                   /lib/x86_64-linux-gnu/libnss_compat-2.27.so
7f9592170000-7f9592171000 rw-p 00009000 103:01 4723450                   /lib/x86_64-linux-gnu/libnss_compat-2.27.so
7f9592171000-7f959219a000 r-xp 00000000 103:01 8128208                   /usr/lib/jvm/java-11-oracle/lib/libjava.so
7f959219a000-7f959239a000 ---p 00029000 103:01 8128208                   /usr/lib/jvm/java-11-oracle/lib/libjava.so
7f959239a000-7f959239b000 r--p 00029000 103:01 8128208                   /usr/lib/jvm/java-11-oracle/lib/libjava.so
7f959239b000-7f959239d000 rw-p 0002a000 103:01 8128208                   /usr/lib/jvm/java-11-oracle/lib/libjava.so
7f959239d000-7f95923aa000 r-xp 00000000 103:01 8129799                   /usr/lib/jvm/java-11-oracle/lib/libverify.so
7f95923aa000-7f95925a9000 ---p 0000d000 103:01 8129799                   /usr/lib/jvm/java-11-oracle/lib/libverify.so
7f95925a9000-7f95925ab000 r--p 0000c000 103:01 8129799                   /usr/lib/jvm/java-11-oracle/lib/libverify.so
7f95925ab000-7f95925ac000 rw-p 0000e000 103:01 8129799                   /usr/lib/jvm/java-11-oracle/lib/libverify.so
7f95925ac000-7f95925b3000 r-xp 00000000 103:01 4723505                   /lib/x86_64-linux-gnu/librt-2.27.so
7f95925b3000-7f95927b2000 ---p 00007000 103:01 4723505                   /lib/x86_64-linux-gnu/librt-2.27.so
7f95927b2000-7f95927b3000 r--p 00006000 103:01 4723505                   /lib/x86_64-linux-gnu/librt-2.27.so
7f95927b3000-7f95927b4000 rw-p 00007000 103:01 4723505                   /lib/x86_64-linux-gnu/librt-2.27.so
7f95927b4000-7f9592951000 r-xp 00000000 103:01 4723427                   /lib/x86_64-linux-gnu/libm-2.27.so
7f9592951000-7f9592b50000 ---p 0019d000 103:01 4723427                   /lib/x86_64-linux-gnu/libm-2.27.so
7f9592b50000-7f9592b51000 r--p 0019c000 103:01 4723427                   /lib/x86_64-linux-gnu/libm-2.27.so
7f9592b51000-7f9592b52000 rw-p 0019d000 103:01 4723427                   /lib/x86_64-linux-gnu/libm-2.27.so
7f9592b52000-7f9593c91000 r-xp 00000000 103:01 8261622                   /usr/lib/jvm/java-11-oracle/lib/server/libjvm.so
7f9593c91000-7f9593e91000 ---p 0113f000 103:01 8261622                   /usr/lib/jvm/java-11-oracle/lib/server/libjvm.so
7f9593e91000-7f9593f50000 r--p 0113f000 103:01 8261622                   /usr/lib/jvm/java-11-oracle/lib/server/libjvm.so
7f9593f50000-7f9593f89000 rw-p 011fe000 103:01 8261622                   /usr/lib/jvm/java-11-oracle/lib/server/libjvm.so
7f9593f89000-7f9593fdf000 rw-p 00000000 00:00 0 
7f9593fdf000-7f95941c6000 r-xp 00000000 103:01 4723364                   /lib/x86_64-linux-gnu/libc-2.27.so
7f95941c6000-7f95943c6000 ---p 001e7000 103:01 4723364                   /lib/x86_64-linux-gnu/libc-2.27.so
7f95943c6000-7f95943ca000 r--p 001e7000 103:01 4723364                   /lib/x86_64-linux-gnu/libc-2.27.so
7f95943ca000-7f95943cc000 rw-p 001eb000 103:01 4723364                   /lib/x86_64-linux-gnu/libc-2.27.so
7f95943cc000-7f95943d0000 rw-p 00000000 00:00 0 
7f95943d0000-7f95943d3000 r-xp 00000000 103:01 4723387                   /lib/x86_64-linux-gnu/libdl-2.27.so
7f95943d3000-7f95945d2000 ---p 00003000 103:01 4723387                   /lib/x86_64-linux-gnu/libdl-2.27.so
7f95945d2000-7f95945d3000 r--p 00002000 103:01 4723387                   /lib/x86_64-linux-gnu/libdl-2.27.so
7f95945d3000-7f95945d4000 rw-p 00003000 103:01 4723387                   /lib/x86_64-linux-gnu/libdl-2.27.so
7f95945d4000-7f95945e4000 r-xp 00000000 103:01 8261613                   /usr/lib/jvm/java-11-oracle/lib/jli/libjli.so
7f95945e4000-7f95947e3000 ---p 00010000 103:01 8261613                   /usr/lib/jvm/java-11-oracle/lib/jli/libjli.so
7f95947e3000-7f95947e4000 r--p 0000f000 103:01 8261613                   /usr/lib/jvm/java-11-oracle/lib/jli/libjli.so
7f95947e4000-7f95947e5000 rw-p 00010000 103:01 8261613                   /usr/lib/jvm/java-11-oracle/lib/jli/libjli.so
7f95947e5000-7f95947ff000 r-xp 00000000 103:01 4723497                   /lib/x86_64-linux-gnu/libpthread-2.27.so
7f95947ff000-7f95949fe000 ---p 0001a000 103:01 4723497                   /lib/x86_64-linux-gnu/libpthread-2.27.so
7f95949fe000-7f95949ff000 r--p 00019000 103:01 4723497                   /lib/x86_64-linux-gnu/libpthread-2.27.so
7f95949ff000-7f9594a00000 rw-p 0001a000 103:01 4723497                   /lib/x86_64-linux-gnu/libpthread-2.27.so
7f9594a00000-7f9594a04000 rw-p 00000000 00:00 0 
7f9594a04000-7f9594a20000 r-xp 00000000 103:01 4723536                   /lib/x86_64-linux-gnu/libz.so.1.2.11
7f9594a20000-7f9594c1f000 ---p 0001c000 103:01 4723536                   /lib/x86_64-linux-gnu/libz.so.1.2.11
7f9594c1f000-7f9594c20000 r--p 0001b000 103:01 4723536                   /lib/x86_64-linux-gnu/libz.so.1.2.11
7f9594c20000-7f9594c21000 rw-p 0001c000 103:01 4723536                   /lib/x86_64-linux-gnu/libz.so.1.2.11
7f9594c21000-7f9594c48000 r-xp 00000000 103:01 4723336                   /lib/x86_64-linux-gnu/ld-2.27.so
7f9594c64000-7f9594d23000 rw-p 00000000 00:00 0 
7f9594d23000-7f9594d27000 ---p 00000000 00:00 0 
7f9594d27000-7f9594e28000 rw-p 00000000 00:00 0 
7f9594e32000-7f9594e37000 rw-p 00000000 00:00 0 
7f9594e37000-7f9594e3e000 ---p 00000000 00:00 0 
7f9594e3e000-7f9594e46000 rw-s 00000000 103:01 13108072                  /tmp/hsperfdata_raghav/9499
7f9594e46000-7f9594e47000 ---p 00000000 00:00 0 
7f9594e47000-7f9594e48000 r--p 00000000 00:00 0 
7f9594e48000-7f9594e49000 r--p 00027000 103:01 4723336                   /lib/x86_64-linux-gnu/ld-2.27.so
7f9594e49000-7f9594e4a000 rw-p 00028000 103:01 4723336                   /lib/x86_64-linux-gnu/ld-2.27.so
7f9594e4a000-7f9594e4b000 rw-p 00000000 00:00 0 
7ffef4f28000-7ffef4f4a000 rw-p 00000000 00:00 0                          [stack]
7ffef4f70000-7ffef4f73000 r--p 00000000 00:00 0                          [vvar]
7ffef4f73000-7ffef4f75000 r-xp 00000000 00:00 0                          [vdso]
ffffffffff600000-ffffffffff601000 r-xp 00000000 00:00 0                  [vsyscall]


VM Arguments:
jvm_args: -Dclassworlds.conf=/usr/share/maven/bin/m2.conf -Dmaven.home=/usr/share/maven -Dlibrary.jansi.path=/usr/share/maven/lib/jansi-native -Dmaven.multiModuleProjectDirectory=/home/raghav/IdeaProjects/ApplianceRecords 
java_command: org.codehaus.plexus.classworlds.launcher.Launcher jetty:run
java_class_path (initial): /usr/share/maven/boot/plexus-classworlds-2.x.jar
Launcher Type: SUN_STANDARD

[Global flags]
     intx CICompilerCount                          = 4                                         {product} {ergonomic}
     uint ConcGCThreads                            = 2                                         {product} {ergonomic}
     uint G1ConcRefinementThreads                  = 8                                         {product} {ergonomic}
   size_t G1HeapRegionSize                         = 1048576                                   {product} {ergonomic}
    uintx GCDrainStackTargetSize                   = 64                                        {product} {ergonomic}
   size_t InitialHeapSize                          = 127926272                                 {product} {ergonomic}
   size_t MarkStackSize                            = 4194304                                   {product} {ergonomic}
   size_t MaxHeapSize                              = 2027945984                                {product} {ergonomic}
   size_t MaxNewSize                               = 1216348160                                {product} {ergonomic}
   size_t MinHeapDeltaBytes                        = 1048576                                   {product} {ergonomic}
    uintx NonNMethodCodeHeapSize                   = 5835340                                {pd product} {ergonomic}
    uintx NonProfiledCodeHeapSize                  = 122911450                              {pd product} {ergonomic}
    uintx ProfiledCodeHeapSize                     = 122911450                              {pd product} {ergonomic}
    uintx ReservedCodeCacheSize                    = 251658240                              {pd product} {ergonomic}
     bool SegmentedCodeCache                       = true                                      {product} {ergonomic}
     bool UseCompressedClassPointers               = true                                 {lp64_product} {ergonomic}
     bool UseCompressedOops                        = true                                 {lp64_product} {ergonomic}
     bool UseG1GC                                  = true                                      {product} {ergonomic}

Logging:
Log output configuration:
 #0: stdout all=warning uptime,level,tags
 #1: stderr all=off uptime,level,tags

Environment Variables:
JAVA_HOME=/usr/lib/jvm/java-11-oracle
PATH=/usr/local/sbin:/usr/local/bin:/usr/sbin:/usr/bin:/sbin:/bin:/usr/games:/usr/local/games:/snap/bin:/usr/lib/jvm/java-11-oracle/bin:/usr/lib/jvm/java-11-oracle/db/bin
USERNAME=raghav
SHELL=/bin/bash
DISPLAY=:0

Signal Handlers:
SIGSEGV: [libjvm.so+0xe2adf0], sa_mask[0]=11111111011111111101111111111110, sa_flags=SA_RESTART|SA_SIGINFO
SIGBUS: [libjvm.so+0xe2adf0], sa_mask[0]=11111111011111111101111111111110, sa_flags=SA_RESTART|SA_SIGINFO
SIGFPE: [libjvm.so+0xe2adf0], sa_mask[0]=11111111011111111101111111111110, sa_flags=SA_RESTART|SA_SIGINFO
SIGPIPE: [libjvm.so+0xbff5b0], sa_mask[0]=11111111011111111101111111111110, sa_flags=SA_RESTART|SA_SIGINFO
SIGXFSZ: [libjvm.so+0xbff5b0], sa_mask[0]=11111111011111111101111111111110, sa_flags=SA_RESTART|SA_SIGINFO
SIGILL: [libjvm.so+0xe2adf0], sa_mask[0]=11111111011111111101111111111110, sa_flags=SA_RESTART|SA_SIGINFO
SIGUSR2: [libjvm.so+0xbff450], sa_mask[0]=00100000000000000000000000000000, sa_flags=SA_RESTART|SA_SIGINFO
SIGHUP: [libjvm.so+0xbff7b0], sa_mask[0]=11111111011111111101111111111110, sa_flags=SA_RESTART|SA_SIGINFO
SIGINT: [libjvm.so+0xbff7b0], sa_mask[0]=11111111011111111101111111111110, sa_flags=SA_RESTART|SA_SIGINFO
SIGTERM: [libjvm.so+0xbff7b0], sa_mask[0]=11111111011111111101111111111110, sa_flags=SA_RESTART|SA_SIGINFO
SIGQUIT: [libjvm.so+0xbff7b0], sa_mask[0]=11111111011111111101111111111110, sa_flags=SA_RESTART|SA_SIGINFO


---------------  S Y S T E M  ---------------

OS:DISTRIB_ID=Ubuntu
DISTRIB_RELEASE=18.04
DISTRIB_CODENAME=bionic
DISTRIB_DESCRIPTION="Ubuntu 18.04.2 LTS"
uname:Linux 4.15.0-47-generic #50-Ubuntu SMP Wed Mar 13 10:44:52 UTC 2019 x86_64
libc:glibc 2.27 NPTL 2.27 
rlimit: STACK 8192k, CORE 0k, NPROC 30766, NOFILE 1048576, AS infinity, DATA infinity, FSIZE infinity
load average:5.01 3.43 2.13

/proc/meminfo:
MemTotal:        7921576 kB
MemFree:          501008 kB
MemAvailable:    3610124 kB
Buffers:          443912 kB
Cached:          3092908 kB
SwapCached:            0 kB
Active:          5526772 kB
Inactive:        1337232 kB
Active(anon):    3241108 kB
Inactive(anon):   517948 kB
Active(file):    2285664 kB
Inactive(file):   819284 kB
Unevictable:          64 kB
Mlocked:              64 kB
SwapTotal:       2097148 kB
SwapFree:        2097148 kB
Dirty:             32556 kB
Writeback:             0 kB
AnonPages:       3327376 kB
Mapped:           606228 kB
Shmem:            432712 kB
Slab:             388004 kB
SReclaimable:     313220 kB
SUnreclaim:        74784 kB
KernelStack:       17792 kB
PageTables:        66476 kB
NFS_Unstable:          0 kB
Bounce:                0 kB
WritebackTmp:          0 kB
CommitLimit:     6057936 kB
Committed_AS:   11043112 kB
VmallocTotal:   34359738367 kB
VmallocUsed:           0 kB
VmallocChunk:          0 kB
HardwareCorrupted:     0 kB
AnonHugePages:      2048 kB
ShmemHugePages:        0 kB
ShmemPmdMapped:        0 kB
CmaTotal:              0 kB
CmaFree:               0 kB
HugePages_Total:       0
HugePages_Free:        0
HugePages_Rsvd:        0
HugePages_Surp:        0
Hugepagesize:       2048 kB
DirectMap4k:      316980 kB
DirectMap2M:     7823360 kB
DirectMap1G:           0 kB


/proc/sys/kernel/threads-max (system-wide limit on the number of threads):
61533


/proc/sys/vm/max_map_count (maximum number of memory map areas a process may have):
65530


/proc/sys/kernel/pid_max (system-wide limit on number of process identifiers):
32768



container (cgroup) information:
container_type: cgroupv1
cpu_cpuset_cpus: 0-7
cpu_memory_nodes: 0
active_processor_count: 8
cpu_quota: -1
cpu_period: 100000
cpu_shares: -1
memory_limit_in_bytes: -1
memory_and_swap_limit_in_bytes: -2
memory_soft_limit_in_bytes: -1
memory_usage_in_bytes: 7029145600
memory_max_usage_in_bytes: 13402112


CPU:total 8 (initial active 8) (4 cores per cpu, 2 threads per core) family 6 model 142 stepping 10, cmov, cx8, fxsr, mmx, sse, sse2, sse3, ssse3, sse4.1, sse4.2, popcnt, avx, avx2, aes, clmul, erms, 3dnowpref, lzcnt, ht, tsc, tscinvbit, bmi1, bmi2, adx, fma
CPU Model and flags from /proc/cpuinfo:
model name	: Intel(R) Core(TM) i5-8250U CPU @ 1.60GHz
flags		: fpu vme de pse tsc msr pae mce cx8 apic sep mtrr pge mca cmov pat pse36 clflush dts acpi mmx fxsr sse sse2 ss ht tm pbe syscall nx pdpe1gb rdtscp lm constant_tsc art arch_perfmon pebs bts rep_good nopl xtopology nonstop_tsc cpuid aperfmperf tsc_known_freq pni pclmulqdq dtes64 monitor ds_cpl vmx est tm2 ssse3 sdbg fma cx16 xtpr pdcm pcid sse4_1 sse4_2 x2apic movbe popcnt tsc_deadline_timer aes xsave avx f16c rdrand lahf_lm abm 3dnowprefetch cpuid_fault epb invpcid_single pti ssbd ibrs ibpb stibp tpr_shadow vnmi flexpriority ept vpid fsgsbase tsc_adjust bmi1 avx2 smep bmi2 erms invpcid mpx rdseed adx smap clflushopt intel_pt xsaveopt xsavec xgetbv1 xsaves dtherm ida arat pln pts hwp hwp_notify hwp_act_window hwp_epp flush_l1d

Memory: 4k page, physical 7921576k(501008k free), swap 2097148k(2097148k free)

vm_info: Java HotSpot(TM) 64-Bit Server VM (11.0.2+9-LTS) for linux-amd64 JRE (11.0.2+9-LTS), built on Jan 17 2019 21:22:50 by "mach5one" with gcc 7.3.0

END.
